running egg_info
writing ../../build/car_controller/car_controller.egg-info/PKG-INFO
writing dependency_links to ../../build/car_controller/car_controller.egg-info/dependency_links.txt
writing entry points to ../../build/car_controller/car_controller.egg-info/entry_points.txt
writing requirements to ../../build/car_controller/car_controller.egg-info/requires.txt
writing top-level names to ../../build/car_controller/car_controller.egg-info/top_level.txt
reading manifest file '../../build/car_controller/car_controller.egg-info/SOURCES.txt'
writing manifest file '../../build/car_controller/car_controller.egg-info/SOURCES.txt'
running build
running build_py
running install
running install_lib
/usr/lib/python3/dist-packages/setuptools/command/install.py:34: SetuptoolsDeprecationWarning: setup.py install is deprecated. Use build and pip and other standards-based tools.
  warnings.warn(
running install_data
running install_egg_info
removing '/home/dyj/learning_ws/install/car_controller/lib/python3.10/site-packages/car_controller-0.0.0-py3.10.egg-info' (and everything under it)
Copying ../../build/car_controller/car_controller.egg-info to /home/dyj/learning_ws/install/car_controller/lib/python3.10/site-packages/car_controller-0.0.0-py3.10.egg-info
running install_scripts
Installing car_move_circle script to /home/dyj/learning_ws/install/car_controller/lib/car_controller
Installing car_move_square_try_1 script to /home/dyj/learning_ws/install/car_controller/lib/car_controller
Installing car_move_straight script to /home/dyj/learning_ws/install/car_controller/lib/car_controller
Installing car_navigate_one_position script to /home/dyj/learning_ws/install/car_controller/lib/car_controller
Installing car_navigate_tf_broadcaster script to /home/dyj/learning_ws/install/car_controller/lib/car_controller
Installing target_position_tf_broadcaster script to /home/dyj/learning_ws/install/car_controller/lib/car_controller
writing list of installed files to '/home/dyj/learning_ws/build/car_controller/install.log'
