[1.396s] Invoking command in '/home/dyj/learning_ws/src/learning_pkg_python': PYTHONPATH=/home/dyj/learning_ws/build/learning_pkg_python/prefix_override:/home/dyj/learning_ws/install/learning_pkg_python/lib/python3.10/site-packages:${PYTHONPATH} /usr/bin/python3 setup.py egg_info --egg-base ../../build/learning_pkg_python build --build-base /home/dyj/learning_ws/build/learning_pkg_python/build install --record /home/dyj/learning_ws/build/learning_pkg_python/install.log --single-version-externally-managed
[1.647s] running egg_info
[1.649s] writing ../../build/learning_pkg_python/learning_pkg_python.egg-info/PKG-INFO
[1.651s] writing dependency_links to ../../build/learning_pkg_python/learning_pkg_python.egg-info/dependency_links.txt
[1.651s] writing entry points to ../../build/learning_pkg_python/learning_pkg_python.egg-info/entry_points.txt
[1.651s] writing requirements to ../../build/learning_pkg_python/learning_pkg_python.egg-info/requires.txt
[1.651s] writing top-level names to ../../build/learning_pkg_python/learning_pkg_python.egg-info/top_level.txt
[1.656s] reading manifest file '../../build/learning_pkg_python/learning_pkg_python.egg-info/SOURCES.txt'
[1.657s] writing manifest file '../../build/learning_pkg_python/learning_pkg_python.egg-info/SOURCES.txt'
[1.658s] running build
[1.658s] running build_py
[1.659s] running install
[1.661s] /usr/lib/python3/dist-packages/setuptools/command/install.py:34: SetuptoolsDeprecationWarning: setup.py install is deprecated. Use build and pip and other standards-based tools.
[1.661s]   warnings.warn(
[1.661s] running install_lib
[1.663s] running install_data
[1.664s] running install_egg_info
[1.668s] removing '/home/dyj/learning_ws/install/learning_pkg_python/lib/python3.10/site-packages/learning_pkg_python-0.0.0-py3.10.egg-info' (and everything under it)
[1.671s] Copying ../../build/learning_pkg_python/learning_pkg_python.egg-info to /home/dyj/learning_ws/install/learning_pkg_python/lib/python3.10/site-packages/learning_pkg_python-0.0.0-py3.10.egg-info
[1.672s] running install_scripts
[1.697s] writing list of installed files to '/home/dyj/learning_ws/build/learning_pkg_python/install.log'
[1.845s] Invoked command in '/home/dyj/learning_ws/src/learning_pkg_python' returned '0': PYTHONPATH=/home/dyj/learning_ws/build/learning_pkg_python/prefix_override:/home/dyj/learning_ws/install/learning_pkg_python/lib/python3.10/site-packages:${PYTHONPATH} /usr/bin/python3 setup.py egg_info --egg-base ../../build/learning_pkg_python build --build-base /home/dyj/learning_ws/build/learning_pkg_python/build install --record /home/dyj/learning_ws/build/learning_pkg_python/install.log --single-version-externally-managed
