[1.822s] Invoking command in '/home/dyj/learning_ws/src/car_controller': PYTHONPATH=/home/dyj/learning_ws/build/car_controller/prefix_override:/home/dyj/learning_ws/install/car_controller/lib/python3.10/site-packages:${PYTHONPATH} /usr/bin/python3 setup.py egg_info --egg-base ../../build/car_controller build --build-base /home/dyj/learning_ws/build/car_controller/build install --record /home/dyj/learning_ws/build/car_controller/install.log --single-version-externally-managed
[2.284s] running egg_info
[2.285s] writing ../../build/car_controller/car_controller.egg-info/PKG-INFO
[2.293s] writing dependency_links to ../../build/car_controller/car_controller.egg-info/dependency_links.txt
[2.293s] writing entry points to ../../build/car_controller/car_controller.egg-info/entry_points.txt
[2.293s] writing requirements to ../../build/car_controller/car_controller.egg-info/requires.txt
[2.294s] writing top-level names to ../../build/car_controller/car_controller.egg-info/top_level.txt
[2.302s] reading manifest file '../../build/car_controller/car_controller.egg-info/SOURCES.txt'
[2.303s] writing manifest file '../../build/car_controller/car_controller.egg-info/SOURCES.txt'
[2.303s] running build
[2.303s] running build_py
[2.304s] running install
[2.304s] /usr/lib/python3/dist-packages/setuptools/command/install.py:34: SetuptoolsDeprecationWarning: setup.py install is deprecated. Use build and pip and other standards-based tools.
[2.305s]   warnings.warn(
[2.305s] running install_lib
[2.308s] running install_data
[2.310s] running install_egg_info
[2.312s] removing '/home/dyj/learning_ws/install/car_controller/lib/python3.10/site-packages/car_controller-0.0.0-py3.10.egg-info' (and everything under it)
[2.312s] Copying ../../build/car_controller/car_controller.egg-info to /home/dyj/learning_ws/install/car_controller/lib/python3.10/site-packages/car_controller-0.0.0-py3.10.egg-info
[2.313s] running install_scripts
[2.337s] Installing car_move_circle script to /home/dyj/learning_ws/install/car_controller/lib/car_controller
[2.337s] Installing car_move_square_try_1 script to /home/dyj/learning_ws/install/car_controller/lib/car_controller
[2.338s] Installing car_move_straight script to /home/dyj/learning_ws/install/car_controller/lib/car_controller
[2.338s] Installing car_navigate_one_position script to /home/dyj/learning_ws/install/car_controller/lib/car_controller
[2.338s] Installing car_navigate_tf_broadcaster script to /home/dyj/learning_ws/install/car_controller/lib/car_controller
[2.338s] Installing target_position_tf_broadcaster script to /home/dyj/learning_ws/install/car_controller/lib/car_controller
[2.339s] writing list of installed files to '/home/dyj/learning_ws/build/car_controller/install.log'
[2.379s] Invoked command in '/home/dyj/learning_ws/src/car_controller' returned '0': PYTHONPATH=/home/dyj/learning_ws/build/car_controller/prefix_override:/home/dyj/learning_ws/install/car_controller/lib/python3.10/site-packages:${PYTHONPATH} /usr/bin/python3 setup.py egg_info --egg-base ../../build/car_controller build --build-base /home/dyj/learning_ws/build/car_controller/build install --record /home/dyj/learning_ws/build/car_controller/install.log --single-version-externally-managed
