[1.715s] Invoking command in '/home/dyj/learning_ws/src/car_controller': PYTHONPATH=/home/dyj/learning_ws/build/car_controller/prefix_override:/home/dyj/learning_ws/install/car_controller/lib/python3.10/site-packages:${PYTHONPATH} /usr/bin/python3 setup.py egg_info --egg-base ../../build/car_controller build --build-base /home/dyj/learning_ws/build/car_controller/build install --record /home/dyj/learning_ws/build/car_controller/install.log --single-version-externally-managed
[2.107s] running egg_info
[2.108s] writing ../../build/car_controller/car_controller.egg-info/PKG-INFO
[2.108s] writing dependency_links to ../../build/car_controller/car_controller.egg-info/dependency_links.txt
[2.108s] writing entry points to ../../build/car_controller/car_controller.egg-info/entry_points.txt
[2.109s] writing requirements to ../../build/car_controller/car_controller.egg-info/requires.txt
[2.109s] writing top-level names to ../../build/car_controller/car_controller.egg-info/top_level.txt
[2.110s] reading manifest file '../../build/car_controller/car_controller.egg-info/SOURCES.txt'
[2.112s] writing manifest file '../../build/car_controller/car_controller.egg-info/SOURCES.txt'
[2.112s] running build
[2.113s] running build_py
[2.114s] running install
[2.115s] /usr/lib/python3/dist-packages/setuptools/command/install.py:34: SetuptoolsDeprecationWarning: setup.py install is deprecated. Use build and pip and other standards-based tools.
[2.115s]   warnings.warn(
[2.117s] running install_lib
[2.119s] running install_data
[2.121s] copying launch/car_navigate.launch.py -> /home/dyj/learning_ws/install/car_controller/share/car_controller/launch
[2.122s] running install_egg_info
[2.131s] removing '/home/dyj/learning_ws/install/car_controller/lib/python3.10/site-packages/car_controller-0.0.0-py3.10.egg-info' (and everything under it)
[2.131s] Copying ../../build/car_controller/car_controller.egg-info to /home/dyj/learning_ws/install/car_controller/lib/python3.10/site-packages/car_controller-0.0.0-py3.10.egg-info
[2.140s] running install_scripts
[2.160s] Installing car_move_circle script to /home/dyj/learning_ws/install/car_controller/lib/car_controller
[2.161s] Installing car_move_square_try_1 script to /home/dyj/learning_ws/install/car_controller/lib/car_controller
[2.162s] Installing car_move_straight script to /home/dyj/learning_ws/install/car_controller/lib/car_controller
[2.163s] Installing car_navigate_one_position script to /home/dyj/learning_ws/install/car_controller/lib/car_controller
[2.164s] Installing car_navigate_tf_broadcaster script to /home/dyj/learning_ws/install/car_controller/lib/car_controller
[2.164s] Installing target_position_tf_broadcaster script to /home/dyj/learning_ws/install/car_controller/lib/car_controller
[2.166s] writing list of installed files to '/home/dyj/learning_ws/build/car_controller/install.log'
[2.206s] Invoked command in '/home/dyj/learning_ws/src/car_controller' returned '0': PYTHONPATH=/home/dyj/learning_ws/build/car_controller/prefix_override:/home/dyj/learning_ws/install/car_controller/lib/python3.10/site-packages:${PYTHONPATH} /usr/bin/python3 setup.py egg_info --egg-base ../../build/car_controller build --build-base /home/dyj/learning_ws/build/car_controller/build install --record /home/dyj/learning_ws/build/car_controller/install.log --single-version-externally-managed
