[1.842s] Invoking command in '/home/dyj/learning_ws/src/car_controller': PYTHONPATH=/home/dyj/learning_ws/build/car_controller/prefix_override:/home/dyj/learning_ws/install/car_controller/lib/python3.10/site-packages:${PYTHONPATH} /usr/bin/python3 setup.py egg_info --egg-base ../../build/car_controller build --build-base /home/dyj/learning_ws/build/car_controller/build install --record /home/dyj/learning_ws/build/car_controller/install.log --single-version-externally-managed
[2.174s] running egg_info
[2.174s] writing ../../build/car_controller/car_controller.egg-info/PKG-INFO
[2.174s] writing dependency_links to ../../build/car_controller/car_controller.egg-info/dependency_links.txt
[2.176s] writing entry points to ../../build/car_controller/car_controller.egg-info/entry_points.txt
[2.176s] writing requirements to ../../build/car_controller/car_controller.egg-info/requires.txt
[2.176s] writing top-level names to ../../build/car_controller/car_controller.egg-info/top_level.txt
[2.177s] reading manifest file '../../build/car_controller/car_controller.egg-info/SOURCES.txt'
[2.179s] writing manifest file '../../build/car_controller/car_controller.egg-info/SOURCES.txt'
[2.179s] running build
[2.179s] running build_py
[2.179s] running install
[2.179s] /usr/lib/python3/dist-packages/setuptools/command/install.py:34: SetuptoolsDeprecationWarning: setup.py install is deprecated. Use build and pip and other standards-based tools.
[2.180s]   warnings.warn(
[2.181s] running install_lib
[2.185s] running install_data
[2.187s] copying launch/car_navigate.launch.py -> /home/dyj/learning_ws/install/car_controller/share/car_controller/launch
[2.187s] running install_egg_info
[2.192s] removing '/home/dyj/learning_ws/install/car_controller/lib/python3.10/site-packages/car_controller-0.0.0-py3.10.egg-info' (and everything under it)
[2.192s] Copying ../../build/car_controller/car_controller.egg-info to /home/dyj/learning_ws/install/car_controller/lib/python3.10/site-packages/car_controller-0.0.0-py3.10.egg-info
[2.196s] running install_scripts
[2.213s] Installing car_move_circle script to /home/dyj/learning_ws/install/car_controller/lib/car_controller
[2.215s] Installing car_move_square_try_1 script to /home/dyj/learning_ws/install/car_controller/lib/car_controller
[2.215s] Installing car_move_straight script to /home/dyj/learning_ws/install/car_controller/lib/car_controller
[2.215s] Installing car_navigate_one_position script to /home/dyj/learning_ws/install/car_controller/lib/car_controller
[2.215s] Installing car_navigate_tf_broadcaster script to /home/dyj/learning_ws/install/car_controller/lib/car_controller
[2.215s] Installing target_position_tf_broadcaster script to /home/dyj/learning_ws/install/car_controller/lib/car_controller
[2.215s] writing list of installed files to '/home/dyj/learning_ws/build/car_controller/install.log'
[2.257s] Invoked command in '/home/dyj/learning_ws/src/car_controller' returned '0': PYTHONPATH=/home/dyj/learning_ws/build/car_controller/prefix_override:/home/dyj/learning_ws/install/car_controller/lib/python3.10/site-packages:${PYTHONPATH} /usr/bin/python3 setup.py egg_info --egg-base ../../build/car_controller build --build-base /home/dyj/learning_ws/build/car_controller/build install --record /home/dyj/learning_ws/build/car_controller/install.log --single-version-externally-managed
