[0.041s] Invoking command in '/home/dyj/learning_ws/build/navigate_interfaces': CMAKE_PREFIX_PATH=${CMAKE_PREFIX_PATH}:/home/dyj/learning_ws/install/wiki_example:/home/dyj/learning_ws/install/car_navigate:/home/dyj/learning_ws/install/learning_pkg_python:/home/dyj/learning_ws/install/car_controller:/home/dyj/dev_ws/install/learning_urdf:/home/dyj/dev_ws/install/learning_topic:/home/dyj/dev_ws/install/learning_tf:/home/dyj/dev_ws/install/learning_service:/home/dyj/dev_ws/install/learning_qos:/home/dyj/dev_ws/install/learning_pkg_python:/home/dyj/dev_ws/install/learning_parameter:/home/dyj/dev_ws/install/learning_node:/home/dyj/dev_ws/install/learning_launch:/home/dyj/dev_ws/install/learning_action:/home/dyj/dev_ws/install/learning_gazebo:/opt/ros/humble /usr/bin/cmake --build /home/dyj/learning_ws/build/navigate_interfaces -- -j4 -l4
[0.486s] -- Found ament_cmake: 1.3.5 (/opt/ros/humble/share/ament_cmake/cmake)
[0.486s] -- Found rosidl_default_generators: 1.2.0 (/opt/ros/humble/share/rosidl_default_generators/cmake)
[0.486s] -- Using all available rosidl_typesupport_c: rosidl_typesupport_fastrtps_c;rosidl_typesupport_introspection_c
[0.486s] -- Found rosidl_adapter: 3.1.4 (/opt/ros/humble/share/rosidl_adapter/cmake)
[0.486s] -- Using all available rosidl_typesupport_cpp: rosidl_typesupport_fastrtps_cpp;rosidl_typesupport_introspection_cpp
[0.684s] -- Found ament_cmake_ros: 0.10.0 (/opt/ros/humble/share/ament_cmake_ros/cmake)
[0.869s] -- Using all available rosidl_typesupport_c: rosidl_typesupport_fastrtps_c;rosidl_typesupport_introspection_c
[1.101s] -- Using all available rosidl_typesupport_cpp: rosidl_typesupport_fastrtps_cpp;rosidl_typesupport_introspection_cpp
[1.124s] -- Found python_cmake_module: 0.10.0 (/opt/ros/humble/share/python_cmake_module/cmake)
[1.159s] -- Using PYTHON_EXECUTABLE: /usr/bin/python3
[1.159s] -- Using PYTHON_INCLUDE_DIRS: /usr/include/python3.10
[1.159s] -- Using PYTHON_LIBRARIES: /usr/lib/x86_64-linux-gnu/libpython3.10.so
[1.192s] -- Found ament_lint_auto: 0.12.6 (/opt/ros/humble/share/ament_lint_auto/cmake)
[1.228s] -- Added test 'lint_cmake' to check CMake code style
[1.230s] -- Added test 'xmllint' to check XML markup files
[1.234s] -- Configuring done
[1.355s] -- Generating done
[1.355s] -- Build files have been written to: /home/dyj/learning_ws/build/navigate_interfaces
[1.394s] [  2%] [34m[1mGenerating C code for ROS interfaces[0m
[1.425s] [  5%] [34m[1mGenerating C++ code for ROS interfaces[0m
[1.521s] [  5%] Built target ament_cmake_python_copy_navigate_interfaces
[1.833s] running egg_info
[1.834s] writing navigate_interfaces.egg-info/PKG-INFO
[1.835s] writing dependency_links to navigate_interfaces.egg-info/dependency_links.txt
[1.836s] writing top-level names to navigate_interfaces.egg-info/top_level.txt
[1.838s] reading manifest file 'navigate_interfaces.egg-info/SOURCES.txt'
[1.839s] writing manifest file 'navigate_interfaces.egg-info/SOURCES.txt'
[1.871s] [  5%] Built target ament_cmake_python_build_navigate_interfaces_egg
[1.967s] [  5%] Built target navigate_interfaces__cpp
[1.968s] [  7%] [34m[1mGenerating C++ type support dispatch for ROS interfaces[0m
[1.991s] [ 10%] [34m[1mGenerating C++ type support for eProsima Fast-RTPS[0m
[1.993s] [35m[1mConsolidate compiler generated dependencies of target navigate_interfaces__rosidl_generator_c[0m
[1.995s] [ 12%] [34m[1mGenerating C++ introspection for ROS interfaces[0m
[2.006s] [ 15%] [32mBuilding C object CMakeFiles/navigate_interfaces__rosidl_generator_c.dir/rosidl_generator_c/navigate_interfaces/action/detail/car_navigate__functions.c.o[0m
[2.255s] [ 17%] [32mBuilding C object CMakeFiles/navigate_interfaces__rosidl_generator_c.dir/rosidl_generator_c/navigate_interfaces/srv/detail/give_position__functions.c.o[0m
[2.321s] [35m[1mConsolidate compiler generated dependencies of target navigate_interfaces__rosidl_typesupport_cpp[0m
[2.345s] [ 20%] [32m[1mLinking C shared library libnavigate_interfaces__rosidl_generator_c.so[0m
[2.356s] [ 23%] [32mBuilding CXX object CMakeFiles/navigate_interfaces__rosidl_typesupport_cpp.dir/rosidl_typesupport_cpp/navigate_interfaces/action/car_navigate__type_support.cpp.o[0m
[2.433s] [ 23%] Built target navigate_interfaces__rosidl_generator_c
[2.445s] [ 25%] [34m[1mGenerating C type support for eProsima Fast-RTPS[0m
[2.454s] [35m[1mConsolidate compiler generated dependencies of target navigate_interfaces__rosidl_typesupport_introspection_cpp[0m
[2.467s] [ 28%] [32mBuilding CXX object CMakeFiles/navigate_interfaces__rosidl_typesupport_introspection_cpp.dir/rosidl_typesupport_introspection_cpp/navigate_interfaces/action/detail/car_navigate__type_support.cpp.o[0m
[2.506s] [35m[1mConsolidate compiler generated dependencies of target navigate_interfaces__rosidl_typesupport_fastrtps_cpp[0m
[2.552s] [ 30%] [32mBuilding CXX object CMakeFiles/navigate_interfaces__rosidl_typesupport_fastrtps_cpp.dir/rosidl_typesupport_fastrtps_cpp/navigate_interfaces/action/detail/dds_fastrtps/car_navigate__type_support.cpp.o[0m
[3.067s] [35m[1mConsolidate compiler generated dependencies of target navigate_interfaces__rosidl_typesupport_fastrtps_c[0m
[3.111s] [ 33%] [32mBuilding CXX object CMakeFiles/navigate_interfaces__rosidl_typesupport_fastrtps_c.dir/rosidl_typesupport_fastrtps_c/navigate_interfaces/action/detail/car_navigate__type_support_c.cpp.o[0m
[3.246s] [ 35%] [32mBuilding CXX object CMakeFiles/navigate_interfaces__rosidl_typesupport_cpp.dir/rosidl_typesupport_cpp/navigate_interfaces/srv/give_position__type_support.cpp.o[0m
[3.265s] [ 38%] [32mBuilding CXX object CMakeFiles/navigate_interfaces__rosidl_typesupport_introspection_cpp.dir/rosidl_typesupport_introspection_cpp/navigate_interfaces/srv/detail/give_position__type_support.cpp.o[0m
[3.319s] [ 41%] [32mBuilding CXX object CMakeFiles/navigate_interfaces__rosidl_typesupport_fastrtps_cpp.dir/rosidl_typesupport_fastrtps_cpp/navigate_interfaces/srv/detail/dds_fastrtps/give_position__type_support.cpp.o[0m
[3.549s] [ 43%] [32mBuilding CXX object CMakeFiles/navigate_interfaces__rosidl_typesupport_fastrtps_c.dir/rosidl_typesupport_fastrtps_c/navigate_interfaces/srv/detail/give_position__type_support_c.cpp.o[0m
[3.556s] [ 46%] [32m[1mLinking CXX shared library libnavigate_interfaces__rosidl_typesupport_cpp.so[0m
[3.660s] [ 48%] [32m[1mLinking CXX shared library libnavigate_interfaces__rosidl_typesupport_fastrtps_cpp.so[0m
[3.711s] [ 48%] Built target navigate_interfaces__rosidl_typesupport_cpp
[3.739s] [ 51%] [34m[1mGenerating C introspection for ROS interfaces[0m
[3.740s] [ 51%] Built target navigate_interfaces__rosidl_typesupport_fastrtps_cpp
[3.771s] [ 53%] [32m[1mLinking CXX shared library libnavigate_interfaces__rosidl_typesupport_introspection_cpp.so[0m
[3.784s] [ 56%] [34m[1mGenerating C type support dispatch for ROS interfaces[0m
[3.960s] [ 56%] Built target navigate_interfaces__rosidl_typesupport_introspection_cpp
[3.973s] [ 58%] [32m[1mLinking CXX shared library libnavigate_interfaces__rosidl_typesupport_fastrtps_c.so[0m
[4.048s] [ 58%] Built target navigate_interfaces__rosidl_typesupport_fastrtps_c
[4.104s] [35m[1mConsolidate compiler generated dependencies of target navigate_interfaces__rosidl_typesupport_c[0m
[4.112s] [ 64%] [32mBuilding CXX object CMakeFiles/navigate_interfaces__rosidl_typesupport_c.dir/rosidl_typesupport_c/navigate_interfaces/srv/give_position__type_support.cpp.o[0m
[4.113s] [ 64%] [32mBuilding CXX object CMakeFiles/navigate_interfaces__rosidl_typesupport_c.dir/rosidl_typesupport_c/navigate_interfaces/action/car_navigate__type_support.cpp.o[0m
[4.115s] [35m[1mConsolidate compiler generated dependencies of target navigate_interfaces__rosidl_typesupport_introspection_c[0m
[4.123s] [ 66%] [32mBuilding C object CMakeFiles/navigate_interfaces__rosidl_typesupport_introspection_c.dir/rosidl_typesupport_introspection_c/navigate_interfaces/action/detail/car_navigate__type_support.c.o[0m
[4.132s] [ 69%] [32mBuilding C object CMakeFiles/navigate_interfaces__rosidl_typesupport_introspection_c.dir/rosidl_typesupport_introspection_c/navigate_interfaces/srv/detail/give_position__type_support.c.o[0m
[4.156s] [ 71%] [32m[1mLinking CXX shared library libnavigate_interfaces__rosidl_typesupport_c.so[0m
[4.170s] [ 74%] [32m[1mLinking C shared library libnavigate_interfaces__rosidl_typesupport_introspection_c.so[0m
[4.193s] [ 74%] Built target navigate_interfaces__rosidl_typesupport_c
[4.194s] [ 74%] Built target navigate_interfaces__rosidl_typesupport_introspection_c
[4.208s] [ 74%] Built target navigate_interfaces
[4.224s] [ 76%] [34m[1mGenerating Python code for ROS interfaces[0m
[4.842s] [ 76%] Built target navigate_interfaces__py
[4.852s] [35m[1mConsolidate compiler generated dependencies of target navigate_interfaces__rosidl_generator_py[0m
[4.869s] [ 82%] [32mBuilding C object CMakeFiles/navigate_interfaces__rosidl_generator_py.dir/rosidl_generator_py/navigate_interfaces/srv/_give_position_s.c.o[0m
[4.869s] [ 82%] [32mBuilding C object CMakeFiles/navigate_interfaces__rosidl_generator_py.dir/rosidl_generator_py/navigate_interfaces/action/_car_navigate_s.c.o[0m
[5.009s] [ 84%] [32m[1mLinking C shared library rosidl_generator_py/navigate_interfaces/libnavigate_interfaces__rosidl_generator_py.so[0m
[5.042s] [ 84%] Built target navigate_interfaces__rosidl_generator_py
[5.053s] [35m[1mConsolidate compiler generated dependencies of target navigate_interfaces__rosidl_typesupport_introspection_c__pyext[0m
[5.053s] [35m[1mConsolidate compiler generated dependencies of target navigate_interfaces__rosidl_typesupport_fastrtps_c__pyext[0m
[5.053s] [35m[1mConsolidate compiler generated dependencies of target navigate_interfaces__rosidl_typesupport_c__pyext[0m
[5.065s] [ 89%] [32mBuilding C object CMakeFiles/navigate_interfaces__rosidl_typesupport_introspection_c__pyext.dir/rosidl_generator_py/navigate_interfaces/_navigate_interfaces_s.ep.rosidl_typesupport_introspection_c.c.o[0m
[5.065s] [ 89%] [32mBuilding C object CMakeFiles/navigate_interfaces__rosidl_typesupport_c__pyext.dir/rosidl_generator_py/navigate_interfaces/_navigate_interfaces_s.ep.rosidl_typesupport_c.c.o[0m
[5.066s] [ 92%] [32mBuilding C object CMakeFiles/navigate_interfaces__rosidl_typesupport_fastrtps_c__pyext.dir/rosidl_generator_py/navigate_interfaces/_navigate_interfaces_s.ep.rosidl_typesupport_fastrtps_c.c.o[0m
[5.168s] [ 94%] [32m[1mLinking C shared library rosidl_generator_py/navigate_interfaces/navigate_interfaces_s__rosidl_typesupport_introspection_c.cpython-310-x86_64-linux-gnu.so[0m
[5.195s] [ 94%] Built target navigate_interfaces__rosidl_typesupport_introspection_c__pyext
[5.201s] [ 97%] [32m[1mLinking C shared library rosidl_generator_py/navigate_interfaces/navigate_interfaces_s__rosidl_typesupport_fastrtps_c.cpython-310-x86_64-linux-gnu.so[0m
[5.219s] [100%] [32m[1mLinking C shared library rosidl_generator_py/navigate_interfaces/navigate_interfaces_s__rosidl_typesupport_c.cpython-310-x86_64-linux-gnu.so[0m
[5.232s] [100%] Built target navigate_interfaces__rosidl_typesupport_fastrtps_c__pyext
[5.244s] [100%] Built target navigate_interfaces__rosidl_typesupport_c__pyext
[5.254s] Invoked command in '/home/dyj/learning_ws/build/navigate_interfaces' returned '0': CMAKE_PREFIX_PATH=${CMAKE_PREFIX_PATH}:/home/dyj/learning_ws/install/wiki_example:/home/dyj/learning_ws/install/car_navigate:/home/dyj/learning_ws/install/learning_pkg_python:/home/dyj/learning_ws/install/car_controller:/home/dyj/dev_ws/install/learning_urdf:/home/dyj/dev_ws/install/learning_topic:/home/dyj/dev_ws/install/learning_tf:/home/dyj/dev_ws/install/learning_service:/home/dyj/dev_ws/install/learning_qos:/home/dyj/dev_ws/install/learning_pkg_python:/home/dyj/dev_ws/install/learning_parameter:/home/dyj/dev_ws/install/learning_node:/home/dyj/dev_ws/install/learning_launch:/home/dyj/dev_ws/install/learning_action:/home/dyj/dev_ws/install/learning_gazebo:/opt/ros/humble /usr/bin/cmake --build /home/dyj/learning_ws/build/navigate_interfaces -- -j4 -l4
[5.313s] Invoking command in '/home/dyj/learning_ws/build/navigate_interfaces': CMAKE_PREFIX_PATH=${CMAKE_PREFIX_PATH}:/home/dyj/learning_ws/install/wiki_example:/home/dyj/learning_ws/install/car_navigate:/home/dyj/learning_ws/install/learning_pkg_python:/home/dyj/learning_ws/install/car_controller:/home/dyj/dev_ws/install/learning_urdf:/home/dyj/dev_ws/install/learning_topic:/home/dyj/dev_ws/install/learning_tf:/home/dyj/dev_ws/install/learning_service:/home/dyj/dev_ws/install/learning_qos:/home/dyj/dev_ws/install/learning_pkg_python:/home/dyj/dev_ws/install/learning_parameter:/home/dyj/dev_ws/install/learning_node:/home/dyj/dev_ws/install/learning_launch:/home/dyj/dev_ws/install/learning_action:/home/dyj/dev_ws/install/learning_gazebo:/opt/ros/humble /usr/bin/cmake --install /home/dyj/learning_ws/build/navigate_interfaces
[5.318s] -- Install configuration: ""
[5.319s] -- Up-to-date: /home/dyj/learning_ws/install/navigate_interfaces/share/ament_index/resource_index/rosidl_interfaces/navigate_interfaces
[5.319s] -- Up-to-date: /home/dyj/learning_ws/install/navigate_interfaces/include/navigate_interfaces/navigate_interfaces
[5.319s] -- Up-to-date: /home/dyj/learning_ws/install/navigate_interfaces/include/navigate_interfaces/navigate_interfaces/srv
[5.319s] -- Installing: /home/dyj/learning_ws/install/navigate_interfaces/include/navigate_interfaces/navigate_interfaces/srv/give_position.h
[5.319s] -- Up-to-date: /home/dyj/learning_ws/install/navigate_interfaces/include/navigate_interfaces/navigate_interfaces/srv/detail
[5.319s] -- Installing: /home/dyj/learning_ws/install/navigate_interfaces/include/navigate_interfaces/navigate_interfaces/srv/detail/give_position__functions.c
[5.319s] -- Installing: /home/dyj/learning_ws/install/navigate_interfaces/include/navigate_interfaces/navigate_interfaces/srv/detail/give_position__functions.h
[5.320s] -- Installing: /home/dyj/learning_ws/install/navigate_interfaces/include/navigate_interfaces/navigate_interfaces/srv/detail/give_position__struct.h
[5.320s] -- Installing: /home/dyj/learning_ws/install/navigate_interfaces/include/navigate_interfaces/navigate_interfaces/srv/detail/give_position__type_support.h
[5.320s] -- Up-to-date: /home/dyj/learning_ws/install/navigate_interfaces/include/navigate_interfaces/navigate_interfaces/action
[5.320s] -- Installing: /home/dyj/learning_ws/install/navigate_interfaces/include/navigate_interfaces/navigate_interfaces/action/car_navigate.h
[5.320s] -- Up-to-date: /home/dyj/learning_ws/install/navigate_interfaces/include/navigate_interfaces/navigate_interfaces/action/detail
[5.320s] -- Installing: /home/dyj/learning_ws/install/navigate_interfaces/include/navigate_interfaces/navigate_interfaces/action/detail/car_navigate__functions.h
[5.320s] -- Installing: /home/dyj/learning_ws/install/navigate_interfaces/include/navigate_interfaces/navigate_interfaces/action/detail/car_navigate__functions.c
[5.320s] -- Installing: /home/dyj/learning_ws/install/navigate_interfaces/include/navigate_interfaces/navigate_interfaces/action/detail/car_navigate__struct.h
[5.320s] -- Installing: /home/dyj/learning_ws/install/navigate_interfaces/include/navigate_interfaces/navigate_interfaces/action/detail/car_navigate__type_support.h
[5.320s] -- Up-to-date: /home/dyj/learning_ws/install/navigate_interfaces/include/navigate_interfaces/navigate_interfaces/msg
[5.321s] -- Up-to-date: /home/dyj/learning_ws/install/navigate_interfaces/include/navigate_interfaces/navigate_interfaces/msg/rosidl_generator_c__visibility_control.h
[5.321s] -- Up-to-date: /home/dyj/learning_ws/install/navigate_interfaces/share/navigate_interfaces/environment/library_path.sh
[5.321s] -- Installing: /home/dyj/learning_ws/install/navigate_interfaces/share/navigate_interfaces/environment/library_path.dsv
[5.321s] -- Installing: /home/dyj/learning_ws/install/navigate_interfaces/lib/libnavigate_interfaces__rosidl_generator_c.so
[5.322s] -- Set runtime path of "/home/dyj/learning_ws/install/navigate_interfaces/lib/libnavigate_interfaces__rosidl_generator_c.so" to ""
[5.322s] -- Up-to-date: /home/dyj/learning_ws/install/navigate_interfaces/include/navigate_interfaces/navigate_interfaces
[5.322s] -- Up-to-date: /home/dyj/learning_ws/install/navigate_interfaces/include/navigate_interfaces/navigate_interfaces/srv
[5.322s] -- Up-to-date: /home/dyj/learning_ws/install/navigate_interfaces/include/navigate_interfaces/navigate_interfaces/srv/detail
[5.322s] -- Installing: /home/dyj/learning_ws/install/navigate_interfaces/include/navigate_interfaces/navigate_interfaces/srv/detail/give_position__rosidl_typesupport_fastrtps_c.h
[5.322s] -- Up-to-date: /home/dyj/learning_ws/install/navigate_interfaces/include/navigate_interfaces/navigate_interfaces/action
[5.322s] -- Up-to-date: /home/dyj/learning_ws/install/navigate_interfaces/include/navigate_interfaces/navigate_interfaces/action/detail
[5.322s] -- Installing: /home/dyj/learning_ws/install/navigate_interfaces/include/navigate_interfaces/navigate_interfaces/action/detail/car_navigate__rosidl_typesupport_fastrtps_c.h
[5.322s] -- Up-to-date: /home/dyj/learning_ws/install/navigate_interfaces/include/navigate_interfaces/navigate_interfaces/msg
[5.322s] -- Up-to-date: /home/dyj/learning_ws/install/navigate_interfaces/include/navigate_interfaces/navigate_interfaces/msg/rosidl_typesupport_fastrtps_c__visibility_control.h
[5.322s] -- Installing: /home/dyj/learning_ws/install/navigate_interfaces/lib/libnavigate_interfaces__rosidl_typesupport_fastrtps_c.so
[5.323s] -- Set runtime path of "/home/dyj/learning_ws/install/navigate_interfaces/lib/libnavigate_interfaces__rosidl_typesupport_fastrtps_c.so" to ""
[5.323s] -- Up-to-date: /home/dyj/learning_ws/install/navigate_interfaces/include/navigate_interfaces/navigate_interfaces
[5.323s] -- Up-to-date: /home/dyj/learning_ws/install/navigate_interfaces/include/navigate_interfaces/navigate_interfaces/srv
[5.323s] -- Up-to-date: /home/dyj/learning_ws/install/navigate_interfaces/include/navigate_interfaces/navigate_interfaces/srv/detail
[5.323s] -- Installing: /home/dyj/learning_ws/install/navigate_interfaces/include/navigate_interfaces/navigate_interfaces/srv/detail/give_position__type_support.c
[5.323s] -- Installing: /home/dyj/learning_ws/install/navigate_interfaces/include/navigate_interfaces/navigate_interfaces/srv/detail/give_position__rosidl_typesupport_introspection_c.h
[5.323s] -- Up-to-date: /home/dyj/learning_ws/install/navigate_interfaces/include/navigate_interfaces/navigate_interfaces/action
[5.323s] -- Up-to-date: /home/dyj/learning_ws/install/navigate_interfaces/include/navigate_interfaces/navigate_interfaces/action/detail
[5.324s] -- Installing: /home/dyj/learning_ws/install/navigate_interfaces/include/navigate_interfaces/navigate_interfaces/action/detail/car_navigate__rosidl_typesupport_introspection_c.h
[5.324s] -- Installing: /home/dyj/learning_ws/install/navigate_interfaces/include/navigate_interfaces/navigate_interfaces/action/detail/car_navigate__type_support.c
[5.324s] -- Up-to-date: /home/dyj/learning_ws/install/navigate_interfaces/include/navigate_interfaces/navigate_interfaces/msg
[5.324s] -- Up-to-date: /home/dyj/learning_ws/install/navigate_interfaces/include/navigate_interfaces/navigate_interfaces/msg/rosidl_typesupport_introspection_c__visibility_control.h
[5.324s] -- Installing: /home/dyj/learning_ws/install/navigate_interfaces/lib/libnavigate_interfaces__rosidl_typesupport_introspection_c.so
[5.324s] -- Set runtime path of "/home/dyj/learning_ws/install/navigate_interfaces/lib/libnavigate_interfaces__rosidl_typesupport_introspection_c.so" to ""
[5.325s] -- Installing: /home/dyj/learning_ws/install/navigate_interfaces/lib/libnavigate_interfaces__rosidl_typesupport_c.so
[5.325s] -- Set runtime path of "/home/dyj/learning_ws/install/navigate_interfaces/lib/libnavigate_interfaces__rosidl_typesupport_c.so" to ""
[5.325s] -- Up-to-date: /home/dyj/learning_ws/install/navigate_interfaces/include/navigate_interfaces/navigate_interfaces
[5.325s] -- Up-to-date: /home/dyj/learning_ws/install/navigate_interfaces/include/navigate_interfaces/navigate_interfaces/srv
[5.325s] -- Installing: /home/dyj/learning_ws/install/navigate_interfaces/include/navigate_interfaces/navigate_interfaces/srv/give_position.hpp
[5.325s] -- Up-to-date: /home/dyj/learning_ws/install/navigate_interfaces/include/navigate_interfaces/navigate_interfaces/srv/detail
[5.325s] -- Installing: /home/dyj/learning_ws/install/navigate_interfaces/include/navigate_interfaces/navigate_interfaces/srv/detail/give_position__traits.hpp
[5.325s] -- Installing: /home/dyj/learning_ws/install/navigate_interfaces/include/navigate_interfaces/navigate_interfaces/srv/detail/give_position__builder.hpp
[5.326s] -- Installing: /home/dyj/learning_ws/install/navigate_interfaces/include/navigate_interfaces/navigate_interfaces/srv/detail/give_position__struct.hpp
[5.326s] -- Up-to-date: /home/dyj/learning_ws/install/navigate_interfaces/include/navigate_interfaces/navigate_interfaces/action
[5.326s] -- Up-to-date: /home/dyj/learning_ws/install/navigate_interfaces/include/navigate_interfaces/navigate_interfaces/action/detail
[5.326s] -- Installing: /home/dyj/learning_ws/install/navigate_interfaces/include/navigate_interfaces/navigate_interfaces/action/detail/car_navigate__traits.hpp
[5.326s] -- Installing: /home/dyj/learning_ws/install/navigate_interfaces/include/navigate_interfaces/navigate_interfaces/action/detail/car_navigate__builder.hpp
[5.327s] -- Installing: /home/dyj/learning_ws/install/navigate_interfaces/include/navigate_interfaces/navigate_interfaces/action/detail/car_navigate__struct.hpp
[5.327s] -- Installing: /home/dyj/learning_ws/install/navigate_interfaces/include/navigate_interfaces/navigate_interfaces/action/car_navigate.hpp
[5.327s] -- Up-to-date: /home/dyj/learning_ws/install/navigate_interfaces/include/navigate_interfaces/navigate_interfaces
[5.327s] -- Up-to-date: /home/dyj/learning_ws/install/navigate_interfaces/include/navigate_interfaces/navigate_interfaces/srv
[5.327s] -- Up-to-date: /home/dyj/learning_ws/install/navigate_interfaces/include/navigate_interfaces/navigate_interfaces/srv/detail
[5.327s] -- Up-to-date: /home/dyj/learning_ws/install/navigate_interfaces/include/navigate_interfaces/navigate_interfaces/srv/detail/dds_fastrtps
[5.327s] -- Installing: /home/dyj/learning_ws/install/navigate_interfaces/include/navigate_interfaces/navigate_interfaces/srv/detail/give_position__rosidl_typesupport_fastrtps_cpp.hpp
[5.327s] -- Up-to-date: /home/dyj/learning_ws/install/navigate_interfaces/include/navigate_interfaces/navigate_interfaces/action
[5.327s] -- Up-to-date: /home/dyj/learning_ws/install/navigate_interfaces/include/navigate_interfaces/navigate_interfaces/action/detail
[5.327s] -- Installing: /home/dyj/learning_ws/install/navigate_interfaces/include/navigate_interfaces/navigate_interfaces/action/detail/car_navigate__rosidl_typesupport_fastrtps_cpp.hpp
[5.327s] -- Up-to-date: /home/dyj/learning_ws/install/navigate_interfaces/include/navigate_interfaces/navigate_interfaces/action/detail/dds_fastrtps
[5.328s] -- Up-to-date: /home/dyj/learning_ws/install/navigate_interfaces/include/navigate_interfaces/navigate_interfaces/msg
[5.328s] -- Up-to-date: /home/dyj/learning_ws/install/navigate_interfaces/include/navigate_interfaces/navigate_interfaces/msg/rosidl_typesupport_fastrtps_cpp__visibility_control.h
[5.328s] -- Installing: /home/dyj/learning_ws/install/navigate_interfaces/lib/libnavigate_interfaces__rosidl_typesupport_fastrtps_cpp.so
[5.328s] -- Set runtime path of "/home/dyj/learning_ws/install/navigate_interfaces/lib/libnavigate_interfaces__rosidl_typesupport_fastrtps_cpp.so" to ""
[5.328s] -- Up-to-date: /home/dyj/learning_ws/install/navigate_interfaces/include/navigate_interfaces/navigate_interfaces
[5.328s] -- Up-to-date: /home/dyj/learning_ws/install/navigate_interfaces/include/navigate_interfaces/navigate_interfaces/srv
[5.329s] -- Up-to-date: /home/dyj/learning_ws/install/navigate_interfaces/include/navigate_interfaces/navigate_interfaces/srv/detail
[5.329s] -- Installing: /home/dyj/learning_ws/install/navigate_interfaces/include/navigate_interfaces/navigate_interfaces/srv/detail/give_position__type_support.cpp
[5.329s] -- Installing: /home/dyj/learning_ws/install/navigate_interfaces/include/navigate_interfaces/navigate_interfaces/srv/detail/give_position__rosidl_typesupport_introspection_cpp.hpp
[5.329s] -- Up-to-date: /home/dyj/learning_ws/install/navigate_interfaces/include/navigate_interfaces/navigate_interfaces/action
[5.329s] -- Up-to-date: /home/dyj/learning_ws/install/navigate_interfaces/include/navigate_interfaces/navigate_interfaces/action/detail
[5.329s] -- Installing: /home/dyj/learning_ws/install/navigate_interfaces/include/navigate_interfaces/navigate_interfaces/action/detail/car_navigate__type_support.cpp
[5.329s] -- Installing: /home/dyj/learning_ws/install/navigate_interfaces/include/navigate_interfaces/navigate_interfaces/action/detail/car_navigate__rosidl_typesupport_introspection_cpp.hpp
[5.330s] -- Installing: /home/dyj/learning_ws/install/navigate_interfaces/lib/libnavigate_interfaces__rosidl_typesupport_introspection_cpp.so
[5.330s] -- Set runtime path of "/home/dyj/learning_ws/install/navigate_interfaces/lib/libnavigate_interfaces__rosidl_typesupport_introspection_cpp.so" to ""
[5.331s] -- Installing: /home/dyj/learning_ws/install/navigate_interfaces/lib/libnavigate_interfaces__rosidl_typesupport_cpp.so
[5.331s] -- Set runtime path of "/home/dyj/learning_ws/install/navigate_interfaces/lib/libnavigate_interfaces__rosidl_typesupport_cpp.so" to ""
[5.331s] -- Up-to-date: /home/dyj/learning_ws/install/navigate_interfaces/share/navigate_interfaces/environment/pythonpath.sh
[5.331s] -- Installing: /home/dyj/learning_ws/install/navigate_interfaces/share/navigate_interfaces/environment/pythonpath.dsv
[5.331s] -- Up-to-date: /home/dyj/learning_ws/install/navigate_interfaces/local/lib/python3.10/dist-packages/navigate_interfaces-0.0.0-py3.10.egg-info
[5.331s] -- Installing: /home/dyj/learning_ws/install/navigate_interfaces/local/lib/python3.10/dist-packages/navigate_interfaces-0.0.0-py3.10.egg-info/dependency_links.txt
[5.331s] -- Installing: /home/dyj/learning_ws/install/navigate_interfaces/local/lib/python3.10/dist-packages/navigate_interfaces-0.0.0-py3.10.egg-info/PKG-INFO
[5.332s] -- Installing: /home/dyj/learning_ws/install/navigate_interfaces/local/lib/python3.10/dist-packages/navigate_interfaces-0.0.0-py3.10.egg-info/SOURCES.txt
[5.332s] -- Installing: /home/dyj/learning_ws/install/navigate_interfaces/local/lib/python3.10/dist-packages/navigate_interfaces-0.0.0-py3.10.egg-info/top_level.txt
[5.332s] -- Up-to-date: /home/dyj/learning_ws/install/navigate_interfaces/local/lib/python3.10/dist-packages/navigate_interfaces
[5.332s] -- Up-to-date: /home/dyj/learning_ws/install/navigate_interfaces/local/lib/python3.10/dist-packages/navigate_interfaces/srv
[5.332s] -- Installing: /home/dyj/learning_ws/install/navigate_interfaces/local/lib/python3.10/dist-packages/navigate_interfaces/srv/_give_position_s.c
[5.332s] -- Installing: /home/dyj/learning_ws/install/navigate_interfaces/local/lib/python3.10/dist-packages/navigate_interfaces/srv/_give_position.py
[5.332s] -- Installing: /home/dyj/learning_ws/install/navigate_interfaces/local/lib/python3.10/dist-packages/navigate_interfaces/srv/__init__.py
[5.332s] -- Installing: /home/dyj/learning_ws/install/navigate_interfaces/local/lib/python3.10/dist-packages/navigate_interfaces/_navigate_interfaces_s.ep.rosidl_typesupport_c.c
[5.333s] -- Installing: /home/dyj/learning_ws/install/navigate_interfaces/local/lib/python3.10/dist-packages/navigate_interfaces/navigate_interfaces_s__rosidl_typesupport_introspection_c.cpython-310-x86_64-linux-gnu.so
[5.333s] -- Installing: /home/dyj/learning_ws/install/navigate_interfaces/local/lib/python3.10/dist-packages/navigate_interfaces/libnavigate_interfaces__rosidl_generator_py.so
[5.333s] -- Installing: /home/dyj/learning_ws/install/navigate_interfaces/local/lib/python3.10/dist-packages/navigate_interfaces/_navigate_interfaces_s.ep.rosidl_typesupport_introspection_c.c
[5.333s] -- Installing: /home/dyj/learning_ws/install/navigate_interfaces/local/lib/python3.10/dist-packages/navigate_interfaces/navigate_interfaces_s__rosidl_typesupport_fastrtps_c.cpython-310-x86_64-linux-gnu.so
[5.333s] -- Up-to-date: /home/dyj/learning_ws/install/navigate_interfaces/local/lib/python3.10/dist-packages/navigate_interfaces/action
[5.333s] -- Installing: /home/dyj/learning_ws/install/navigate_interfaces/local/lib/python3.10/dist-packages/navigate_interfaces/action/_car_navigate_s.c
[5.334s] -- Installing: /home/dyj/learning_ws/install/navigate_interfaces/local/lib/python3.10/dist-packages/navigate_interfaces/action/_car_navigate.py
[5.334s] -- Installing: /home/dyj/learning_ws/install/navigate_interfaces/local/lib/python3.10/dist-packages/navigate_interfaces/action/__init__.py
[5.334s] -- Installing: /home/dyj/learning_ws/install/navigate_interfaces/local/lib/python3.10/dist-packages/navigate_interfaces/_navigate_interfaces_s.ep.rosidl_typesupport_fastrtps_c.c
[5.334s] -- Installing: /home/dyj/learning_ws/install/navigate_interfaces/local/lib/python3.10/dist-packages/navigate_interfaces/__init__.py
[5.334s] -- Installing: /home/dyj/learning_ws/install/navigate_interfaces/local/lib/python3.10/dist-packages/navigate_interfaces/navigate_interfaces_s__rosidl_typesupport_c.cpython-310-x86_64-linux-gnu.so
[5.380s] Listing '/home/dyj/learning_ws/install/navigate_interfaces/local/lib/python3.10/dist-packages/navigate_interfaces'...
[5.380s] Compiling '/home/dyj/learning_ws/install/navigate_interfaces/local/lib/python3.10/dist-packages/navigate_interfaces/__init__.py'...
[5.380s] Listing '/home/dyj/learning_ws/install/navigate_interfaces/local/lib/python3.10/dist-packages/navigate_interfaces/action'...
[5.380s] Compiling '/home/dyj/learning_ws/install/navigate_interfaces/local/lib/python3.10/dist-packages/navigate_interfaces/action/__init__.py'...
[5.380s] Compiling '/home/dyj/learning_ws/install/navigate_interfaces/local/lib/python3.10/dist-packages/navigate_interfaces/action/_car_navigate.py'...
[5.380s] Listing '/home/dyj/learning_ws/install/navigate_interfaces/local/lib/python3.10/dist-packages/navigate_interfaces/srv'...
[5.380s] Compiling '/home/dyj/learning_ws/install/navigate_interfaces/local/lib/python3.10/dist-packages/navigate_interfaces/srv/__init__.py'...
[5.381s] Compiling '/home/dyj/learning_ws/install/navigate_interfaces/local/lib/python3.10/dist-packages/navigate_interfaces/srv/_give_position.py'...
[5.382s] -- Installing: /home/dyj/learning_ws/install/navigate_interfaces/local/lib/python3.10/dist-packages/navigate_interfaces/navigate_interfaces_s__rosidl_typesupport_fastrtps_c.cpython-310-x86_64-linux-gnu.so
[5.382s] -- Set runtime path of "/home/dyj/learning_ws/install/navigate_interfaces/local/lib/python3.10/dist-packages/navigate_interfaces/navigate_interfaces_s__rosidl_typesupport_fastrtps_c.cpython-310-x86_64-linux-gnu.so" to ""
[5.382s] -- Installing: /home/dyj/learning_ws/install/navigate_interfaces/local/lib/python3.10/dist-packages/navigate_interfaces/navigate_interfaces_s__rosidl_typesupport_introspection_c.cpython-310-x86_64-linux-gnu.so
[5.382s] -- Set runtime path of "/home/dyj/learning_ws/install/navigate_interfaces/local/lib/python3.10/dist-packages/navigate_interfaces/navigate_interfaces_s__rosidl_typesupport_introspection_c.cpython-310-x86_64-linux-gnu.so" to ""
[5.382s] -- Installing: /home/dyj/learning_ws/install/navigate_interfaces/local/lib/python3.10/dist-packages/navigate_interfaces/navigate_interfaces_s__rosidl_typesupport_c.cpython-310-x86_64-linux-gnu.so
[5.382s] -- Set runtime path of "/home/dyj/learning_ws/install/navigate_interfaces/local/lib/python3.10/dist-packages/navigate_interfaces/navigate_interfaces_s__rosidl_typesupport_c.cpython-310-x86_64-linux-gnu.so" to ""
[5.382s] -- Installing: /home/dyj/learning_ws/install/navigate_interfaces/lib/libnavigate_interfaces__rosidl_generator_py.so
[5.383s] -- Set runtime path of "/home/dyj/learning_ws/install/navigate_interfaces/lib/libnavigate_interfaces__rosidl_generator_py.so" to ""
[5.383s] -- Installing: /home/dyj/learning_ws/install/navigate_interfaces/share/navigate_interfaces/action/CarNavigate.idl
[5.385s] -- Up-to-date: /home/dyj/learning_ws/install/navigate_interfaces/share/navigate_interfaces/srv/GivePosition.idl
[5.385s] -- Installing: /home/dyj/learning_ws/install/navigate_interfaces/share/navigate_interfaces/action/CarNavigate.action
[5.386s] -- Up-to-date: /home/dyj/learning_ws/install/navigate_interfaces/share/navigate_interfaces/srv/GivePosition.srv
[5.386s] -- Up-to-date: /home/dyj/learning_ws/install/navigate_interfaces/share/navigate_interfaces/srv/GivePosition_Request.msg
[5.386s] -- Up-to-date: /home/dyj/learning_ws/install/navigate_interfaces/share/navigate_interfaces/srv/GivePosition_Response.msg
[5.386s] -- Up-to-date: /home/dyj/learning_ws/install/navigate_interfaces/share/ament_index/resource_index/package_run_dependencies/navigate_interfaces
[5.387s] -- Up-to-date: /home/dyj/learning_ws/install/navigate_interfaces/share/ament_index/resource_index/parent_prefix_path/navigate_interfaces
[5.387s] -- Up-to-date: /home/dyj/learning_ws/install/navigate_interfaces/share/navigate_interfaces/environment/ament_prefix_path.sh
[5.387s] -- Installing: /home/dyj/learning_ws/install/navigate_interfaces/share/navigate_interfaces/environment/ament_prefix_path.dsv
[5.390s] -- Up-to-date: /home/dyj/learning_ws/install/navigate_interfaces/share/navigate_interfaces/environment/path.sh
[5.390s] -- Installing: /home/dyj/learning_ws/install/navigate_interfaces/share/navigate_interfaces/environment/path.dsv
[5.391s] -- Up-to-date: /home/dyj/learning_ws/install/navigate_interfaces/share/navigate_interfaces/local_setup.bash
[5.391s] -- Up-to-date: /home/dyj/learning_ws/install/navigate_interfaces/share/navigate_interfaces/local_setup.sh
[5.391s] -- Up-to-date: /home/dyj/learning_ws/install/navigate_interfaces/share/navigate_interfaces/local_setup.zsh
[5.391s] -- Installing: /home/dyj/learning_ws/install/navigate_interfaces/share/navigate_interfaces/local_setup.dsv
[5.391s] -- Installing: /home/dyj/learning_ws/install/navigate_interfaces/share/navigate_interfaces/package.dsv
[5.391s] -- Up-to-date: /home/dyj/learning_ws/install/navigate_interfaces/share/ament_index/resource_index/packages/navigate_interfaces
[5.392s] -- Up-to-date: /home/dyj/learning_ws/install/navigate_interfaces/share/navigate_interfaces/cmake/export_navigate_interfaces__rosidl_generator_cExport.cmake
[5.392s] -- Up-to-date: /home/dyj/learning_ws/install/navigate_interfaces/share/navigate_interfaces/cmake/export_navigate_interfaces__rosidl_generator_cExport-noconfig.cmake
[5.392s] -- Up-to-date: /home/dyj/learning_ws/install/navigate_interfaces/share/navigate_interfaces/cmake/export_navigate_interfaces__rosidl_typesupport_fastrtps_cExport.cmake
[5.393s] -- Up-to-date: /home/dyj/learning_ws/install/navigate_interfaces/share/navigate_interfaces/cmake/export_navigate_interfaces__rosidl_typesupport_fastrtps_cExport-noconfig.cmake
[5.393s] -- Up-to-date: /home/dyj/learning_ws/install/navigate_interfaces/share/navigate_interfaces/cmake/navigate_interfaces__rosidl_typesupport_introspection_cExport.cmake
[5.393s] -- Up-to-date: /home/dyj/learning_ws/install/navigate_interfaces/share/navigate_interfaces/cmake/navigate_interfaces__rosidl_typesupport_introspection_cExport-noconfig.cmake
[5.393s] -- Up-to-date: /home/dyj/learning_ws/install/navigate_interfaces/share/navigate_interfaces/cmake/navigate_interfaces__rosidl_typesupport_cExport.cmake
[5.393s] -- Up-to-date: /home/dyj/learning_ws/install/navigate_interfaces/share/navigate_interfaces/cmake/navigate_interfaces__rosidl_typesupport_cExport-noconfig.cmake
[5.393s] -- Up-to-date: /home/dyj/learning_ws/install/navigate_interfaces/share/navigate_interfaces/cmake/export_navigate_interfaces__rosidl_generator_cppExport.cmake
[5.393s] -- Up-to-date: /home/dyj/learning_ws/install/navigate_interfaces/share/navigate_interfaces/cmake/export_navigate_interfaces__rosidl_typesupport_fastrtps_cppExport.cmake
[5.393s] -- Up-to-date: /home/dyj/learning_ws/install/navigate_interfaces/share/navigate_interfaces/cmake/export_navigate_interfaces__rosidl_typesupport_fastrtps_cppExport-noconfig.cmake
[5.393s] -- Up-to-date: /home/dyj/learning_ws/install/navigate_interfaces/share/navigate_interfaces/cmake/navigate_interfaces__rosidl_typesupport_introspection_cppExport.cmake
[5.393s] -- Up-to-date: /home/dyj/learning_ws/install/navigate_interfaces/share/navigate_interfaces/cmake/navigate_interfaces__rosidl_typesupport_introspection_cppExport-noconfig.cmake
[5.393s] -- Up-to-date: /home/dyj/learning_ws/install/navigate_interfaces/share/navigate_interfaces/cmake/navigate_interfaces__rosidl_typesupport_cppExport.cmake
[5.393s] -- Up-to-date: /home/dyj/learning_ws/install/navigate_interfaces/share/navigate_interfaces/cmake/navigate_interfaces__rosidl_typesupport_cppExport-noconfig.cmake
[5.393s] -- Up-to-date: /home/dyj/learning_ws/install/navigate_interfaces/share/navigate_interfaces/cmake/export_navigate_interfaces__rosidl_generator_pyExport.cmake
[5.393s] -- Up-to-date: /home/dyj/learning_ws/install/navigate_interfaces/share/navigate_interfaces/cmake/export_navigate_interfaces__rosidl_generator_pyExport-noconfig.cmake
[5.393s] -- Up-to-date: /home/dyj/learning_ws/install/navigate_interfaces/share/navigate_interfaces/cmake/rosidl_cmake-extras.cmake
[5.393s] -- Up-to-date: /home/dyj/learning_ws/install/navigate_interfaces/share/navigate_interfaces/cmake/ament_cmake_export_dependencies-extras.cmake
[5.393s] -- Up-to-date: /home/dyj/learning_ws/install/navigate_interfaces/share/navigate_interfaces/cmake/ament_cmake_export_include_directories-extras.cmake
[5.394s] -- Up-to-date: /home/dyj/learning_ws/install/navigate_interfaces/share/navigate_interfaces/cmake/ament_cmake_export_libraries-extras.cmake
[5.394s] -- Up-to-date: /home/dyj/learning_ws/install/navigate_interfaces/share/navigate_interfaces/cmake/ament_cmake_export_targets-extras.cmake
[5.394s] -- Up-to-date: /home/dyj/learning_ws/install/navigate_interfaces/share/navigate_interfaces/cmake/rosidl_cmake_export_typesupport_targets-extras.cmake
[5.394s] -- Up-to-date: /home/dyj/learning_ws/install/navigate_interfaces/share/navigate_interfaces/cmake/rosidl_cmake_export_typesupport_libraries-extras.cmake
[5.394s] -- Up-to-date: /home/dyj/learning_ws/install/navigate_interfaces/share/navigate_interfaces/cmake/navigate_interfacesConfig.cmake
[5.394s] -- Up-to-date: /home/dyj/learning_ws/install/navigate_interfaces/share/navigate_interfaces/cmake/navigate_interfacesConfig-version.cmake
[5.394s] -- Up-to-date: /home/dyj/learning_ws/install/navigate_interfaces/share/navigate_interfaces/package.xml
[5.399s] Invoked command in '/home/dyj/learning_ws/build/navigate_interfaces' returned '0': CMAKE_PREFIX_PATH=${CMAKE_PREFIX_PATH}:/home/dyj/learning_ws/install/wiki_example:/home/dyj/learning_ws/install/car_navigate:/home/dyj/learning_ws/install/learning_pkg_python:/home/dyj/learning_ws/install/car_controller:/home/dyj/dev_ws/install/learning_urdf:/home/dyj/dev_ws/install/learning_topic:/home/dyj/dev_ws/install/learning_tf:/home/dyj/dev_ws/install/learning_service:/home/dyj/dev_ws/install/learning_qos:/home/dyj/dev_ws/install/learning_pkg_python:/home/dyj/dev_ws/install/learning_parameter:/home/dyj/dev_ws/install/learning_node:/home/dyj/dev_ws/install/learning_launch:/home/dyj/dev_ws/install/learning_action:/home/dyj/dev_ws/install/learning_gazebo:/opt/ros/humble /usr/bin/cmake --install /home/dyj/learning_ws/build/navigate_interfaces
