[0.015s] Invoking command in '/home/dyj/learning_ws/build/navigate_interfaces': CMAKE_PREFIX_PATH=${CMAKE_PREFIX_PATH}:/home/dyj/learning_ws/install/wiki_example:/home/dyj/learning_ws/install/learning_pkg_python:/home/dyj/learning_ws/install/car_controller:/home/dyj/dev_ws/install/learning_urdf:/home/dyj/dev_ws/install/learning_topic:/home/dyj/dev_ws/install/learning_tf:/home/dyj/dev_ws/install/learning_service:/home/dyj/dev_ws/install/learning_qos:/home/dyj/dev_ws/install/learning_pkg_python:/home/dyj/dev_ws/install/learning_parameter:/home/dyj/dev_ws/install/learning_node:/home/dyj/dev_ws/install/learning_launch:/home/dyj/dev_ws/install/learning_action:/home/dyj/dev_ws/install/learning_gazebo:/opt/ros/humble /usr/bin/cmake /home/dyj/learning_ws/src/navigate_interfaces -DCMAKE_INSTALL_PREFIX=/home/dyj/learning_ws/install/navigate_interfaces
[0.025s] -- Found ament_cmake: 1.3.5 (/opt/ros/humble/share/ament_cmake/cmake)
[0.150s] -- Found rosidl_default_generators: 1.2.0 (/opt/ros/humble/share/rosidl_default_generators/cmake)
[0.151s] -- Using all available rosidl_typesupport_c: rosidl_typesupport_fastrtps_c;rosidl_typesupport_introspection_c
[0.154s] -- Found rosidl_adapter: 3.1.4 (/opt/ros/humble/share/rosidl_adapter/cmake)
[0.176s] -- Using all available rosidl_typesupport_cpp: rosidl_typesupport_fastrtps_cpp;rosidl_typesupport_introspection_cpp
[0.330s] [31mCMake Error at /opt/ros/humble/share/rosidl_adapter/cmake/rosidl_adapt_interfaces.cmake:59 (message):
[0.330s]   execute_process(/usr/bin/python3.10 -m rosidl_adapter --package-name
[0.330s]   navigate_interfaces --arguments-file
[0.330s]   /home/dyj/learning_ws/build/navigate_interfaces/rosidl_adapter__arguments__navigate_interfaces.json
[0.331s]   --output-dir
[0.331s]   /home/dyj/learning_ws/build/navigate_interfaces/rosidl_adapter/navigate_interfaces
[0.331s]   --output-file
[0.332s]   /home/dyj/learning_ws/build/navigate_interfaces/rosidl_adapter/navigate_interfaces.idls)
[0.332s]   returned error code 1:
[0.332s] 
[0.333s]   Traceback (most recent call last):
[0.333s] 
[0.333s]     File "/usr/lib/python3.10/runpy.py", line 196, in _run_module_as_main
[0.333s]       return _run_code(code, main_globals, None,
[0.334s]     File "/usr/lib/python3.10/runpy.py", line 86, in _run_code
[0.334s]       exec(code, run_globals)
[0.334s]     File "/opt/ros/humble/local/lib/python3.10/dist-packages/rosidl_adapter/__main__.py", line 19, in <module>
[0.335s]       sys.exit(main())
[0.335s]     File "/opt/ros/humble/local/lib/python3.10/dist-packages/rosidl_adapter/main.py", line 53, in main
[0.335s]       abs_idl_file = convert_to_idl(
[0.335s]     File "/opt/ros/humble/local/lib/python3.10/dist-packages/rosidl_adapter/__init__.py", line 29, in convert_to_idl
[0.335s]       return convert_action_to_idl(
[0.335s]     File "/opt/ros/humble/local/lib/python3.10/dist-packages/rosidl_adapter/action/__init__.py", line 28, in convert_action_to_idl
[0.335s]       action = parse_action_string(package_name, input_file.stem, content)
[0.335s]     File "/opt/ros/humble/local/lib/python3.10/dist-packages/rosidl_adapter/parser.py", line 902, in parse_action_string
[0.335s]       goal_message = parse_message_string(
[0.335s]     File "/opt/ros/humble/local/lib/python3.10/dist-packages/rosidl_adapter/parser.py", line 544, in parse_message_string
[0.335s]       msg = MessageSpecification(pkg_name, msg_name, fields, constants)
[0.335s]     File "/opt/ros/humble/local/lib/python3.10/dist-packages/rosidl_adapter/parser.py", line 388, in __init__
[0.336s]       self.base_type = BaseType(
[0.336s]     File "/opt/ros/humble/local/lib/python3.10/dist-packages/rosidl_adapter/parser.py", line 205, in __init__
[0.336s]       raise InvalidResourceName(
[0.336s] 
[0.336s]   rosidl_adapter.parser.InvalidResourceName: 'car_navigate_Goal' is an
[0.337s]   invalid message name.  It should have the pattern '^[A-Z][A-Za-z0-9]*$'
[0.337s] 
[0.337s] Call Stack (most recent call first):
[0.337s]   /opt/ros/humble/share/rosidl_cmake/cmake/rosidl_generate_interfaces.cmake:130 (rosidl_adapt_interfaces)
[0.337s]   CMakeLists.txt:12 (rosidl_generate_interfaces)
[0.338s] 
[0.338s] [0m
[0.338s] -- Configuring incomplete, errors occurred!
[0.338s] See also "/home/dyj/learning_ws/build/navigate_interfaces/CMakeFiles/CMakeOutput.log".
[0.338s] Invoked command in '/home/dyj/learning_ws/build/navigate_interfaces' returned '1': CMAKE_PREFIX_PATH=${CMAKE_PREFIX_PATH}:/home/dyj/learning_ws/install/wiki_example:/home/dyj/learning_ws/install/learning_pkg_python:/home/dyj/learning_ws/install/car_controller:/home/dyj/dev_ws/install/learning_urdf:/home/dyj/dev_ws/install/learning_topic:/home/dyj/dev_ws/install/learning_tf:/home/dyj/dev_ws/install/learning_service:/home/dyj/dev_ws/install/learning_qos:/home/dyj/dev_ws/install/learning_pkg_python:/home/dyj/dev_ws/install/learning_parameter:/home/dyj/dev_ws/install/learning_node:/home/dyj/dev_ws/install/learning_launch:/home/dyj/dev_ws/install/learning_action:/home/dyj/dev_ws/install/learning_gazebo:/opt/ros/humble /usr/bin/cmake /home/dyj/learning_ws/src/navigate_interfaces -DCMAKE_INSTALL_PREFIX=/home/dyj/learning_ws/install/navigate_interfaces
