running egg_info
writing ../../build/learning_pkg_python/learning_pkg_python.egg-info/PKG-INFO
writing dependency_links to ../../build/learning_pkg_python/learning_pkg_python.egg-info/dependency_links.txt
writing entry points to ../../build/learning_pkg_python/learning_pkg_python.egg-info/entry_points.txt
writing requirements to ../../build/learning_pkg_python/learning_pkg_python.egg-info/requires.txt
writing top-level names to ../../build/learning_pkg_python/learning_pkg_python.egg-info/top_level.txt
reading manifest file '../../build/learning_pkg_python/learning_pkg_python.egg-info/SOURCES.txt'
writing manifest file '../../build/learning_pkg_python/learning_pkg_python.egg-info/SOURCES.txt'
running build
running build_py
copying learning_pkg_python/turtlesim_subscribe_pose_x.py -> /home/dyj/learning_ws/build/learning_pkg_python/build/lib/learning_pkg_python
copying learning_pkg_python/subscriber_example.py -> /home/dyj/learning_ws/build/learning_pkg_python/build/lib/learning_pkg_python
copying learning_pkg_python/publisher_example.py -> /home/dyj/learning_ws/build/learning_pkg_python/build/lib/learning_pkg_python
copying learning_pkg_python/turtlesim_controller_circle.py -> /home/dyj/learning_ws/build/learning_pkg_python/build/lib/learning_pkg_python
running install
/usr/lib/python3/dist-packages/setuptools/command/install.py:34: SetuptoolsDeprecationWarning: setup.py install is deprecated. Use build and pip and other standards-based tools.
  warnings.warn(
running install_lib
copying /home/dyj/learning_ws/build/learning_pkg_python/build/lib/learning_pkg_python/turtlesim_subscribe_pose_x.py -> /home/dyj/learning_ws/install/learning_pkg_python/lib/python3.10/site-packages/learning_pkg_python
copying /home/dyj/learning_ws/build/learning_pkg_python/build/lib/learning_pkg_python/subscriber_example.py -> /home/dyj/learning_ws/install/learning_pkg_python/lib/python3.10/site-packages/learning_pkg_python
copying /home/dyj/learning_ws/build/learning_pkg_python/build/lib/learning_pkg_python/publisher_example.py -> /home/dyj/learning_ws/install/learning_pkg_python/lib/python3.10/site-packages/learning_pkg_python
copying /home/dyj/learning_ws/build/learning_pkg_python/build/lib/learning_pkg_python/turtlesim_controller_circle.py -> /home/dyj/learning_ws/install/learning_pkg_python/lib/python3.10/site-packages/learning_pkg_python
byte-compiling /home/dyj/learning_ws/install/learning_pkg_python/lib/python3.10/site-packages/learning_pkg_python/turtlesim_subscribe_pose_x.py to turtlesim_subscribe_pose_x.cpython-310.pyc
byte-compiling /home/dyj/learning_ws/install/learning_pkg_python/lib/python3.10/site-packages/learning_pkg_python/subscriber_example.py to subscriber_example.cpython-310.pyc
byte-compiling /home/dyj/learning_ws/install/learning_pkg_python/lib/python3.10/site-packages/learning_pkg_python/publisher_example.py to publisher_example.cpython-310.pyc
byte-compiling /home/dyj/learning_ws/install/learning_pkg_python/lib/python3.10/site-packages/learning_pkg_python/turtlesim_controller_circle.py to turtlesim_controller_circle.cpython-310.pyc
running install_data
running install_egg_info
removing '/home/dyj/learning_ws/install/learning_pkg_python/lib/python3.10/site-packages/learning_pkg_python-0.0.0-py3.10.egg-info' (and everything under it)
Copying ../../build/learning_pkg_python/learning_pkg_python.egg-info to /home/dyj/learning_ws/install/learning_pkg_python/lib/python3.10/site-packages/learning_pkg_python-0.0.0-py3.10.egg-info
running install_scripts
writing list of installed files to '/home/dyj/learning_ws/build/learning_pkg_python/install.log'
