[1.295s] Invoking command in '/home/dyj/learning_ws/src/learning_pkg_python': PYTHONPATH=/home/dyj/learning_ws/build/learning_pkg_python/prefix_override:/home/dyj/learning_ws/install/learning_pkg_python/lib/python3.10/site-packages:${PYTHONPATH} /usr/bin/python3 setup.py egg_info --egg-base ../../build/learning_pkg_python build --build-base /home/dyj/learning_ws/build/learning_pkg_python/build install --record /home/dyj/learning_ws/build/learning_pkg_python/install.log --single-version-externally-managed
[1.569s] running egg_info
[1.570s] writing ../../build/learning_pkg_python/learning_pkg_python.egg-info/PKG-INFO
[1.571s] writing dependency_links to ../../build/learning_pkg_python/learning_pkg_python.egg-info/dependency_links.txt
[1.571s] writing entry points to ../../build/learning_pkg_python/learning_pkg_python.egg-info/entry_points.txt
[1.572s] writing requirements to ../../build/learning_pkg_python/learning_pkg_python.egg-info/requires.txt
[1.572s] writing top-level names to ../../build/learning_pkg_python/learning_pkg_python.egg-info/top_level.txt
[1.576s] reading manifest file '../../build/learning_pkg_python/learning_pkg_python.egg-info/SOURCES.txt'
[1.579s] writing manifest file '../../build/learning_pkg_python/learning_pkg_python.egg-info/SOURCES.txt'
[1.580s] running build
[1.580s] running build_py
[1.581s] copying learning_pkg_python/turtlesim_subscribe_pose_x.py -> /home/dyj/learning_ws/build/learning_pkg_python/build/lib/learning_pkg_python
[1.581s] copying learning_pkg_python/subscriber_example.py -> /home/dyj/learning_ws/build/learning_pkg_python/build/lib/learning_pkg_python
[1.581s] copying learning_pkg_python/publisher_example.py -> /home/dyj/learning_ws/build/learning_pkg_python/build/lib/learning_pkg_python
[1.582s] copying learning_pkg_python/turtlesim_controller_circle.py -> /home/dyj/learning_ws/build/learning_pkg_python/build/lib/learning_pkg_python
[1.583s] running install
[1.584s] /usr/lib/python3/dist-packages/setuptools/command/install.py:34: SetuptoolsDeprecationWarning: setup.py install is deprecated. Use build and pip and other standards-based tools.
[1.584s]   warnings.warn(
[1.584s] running install_lib
[1.585s] copying /home/dyj/learning_ws/build/learning_pkg_python/build/lib/learning_pkg_python/turtlesim_subscribe_pose_x.py -> /home/dyj/learning_ws/install/learning_pkg_python/lib/python3.10/site-packages/learning_pkg_python
[1.585s] copying /home/dyj/learning_ws/build/learning_pkg_python/build/lib/learning_pkg_python/subscriber_example.py -> /home/dyj/learning_ws/install/learning_pkg_python/lib/python3.10/site-packages/learning_pkg_python
[1.586s] copying /home/dyj/learning_ws/build/learning_pkg_python/build/lib/learning_pkg_python/publisher_example.py -> /home/dyj/learning_ws/install/learning_pkg_python/lib/python3.10/site-packages/learning_pkg_python
[1.586s] copying /home/dyj/learning_ws/build/learning_pkg_python/build/lib/learning_pkg_python/turtlesim_controller_circle.py -> /home/dyj/learning_ws/install/learning_pkg_python/lib/python3.10/site-packages/learning_pkg_python
[1.588s] byte-compiling /home/dyj/learning_ws/install/learning_pkg_python/lib/python3.10/site-packages/learning_pkg_python/turtlesim_subscribe_pose_x.py to turtlesim_subscribe_pose_x.cpython-310.pyc
[1.588s] byte-compiling /home/dyj/learning_ws/install/learning_pkg_python/lib/python3.10/site-packages/learning_pkg_python/subscriber_example.py to subscriber_example.cpython-310.pyc
[1.589s] byte-compiling /home/dyj/learning_ws/install/learning_pkg_python/lib/python3.10/site-packages/learning_pkg_python/publisher_example.py to publisher_example.cpython-310.pyc
[1.592s] byte-compiling /home/dyj/learning_ws/install/learning_pkg_python/lib/python3.10/site-packages/learning_pkg_python/turtlesim_controller_circle.py to turtlesim_controller_circle.cpython-310.pyc
[1.592s] running install_data
[1.592s] running install_egg_info
[1.595s] removing '/home/dyj/learning_ws/install/learning_pkg_python/lib/python3.10/site-packages/learning_pkg_python-0.0.0-py3.10.egg-info' (and everything under it)
[1.596s] Copying ../../build/learning_pkg_python/learning_pkg_python.egg-info to /home/dyj/learning_ws/install/learning_pkg_python/lib/python3.10/site-packages/learning_pkg_python-0.0.0-py3.10.egg-info
[1.597s] running install_scripts
[1.626s] writing list of installed files to '/home/dyj/learning_ws/build/learning_pkg_python/install.log'
[1.683s] Invoked command in '/home/dyj/learning_ws/src/learning_pkg_python' returned '0': PYTHONPATH=/home/dyj/learning_ws/build/learning_pkg_python/prefix_override:/home/dyj/learning_ws/install/learning_pkg_python/lib/python3.10/site-packages:${PYTHONPATH} /usr/bin/python3 setup.py egg_info --egg-base ../../build/learning_pkg_python build --build-base /home/dyj/learning_ws/build/learning_pkg_python/build install --record /home/dyj/learning_ws/build/learning_pkg_python/install.log --single-version-externally-managed
