[0.645s] Invoking command in '/home/dyj/learning_ws/build/navigate_interfaces': CMAKE_PREFIX_PATH=${CMAKE_PREFIX_PATH}:/home/dyj/learning_ws/install/wiki_example:/home/dyj/learning_ws/install/learning_pkg_python:/home/dyj/learning_ws/install/car_controller:/home/dyj/dev_ws/install/learning_urdf:/home/dyj/dev_ws/install/learning_topic:/home/dyj/dev_ws/install/learning_tf:/home/dyj/dev_ws/install/learning_service:/home/dyj/dev_ws/install/learning_qos:/home/dyj/dev_ws/install/learning_pkg_python:/home/dyj/dev_ws/install/learning_parameter:/home/dyj/dev_ws/install/learning_node:/home/dyj/dev_ws/install/learning_launch:/home/dyj/dev_ws/install/learning_action:/home/dyj/dev_ws/install/learning_gazebo:/opt/ros/humble /usr/bin/cmake /home/dyj/learning_ws/src/navigate_interfaces -DCMAKE_INSTALL_PREFIX=/home/dyj/learning_ws/install/navigate_interfaces
[0.656s] -- Found ament_cmake: 1.3.5 (/opt/ros/humble/share/ament_cmake/cmake)
[0.787s] -- Found rosidl_default_generators: 1.2.0 (/opt/ros/humble/share/rosidl_default_generators/cmake)
[0.790s] -- Using all available rosidl_typesupport_c: rosidl_typesupport_fastrtps_c;rosidl_typesupport_introspection_c
[0.792s] -- Found rosidl_adapter: 3.1.4 (/opt/ros/humble/share/rosidl_adapter/cmake)
[0.823s] -- Using all available rosidl_typesupport_cpp: rosidl_typesupport_fastrtps_cpp;rosidl_typesupport_introspection_cpp
[1.012s] [31mCMake Error at /opt/ros/humble/share/rosidl_adapter/cmake/rosidl_adapt_interfaces.cmake:59 (message):
[1.012s]   execute_process(/usr/bin/python3.10 -m rosidl_adapter --package-name
[1.012s]   navigate_interfaces --arguments-file
[1.013s]   /home/dyj/learning_ws/build/navigate_interfaces/rosidl_adapter__arguments__navigate_interfaces.json
[1.013s]   --output-dir
[1.013s]   /home/dyj/learning_ws/build/navigate_interfaces/rosidl_adapter/navigate_interfaces
[1.013s]   --output-file
[1.013s]   /home/dyj/learning_ws/build/navigate_interfaces/rosidl_adapter/navigate_interfaces.idls)
[1.013s]   returned error code 1:
[1.013s] 
[1.013s]   Traceback (most recent call last):
[1.013s] 
[1.013s]     File "/usr/lib/python3.10/runpy.py", line 196, in _run_module_as_main
[1.013s]       return _run_code(code, main_globals, None,
[1.013s]     File "/usr/lib/python3.10/runpy.py", line 86, in _run_code
[1.013s]       exec(code, run_globals)
[1.013s]     File "/opt/ros/humble/local/lib/python3.10/dist-packages/rosidl_adapter/__main__.py", line 19, in <module>
[1.013s]       sys.exit(main())
[1.013s]     File "/opt/ros/humble/local/lib/python3.10/dist-packages/rosidl_adapter/main.py", line 53, in main
[1.013s]       abs_idl_file = convert_to_idl(
[1.013s]     File "/opt/ros/humble/local/lib/python3.10/dist-packages/rosidl_adapter/__init__.py", line 29, in convert_to_idl
[1.013s]       return convert_action_to_idl(
[1.014s]     File "/opt/ros/humble/local/lib/python3.10/dist-packages/rosidl_adapter/action/__init__.py", line 28, in convert_action_to_idl
[1.014s]       action = parse_action_string(package_name, input_file.stem, content)
[1.014s]     File "/opt/ros/humble/local/lib/python3.10/dist-packages/rosidl_adapter/parser.py", line 902, in parse_action_string
[1.014s]       goal_message = parse_message_string(
[1.014s]     File "/opt/ros/humble/local/lib/python3.10/dist-packages/rosidl_adapter/parser.py", line 544, in parse_message_string
[1.014s]       msg = MessageSpecification(pkg_name, msg_name, fields, constants)
[1.014s]     File "/opt/ros/humble/local/lib/python3.10/dist-packages/rosidl_adapter/parser.py", line 388, in __init__
[1.014s]       self.base_type = BaseType(
[1.014s]     File "/opt/ros/humble/local/lib/python3.10/dist-packages/rosidl_adapter/parser.py", line 205, in __init__
[1.014s]       raise InvalidResourceName(
[1.014s] 
[1.014s]   rosidl_adapter.parser.InvalidResourceName: 'car_navigate_Goal' is an
[1.014s]   invalid message name.  It should have the pattern '^[A-Z][A-Za-z0-9]*$'
[1.014s] 
[1.014s] Call Stack (most recent call first):
[1.014s]   /opt/ros/humble/share/rosidl_cmake/cmake/rosidl_generate_interfaces.cmake:130 (rosidl_adapt_interfaces)
[1.014s]   CMakeLists.txt:12 (rosidl_generate_interfaces)
[1.014s] 
[1.014s] [0m
[1.014s] -- Configuring incomplete, errors occurred!
[1.015s] See also "/home/dyj/learning_ws/build/navigate_interfaces/CMakeFiles/CMakeOutput.log".
[1.021s] Invoked command in '/home/dyj/learning_ws/build/navigate_interfaces' returned '1': CMAKE_PREFIX_PATH=${CMAKE_PREFIX_PATH}:/home/dyj/learning_ws/install/wiki_example:/home/dyj/learning_ws/install/learning_pkg_python:/home/dyj/learning_ws/install/car_controller:/home/dyj/dev_ws/install/learning_urdf:/home/dyj/dev_ws/install/learning_topic:/home/dyj/dev_ws/install/learning_tf:/home/dyj/dev_ws/install/learning_service:/home/dyj/dev_ws/install/learning_qos:/home/dyj/dev_ws/install/learning_pkg_python:/home/dyj/dev_ws/install/learning_parameter:/home/dyj/dev_ws/install/learning_node:/home/dyj/dev_ws/install/learning_launch:/home/dyj/dev_ws/install/learning_action:/home/dyj/dev_ws/install/learning_gazebo:/opt/ros/humble /usr/bin/cmake /home/dyj/learning_ws/src/navigate_interfaces -DCMAKE_INSTALL_PREFIX=/home/dyj/learning_ws/install/navigate_interfaces
