/home/dyj/learning_ws/install/car_navigate/lib/python3.10/site-packages/car_navigate/car_navigate_one_position.py
/home/dyj/learning_ws/install/car_navigate/lib/python3.10/site-packages/car_navigate/target_position_tf_broadcaster_server.py
/home/dyj/learning_ws/install/car_navigate/lib/python3.10/site-packages/car_navigate/give_position_client.py
/home/dyj/learning_ws/install/car_navigate/lib/python3.10/site-packages/car_navigate/car_navigate_tf_broadcaster.py
/home/dyj/learning_ws/install/car_navigate/lib/python3.10/site-packages/car_navigate/car_navigate_client.py
/home/dyj/learning_ws/install/car_navigate/lib/python3.10/site-packages/car_navigate/car_navigate_server.py
/home/dyj/learning_ws/install/car_navigate/lib/python3.10/site-packages/car_navigate/__init__.py
/home/dyj/learning_ws/install/car_navigate/lib/python3.10/site-packages/car_navigate/__pycache__/car_navigate_one_position.cpython-310.pyc
/home/dyj/learning_ws/install/car_navigate/lib/python3.10/site-packages/car_navigate/__pycache__/target_position_tf_broadcaster_server.cpython-310.pyc
/home/dyj/learning_ws/install/car_navigate/lib/python3.10/site-packages/car_navigate/__pycache__/give_position_client.cpython-310.pyc
/home/dyj/learning_ws/install/car_navigate/lib/python3.10/site-packages/car_navigate/__pycache__/car_navigate_tf_broadcaster.cpython-310.pyc
/home/dyj/learning_ws/install/car_navigate/lib/python3.10/site-packages/car_navigate/__pycache__/car_navigate_client.cpython-310.pyc
/home/dyj/learning_ws/install/car_navigate/lib/python3.10/site-packages/car_navigate/__pycache__/car_navigate_server.cpython-310.pyc
/home/dyj/learning_ws/install/car_navigate/lib/python3.10/site-packages/car_navigate/__pycache__/__init__.cpython-310.pyc
/home/dyj/learning_ws/install/car_navigate/share/ament_index/resource_index/packages/car_navigate
/home/dyj/learning_ws/install/car_navigate/share/car_navigate/package.xml
/home/dyj/learning_ws/install/car_navigate/share/car_navigate/launch/car_navigate_action.launch.py
/home/dyj/learning_ws/install/car_navigate/share/car_navigate/launch/car_navigate.launch.py
/home/dyj/learning_ws/install/car_navigate/lib/python3.10/site-packages/car_navigate-0.0.0-py3.10.egg-info/zip-safe
/home/dyj/learning_ws/install/car_navigate/lib/python3.10/site-packages/car_navigate-0.0.0-py3.10.egg-info/dependency_links.txt
/home/dyj/learning_ws/install/car_navigate/lib/python3.10/site-packages/car_navigate-0.0.0-py3.10.egg-info/requires.txt
/home/dyj/learning_ws/install/car_navigate/lib/python3.10/site-packages/car_navigate-0.0.0-py3.10.egg-info/PKG-INFO
/home/dyj/learning_ws/install/car_navigate/lib/python3.10/site-packages/car_navigate-0.0.0-py3.10.egg-info/SOURCES.txt
/home/dyj/learning_ws/install/car_navigate/lib/python3.10/site-packages/car_navigate-0.0.0-py3.10.egg-info/entry_points.txt
/home/dyj/learning_ws/install/car_navigate/lib/python3.10/site-packages/car_navigate-0.0.0-py3.10.egg-info/top_level.txt
/home/dyj/learning_ws/install/car_navigate/lib/car_navigate/car_navigate_client
/home/dyj/learning_ws/install/car_navigate/lib/car_navigate/car_navigate_one_position
/home/dyj/learning_ws/install/car_navigate/lib/car_navigate/car_navigate_server
/home/dyj/learning_ws/install/car_navigate/lib/car_navigate/car_navigate_tf_broadcaster
/home/dyj/learning_ws/install/car_navigate/lib/car_navigate/give_position_client
/home/dyj/learning_ws/install/car_navigate/lib/car_navigate/target_position_tf_broadcaster_server
