running egg_info
creating ../../build/learning_pkg_python/learning_pkg_python.egg-info
writing ../../build/learning_pkg_python/learning_pkg_python.egg-info/PKG-INFO
writing dependency_links to ../../build/learning_pkg_python/learning_pkg_python.egg-info/dependency_links.txt
writing entry points to ../../build/learning_pkg_python/learning_pkg_python.egg-info/entry_points.txt
writing requirements to ../../build/learning_pkg_python/learning_pkg_python.egg-info/requires.txt
writing top-level names to ../../build/learning_pkg_python/learning_pkg_python.egg-info/top_level.txt
writing manifest file '../../build/learning_pkg_python/learning_pkg_python.egg-info/SOURCES.txt'
reading manifest file '../../build/learning_pkg_python/learning_pkg_python.egg-info/SOURCES.txt'
writing manifest file '../../build/learning_pkg_python/learning_pkg_python.egg-info/SOURCES.txt'
running build
running build_py
creating /home/dyj/learning_ws/build/learning_pkg_python/build
creating /home/dyj/learning_ws/build/learning_pkg_python/build/lib
creating /home/dyj/learning_ws/build/learning_pkg_python/build/lib/learning_pkg_python
copying learning_pkg_python/control_gezebo.py -> /home/dyj/learning_ws/build/learning_pkg_python/build/lib/learning_pkg_python
copying learning_pkg_python/__init__.py -> /home/dyj/learning_ws/build/learning_pkg_python/build/lib/learning_pkg_python
running install
running install_lib
creating /home/dyj/learning_ws/install/learning_pkg_python/lib/python3.10/site-packages/learning_pkg_python
copying /home/dyj/learning_ws/build/learning_pkg_python/build/lib/learning_pkg_python/control_gezebo.py -> /home/dyj/learning_ws/install/learning_pkg_python/lib/python3.10/site-packages/learning_pkg_python
copying /home/dyj/learning_ws/build/learning_pkg_python/build/lib/learning_pkg_python/__init__.py -> /home/dyj/learning_ws/install/learning_pkg_python/lib/python3.10/site-packages/learning_pkg_python
byte-compiling /home/dyj/learning_ws/install/learning_pkg_python/lib/python3.10/site-packages/learning_pkg_python/control_gezebo.py to control_gezebo.cpython-310.pyc
byte-compiling /home/dyj/learning_ws/install/learning_pkg_python/lib/python3.10/site-packages/learning_pkg_python/__init__.py to __init__.cpython-310.pyc
running install_data
creating /home/dyj/learning_ws/install/learning_pkg_python/share/ament_index
creating /home/dyj/learning_ws/install/learning_pkg_python/share/ament_index/resource_index
creating /home/dyj/learning_ws/install/learning_pkg_python/share/ament_index/resource_index/packages
copying resource/learning_pkg_python -> /home/dyj/learning_ws/install/learning_pkg_python/share/ament_index/resource_index/packages
copying package.xml -> /home/dyj/learning_ws/install/learning_pkg_python/share/learning_pkg_python
running install_egg_info
Copying ../../build/learning_pkg_python/learning_pkg_python.egg-info to /home/dyj/learning_ws/install/learning_pkg_python/lib/python3.10/site-packages/learning_pkg_python-0.0.0-py3.10.egg-info
running install_scripts
writing list of installed files to '/home/dyj/learning_ws/build/learning_pkg_python/install.log'
