[1.049s] Invoking command in '/home/dyj/learning_ws/src/car_navigate': PYTHONPATH=/home/dyj/learning_ws/build/car_navigate/prefix_override:/home/dyj/learning_ws/install/car_navigate/lib/python3.10/site-packages:${PYTHONPATH} /usr/bin/python3 setup.py egg_info --egg-base ../../build/car_navigate build --build-base /home/dyj/learning_ws/build/car_navigate/build install --record /home/dyj/learning_ws/build/car_navigate/install.log --single-version-externally-managed
[1.260s] running egg_info
[1.261s] writing ../../build/car_navigate/car_navigate.egg-info/PKG-INFO
[1.261s] writing dependency_links to ../../build/car_navigate/car_navigate.egg-info/dependency_links.txt
[1.262s] writing entry points to ../../build/car_navigate/car_navigate.egg-info/entry_points.txt
[1.262s] writing requirements to ../../build/car_navigate/car_navigate.egg-info/requires.txt
[1.262s] writing top-level names to ../../build/car_navigate/car_navigate.egg-info/top_level.txt
[1.264s] reading manifest file '../../build/car_navigate/car_navigate.egg-info/SOURCES.txt'
[1.265s] writing manifest file '../../build/car_navigate/car_navigate.egg-info/SOURCES.txt'
[1.265s] running build
[1.265s] running build_py
[1.266s] running install
[1.266s] /usr/lib/python3/dist-packages/setuptools/command/install.py:34: SetuptoolsDeprecationWarning: setup.py install is deprecated. Use build and pip and other standards-based tools.
[1.266s]   warnings.warn(
[1.267s] running install_lib
[1.269s] running install_data
[1.269s] copying launch/car_navigate.launch.py -> /home/dyj/learning_ws/install/car_navigate/share/car_navigate/launch
[1.270s] running install_egg_info
[1.271s] removing '/home/dyj/learning_ws/install/car_navigate/lib/python3.10/site-packages/car_navigate-0.0.0-py3.10.egg-info' (and everything under it)
[1.272s] Copying ../../build/car_navigate/car_navigate.egg-info to /home/dyj/learning_ws/install/car_navigate/lib/python3.10/site-packages/car_navigate-0.0.0-py3.10.egg-info
[1.272s] running install_scripts
[1.291s] Installing car_navigate_one_position script to /home/dyj/learning_ws/install/car_navigate/lib/car_navigate
[1.291s] Installing car_navigate_tf_broadcaster script to /home/dyj/learning_ws/install/car_navigate/lib/car_navigate
[1.291s] Installing target_position_tf_broadcaster_server script to /home/dyj/learning_ws/install/car_navigate/lib/car_navigate
[1.292s] writing list of installed files to '/home/dyj/learning_ws/build/car_navigate/install.log'
[1.323s] Invoked command in '/home/dyj/learning_ws/src/car_navigate' returned '0': PYTHONPATH=/home/dyj/learning_ws/build/car_navigate/prefix_override:/home/dyj/learning_ws/install/car_navigate/lib/python3.10/site-packages:${PYTHONPATH} /usr/bin/python3 setup.py egg_info --egg-base ../../build/car_navigate build --build-base /home/dyj/learning_ws/build/car_navigate/build install --record /home/dyj/learning_ws/build/car_navigate/install.log --single-version-externally-managed
