[0.051s] Invoking command in '/home/dyj/learning_ws/build/navigate_interfaces': CMAKE_PREFIX_PATH=${CMAKE_PREFIX_PATH}:/home/dyj/learning_ws/install/wiki_example:/home/dyj/learning_ws/install/car_navigate:/home/dyj/learning_ws/install/learning_pkg_python:/home/dyj/learning_ws/install/car_controller:/home/dyj/dev_ws/install/learning_urdf:/home/dyj/dev_ws/install/learning_topic:/home/dyj/dev_ws/install/learning_tf:/home/dyj/dev_ws/install/learning_service:/home/dyj/dev_ws/install/learning_qos:/home/dyj/dev_ws/install/learning_pkg_python:/home/dyj/dev_ws/install/learning_parameter:/home/dyj/dev_ws/install/learning_node:/home/dyj/dev_ws/install/learning_launch:/home/dyj/dev_ws/install/learning_action:/home/dyj/dev_ws/install/learning_gazebo:/opt/ros/humble /usr/bin/cmake --build /home/dyj/learning_ws/build/navigate_interfaces -- -j4 -l4
[0.579s] [  2%] Built target navigate_interfaces__cpp
[0.579s] [ 12%] Built target navigate_interfaces__rosidl_generator_c
[0.579s] [ 23%] Built target navigate_interfaces__rosidl_typesupport_cpp
[0.579s] [ 25%] Built target ament_cmake_python_copy_navigate_interfaces
[0.579s] [ 33%] Built target navigate_interfaces__rosidl_typesupport_fastrtps_cpp
[0.580s] [ 43%] Built target navigate_interfaces__rosidl_typesupport_introspection_cpp
[0.580s] [ 53%] Built target navigate_interfaces__rosidl_typesupport_fastrtps_c
[0.580s] [ 64%] Built target navigate_interfaces__rosidl_typesupport_introspection_c
[0.580s] [ 74%] Built target navigate_interfaces__rosidl_typesupport_c
[0.580s] [ 74%] Built target navigate_interfaces
[0.580s] [ 76%] Built target navigate_interfaces__py
[0.580s] [ 84%] Built target navigate_interfaces__rosidl_generator_py
[0.580s] [ 89%] Built target navigate_interfaces__rosidl_typesupport_introspection_c__pyext
[0.580s] [ 94%] Built target navigate_interfaces__rosidl_typesupport_c__pyext
[0.580s] [100%] Built target navigate_interfaces__rosidl_typesupport_fastrtps_c__pyext
[0.580s] running egg_info
[0.580s] writing navigate_interfaces.egg-info/PKG-INFO
[0.580s] writing dependency_links to navigate_interfaces.egg-info/dependency_links.txt
[0.580s] writing top-level names to navigate_interfaces.egg-info/top_level.txt
[0.580s] reading manifest file 'navigate_interfaces.egg-info/SOURCES.txt'
[0.581s] writing manifest file 'navigate_interfaces.egg-info/SOURCES.txt'
[0.581s] [100%] Built target ament_cmake_python_build_navigate_interfaces_egg
[0.827s] Invoked command in '/home/dyj/learning_ws/build/navigate_interfaces' returned '0': CMAKE_PREFIX_PATH=${CMAKE_PREFIX_PATH}:/home/dyj/learning_ws/install/wiki_example:/home/dyj/learning_ws/install/car_navigate:/home/dyj/learning_ws/install/learning_pkg_python:/home/dyj/learning_ws/install/car_controller:/home/dyj/dev_ws/install/learning_urdf:/home/dyj/dev_ws/install/learning_topic:/home/dyj/dev_ws/install/learning_tf:/home/dyj/dev_ws/install/learning_service:/home/dyj/dev_ws/install/learning_qos:/home/dyj/dev_ws/install/learning_pkg_python:/home/dyj/dev_ws/install/learning_parameter:/home/dyj/dev_ws/install/learning_node:/home/dyj/dev_ws/install/learning_launch:/home/dyj/dev_ws/install/learning_action:/home/dyj/dev_ws/install/learning_gazebo:/opt/ros/humble /usr/bin/cmake --build /home/dyj/learning_ws/build/navigate_interfaces -- -j4 -l4
[0.897s] Invoking command in '/home/dyj/learning_ws/build/navigate_interfaces': CMAKE_PREFIX_PATH=${CMAKE_PREFIX_PATH}:/home/dyj/learning_ws/install/wiki_example:/home/dyj/learning_ws/install/car_navigate:/home/dyj/learning_ws/install/learning_pkg_python:/home/dyj/learning_ws/install/car_controller:/home/dyj/dev_ws/install/learning_urdf:/home/dyj/dev_ws/install/learning_topic:/home/dyj/dev_ws/install/learning_tf:/home/dyj/dev_ws/install/learning_service:/home/dyj/dev_ws/install/learning_qos:/home/dyj/dev_ws/install/learning_pkg_python:/home/dyj/dev_ws/install/learning_parameter:/home/dyj/dev_ws/install/learning_node:/home/dyj/dev_ws/install/learning_launch:/home/dyj/dev_ws/install/learning_action:/home/dyj/dev_ws/install/learning_gazebo:/opt/ros/humble /usr/bin/cmake --install /home/dyj/learning_ws/build/navigate_interfaces
[0.907s] -- Install configuration: ""
[0.908s] -- Up-to-date: /home/dyj/learning_ws/install/navigate_interfaces/share/ament_index/resource_index/rosidl_interfaces/navigate_interfaces
[0.908s] -- Up-to-date: /home/dyj/learning_ws/install/navigate_interfaces/include/navigate_interfaces/navigate_interfaces
[0.909s] -- Up-to-date: /home/dyj/learning_ws/install/navigate_interfaces/include/navigate_interfaces/navigate_interfaces/srv
[0.910s] -- Up-to-date: /home/dyj/learning_ws/install/navigate_interfaces/include/navigate_interfaces/navigate_interfaces/srv/give_position.h
[0.910s] -- Up-to-date: /home/dyj/learning_ws/install/navigate_interfaces/include/navigate_interfaces/navigate_interfaces/srv/detail
[0.911s] -- Up-to-date: /home/dyj/learning_ws/install/navigate_interfaces/include/navigate_interfaces/navigate_interfaces/srv/detail/give_position__functions.c
[0.912s] -- Up-to-date: /home/dyj/learning_ws/install/navigate_interfaces/include/navigate_interfaces/navigate_interfaces/srv/detail/give_position__functions.h
[0.912s] -- Up-to-date: /home/dyj/learning_ws/install/navigate_interfaces/include/navigate_interfaces/navigate_interfaces/srv/detail/give_position__struct.h
[0.913s] -- Up-to-date: /home/dyj/learning_ws/install/navigate_interfaces/include/navigate_interfaces/navigate_interfaces/srv/detail/give_position__type_support.h
[0.913s] -- Up-to-date: /home/dyj/learning_ws/install/navigate_interfaces/include/navigate_interfaces/navigate_interfaces/action
[0.914s] -- Up-to-date: /home/dyj/learning_ws/install/navigate_interfaces/include/navigate_interfaces/navigate_interfaces/action/car_navigate.h
[0.914s] -- Up-to-date: /home/dyj/learning_ws/install/navigate_interfaces/include/navigate_interfaces/navigate_interfaces/action/detail
[0.915s] -- Up-to-date: /home/dyj/learning_ws/install/navigate_interfaces/include/navigate_interfaces/navigate_interfaces/action/detail/car_navigate__functions.h
[0.916s] -- Up-to-date: /home/dyj/learning_ws/install/navigate_interfaces/include/navigate_interfaces/navigate_interfaces/action/detail/car_navigate__functions.c
[0.916s] -- Up-to-date: /home/dyj/learning_ws/install/navigate_interfaces/include/navigate_interfaces/navigate_interfaces/action/detail/car_navigate__struct.h
[0.917s] -- Up-to-date: /home/dyj/learning_ws/install/navigate_interfaces/include/navigate_interfaces/navigate_interfaces/action/detail/car_navigate__type_support.h
[0.917s] -- Up-to-date: /home/dyj/learning_ws/install/navigate_interfaces/include/navigate_interfaces/navigate_interfaces/msg
[0.918s] -- Up-to-date: /home/dyj/learning_ws/install/navigate_interfaces/include/navigate_interfaces/navigate_interfaces/msg/rosidl_generator_c__visibility_control.h
[0.918s] -- Up-to-date: /home/dyj/learning_ws/install/navigate_interfaces/share/navigate_interfaces/environment/library_path.sh
[0.918s] -- Up-to-date: /home/dyj/learning_ws/install/navigate_interfaces/share/navigate_interfaces/environment/library_path.dsv
[0.920s] -- Up-to-date: /home/dyj/learning_ws/install/navigate_interfaces/lib/libnavigate_interfaces__rosidl_generator_c.so
[0.920s] -- Up-to-date: /home/dyj/learning_ws/install/navigate_interfaces/include/navigate_interfaces/navigate_interfaces
[0.921s] -- Up-to-date: /home/dyj/learning_ws/install/navigate_interfaces/include/navigate_interfaces/navigate_interfaces/srv
[0.921s] -- Up-to-date: /home/dyj/learning_ws/install/navigate_interfaces/include/navigate_interfaces/navigate_interfaces/srv/detail
[0.922s] -- Up-to-date: /home/dyj/learning_ws/install/navigate_interfaces/include/navigate_interfaces/navigate_interfaces/srv/detail/give_position__rosidl_typesupport_fastrtps_c.h
[0.922s] -- Up-to-date: /home/dyj/learning_ws/install/navigate_interfaces/include/navigate_interfaces/navigate_interfaces/action
[0.923s] -- Up-to-date: /home/dyj/learning_ws/install/navigate_interfaces/include/navigate_interfaces/navigate_interfaces/action/detail
[0.923s] -- Up-to-date: /home/dyj/learning_ws/install/navigate_interfaces/include/navigate_interfaces/navigate_interfaces/action/detail/car_navigate__rosidl_typesupport_fastrtps_c.h
[0.923s] -- Up-to-date: /home/dyj/learning_ws/install/navigate_interfaces/include/navigate_interfaces/navigate_interfaces/msg
[0.924s] -- Up-to-date: /home/dyj/learning_ws/install/navigate_interfaces/include/navigate_interfaces/navigate_interfaces/msg/rosidl_typesupport_fastrtps_c__visibility_control.h
[0.925s] -- Up-to-date: /home/dyj/learning_ws/install/navigate_interfaces/lib/libnavigate_interfaces__rosidl_typesupport_fastrtps_c.so
[0.925s] -- Up-to-date: /home/dyj/learning_ws/install/navigate_interfaces/include/navigate_interfaces/navigate_interfaces
[0.926s] -- Up-to-date: /home/dyj/learning_ws/install/navigate_interfaces/include/navigate_interfaces/navigate_interfaces/srv
[0.927s] -- Up-to-date: /home/dyj/learning_ws/install/navigate_interfaces/include/navigate_interfaces/navigate_interfaces/srv/detail
[0.927s] -- Up-to-date: /home/dyj/learning_ws/install/navigate_interfaces/include/navigate_interfaces/navigate_interfaces/srv/detail/give_position__type_support.c
[0.927s] -- Up-to-date: /home/dyj/learning_ws/install/navigate_interfaces/include/navigate_interfaces/navigate_interfaces/srv/detail/give_position__rosidl_typesupport_introspection_c.h
[0.927s] -- Up-to-date: /home/dyj/learning_ws/install/navigate_interfaces/include/navigate_interfaces/navigate_interfaces/action
[0.929s] -- Up-to-date: /home/dyj/learning_ws/install/navigate_interfaces/include/navigate_interfaces/navigate_interfaces/action/detail
[0.929s] -- Up-to-date: /home/dyj/learning_ws/install/navigate_interfaces/include/navigate_interfaces/navigate_interfaces/action/detail/car_navigate__rosidl_typesupport_introspection_c.h
[0.929s] -- Up-to-date: /home/dyj/learning_ws/install/navigate_interfaces/include/navigate_interfaces/navigate_interfaces/action/detail/car_navigate__type_support.c
[0.929s] -- Up-to-date: /home/dyj/learning_ws/install/navigate_interfaces/include/navigate_interfaces/navigate_interfaces/msg
[0.930s] -- Up-to-date: /home/dyj/learning_ws/install/navigate_interfaces/include/navigate_interfaces/navigate_interfaces/msg/rosidl_typesupport_introspection_c__visibility_control.h
[0.930s] -- Up-to-date: /home/dyj/learning_ws/install/navigate_interfaces/lib/libnavigate_interfaces__rosidl_typesupport_introspection_c.so
[0.933s] -- Up-to-date: /home/dyj/learning_ws/install/navigate_interfaces/lib/libnavigate_interfaces__rosidl_typesupport_c.so
[0.933s] -- Up-to-date: /home/dyj/learning_ws/install/navigate_interfaces/include/navigate_interfaces/navigate_interfaces
[0.933s] -- Up-to-date: /home/dyj/learning_ws/install/navigate_interfaces/include/navigate_interfaces/navigate_interfaces/srv
[0.933s] -- Up-to-date: /home/dyj/learning_ws/install/navigate_interfaces/include/navigate_interfaces/navigate_interfaces/srv/give_position.hpp
[0.933s] -- Up-to-date: /home/dyj/learning_ws/install/navigate_interfaces/include/navigate_interfaces/navigate_interfaces/srv/detail
[0.933s] -- Up-to-date: /home/dyj/learning_ws/install/navigate_interfaces/include/navigate_interfaces/navigate_interfaces/srv/detail/give_position__traits.hpp
[0.933s] -- Up-to-date: /home/dyj/learning_ws/install/navigate_interfaces/include/navigate_interfaces/navigate_interfaces/srv/detail/give_position__builder.hpp
[0.933s] -- Up-to-date: /home/dyj/learning_ws/install/navigate_interfaces/include/navigate_interfaces/navigate_interfaces/srv/detail/give_position__struct.hpp
[0.933s] -- Up-to-date: /home/dyj/learning_ws/install/navigate_interfaces/include/navigate_interfaces/navigate_interfaces/action
[0.933s] -- Up-to-date: /home/dyj/learning_ws/install/navigate_interfaces/include/navigate_interfaces/navigate_interfaces/action/detail
[0.933s] -- Up-to-date: /home/dyj/learning_ws/install/navigate_interfaces/include/navigate_interfaces/navigate_interfaces/action/detail/car_navigate__traits.hpp
[0.933s] -- Up-to-date: /home/dyj/learning_ws/install/navigate_interfaces/include/navigate_interfaces/navigate_interfaces/action/detail/car_navigate__builder.hpp
[0.933s] -- Up-to-date: /home/dyj/learning_ws/install/navigate_interfaces/include/navigate_interfaces/navigate_interfaces/action/detail/car_navigate__struct.hpp
[0.938s] -- Up-to-date: /home/dyj/learning_ws/install/navigate_interfaces/include/navigate_interfaces/navigate_interfaces/action/car_navigate.hpp
[0.938s] -- Up-to-date: /home/dyj/learning_ws/install/navigate_interfaces/include/navigate_interfaces/navigate_interfaces
[0.938s] -- Up-to-date: /home/dyj/learning_ws/install/navigate_interfaces/include/navigate_interfaces/navigate_interfaces/srv
[0.938s] -- Up-to-date: /home/dyj/learning_ws/install/navigate_interfaces/include/navigate_interfaces/navigate_interfaces/srv/detail
[0.940s] -- Up-to-date: /home/dyj/learning_ws/install/navigate_interfaces/include/navigate_interfaces/navigate_interfaces/srv/detail/dds_fastrtps
[0.940s] -- Up-to-date: /home/dyj/learning_ws/install/navigate_interfaces/include/navigate_interfaces/navigate_interfaces/srv/detail/give_position__rosidl_typesupport_fastrtps_cpp.hpp
[0.941s] -- Up-to-date: /home/dyj/learning_ws/install/navigate_interfaces/include/navigate_interfaces/navigate_interfaces/action
[0.941s] -- Up-to-date: /home/dyj/learning_ws/install/navigate_interfaces/include/navigate_interfaces/navigate_interfaces/action/detail
[0.941s] -- Up-to-date: /home/dyj/learning_ws/install/navigate_interfaces/include/navigate_interfaces/navigate_interfaces/action/detail/car_navigate__rosidl_typesupport_fastrtps_cpp.hpp
[0.944s] -- Up-to-date: /home/dyj/learning_ws/install/navigate_interfaces/include/navigate_interfaces/navigate_interfaces/action/detail/dds_fastrtps
[0.944s] -- Up-to-date: /home/dyj/learning_ws/install/navigate_interfaces/include/navigate_interfaces/navigate_interfaces/msg
[0.944s] -- Up-to-date: /home/dyj/learning_ws/install/navigate_interfaces/include/navigate_interfaces/navigate_interfaces/msg/rosidl_typesupport_fastrtps_cpp__visibility_control.h
[0.945s] -- Up-to-date: /home/dyj/learning_ws/install/navigate_interfaces/lib/libnavigate_interfaces__rosidl_typesupport_fastrtps_cpp.so
[0.945s] -- Up-to-date: /home/dyj/learning_ws/install/navigate_interfaces/include/navigate_interfaces/navigate_interfaces
[0.945s] -- Up-to-date: /home/dyj/learning_ws/install/navigate_interfaces/include/navigate_interfaces/navigate_interfaces/srv
[0.946s] -- Up-to-date: /home/dyj/learning_ws/install/navigate_interfaces/include/navigate_interfaces/navigate_interfaces/srv/detail
[0.946s] -- Up-to-date: /home/dyj/learning_ws/install/navigate_interfaces/include/navigate_interfaces/navigate_interfaces/srv/detail/give_position__type_support.cpp
[0.946s] -- Up-to-date: /home/dyj/learning_ws/install/navigate_interfaces/include/navigate_interfaces/navigate_interfaces/srv/detail/give_position__rosidl_typesupport_introspection_cpp.hpp
[0.946s] -- Up-to-date: /home/dyj/learning_ws/install/navigate_interfaces/include/navigate_interfaces/navigate_interfaces/action
[0.946s] -- Up-to-date: /home/dyj/learning_ws/install/navigate_interfaces/include/navigate_interfaces/navigate_interfaces/action/detail
[0.947s] -- Up-to-date: /home/dyj/learning_ws/install/navigate_interfaces/include/navigate_interfaces/navigate_interfaces/action/detail/car_navigate__type_support.cpp
[0.947s] -- Up-to-date: /home/dyj/learning_ws/install/navigate_interfaces/include/navigate_interfaces/navigate_interfaces/action/detail/car_navigate__rosidl_typesupport_introspection_cpp.hpp
[0.952s] -- Up-to-date: /home/dyj/learning_ws/install/navigate_interfaces/lib/libnavigate_interfaces__rosidl_typesupport_introspection_cpp.so
[0.959s] -- Up-to-date: /home/dyj/learning_ws/install/navigate_interfaces/lib/libnavigate_interfaces__rosidl_typesupport_cpp.so
[0.960s] -- Up-to-date: /home/dyj/learning_ws/install/navigate_interfaces/share/navigate_interfaces/environment/pythonpath.sh
[0.960s] -- Up-to-date: /home/dyj/learning_ws/install/navigate_interfaces/share/navigate_interfaces/environment/pythonpath.dsv
[0.961s] -- Up-to-date: /home/dyj/learning_ws/install/navigate_interfaces/local/lib/python3.10/dist-packages/navigate_interfaces-0.0.0-py3.10.egg-info
[0.962s] -- Installing: /home/dyj/learning_ws/install/navigate_interfaces/local/lib/python3.10/dist-packages/navigate_interfaces-0.0.0-py3.10.egg-info/dependency_links.txt
[0.963s] -- Installing: /home/dyj/learning_ws/install/navigate_interfaces/local/lib/python3.10/dist-packages/navigate_interfaces-0.0.0-py3.10.egg-info/PKG-INFO
[0.963s] -- Installing: /home/dyj/learning_ws/install/navigate_interfaces/local/lib/python3.10/dist-packages/navigate_interfaces-0.0.0-py3.10.egg-info/SOURCES.txt
[0.965s] -- Installing: /home/dyj/learning_ws/install/navigate_interfaces/local/lib/python3.10/dist-packages/navigate_interfaces-0.0.0-py3.10.egg-info/top_level.txt
[0.966s] -- Up-to-date: /home/dyj/learning_ws/install/navigate_interfaces/local/lib/python3.10/dist-packages/navigate_interfaces
[0.967s] -- Up-to-date: /home/dyj/learning_ws/install/navigate_interfaces/local/lib/python3.10/dist-packages/navigate_interfaces/srv
[0.967s] -- Up-to-date: /home/dyj/learning_ws/install/navigate_interfaces/local/lib/python3.10/dist-packages/navigate_interfaces/srv/_give_position_s.c
[0.967s] -- Up-to-date: /home/dyj/learning_ws/install/navigate_interfaces/local/lib/python3.10/dist-packages/navigate_interfaces/srv/_give_position.py
[0.967s] -- Up-to-date: /home/dyj/learning_ws/install/navigate_interfaces/local/lib/python3.10/dist-packages/navigate_interfaces/srv/__init__.py
[0.967s] -- Up-to-date: /home/dyj/learning_ws/install/navigate_interfaces/local/lib/python3.10/dist-packages/navigate_interfaces/_navigate_interfaces_s.ep.rosidl_typesupport_c.c
[0.967s] -- Up-to-date: /home/dyj/learning_ws/install/navigate_interfaces/local/lib/python3.10/dist-packages/navigate_interfaces/navigate_interfaces_s__rosidl_typesupport_introspection_c.cpython-310-x86_64-linux-gnu.so
[0.968s] -- Up-to-date: /home/dyj/learning_ws/install/navigate_interfaces/local/lib/python3.10/dist-packages/navigate_interfaces/libnavigate_interfaces__rosidl_generator_py.so
[0.970s] -- Up-to-date: /home/dyj/learning_ws/install/navigate_interfaces/local/lib/python3.10/dist-packages/navigate_interfaces/_navigate_interfaces_s.ep.rosidl_typesupport_introspection_c.c
[0.970s] -- Up-to-date: /home/dyj/learning_ws/install/navigate_interfaces/local/lib/python3.10/dist-packages/navigate_interfaces/navigate_interfaces_s__rosidl_typesupport_fastrtps_c.cpython-310-x86_64-linux-gnu.so
[0.971s] -- Up-to-date: /home/dyj/learning_ws/install/navigate_interfaces/local/lib/python3.10/dist-packages/navigate_interfaces/action
[0.971s] -- Up-to-date: /home/dyj/learning_ws/install/navigate_interfaces/local/lib/python3.10/dist-packages/navigate_interfaces/action/_car_navigate_s.c
[0.971s] -- Up-to-date: /home/dyj/learning_ws/install/navigate_interfaces/local/lib/python3.10/dist-packages/navigate_interfaces/action/_car_navigate.py
[0.971s] -- Up-to-date: /home/dyj/learning_ws/install/navigate_interfaces/local/lib/python3.10/dist-packages/navigate_interfaces/action/__init__.py
[0.971s] -- Up-to-date: /home/dyj/learning_ws/install/navigate_interfaces/local/lib/python3.10/dist-packages/navigate_interfaces/_navigate_interfaces_s.ep.rosidl_typesupport_fastrtps_c.c
[0.971s] -- Up-to-date: /home/dyj/learning_ws/install/navigate_interfaces/local/lib/python3.10/dist-packages/navigate_interfaces/__init__.py
[0.975s] -- Up-to-date: /home/dyj/learning_ws/install/navigate_interfaces/local/lib/python3.10/dist-packages/navigate_interfaces/navigate_interfaces_s__rosidl_typesupport_c.cpython-310-x86_64-linux-gnu.so
[1.017s] Listing '/home/dyj/learning_ws/install/navigate_interfaces/local/lib/python3.10/dist-packages/navigate_interfaces'...
[1.018s] Listing '/home/dyj/learning_ws/install/navigate_interfaces/local/lib/python3.10/dist-packages/navigate_interfaces/action'...
[1.018s] Listing '/home/dyj/learning_ws/install/navigate_interfaces/local/lib/python3.10/dist-packages/navigate_interfaces/srv'...
[1.024s] -- Up-to-date: /home/dyj/learning_ws/install/navigate_interfaces/local/lib/python3.10/dist-packages/navigate_interfaces/navigate_interfaces_s__rosidl_typesupport_fastrtps_c.cpython-310-x86_64-linux-gnu.so
[1.026s] -- Up-to-date: /home/dyj/learning_ws/install/navigate_interfaces/local/lib/python3.10/dist-packages/navigate_interfaces/navigate_interfaces_s__rosidl_typesupport_introspection_c.cpython-310-x86_64-linux-gnu.so
[1.027s] -- Up-to-date: /home/dyj/learning_ws/install/navigate_interfaces/local/lib/python3.10/dist-packages/navigate_interfaces/navigate_interfaces_s__rosidl_typesupport_c.cpython-310-x86_64-linux-gnu.so
[1.028s] -- Up-to-date: /home/dyj/learning_ws/install/navigate_interfaces/lib/libnavigate_interfaces__rosidl_generator_py.so
[1.029s] -- Up-to-date: /home/dyj/learning_ws/install/navigate_interfaces/share/navigate_interfaces/action/CarNavigate.idl
[1.030s] -- Up-to-date: /home/dyj/learning_ws/install/navigate_interfaces/share/navigate_interfaces/srv/GivePosition.idl
[1.031s] -- Up-to-date: /home/dyj/learning_ws/install/navigate_interfaces/share/navigate_interfaces/action/CarNavigate.action
[1.031s] -- Up-to-date: /home/dyj/learning_ws/install/navigate_interfaces/share/navigate_interfaces/srv/GivePosition.srv
[1.032s] -- Up-to-date: /home/dyj/learning_ws/install/navigate_interfaces/share/navigate_interfaces/srv/GivePosition_Request.msg
[1.032s] -- Up-to-date: /home/dyj/learning_ws/install/navigate_interfaces/share/navigate_interfaces/srv/GivePosition_Response.msg
[1.034s] -- Up-to-date: /home/dyj/learning_ws/install/navigate_interfaces/share/ament_index/resource_index/package_run_dependencies/navigate_interfaces
[1.034s] -- Up-to-date: /home/dyj/learning_ws/install/navigate_interfaces/share/ament_index/resource_index/parent_prefix_path/navigate_interfaces
[1.035s] -- Up-to-date: /home/dyj/learning_ws/install/navigate_interfaces/share/navigate_interfaces/environment/ament_prefix_path.sh
[1.035s] -- Up-to-date: /home/dyj/learning_ws/install/navigate_interfaces/share/navigate_interfaces/environment/ament_prefix_path.dsv
[1.035s] -- Up-to-date: /home/dyj/learning_ws/install/navigate_interfaces/share/navigate_interfaces/environment/path.sh
[1.035s] -- Up-to-date: /home/dyj/learning_ws/install/navigate_interfaces/share/navigate_interfaces/environment/path.dsv
[1.035s] -- Up-to-date: /home/dyj/learning_ws/install/navigate_interfaces/share/navigate_interfaces/local_setup.bash
[1.035s] -- Up-to-date: /home/dyj/learning_ws/install/navigate_interfaces/share/navigate_interfaces/local_setup.sh
[1.035s] -- Up-to-date: /home/dyj/learning_ws/install/navigate_interfaces/share/navigate_interfaces/local_setup.zsh
[1.035s] -- Up-to-date: /home/dyj/learning_ws/install/navigate_interfaces/share/navigate_interfaces/local_setup.dsv
[1.035s] -- Installing: /home/dyj/learning_ws/install/navigate_interfaces/share/navigate_interfaces/package.dsv
[1.039s] -- Up-to-date: /home/dyj/learning_ws/install/navigate_interfaces/share/ament_index/resource_index/packages/navigate_interfaces
[1.045s] -- Up-to-date: /home/dyj/learning_ws/install/navigate_interfaces/share/navigate_interfaces/cmake/export_navigate_interfaces__rosidl_generator_cExport.cmake
[1.045s] -- Up-to-date: /home/dyj/learning_ws/install/navigate_interfaces/share/navigate_interfaces/cmake/export_navigate_interfaces__rosidl_generator_cExport-noconfig.cmake
[1.049s] -- Up-to-date: /home/dyj/learning_ws/install/navigate_interfaces/share/navigate_interfaces/cmake/export_navigate_interfaces__rosidl_typesupport_fastrtps_cExport.cmake
[1.049s] -- Up-to-date: /home/dyj/learning_ws/install/navigate_interfaces/share/navigate_interfaces/cmake/export_navigate_interfaces__rosidl_typesupport_fastrtps_cExport-noconfig.cmake
[1.057s] -- Up-to-date: /home/dyj/learning_ws/install/navigate_interfaces/share/navigate_interfaces/cmake/navigate_interfaces__rosidl_typesupport_introspection_cExport.cmake
[1.060s] -- Up-to-date: /home/dyj/learning_ws/install/navigate_interfaces/share/navigate_interfaces/cmake/navigate_interfaces__rosidl_typesupport_introspection_cExport-noconfig.cmake
[1.061s] -- Up-to-date: /home/dyj/learning_ws/install/navigate_interfaces/share/navigate_interfaces/cmake/navigate_interfaces__rosidl_typesupport_cExport.cmake
[1.061s] -- Up-to-date: /home/dyj/learning_ws/install/navigate_interfaces/share/navigate_interfaces/cmake/navigate_interfaces__rosidl_typesupport_cExport-noconfig.cmake
[1.062s] -- Up-to-date: /home/dyj/learning_ws/install/navigate_interfaces/share/navigate_interfaces/cmake/export_navigate_interfaces__rosidl_generator_cppExport.cmake
[1.067s] -- Up-to-date: /home/dyj/learning_ws/install/navigate_interfaces/share/navigate_interfaces/cmake/export_navigate_interfaces__rosidl_typesupport_fastrtps_cppExport.cmake
[1.067s] -- Up-to-date: /home/dyj/learning_ws/install/navigate_interfaces/share/navigate_interfaces/cmake/export_navigate_interfaces__rosidl_typesupport_fastrtps_cppExport-noconfig.cmake
[1.069s] -- Up-to-date: /home/dyj/learning_ws/install/navigate_interfaces/share/navigate_interfaces/cmake/navigate_interfaces__rosidl_typesupport_introspection_cppExport.cmake
[1.070s] -- Up-to-date: /home/dyj/learning_ws/install/navigate_interfaces/share/navigate_interfaces/cmake/navigate_interfaces__rosidl_typesupport_introspection_cppExport-noconfig.cmake
[1.071s] -- Up-to-date: /home/dyj/learning_ws/install/navigate_interfaces/share/navigate_interfaces/cmake/navigate_interfaces__rosidl_typesupport_cppExport.cmake
[1.071s] -- Up-to-date: /home/dyj/learning_ws/install/navigate_interfaces/share/navigate_interfaces/cmake/navigate_interfaces__rosidl_typesupport_cppExport-noconfig.cmake
[1.088s] -- Up-to-date: /home/dyj/learning_ws/install/navigate_interfaces/share/navigate_interfaces/cmake/export_navigate_interfaces__rosidl_generator_pyExport.cmake
[1.088s] -- Up-to-date: /home/dyj/learning_ws/install/navigate_interfaces/share/navigate_interfaces/cmake/export_navigate_interfaces__rosidl_generator_pyExport-noconfig.cmake
[1.088s] -- Up-to-date: /home/dyj/learning_ws/install/navigate_interfaces/share/navigate_interfaces/cmake/rosidl_cmake-extras.cmake
[1.092s] -- Up-to-date: /home/dyj/learning_ws/install/navigate_interfaces/share/navigate_interfaces/cmake/ament_cmake_export_dependencies-extras.cmake
[1.093s] -- Up-to-date: /home/dyj/learning_ws/install/navigate_interfaces/share/navigate_interfaces/cmake/ament_cmake_export_include_directories-extras.cmake
[1.093s] -- Up-to-date: /home/dyj/learning_ws/install/navigate_interfaces/share/navigate_interfaces/cmake/ament_cmake_export_libraries-extras.cmake
[1.093s] -- Up-to-date: /home/dyj/learning_ws/install/navigate_interfaces/share/navigate_interfaces/cmake/ament_cmake_export_targets-extras.cmake
[1.093s] -- Up-to-date: /home/dyj/learning_ws/install/navigate_interfaces/share/navigate_interfaces/cmake/rosidl_cmake_export_typesupport_targets-extras.cmake
[1.093s] -- Up-to-date: /home/dyj/learning_ws/install/navigate_interfaces/share/navigate_interfaces/cmake/rosidl_cmake_export_typesupport_libraries-extras.cmake
[1.093s] -- Up-to-date: /home/dyj/learning_ws/install/navigate_interfaces/share/navigate_interfaces/cmake/navigate_interfacesConfig.cmake
[1.093s] -- Up-to-date: /home/dyj/learning_ws/install/navigate_interfaces/share/navigate_interfaces/cmake/navigate_interfacesConfig-version.cmake
[1.094s] -- Up-to-date: /home/dyj/learning_ws/install/navigate_interfaces/share/navigate_interfaces/package.xml
[1.094s] Invoked command in '/home/dyj/learning_ws/build/navigate_interfaces' returned '0': CMAKE_PREFIX_PATH=${CMAKE_PREFIX_PATH}:/home/dyj/learning_ws/install/wiki_example:/home/dyj/learning_ws/install/car_navigate:/home/dyj/learning_ws/install/learning_pkg_python:/home/dyj/learning_ws/install/car_controller:/home/dyj/dev_ws/install/learning_urdf:/home/dyj/dev_ws/install/learning_topic:/home/dyj/dev_ws/install/learning_tf:/home/dyj/dev_ws/install/learning_service:/home/dyj/dev_ws/install/learning_qos:/home/dyj/dev_ws/install/learning_pkg_python:/home/dyj/dev_ws/install/learning_parameter:/home/dyj/dev_ws/install/learning_node:/home/dyj/dev_ws/install/learning_launch:/home/dyj/dev_ws/install/learning_action:/home/dyj/dev_ws/install/learning_gazebo:/opt/ros/humble /usr/bin/cmake --install /home/dyj/learning_ws/build/navigate_interfaces
