[1.185s] Invoking command in '/home/dyj/learning_ws/src/car_controller': PYTHONPATH=/home/dyj/learning_ws/build/car_controller/prefix_override:/home/dyj/learning_ws/install/car_controller/lib/python3.10/site-packages:${PYTHONPATH} /usr/bin/python3 setup.py egg_info --egg-base ../../build/car_controller build --build-base /home/dyj/learning_ws/build/car_controller/build install --record /home/dyj/learning_ws/build/car_controller/install.log --single-version-externally-managed
[1.401s] running egg_info
[1.402s] writing ../../build/car_controller/car_controller.egg-info/PKG-INFO
[1.402s] writing dependency_links to ../../build/car_controller/car_controller.egg-info/dependency_links.txt
[1.402s] writing entry points to ../../build/car_controller/car_controller.egg-info/entry_points.txt
[1.402s] writing requirements to ../../build/car_controller/car_controller.egg-info/requires.txt
[1.403s] writing top-level names to ../../build/car_controller/car_controller.egg-info/top_level.txt
[1.403s] reading manifest file '../../build/car_controller/car_controller.egg-info/SOURCES.txt'
[1.406s] writing manifest file '../../build/car_controller/car_controller.egg-info/SOURCES.txt'
[1.406s] running build
[1.406s] running build_py
[1.408s] copying car_controller/car_navigate_one_position.py -> /home/dyj/learning_ws/build/car_controller/build/lib/car_controller
[1.408s] running install
[1.409s] /usr/lib/python3/dist-packages/setuptools/command/install.py:34: SetuptoolsDeprecationWarning: setup.py install is deprecated. Use build and pip and other standards-based tools.
[1.409s]   warnings.warn(
[1.409s] running install_lib
[1.411s] copying /home/dyj/learning_ws/build/car_controller/build/lib/car_controller/car_navigate_one_position.py -> /home/dyj/learning_ws/install/car_controller/lib/python3.10/site-packages/car_controller
[1.412s] byte-compiling /home/dyj/learning_ws/install/car_controller/lib/python3.10/site-packages/car_controller/car_navigate_one_position.py to car_navigate_one_position.cpython-310.pyc
[1.413s] running install_data
[1.414s] running install_egg_info
[1.419s] removing '/home/dyj/learning_ws/install/car_controller/lib/python3.10/site-packages/car_controller-0.0.0-py3.10.egg-info' (and everything under it)
[1.426s] Copying ../../build/car_controller/car_controller.egg-info to /home/dyj/learning_ws/install/car_controller/lib/python3.10/site-packages/car_controller-0.0.0-py3.10.egg-info
[1.427s] running install_scripts
[1.450s] Installing car_move_circle script to /home/dyj/learning_ws/install/car_controller/lib/car_controller
[1.451s] Installing car_move_square_try_1 script to /home/dyj/learning_ws/install/car_controller/lib/car_controller
[1.451s] Installing car_move_straight script to /home/dyj/learning_ws/install/car_controller/lib/car_controller
[1.451s] Installing car_navigate_one_position script to /home/dyj/learning_ws/install/car_controller/lib/car_controller
[1.451s] Installing car_navigate_tf_broadcaster script to /home/dyj/learning_ws/install/car_controller/lib/car_controller
[1.452s] Installing target_position_tf_broadcaster script to /home/dyj/learning_ws/install/car_controller/lib/car_controller
[1.452s] writing list of installed files to '/home/dyj/learning_ws/build/car_controller/install.log'
[1.485s] Invoked command in '/home/dyj/learning_ws/src/car_controller' returned '0': PYTHONPATH=/home/dyj/learning_ws/build/car_controller/prefix_override:/home/dyj/learning_ws/install/car_controller/lib/python3.10/site-packages:${PYTHONPATH} /usr/bin/python3 setup.py egg_info --egg-base ../../build/car_controller build --build-base /home/dyj/learning_ws/build/car_controller/build install --record /home/dyj/learning_ws/build/car_controller/install.log --single-version-externally-managed
