[0.786s] Invoking command in '/home/dyj/learning_ws/src/car_navigate': PYTHONPATH=/home/dyj/learning_ws/build/car_navigate/prefix_override:/home/dyj/learning_ws/install/car_navigate/lib/python3.10/site-packages:${PYTHONPATH} /usr/bin/python3 setup.py egg_info --egg-base ../../build/car_navigate build --build-base /home/dyj/learning_ws/build/car_navigate/build install --record /home/dyj/learning_ws/build/car_navigate/install.log --single-version-externally-managed
[1.005s] running egg_info
[1.006s] writing ../../build/car_navigate/car_navigate.egg-info/PKG-INFO
[1.006s] writing dependency_links to ../../build/car_navigate/car_navigate.egg-info/dependency_links.txt
[1.006s] writing entry points to ../../build/car_navigate/car_navigate.egg-info/entry_points.txt
[1.007s] writing requirements to ../../build/car_navigate/car_navigate.egg-info/requires.txt
[1.007s] writing top-level names to ../../build/car_navigate/car_navigate.egg-info/top_level.txt
[1.008s] reading manifest file '../../build/car_navigate/car_navigate.egg-info/SOURCES.txt'
[1.009s] writing manifest file '../../build/car_navigate/car_navigate.egg-info/SOURCES.txt'
[1.010s] running build
[1.010s] running build_py
[1.010s] copying car_navigate/car_navigate_server.py -> /home/dyj/learning_ws/build/car_navigate/build/lib/car_navigate
[1.010s] running install
[1.011s] /usr/lib/python3/dist-packages/setuptools/command/install.py:34: SetuptoolsDeprecationWarning: setup.py install is deprecated. Use build and pip and other standards-based tools.
[1.011s]   warnings.warn(
[1.011s] running install_lib
[1.012s] copying /home/dyj/learning_ws/build/car_navigate/build/lib/car_navigate/car_navigate_server.py -> /home/dyj/learning_ws/install/car_navigate/lib/python3.10/site-packages/car_navigate
[1.013s] byte-compiling /home/dyj/learning_ws/install/car_navigate/lib/python3.10/site-packages/car_navigate/car_navigate_server.py to car_navigate_server.cpython-310.pyc
[1.014s] running install_data
[1.014s] running install_egg_info
[1.017s] removing '/home/dyj/learning_ws/install/car_navigate/lib/python3.10/site-packages/car_navigate-0.0.0-py3.10.egg-info' (and everything under it)
[1.018s] Copying ../../build/car_navigate/car_navigate.egg-info to /home/dyj/learning_ws/install/car_navigate/lib/python3.10/site-packages/car_navigate-0.0.0-py3.10.egg-info
[1.018s] running install_scripts
[1.037s] Installing car_navigate_client script to /home/dyj/learning_ws/install/car_navigate/lib/car_navigate
[1.038s] Installing car_navigate_one_position script to /home/dyj/learning_ws/install/car_navigate/lib/car_navigate
[1.038s] Installing car_navigate_server script to /home/dyj/learning_ws/install/car_navigate/lib/car_navigate
[1.038s] Installing car_navigate_tf_broadcaster script to /home/dyj/learning_ws/install/car_navigate/lib/car_navigate
[1.038s] Installing give_position_client script to /home/dyj/learning_ws/install/car_navigate/lib/car_navigate
[1.039s] Installing target_position_tf_broadcaster_server script to /home/dyj/learning_ws/install/car_navigate/lib/car_navigate
[1.039s] writing list of installed files to '/home/dyj/learning_ws/build/car_navigate/install.log'
[1.075s] Invoked command in '/home/dyj/learning_ws/src/car_navigate' returned '0': PYTHONPATH=/home/dyj/learning_ws/build/car_navigate/prefix_override:/home/dyj/learning_ws/install/car_navigate/lib/python3.10/site-packages:${PYTHONPATH} /usr/bin/python3 setup.py egg_info --egg-base ../../build/car_navigate build --build-base /home/dyj/learning_ws/build/car_navigate/build install --record /home/dyj/learning_ws/build/car_navigate/install.log --single-version-externally-managed
