[0.726s] Invoking command in '/home/dyj/learning_ws/src/wiki_example': PYTHONPATH=/home/dyj/learning_ws/build/wiki_example/prefix_override:/home/dyj/learning_ws/install/wiki_example/lib/python3.10/site-packages:${PYTHONPATH} /usr/bin/python3 setup.py egg_info --egg-base ../../build/wiki_example build --build-base /home/dyj/learning_ws/build/wiki_example/build install --record /home/dyj/learning_ws/build/wiki_example/install.log --single-version-externally-managed
[1.013s] running egg_info
[1.015s] writing ../../build/wiki_example/wiki_example.egg-info/PKG-INFO
[1.016s] writing dependency_links to ../../build/wiki_example/wiki_example.egg-info/dependency_links.txt
[1.017s] writing entry points to ../../build/wiki_example/wiki_example.egg-info/entry_points.txt
[1.017s] writing requirements to ../../build/wiki_example/wiki_example.egg-info/requires.txt
[1.018s] writing top-level names to ../../build/wiki_example/wiki_example.egg-info/top_level.txt
[1.020s] package init file 'wiki_example/__init__.py' not found (or not a regular file)
[1.022s] reading manifest file '../../build/wiki_example/wiki_example.egg-info/SOURCES.txt'
[1.024s] writing manifest file '../../build/wiki_example/wiki_example.egg-info/SOURCES.txt'
[1.024s] running build
[1.024s] running build_py
[1.025s] running install
[1.025s] /usr/lib/python3/dist-packages/setuptools/command/install.py:34: SetuptoolsDeprecationWarning: setup.py install is deprecated. Use build and pip and other standards-based tools.
[1.025s]   warnings.warn(
[1.026s] running install_lib
[1.027s] warning: install_lib: '/home/dyj/learning_ws/build/wiki_example/build/lib' does not exist -- no Python modules to install
[1.027s] 
[1.027s] running install_data
[1.034s] running install_egg_info
[1.036s] removing '/home/dyj/learning_ws/install/wiki_example/lib/python3.10/site-packages/wiki_example-0.0.0-py3.10.egg-info' (and everything under it)
[1.044s] Copying ../../build/wiki_example/wiki_example.egg-info to /home/dyj/learning_ws/install/wiki_example/lib/python3.10/site-packages/wiki_example-0.0.0-py3.10.egg-info
[1.050s] running install_scripts
[1.074s] writing list of installed files to '/home/dyj/learning_ws/build/wiki_example/install.log'
[1.107s] Invoked command in '/home/dyj/learning_ws/src/wiki_example' returned '0': PYTHONPATH=/home/dyj/learning_ws/build/wiki_example/prefix_override:/home/dyj/learning_ws/install/wiki_example/lib/python3.10/site-packages:${PYTHONPATH} /usr/bin/python3 setup.py egg_info --egg-base ../../build/wiki_example build --build-base /home/dyj/learning_ws/build/wiki_example/build install --record /home/dyj/learning_ws/build/wiki_example/install.log --single-version-externally-managed
