[0.277s] DEBUG:colcon:Command line arguments: ['/usr/bin/colcon', 'build']
[0.278s] DEBUG:colcon:Parsed command line arguments: Namespace(log_base=None, log_level=None, verb_name='build', build_base='build', install_base='install', merge_install=False, symlink_install=False, test_result_base=None, continue_on_error=False, executor='parallel', parallel_workers=4, event_handlers=None, ignore_user_meta=False, metas=['./colcon.meta'], base_paths=['.'], packages_ignore=None, packages_ignore_regex=None, paths=None, packages_up_to=None, packages_up_to_regex=None, packages_above=None, packages_above_and_dependencies=None, packages_above_depth=None, packages_select_by_dep=None, packages_skip_by_dep=None, packages_skip_up_to=None, packages_select_build_failed=False, packages_skip_build_finished=False, packages_select_test_failures=False, packages_skip_test_passed=False, packages_select=None, packages_skip=None, packages_select_regex=None, packages_skip_regex=None, packages_start=None, packages_end=None, allow_overriding=[], cmake_args=None, cmake_target=None, cmake_target_skip_unavailable=False, cmake_clean_cache=False, cmake_clean_first=False, cmake_force_configure=False, ament_cmake_args=None, catkin_cmake_args=None, catkin_skip_building_tests=False, verb_parser=<colcon_defaults.argument_parser.defaults.DefaultArgumentsDecorator object at 0x7f24c3ee46a0>, verb_extension=<colcon_core.verb.build.BuildVerb object at 0x7f24c454b8e0>, main=<bound method BuildVerb.main of <colcon_core.verb.build.BuildVerb object at 0x7f24c454b8e0>>)
[0.305s] Level 1:colcon.colcon_core.package_discovery:discover_packages(colcon_meta) check parameters
[0.305s] Level 1:colcon.colcon_core.package_discovery:discover_packages(recursive) check parameters
[0.305s] Level 1:colcon.colcon_core.package_discovery:discover_packages(ignore) check parameters
[0.305s] Level 1:colcon.colcon_core.package_discovery:discover_packages(path) check parameters
[0.305s] Level 1:colcon.colcon_core.package_discovery:discover_packages(colcon_meta) discover
[0.305s] Level 1:colcon.colcon_core.package_discovery:discover_packages(recursive) discover
[0.305s] INFO:colcon.colcon_core.package_discovery:Crawling recursively for packages in '/home/dyj/learning_ws'
[0.305s] Level 1:colcon.colcon_core.package_identification:_identify(.) by extensions ['ignore', 'ignore_ament_install']
[0.305s] Level 1:colcon.colcon_core.package_identification:_identify(.) by extension 'ignore'
[0.305s] Level 1:colcon.colcon_core.package_identification:_identify(.) by extension 'ignore_ament_install'
[0.305s] Level 1:colcon.colcon_core.package_identification:_identify(.) by extensions ['colcon_pkg']
[0.305s] Level 1:colcon.colcon_core.package_identification:_identify(.) by extension 'colcon_pkg'
[0.306s] Level 1:colcon.colcon_core.package_identification:_identify(.) by extensions ['colcon_meta']
[0.306s] Level 1:colcon.colcon_core.package_identification:_identify(.) by extension 'colcon_meta'
[0.306s] Level 1:colcon.colcon_core.package_identification:_identify(.) by extensions ['ros']
[0.306s] Level 1:colcon.colcon_core.package_identification:_identify(.) by extension 'ros'
[0.315s] Level 1:colcon.colcon_core.package_identification:_identify(.) by extensions ['cmake', 'python']
[0.315s] Level 1:colcon.colcon_core.package_identification:_identify(.) by extension 'cmake'
[0.315s] Level 1:colcon.colcon_core.package_identification:_identify(.) by extension 'python'
[0.315s] Level 1:colcon.colcon_core.package_identification:_identify(.) by extensions ['python_setup_py']
[0.315s] Level 1:colcon.colcon_core.package_identification:_identify(.) by extension 'python_setup_py'
[0.316s] Level 1:colcon.colcon_core.package_identification:_identify(build) by extensions ['ignore', 'ignore_ament_install']
[0.316s] Level 1:colcon.colcon_core.package_identification:_identify(build) by extension 'ignore'
[0.316s] Level 1:colcon.colcon_core.package_identification:_identify(build) ignored
[0.316s] Level 1:colcon.colcon_core.package_identification:_identify(install) by extensions ['ignore', 'ignore_ament_install']
[0.316s] Level 1:colcon.colcon_core.package_identification:_identify(install) by extension 'ignore'
[0.316s] Level 1:colcon.colcon_core.package_identification:_identify(install) ignored
[0.316s] Level 1:colcon.colcon_core.package_identification:_identify(log) by extensions ['ignore', 'ignore_ament_install']
[0.316s] Level 1:colcon.colcon_core.package_identification:_identify(log) by extension 'ignore'
[0.316s] Level 1:colcon.colcon_core.package_identification:_identify(log) ignored
[0.316s] Level 1:colcon.colcon_core.package_identification:_identify(src) by extensions ['ignore', 'ignore_ament_install']
[0.317s] Level 1:colcon.colcon_core.package_identification:_identify(src) by extension 'ignore'
[0.317s] Level 1:colcon.colcon_core.package_identification:_identify(src) by extension 'ignore_ament_install'
[0.317s] Level 1:colcon.colcon_core.package_identification:_identify(src) by extensions ['colcon_pkg']
[0.317s] Level 1:colcon.colcon_core.package_identification:_identify(src) by extension 'colcon_pkg'
[0.317s] Level 1:colcon.colcon_core.package_identification:_identify(src) by extensions ['colcon_meta']
[0.317s] Level 1:colcon.colcon_core.package_identification:_identify(src) by extension 'colcon_meta'
[0.317s] Level 1:colcon.colcon_core.package_identification:_identify(src) by extensions ['ros']
[0.317s] Level 1:colcon.colcon_core.package_identification:_identify(src) by extension 'ros'
[0.317s] Level 1:colcon.colcon_core.package_identification:_identify(src) by extensions ['cmake', 'python']
[0.317s] Level 1:colcon.colcon_core.package_identification:_identify(src) by extension 'cmake'
[0.317s] Level 1:colcon.colcon_core.package_identification:_identify(src) by extension 'python'
[0.317s] Level 1:colcon.colcon_core.package_identification:_identify(src) by extensions ['python_setup_py']
[0.317s] Level 1:colcon.colcon_core.package_identification:_identify(src) by extension 'python_setup_py'
[0.317s] Level 1:colcon.colcon_core.package_identification:_identify(src/car_controller) by extensions ['ignore', 'ignore_ament_install']
[0.317s] Level 1:colcon.colcon_core.package_identification:_identify(src/car_controller) by extension 'ignore'
[0.317s] Level 1:colcon.colcon_core.package_identification:_identify(src/car_controller) by extension 'ignore_ament_install'
[0.317s] Level 1:colcon.colcon_core.package_identification:_identify(src/car_controller) by extensions ['colcon_pkg']
[0.317s] Level 1:colcon.colcon_core.package_identification:_identify(src/car_controller) by extension 'colcon_pkg'
[0.317s] Level 1:colcon.colcon_core.package_identification:_identify(src/car_controller) by extensions ['colcon_meta']
[0.317s] Level 1:colcon.colcon_core.package_identification:_identify(src/car_controller) by extension 'colcon_meta'
[0.317s] Level 1:colcon.colcon_core.package_identification:_identify(src/car_controller) by extensions ['ros']
[0.317s] Level 1:colcon.colcon_core.package_identification:_identify(src/car_controller) by extension 'ros'
[0.320s] DEBUG:colcon.colcon_core.package_identification:Package 'src/car_controller' with type 'ros.ament_python' and name 'car_controller'
[0.320s] Level 1:colcon.colcon_core.package_identification:_identify(src/learning_pkg_python) by extensions ['ignore', 'ignore_ament_install']
[0.320s] Level 1:colcon.colcon_core.package_identification:_identify(src/learning_pkg_python) by extension 'ignore'
[0.320s] Level 1:colcon.colcon_core.package_identification:_identify(src/learning_pkg_python) by extension 'ignore_ament_install'
[0.320s] Level 1:colcon.colcon_core.package_identification:_identify(src/learning_pkg_python) by extensions ['colcon_pkg']
[0.320s] Level 1:colcon.colcon_core.package_identification:_identify(src/learning_pkg_python) by extension 'colcon_pkg'
[0.320s] Level 1:colcon.colcon_core.package_identification:_identify(src/learning_pkg_python) by extensions ['colcon_meta']
[0.320s] Level 1:colcon.colcon_core.package_identification:_identify(src/learning_pkg_python) by extension 'colcon_meta'
[0.320s] Level 1:colcon.colcon_core.package_identification:_identify(src/learning_pkg_python) by extensions ['ros']
[0.320s] Level 1:colcon.colcon_core.package_identification:_identify(src/learning_pkg_python) by extension 'ros'
[0.321s] DEBUG:colcon.colcon_core.package_identification:Package 'src/learning_pkg_python' with type 'ros.ament_python' and name 'learning_pkg_python'
[0.321s] Level 1:colcon.colcon_core.package_identification:_identify(src/wiki_example) by extensions ['ignore', 'ignore_ament_install']
[0.321s] Level 1:colcon.colcon_core.package_identification:_identify(src/wiki_example) by extension 'ignore'
[0.321s] Level 1:colcon.colcon_core.package_identification:_identify(src/wiki_example) by extension 'ignore_ament_install'
[0.321s] Level 1:colcon.colcon_core.package_identification:_identify(src/wiki_example) by extensions ['colcon_pkg']
[0.321s] Level 1:colcon.colcon_core.package_identification:_identify(src/wiki_example) by extension 'colcon_pkg'
[0.321s] Level 1:colcon.colcon_core.package_identification:_identify(src/wiki_example) by extensions ['colcon_meta']
[0.322s] Level 1:colcon.colcon_core.package_identification:_identify(src/wiki_example) by extension 'colcon_meta'
[0.322s] Level 1:colcon.colcon_core.package_identification:_identify(src/wiki_example) by extensions ['ros']
[0.322s] Level 1:colcon.colcon_core.package_identification:_identify(src/wiki_example) by extension 'ros'
[0.322s] DEBUG:colcon.colcon_core.package_identification:Package 'src/wiki_example' with type 'ros.ament_python' and name 'wiki_example'
[0.322s] Level 1:colcon.colcon_core.package_discovery:discover_packages(recursive) using defaults
[0.322s] Level 1:colcon.colcon_core.package_discovery:discover_packages(ignore) discover
[0.322s] Level 1:colcon.colcon_core.package_discovery:discover_packages(ignore) using defaults
[0.322s] Level 1:colcon.colcon_core.package_discovery:discover_packages(path) discover
[0.322s] Level 1:colcon.colcon_core.package_discovery:discover_packages(path) using defaults
[0.343s] Level 1:colcon.colcon_core.package_discovery:discover_packages(prefix_path) check parameters
[0.344s] Level 1:colcon.colcon_core.package_discovery:discover_packages(prefix_path) discover
[0.347s] DEBUG:colcon.colcon_installed_package_information.package_discovery:Found 3 installed packages in /home/dyj/learning_ws/install
[0.348s] DEBUG:colcon.colcon_installed_package_information.package_discovery:Found 13 installed packages in /home/dyj/dev_ws/install
[0.349s] DEBUG:colcon.colcon_installed_package_information.package_discovery:Found 388 installed packages in /opt/ros/humble
[0.351s] Level 1:colcon.colcon_core.package_discovery:discover_packages(prefix_path) using defaults
[0.408s] Level 5:colcon.colcon_core.verb:set package 'car_controller' build argument 'cmake_args' from command line to 'None'
[0.408s] Level 5:colcon.colcon_core.verb:set package 'car_controller' build argument 'cmake_target' from command line to 'None'
[0.408s] Level 5:colcon.colcon_core.verb:set package 'car_controller' build argument 'cmake_target_skip_unavailable' from command line to 'False'
[0.408s] Level 5:colcon.colcon_core.verb:set package 'car_controller' build argument 'cmake_clean_cache' from command line to 'False'
[0.408s] Level 5:colcon.colcon_core.verb:set package 'car_controller' build argument 'cmake_clean_first' from command line to 'False'
[0.408s] Level 5:colcon.colcon_core.verb:set package 'car_controller' build argument 'cmake_force_configure' from command line to 'False'
[0.408s] Level 5:colcon.colcon_core.verb:set package 'car_controller' build argument 'ament_cmake_args' from command line to 'None'
[0.408s] Level 5:colcon.colcon_core.verb:set package 'car_controller' build argument 'catkin_cmake_args' from command line to 'None'
[0.408s] Level 5:colcon.colcon_core.verb:set package 'car_controller' build argument 'catkin_skip_building_tests' from command line to 'False'
[0.408s] DEBUG:colcon.colcon_core.verb:Building package 'car_controller' with the following arguments: {'ament_cmake_args': None, 'build_base': '/home/dyj/learning_ws/build/car_controller', 'catkin_cmake_args': None, 'catkin_skip_building_tests': False, 'cmake_args': None, 'cmake_clean_cache': False, 'cmake_clean_first': False, 'cmake_force_configure': False, 'cmake_target': None, 'cmake_target_skip_unavailable': False, 'install_base': '/home/dyj/learning_ws/install/car_controller', 'merge_install': False, 'path': '/home/dyj/learning_ws/src/car_controller', 'symlink_install': False, 'test_result_base': None}
[0.409s] Level 5:colcon.colcon_core.verb:set package 'learning_pkg_python' build argument 'cmake_args' from command line to 'None'
[0.409s] Level 5:colcon.colcon_core.verb:set package 'learning_pkg_python' build argument 'cmake_target' from command line to 'None'
[0.409s] Level 5:colcon.colcon_core.verb:set package 'learning_pkg_python' build argument 'cmake_target_skip_unavailable' from command line to 'False'
[0.409s] Level 5:colcon.colcon_core.verb:set package 'learning_pkg_python' build argument 'cmake_clean_cache' from command line to 'False'
[0.409s] Level 5:colcon.colcon_core.verb:set package 'learning_pkg_python' build argument 'cmake_clean_first' from command line to 'False'
[0.409s] Level 5:colcon.colcon_core.verb:set package 'learning_pkg_python' build argument 'cmake_force_configure' from command line to 'False'
[0.409s] Level 5:colcon.colcon_core.verb:set package 'learning_pkg_python' build argument 'ament_cmake_args' from command line to 'None'
[0.409s] Level 5:colcon.colcon_core.verb:set package 'learning_pkg_python' build argument 'catkin_cmake_args' from command line to 'None'
[0.409s] Level 5:colcon.colcon_core.verb:set package 'learning_pkg_python' build argument 'catkin_skip_building_tests' from command line to 'False'
[0.409s] DEBUG:colcon.colcon_core.verb:Building package 'learning_pkg_python' with the following arguments: {'ament_cmake_args': None, 'build_base': '/home/dyj/learning_ws/build/learning_pkg_python', 'catkin_cmake_args': None, 'catkin_skip_building_tests': False, 'cmake_args': None, 'cmake_clean_cache': False, 'cmake_clean_first': False, 'cmake_force_configure': False, 'cmake_target': None, 'cmake_target_skip_unavailable': False, 'install_base': '/home/dyj/learning_ws/install/learning_pkg_python', 'merge_install': False, 'path': '/home/dyj/learning_ws/src/learning_pkg_python', 'symlink_install': False, 'test_result_base': None}
[0.410s] Level 5:colcon.colcon_core.verb:set package 'wiki_example' build argument 'cmake_args' from command line to 'None'
[0.410s] Level 5:colcon.colcon_core.verb:set package 'wiki_example' build argument 'cmake_target' from command line to 'None'
[0.410s] Level 5:colcon.colcon_core.verb:set package 'wiki_example' build argument 'cmake_target_skip_unavailable' from command line to 'False'
[0.410s] Level 5:colcon.colcon_core.verb:set package 'wiki_example' build argument 'cmake_clean_cache' from command line to 'False'
[0.410s] Level 5:colcon.colcon_core.verb:set package 'wiki_example' build argument 'cmake_clean_first' from command line to 'False'
[0.410s] Level 5:colcon.colcon_core.verb:set package 'wiki_example' build argument 'cmake_force_configure' from command line to 'False'
[0.410s] Level 5:colcon.colcon_core.verb:set package 'wiki_example' build argument 'ament_cmake_args' from command line to 'None'
[0.410s] Level 5:colcon.colcon_core.verb:set package 'wiki_example' build argument 'catkin_cmake_args' from command line to 'None'
[0.410s] Level 5:colcon.colcon_core.verb:set package 'wiki_example' build argument 'catkin_skip_building_tests' from command line to 'False'
[0.410s] DEBUG:colcon.colcon_core.verb:Building package 'wiki_example' with the following arguments: {'ament_cmake_args': None, 'build_base': '/home/dyj/learning_ws/build/wiki_example', 'catkin_cmake_args': None, 'catkin_skip_building_tests': False, 'cmake_args': None, 'cmake_clean_cache': False, 'cmake_clean_first': False, 'cmake_force_configure': False, 'cmake_target': None, 'cmake_target_skip_unavailable': False, 'install_base': '/home/dyj/learning_ws/install/wiki_example', 'merge_install': False, 'path': '/home/dyj/learning_ws/src/wiki_example', 'symlink_install': False, 'test_result_base': None}
[0.410s] INFO:colcon.colcon_core.executor:Executing jobs using 'parallel' executor
[0.413s] DEBUG:colcon.colcon_parallel_executor.executor.parallel:run_until_complete
[0.413s] INFO:colcon.colcon_ros.task.ament_python.build:Building ROS package in '/home/dyj/learning_ws/src/car_controller' with build type 'ament_python'
[0.414s] Level 1:colcon.colcon_core.shell:create_environment_hook('car_controller', 'ament_prefix_path')
[0.419s] INFO:colcon.colcon_core.plugin_system:Skipping extension 'colcon_core.shell.bat': Not used on non-Windows systems
[0.419s] INFO:colcon.colcon_core.shell:Creating environment hook '/home/dyj/learning_ws/install/car_controller/share/car_controller/hook/ament_prefix_path.ps1'
[0.420s] INFO:colcon.colcon_core.shell:Creating environment descriptor '/home/dyj/learning_ws/install/car_controller/share/car_controller/hook/ament_prefix_path.dsv'
[0.421s] INFO:colcon.colcon_core.shell:Creating environment hook '/home/dyj/learning_ws/install/car_controller/share/car_controller/hook/ament_prefix_path.sh'
[0.422s] INFO:colcon.colcon_core.shell:Skip shell extension 'powershell' for command environment: Not usable outside of PowerShell
[0.422s] DEBUG:colcon.colcon_core.shell:Skip shell extension 'dsv' for command environment
[0.427s] INFO:colcon.colcon_ros.task.ament_python.build:Building ROS package in '/home/dyj/learning_ws/src/learning_pkg_python' with build type 'ament_python'
[0.427s] Level 1:colcon.colcon_core.shell:create_environment_hook('learning_pkg_python', 'ament_prefix_path')
[0.428s] INFO:colcon.colcon_core.shell:Creating environment hook '/home/dyj/learning_ws/install/learning_pkg_python/share/learning_pkg_python/hook/ament_prefix_path.ps1'
[0.429s] INFO:colcon.colcon_core.shell:Creating environment descriptor '/home/dyj/learning_ws/install/learning_pkg_python/share/learning_pkg_python/hook/ament_prefix_path.dsv'
[0.429s] INFO:colcon.colcon_core.shell:Creating environment hook '/home/dyj/learning_ws/install/learning_pkg_python/share/learning_pkg_python/hook/ament_prefix_path.sh'
[0.430s] INFO:colcon.colcon_core.shell:Skip shell extension 'powershell' for command environment: Not usable outside of PowerShell
[0.430s] DEBUG:colcon.colcon_core.shell:Skip shell extension 'dsv' for command environment
[0.434s] INFO:colcon.colcon_ros.task.ament_python.build:Building ROS package in '/home/dyj/learning_ws/src/wiki_example' with build type 'ament_python'
[0.434s] Level 1:colcon.colcon_core.shell:create_environment_hook('wiki_example', 'ament_prefix_path')
[0.435s] INFO:colcon.colcon_core.shell:Creating environment hook '/home/dyj/learning_ws/install/wiki_example/share/wiki_example/hook/ament_prefix_path.ps1'
[0.436s] INFO:colcon.colcon_core.shell:Creating environment descriptor '/home/dyj/learning_ws/install/wiki_example/share/wiki_example/hook/ament_prefix_path.dsv'
[0.437s] INFO:colcon.colcon_core.shell:Creating environment hook '/home/dyj/learning_ws/install/wiki_example/share/wiki_example/hook/ament_prefix_path.sh'
[0.438s] INFO:colcon.colcon_core.shell:Skip shell extension 'powershell' for command environment: Not usable outside of PowerShell
[0.438s] DEBUG:colcon.colcon_core.shell:Skip shell extension 'dsv' for command environment
[0.642s] INFO:colcon.colcon_core.task.python.build:Building Python package in '/home/dyj/learning_ws/src/car_controller'
[0.643s] INFO:colcon.colcon_core.shell:Skip shell extension 'powershell' for command environment: Not usable outside of PowerShell
[0.643s] DEBUG:colcon.colcon_core.shell:Skip shell extension 'dsv' for command environment
[0.844s] INFO:colcon.colcon_core.task.python.build:Building Python package in '/home/dyj/learning_ws/src/learning_pkg_python'
[0.845s] INFO:colcon.colcon_core.shell:Skip shell extension 'powershell' for command environment: Not usable outside of PowerShell
[0.845s] DEBUG:colcon.colcon_core.shell:Skip shell extension 'dsv' for command environment
[1.046s] INFO:colcon.colcon_core.task.python.build:Building Python package in '/home/dyj/learning_ws/src/wiki_example'
[1.047s] INFO:colcon.colcon_core.shell:Skip shell extension 'powershell' for command environment: Not usable outside of PowerShell
[1.047s] DEBUG:colcon.colcon_core.shell:Skip shell extension 'dsv' for command environment
[1.547s] DEBUG:colcon.colcon_core.event_handler.log_command:Invoking command in '/home/dyj/learning_ws/src/wiki_example': PYTHONPATH=/home/dyj/learning_ws/build/wiki_example/prefix_override:/home/dyj/learning_ws/install/wiki_example/lib/python3.10/site-packages:${PYTHONPATH} /usr/bin/python3 setup.py egg_info --egg-base ../../build/wiki_example build --build-base /home/dyj/learning_ws/build/wiki_example/build install --record /home/dyj/learning_ws/build/wiki_example/install.log --single-version-externally-managed
[1.550s] DEBUG:colcon.colcon_core.event_handler.log_command:Invoking command in '/home/dyj/learning_ws/src/learning_pkg_python': PYTHONPATH=/home/dyj/learning_ws/build/learning_pkg_python/prefix_override:/home/dyj/learning_ws/install/learning_pkg_python/lib/python3.10/site-packages:${PYTHONPATH} /usr/bin/python3 setup.py egg_info --egg-base ../../build/learning_pkg_python build --build-base /home/dyj/learning_ws/build/learning_pkg_python/build install --record /home/dyj/learning_ws/build/learning_pkg_python/install.log --single-version-externally-managed
[1.557s] DEBUG:colcon.colcon_core.event_handler.log_command:Invoking command in '/home/dyj/learning_ws/src/car_controller': PYTHONPATH=/home/dyj/learning_ws/build/car_controller/prefix_override:/home/dyj/learning_ws/install/car_controller/lib/python3.10/site-packages:${PYTHONPATH} /usr/bin/python3 setup.py egg_info --egg-base ../../build/car_controller build --build-base /home/dyj/learning_ws/build/car_controller/build install --record /home/dyj/learning_ws/build/car_controller/install.log --single-version-externally-managed
[1.792s] DEBUG:colcon.colcon_core.event_handler.log_command:Invoked command in '/home/dyj/learning_ws/src/learning_pkg_python' returned '0': PYTHONPATH=/home/dyj/learning_ws/build/learning_pkg_python/prefix_override:/home/dyj/learning_ws/install/learning_pkg_python/lib/python3.10/site-packages:${PYTHONPATH} /usr/bin/python3 setup.py egg_info --egg-base ../../build/learning_pkg_python build --build-base /home/dyj/learning_ws/build/learning_pkg_python/build install --record /home/dyj/learning_ws/build/learning_pkg_python/install.log --single-version-externally-managed
[1.798s] Level 1:colcon.colcon_core.environment:checking '/home/dyj/learning_ws/install/learning_pkg_python' for CMake module files
[1.798s] Level 1:colcon.colcon_core.environment:checking '/home/dyj/learning_ws/install/learning_pkg_python' for CMake config files
[1.799s] Level 1:colcon.colcon_core.environment:checking '/home/dyj/learning_ws/install/learning_pkg_python/lib'
[1.799s] Level 1:colcon.colcon_core.environment:checking '/home/dyj/learning_ws/install/learning_pkg_python/bin'
[1.799s] Level 1:colcon.colcon_core.environment:checking '/home/dyj/learning_ws/install/learning_pkg_python/lib/pkgconfig/learning_pkg_python.pc'
[1.799s] Level 1:colcon.colcon_core.environment:checking '/home/dyj/learning_ws/install/learning_pkg_python/lib/python3.10/site-packages'
[1.799s] Level 1:colcon.colcon_core.shell:create_environment_hook('learning_pkg_python', 'pythonpath')
[1.800s] INFO:colcon.colcon_core.shell:Creating environment hook '/home/dyj/learning_ws/install/learning_pkg_python/share/learning_pkg_python/hook/pythonpath.ps1'
[1.801s] INFO:colcon.colcon_core.shell:Creating environment descriptor '/home/dyj/learning_ws/install/learning_pkg_python/share/learning_pkg_python/hook/pythonpath.dsv'
[1.802s] INFO:colcon.colcon_core.shell:Creating environment hook '/home/dyj/learning_ws/install/learning_pkg_python/share/learning_pkg_python/hook/pythonpath.sh'
[1.802s] Level 1:colcon.colcon_core.environment:checking '/home/dyj/learning_ws/install/learning_pkg_python/bin'
[1.802s] Level 1:colcon.colcon_core.environment:create_environment_scripts_only(learning_pkg_python)
[1.804s] INFO:colcon.colcon_core.shell:Creating package script '/home/dyj/learning_ws/install/learning_pkg_python/share/learning_pkg_python/package.ps1'
[1.805s] INFO:colcon.colcon_core.shell:Creating package descriptor '/home/dyj/learning_ws/install/learning_pkg_python/share/learning_pkg_python/package.dsv'
[1.805s] INFO:colcon.colcon_core.shell:Creating package script '/home/dyj/learning_ws/install/learning_pkg_python/share/learning_pkg_python/package.sh'
[1.806s] INFO:colcon.colcon_core.shell:Creating package script '/home/dyj/learning_ws/install/learning_pkg_python/share/learning_pkg_python/package.bash'
[1.807s] INFO:colcon.colcon_core.shell:Creating package script '/home/dyj/learning_ws/install/learning_pkg_python/share/learning_pkg_python/package.zsh'
[1.807s] Level 1:colcon.colcon_core.environment:create_file_with_runtime_dependencies(/home/dyj/learning_ws/install/learning_pkg_python/share/colcon-core/packages/learning_pkg_python)
[1.813s] Level 1:colcon.colcon_core.environment:checking '/home/dyj/learning_ws/install/car_controller' for CMake module files
[1.813s] DEBUG:colcon.colcon_core.event_handler.log_command:Invoked command in '/home/dyj/learning_ws/src/car_controller' returned '0': PYTHONPATH=/home/dyj/learning_ws/build/car_controller/prefix_override:/home/dyj/learning_ws/install/car_controller/lib/python3.10/site-packages:${PYTHONPATH} /usr/bin/python3 setup.py egg_info --egg-base ../../build/car_controller build --build-base /home/dyj/learning_ws/build/car_controller/build install --record /home/dyj/learning_ws/build/car_controller/install.log --single-version-externally-managed
[1.814s] Level 1:colcon.colcon_core.environment:checking '/home/dyj/learning_ws/install/car_controller' for CMake config files
[1.814s] Level 1:colcon.colcon_core.environment:checking '/home/dyj/learning_ws/install/car_controller/lib'
[1.814s] Level 1:colcon.colcon_core.environment:checking '/home/dyj/learning_ws/install/car_controller/bin'
[1.814s] Level 1:colcon.colcon_core.environment:checking '/home/dyj/learning_ws/install/car_controller/lib/pkgconfig/car_controller.pc'
[1.814s] Level 1:colcon.colcon_core.environment:checking '/home/dyj/learning_ws/install/car_controller/lib/python3.10/site-packages'
[1.814s] Level 1:colcon.colcon_core.shell:create_environment_hook('car_controller', 'pythonpath')
[1.815s] INFO:colcon.colcon_core.shell:Creating environment hook '/home/dyj/learning_ws/install/car_controller/share/car_controller/hook/pythonpath.ps1'
[1.816s] INFO:colcon.colcon_core.shell:Creating environment descriptor '/home/dyj/learning_ws/install/car_controller/share/car_controller/hook/pythonpath.dsv'
[1.816s] INFO:colcon.colcon_core.shell:Creating environment hook '/home/dyj/learning_ws/install/car_controller/share/car_controller/hook/pythonpath.sh'
[1.817s] Level 1:colcon.colcon_core.environment:checking '/home/dyj/learning_ws/install/car_controller/bin'
[1.817s] Level 1:colcon.colcon_core.environment:create_environment_scripts_only(car_controller)
[1.818s] INFO:colcon.colcon_core.shell:Creating package script '/home/dyj/learning_ws/install/car_controller/share/car_controller/package.ps1'
[1.818s] INFO:colcon.colcon_core.shell:Creating package descriptor '/home/dyj/learning_ws/install/car_controller/share/car_controller/package.dsv'
[1.819s] INFO:colcon.colcon_core.shell:Creating package script '/home/dyj/learning_ws/install/car_controller/share/car_controller/package.sh'
[1.820s] INFO:colcon.colcon_core.shell:Creating package script '/home/dyj/learning_ws/install/car_controller/share/car_controller/package.bash'
[1.820s] INFO:colcon.colcon_core.shell:Creating package script '/home/dyj/learning_ws/install/car_controller/share/car_controller/package.zsh'
[1.820s] Level 1:colcon.colcon_core.environment:create_file_with_runtime_dependencies(/home/dyj/learning_ws/install/car_controller/share/colcon-core/packages/car_controller)
[1.823s] Level 1:colcon.colcon_core.environment:checking '/home/dyj/learning_ws/install/wiki_example' for CMake module files
[1.824s] DEBUG:colcon.colcon_core.event_handler.log_command:Invoked command in '/home/dyj/learning_ws/src/wiki_example' returned '0': PYTHONPATH=/home/dyj/learning_ws/build/wiki_example/prefix_override:/home/dyj/learning_ws/install/wiki_example/lib/python3.10/site-packages:${PYTHONPATH} /usr/bin/python3 setup.py egg_info --egg-base ../../build/wiki_example build --build-base /home/dyj/learning_ws/build/wiki_example/build install --record /home/dyj/learning_ws/build/wiki_example/install.log --single-version-externally-managed
[1.824s] Level 1:colcon.colcon_core.environment:checking '/home/dyj/learning_ws/install/wiki_example' for CMake config files
[1.824s] Level 1:colcon.colcon_core.environment:checking '/home/dyj/learning_ws/install/wiki_example/lib'
[1.825s] Level 1:colcon.colcon_core.environment:checking '/home/dyj/learning_ws/install/wiki_example/bin'
[1.825s] Level 1:colcon.colcon_core.environment:checking '/home/dyj/learning_ws/install/wiki_example/lib/pkgconfig/wiki_example.pc'
[1.825s] Level 1:colcon.colcon_core.environment:checking '/home/dyj/learning_ws/install/wiki_example/lib/python3.10/site-packages'
[1.825s] Level 1:colcon.colcon_core.shell:create_environment_hook('wiki_example', 'pythonpath')
[1.826s] INFO:colcon.colcon_core.shell:Creating environment hook '/home/dyj/learning_ws/install/wiki_example/share/wiki_example/hook/pythonpath.ps1'
[1.826s] INFO:colcon.colcon_core.shell:Creating environment descriptor '/home/dyj/learning_ws/install/wiki_example/share/wiki_example/hook/pythonpath.dsv'
[1.827s] INFO:colcon.colcon_core.shell:Creating environment hook '/home/dyj/learning_ws/install/wiki_example/share/wiki_example/hook/pythonpath.sh'
[1.827s] Level 1:colcon.colcon_core.environment:checking '/home/dyj/learning_ws/install/wiki_example/bin'
[1.827s] Level 1:colcon.colcon_core.environment:create_environment_scripts_only(wiki_example)
[1.828s] INFO:colcon.colcon_core.shell:Creating package script '/home/dyj/learning_ws/install/wiki_example/share/wiki_example/package.ps1'
[1.829s] INFO:colcon.colcon_core.shell:Creating package descriptor '/home/dyj/learning_ws/install/wiki_example/share/wiki_example/package.dsv'
[1.829s] INFO:colcon.colcon_core.shell:Creating package script '/home/dyj/learning_ws/install/wiki_example/share/wiki_example/package.sh'
[1.830s] INFO:colcon.colcon_core.shell:Creating package script '/home/dyj/learning_ws/install/wiki_example/share/wiki_example/package.bash'
[1.830s] INFO:colcon.colcon_core.shell:Creating package script '/home/dyj/learning_ws/install/wiki_example/share/wiki_example/package.zsh'
[1.830s] Level 1:colcon.colcon_core.environment:create_file_with_runtime_dependencies(/home/dyj/learning_ws/install/wiki_example/share/colcon-core/packages/wiki_example)
[1.831s] DEBUG:colcon.colcon_parallel_executor.executor.parallel:closing loop
[1.831s] DEBUG:colcon.colcon_parallel_executor.executor.parallel:loop closed
[1.831s] DEBUG:colcon.colcon_parallel_executor.executor.parallel:run_until_complete finished with '0'
[1.831s] DEBUG:colcon.colcon_core.event_reactor:joining thread
[1.839s] INFO:colcon.colcon_core.plugin_system:Skipping extension 'colcon_notification.desktop_notification.terminal_notifier': Not used on non-Darwin systems
[1.839s] INFO:colcon.colcon_core.plugin_system:Skipping extension 'colcon_notification.desktop_notification.win32': Not used on non-Windows systems
[1.839s] INFO:colcon.colcon_notification.desktop_notification:Sending desktop notification using 'notify2'
[1.863s] DEBUG:colcon.colcon_core.event_reactor:joined thread
[1.865s] INFO:colcon.colcon_core.shell:Creating prefix script '/home/dyj/learning_ws/install/local_setup.ps1'
[1.866s] INFO:colcon.colcon_core.shell:Creating prefix util module '/home/dyj/learning_ws/install/_local_setup_util_ps1.py'
[1.867s] INFO:colcon.colcon_core.shell:Creating prefix chain script '/home/dyj/learning_ws/install/setup.ps1'
[1.869s] INFO:colcon.colcon_core.shell:Creating prefix script '/home/dyj/learning_ws/install/local_setup.sh'
[1.869s] INFO:colcon.colcon_core.shell:Creating prefix util module '/home/dyj/learning_ws/install/_local_setup_util_sh.py'
[1.870s] INFO:colcon.colcon_core.shell:Creating prefix chain script '/home/dyj/learning_ws/install/setup.sh'
[1.872s] INFO:colcon.colcon_core.shell:Creating prefix script '/home/dyj/learning_ws/install/local_setup.bash'
[1.872s] INFO:colcon.colcon_core.shell:Creating prefix chain script '/home/dyj/learning_ws/install/setup.bash'
[1.874s] INFO:colcon.colcon_core.shell:Creating prefix script '/home/dyj/learning_ws/install/local_setup.zsh'
[1.874s] INFO:colcon.colcon_core.shell:Creating prefix chain script '/home/dyj/learning_ws/install/setup.zsh'
