[1.106s] Invoking command in '/home/dyj/learning_ws/src/wiki_example': PYTHONPATH=/home/dyj/learning_ws/build/wiki_example/prefix_override:/home/dyj/learning_ws/install/wiki_example/lib/python3.10/site-packages:${PYTHONPATH} /usr/bin/python3 setup.py egg_info --egg-base ../../build/wiki_example build --build-base /home/dyj/learning_ws/build/wiki_example/build install --record /home/dyj/learning_ws/build/wiki_example/install.log --single-version-externally-managed
[1.323s] running egg_info
[1.325s] writing ../../build/wiki_example/wiki_example.egg-info/PKG-INFO
[1.326s] writing dependency_links to ../../build/wiki_example/wiki_example.egg-info/dependency_links.txt
[1.326s] writing entry points to ../../build/wiki_example/wiki_example.egg-info/entry_points.txt
[1.327s] writing requirements to ../../build/wiki_example/wiki_example.egg-info/requires.txt
[1.327s] writing top-level names to ../../build/wiki_example/wiki_example.egg-info/top_level.txt
[1.328s] package init file 'wiki_example/__init__.py' not found (or not a regular file)
[1.328s] reading manifest file '../../build/wiki_example/wiki_example.egg-info/SOURCES.txt'
[1.329s] writing manifest file '../../build/wiki_example/wiki_example.egg-info/SOURCES.txt'
[1.330s] running build
[1.330s] running build_py
[1.330s] running install
[1.331s] /usr/lib/python3/dist-packages/setuptools/command/install.py:34: SetuptoolsDeprecationWarning: setup.py install is deprecated. Use build and pip and other standards-based tools.
[1.331s]   warnings.warn(
[1.332s] running install_lib
[1.333s] warning: install_lib: '/home/dyj/learning_ws/build/wiki_example/build/lib' does not exist -- no Python modules to install
[1.333s] 
[1.334s] running install_data
[1.334s] running install_egg_info
[1.335s] removing '/home/dyj/learning_ws/install/wiki_example/lib/python3.10/site-packages/wiki_example-0.0.0-py3.10.egg-info' (and everything under it)
[1.335s] Copying ../../build/wiki_example/wiki_example.egg-info to /home/dyj/learning_ws/install/wiki_example/lib/python3.10/site-packages/wiki_example-0.0.0-py3.10.egg-info
[1.335s] running install_scripts
[1.354s] writing list of installed files to '/home/dyj/learning_ws/build/wiki_example/install.log'
[1.412s] Invoked command in '/home/dyj/learning_ws/src/wiki_example' returned '0': PYTHONPATH=/home/dyj/learning_ws/build/wiki_example/prefix_override:/home/dyj/learning_ws/install/wiki_example/lib/python3.10/site-packages:${PYTHONPATH} /usr/bin/python3 setup.py egg_info --egg-base ../../build/wiki_example build --build-base /home/dyj/learning_ws/build/wiki_example/build install --record /home/dyj/learning_ws/build/wiki_example/install.log --single-version-externally-managed
