[1.061s] Invoking command in '/home/dyj/learning_ws/src/car_controller': PYTHONPATH=/home/dyj/learning_ws/build/car_controller/prefix_override:/home/dyj/learning_ws/install/car_controller/lib/python3.10/site-packages:${PYTHONPATH} /usr/bin/python3 setup.py egg_info --egg-base ../../build/car_controller build --build-base /home/dyj/learning_ws/build/car_controller/build install --record /home/dyj/learning_ws/build/car_controller/install.log --single-version-externally-managed
[1.254s] running egg_info
[1.255s] writing ../../build/car_controller/car_controller.egg-info/PKG-INFO
[1.255s] writing dependency_links to ../../build/car_controller/car_controller.egg-info/dependency_links.txt
[1.256s] writing entry points to ../../build/car_controller/car_controller.egg-info/entry_points.txt
[1.256s] writing requirements to ../../build/car_controller/car_controller.egg-info/requires.txt
[1.256s] writing top-level names to ../../build/car_controller/car_controller.egg-info/top_level.txt
[1.258s] reading manifest file '../../build/car_controller/car_controller.egg-info/SOURCES.txt'
[1.259s] writing manifest file '../../build/car_controller/car_controller.egg-info/SOURCES.txt'
[1.259s] running build
[1.259s] running build_py
[1.260s] copying car_controller/target_position_tf_broadcaster.py -> /home/dyj/learning_ws/build/car_controller/build/lib/car_controller
[1.261s] running install
[1.261s] /usr/lib/python3/dist-packages/setuptools/command/install.py:34: SetuptoolsDeprecationWarning: setup.py install is deprecated. Use build and pip and other standards-based tools.
[1.261s]   warnings.warn(
[1.261s] running install_lib
[1.261s] copying /home/dyj/learning_ws/build/car_controller/build/lib/car_controller/target_position_tf_broadcaster.py -> /home/dyj/learning_ws/install/car_controller/lib/python3.10/site-packages/car_controller
[1.262s] byte-compiling /home/dyj/learning_ws/install/car_controller/lib/python3.10/site-packages/car_controller/target_position_tf_broadcaster.py to target_position_tf_broadcaster.cpython-310.pyc
[1.264s] running install_data
[1.265s] running install_egg_info
[1.266s] removing '/home/dyj/learning_ws/install/car_controller/lib/python3.10/site-packages/car_controller-0.0.0-py3.10.egg-info' (and everything under it)
[1.266s] Copying ../../build/car_controller/car_controller.egg-info to /home/dyj/learning_ws/install/car_controller/lib/python3.10/site-packages/car_controller-0.0.0-py3.10.egg-info
[1.266s] running install_scripts
[1.291s] Installing car_move_circle script to /home/dyj/learning_ws/install/car_controller/lib/car_controller
[1.291s] Installing car_move_square_try_1 script to /home/dyj/learning_ws/install/car_controller/lib/car_controller
[1.291s] Installing car_move_straight script to /home/dyj/learning_ws/install/car_controller/lib/car_controller
[1.292s] Installing car_navigate_one_position script to /home/dyj/learning_ws/install/car_controller/lib/car_controller
[1.292s] Installing car_navigate_tf_broadcaster script to /home/dyj/learning_ws/install/car_controller/lib/car_controller
[1.292s] Installing target_position_tf_broadcaster script to /home/dyj/learning_ws/install/car_controller/lib/car_controller
[1.293s] writing list of installed files to '/home/dyj/learning_ws/build/car_controller/install.log'
[1.320s] Invoked command in '/home/dyj/learning_ws/src/car_controller' returned '0': PYTHONPATH=/home/dyj/learning_ws/build/car_controller/prefix_override:/home/dyj/learning_ws/install/car_controller/lib/python3.10/site-packages:${PYTHONPATH} /usr/bin/python3 setup.py egg_info --egg-base ../../build/car_controller build --build-base /home/dyj/learning_ws/build/car_controller/build install --record /home/dyj/learning_ws/build/car_controller/install.log --single-version-externally-managed
