[0.844s] Invoking command in '/home/dyj/learning_ws/src/car_navigate': PYTHONPATH=/home/dyj/learning_ws/build/car_navigate/prefix_override:/home/dyj/learning_ws/install/car_navigate/lib/python3.10/site-packages:${PYTHONPATH} /usr/bin/python3 setup.py egg_info --egg-base ../../build/car_navigate build --build-base /home/dyj/learning_ws/build/car_navigate/build install --record /home/dyj/learning_ws/build/car_navigate/install.log --single-version-externally-managed
[1.038s] running egg_info
[1.039s] writing ../../build/car_navigate/car_navigate.egg-info/PKG-INFO
[1.039s] writing dependency_links to ../../build/car_navigate/car_navigate.egg-info/dependency_links.txt
[1.040s] writing entry points to ../../build/car_navigate/car_navigate.egg-info/entry_points.txt
[1.040s] writing requirements to ../../build/car_navigate/car_navigate.egg-info/requires.txt
[1.040s] writing top-level names to ../../build/car_navigate/car_navigate.egg-info/top_level.txt
[1.042s] reading manifest file '../../build/car_navigate/car_navigate.egg-info/SOURCES.txt'
[1.042s] writing manifest file '../../build/car_navigate/car_navigate.egg-info/SOURCES.txt'
[1.043s] running build
[1.043s] running build_py
[1.043s] copying car_navigate/target_position_tf_broadcaster.py -> /home/dyj/learning_ws/build/car_navigate/build/lib/car_navigate
[1.043s] copying car_navigate/car_navigate_one_position.py -> /home/dyj/learning_ws/build/car_navigate/build/lib/car_navigate
[1.044s] copying car_navigate/car_navigate_tf_broadcaster.py -> /home/dyj/learning_ws/build/car_navigate/build/lib/car_navigate
[1.044s] running install
[1.044s] /usr/lib/python3/dist-packages/setuptools/command/install.py:34: SetuptoolsDeprecationWarning: setup.py install is deprecated. Use build and pip and other standards-based tools.
[1.044s]   warnings.warn(
[1.044s] running install_lib
[1.045s] copying /home/dyj/learning_ws/build/car_navigate/build/lib/car_navigate/target_position_tf_broadcaster.py -> /home/dyj/learning_ws/install/car_navigate/lib/python3.10/site-packages/car_navigate
[1.045s] copying /home/dyj/learning_ws/build/car_navigate/build/lib/car_navigate/car_navigate_one_position.py -> /home/dyj/learning_ws/install/car_navigate/lib/python3.10/site-packages/car_navigate
[1.045s] copying /home/dyj/learning_ws/build/car_navigate/build/lib/car_navigate/car_navigate_tf_broadcaster.py -> /home/dyj/learning_ws/install/car_navigate/lib/python3.10/site-packages/car_navigate
[1.046s] byte-compiling /home/dyj/learning_ws/install/car_navigate/lib/python3.10/site-packages/car_navigate/target_position_tf_broadcaster.py to target_position_tf_broadcaster.cpython-310.pyc
[1.046s] byte-compiling /home/dyj/learning_ws/install/car_navigate/lib/python3.10/site-packages/car_navigate/car_navigate_one_position.py to car_navigate_one_position.cpython-310.pyc
[1.047s] byte-compiling /home/dyj/learning_ws/install/car_navigate/lib/python3.10/site-packages/car_navigate/car_navigate_tf_broadcaster.py to car_navigate_tf_broadcaster.cpython-310.pyc
[1.047s] running install_data
[1.048s] copying package.xml -> /home/dyj/learning_ws/install/car_navigate/share/car_navigate
[1.048s] running install_egg_info
[1.050s] removing '/home/dyj/learning_ws/install/car_navigate/lib/python3.10/site-packages/car_navigate-0.0.0-py3.10.egg-info' (and everything under it)
[1.050s] Copying ../../build/car_navigate/car_navigate.egg-info to /home/dyj/learning_ws/install/car_navigate/lib/python3.10/site-packages/car_navigate-0.0.0-py3.10.egg-info
[1.051s] running install_scripts
[1.067s] writing list of installed files to '/home/dyj/learning_ws/build/car_navigate/install.log'
[1.088s] Invoked command in '/home/dyj/learning_ws/src/car_navigate' returned '0': PYTHONPATH=/home/dyj/learning_ws/build/car_navigate/prefix_override:/home/dyj/learning_ws/install/car_navigate/lib/python3.10/site-packages:${PYTHONPATH} /usr/bin/python3 setup.py egg_info --egg-base ../../build/car_navigate build --build-base /home/dyj/learning_ws/build/car_navigate/build install --record /home/dyj/learning_ws/build/car_navigate/install.log --single-version-externally-managed
