[0.430s] DEBUG:colcon:Command line arguments: ['/usr/bin/colcon', 'build']
[0.430s] DEBUG:colcon:Parsed command line arguments: Namespace(log_base=None, log_level=None, verb_name='build', build_base='build', install_base='install', merge_install=False, symlink_install=False, test_result_base=None, continue_on_error=False, executor='parallel', parallel_workers=4, event_handlers=None, ignore_user_meta=False, metas=['./colcon.meta'], base_paths=['.'], packages_ignore=None, packages_ignore_regex=None, paths=None, packages_up_to=None, packages_up_to_regex=None, packages_above=None, packages_above_and_dependencies=None, packages_above_depth=None, packages_select_by_dep=None, packages_skip_by_dep=None, packages_skip_up_to=None, packages_select_build_failed=False, packages_skip_build_finished=False, packages_select_test_failures=False, packages_skip_test_passed=False, packages_select=None, packages_skip=None, packages_select_regex=None, packages_skip_regex=None, packages_start=None, packages_end=None, allow_overriding=[], cmake_args=None, cmake_target=None, cmake_target_skip_unavailable=False, cmake_clean_cache=False, cmake_clean_first=False, cmake_force_configure=False, ament_cmake_args=None, catkin_cmake_args=None, catkin_skip_building_tests=False, verb_parser=<colcon_defaults.argument_parser.defaults.DefaultArgumentsDecorator object at 0x7f72456ea0b0>, verb_extension=<colcon_core.verb.build.BuildVerb object at 0x7f7245e71f00>, main=<bound method BuildVerb.main of <colcon_core.verb.build.BuildVerb object at 0x7f7245e71f00>>)
[0.468s] Level 1:colcon.colcon_core.package_discovery:discover_packages(colcon_meta) check parameters
[0.468s] Level 1:colcon.colcon_core.package_discovery:discover_packages(recursive) check parameters
[0.468s] Level 1:colcon.colcon_core.package_discovery:discover_packages(ignore) check parameters
[0.468s] Level 1:colcon.colcon_core.package_discovery:discover_packages(path) check parameters
[0.468s] Level 1:colcon.colcon_core.package_discovery:discover_packages(colcon_meta) discover
[0.468s] Level 1:colcon.colcon_core.package_discovery:discover_packages(recursive) discover
[0.468s] INFO:colcon.colcon_core.package_discovery:Crawling recursively for packages in '/home/dyj/learning_ws'
[0.468s] Level 1:colcon.colcon_core.package_identification:_identify(.) by extensions ['ignore', 'ignore_ament_install']
[0.469s] Level 1:colcon.colcon_core.package_identification:_identify(.) by extension 'ignore'
[0.469s] Level 1:colcon.colcon_core.package_identification:_identify(.) by extension 'ignore_ament_install'
[0.469s] Level 1:colcon.colcon_core.package_identification:_identify(.) by extensions ['colcon_pkg']
[0.469s] Level 1:colcon.colcon_core.package_identification:_identify(.) by extension 'colcon_pkg'
[0.469s] Level 1:colcon.colcon_core.package_identification:_identify(.) by extensions ['colcon_meta']
[0.469s] Level 1:colcon.colcon_core.package_identification:_identify(.) by extension 'colcon_meta'
[0.469s] Level 1:colcon.colcon_core.package_identification:_identify(.) by extensions ['ros']
[0.469s] Level 1:colcon.colcon_core.package_identification:_identify(.) by extension 'ros'
[0.478s] Level 1:colcon.colcon_core.package_identification:_identify(.) by extensions ['cmake', 'python']
[0.478s] Level 1:colcon.colcon_core.package_identification:_identify(.) by extension 'cmake'
[0.478s] Level 1:colcon.colcon_core.package_identification:_identify(.) by extension 'python'
[0.478s] Level 1:colcon.colcon_core.package_identification:_identify(.) by extensions ['python_setup_py']
[0.478s] Level 1:colcon.colcon_core.package_identification:_identify(.) by extension 'python_setup_py'
[0.478s] Level 1:colcon.colcon_core.package_identification:_identify(build) by extensions ['ignore', 'ignore_ament_install']
[0.478s] Level 1:colcon.colcon_core.package_identification:_identify(build) by extension 'ignore'
[0.478s] Level 1:colcon.colcon_core.package_identification:_identify(build) ignored
[0.478s] Level 1:colcon.colcon_core.package_identification:_identify(install) by extensions ['ignore', 'ignore_ament_install']
[0.478s] Level 1:colcon.colcon_core.package_identification:_identify(install) by extension 'ignore'
[0.478s] Level 1:colcon.colcon_core.package_identification:_identify(install) ignored
[0.479s] Level 1:colcon.colcon_core.package_identification:_identify(log) by extensions ['ignore', 'ignore_ament_install']
[0.479s] Level 1:colcon.colcon_core.package_identification:_identify(log) by extension 'ignore'
[0.479s] Level 1:colcon.colcon_core.package_identification:_identify(log) ignored
[0.479s] Level 1:colcon.colcon_core.package_identification:_identify(src) by extensions ['ignore', 'ignore_ament_install']
[0.479s] Level 1:colcon.colcon_core.package_identification:_identify(src) by extension 'ignore'
[0.479s] Level 1:colcon.colcon_core.package_identification:_identify(src) by extension 'ignore_ament_install'
[0.479s] Level 1:colcon.colcon_core.package_identification:_identify(src) by extensions ['colcon_pkg']
[0.479s] Level 1:colcon.colcon_core.package_identification:_identify(src) by extension 'colcon_pkg'
[0.479s] Level 1:colcon.colcon_core.package_identification:_identify(src) by extensions ['colcon_meta']
[0.479s] Level 1:colcon.colcon_core.package_identification:_identify(src) by extension 'colcon_meta'
[0.479s] Level 1:colcon.colcon_core.package_identification:_identify(src) by extensions ['ros']
[0.479s] Level 1:colcon.colcon_core.package_identification:_identify(src) by extension 'ros'
[0.479s] Level 1:colcon.colcon_core.package_identification:_identify(src) by extensions ['cmake', 'python']
[0.479s] Level 1:colcon.colcon_core.package_identification:_identify(src) by extension 'cmake'
[0.479s] Level 1:colcon.colcon_core.package_identification:_identify(src) by extension 'python'
[0.479s] Level 1:colcon.colcon_core.package_identification:_identify(src) by extensions ['python_setup_py']
[0.479s] Level 1:colcon.colcon_core.package_identification:_identify(src) by extension 'python_setup_py'
[0.479s] Level 1:colcon.colcon_core.package_identification:_identify(src/car_controller) by extensions ['ignore', 'ignore_ament_install']
[0.479s] Level 1:colcon.colcon_core.package_identification:_identify(src/car_controller) by extension 'ignore'
[0.479s] Level 1:colcon.colcon_core.package_identification:_identify(src/car_controller) by extension 'ignore_ament_install'
[0.480s] Level 1:colcon.colcon_core.package_identification:_identify(src/car_controller) by extensions ['colcon_pkg']
[0.480s] Level 1:colcon.colcon_core.package_identification:_identify(src/car_controller) by extension 'colcon_pkg'
[0.480s] Level 1:colcon.colcon_core.package_identification:_identify(src/car_controller) by extensions ['colcon_meta']
[0.480s] Level 1:colcon.colcon_core.package_identification:_identify(src/car_controller) by extension 'colcon_meta'
[0.480s] Level 1:colcon.colcon_core.package_identification:_identify(src/car_controller) by extensions ['ros']
[0.480s] Level 1:colcon.colcon_core.package_identification:_identify(src/car_controller) by extension 'ros'
[0.482s] DEBUG:colcon.colcon_core.package_identification:Package 'src/car_controller' with type 'ros.ament_python' and name 'car_controller'
[0.482s] Level 1:colcon.colcon_core.package_identification:_identify(src/car_navigate) by extensions ['ignore', 'ignore_ament_install']
[0.482s] Level 1:colcon.colcon_core.package_identification:_identify(src/car_navigate) by extension 'ignore'
[0.482s] Level 1:colcon.colcon_core.package_identification:_identify(src/car_navigate) by extension 'ignore_ament_install'
[0.483s] Level 1:colcon.colcon_core.package_identification:_identify(src/car_navigate) by extensions ['colcon_pkg']
[0.483s] Level 1:colcon.colcon_core.package_identification:_identify(src/car_navigate) by extension 'colcon_pkg'
[0.483s] Level 1:colcon.colcon_core.package_identification:_identify(src/car_navigate) by extensions ['colcon_meta']
[0.483s] Level 1:colcon.colcon_core.package_identification:_identify(src/car_navigate) by extension 'colcon_meta'
[0.483s] Level 1:colcon.colcon_core.package_identification:_identify(src/car_navigate) by extensions ['ros']
[0.483s] Level 1:colcon.colcon_core.package_identification:_identify(src/car_navigate) by extension 'ros'
[0.483s] DEBUG:colcon.colcon_core.package_identification:Package 'src/car_navigate' with type 'ros.ament_python' and name 'car_navigate'
[0.483s] Level 1:colcon.colcon_core.package_identification:_identify(src/learning_pkg_python) by extensions ['ignore', 'ignore_ament_install']
[0.484s] Level 1:colcon.colcon_core.package_identification:_identify(src/learning_pkg_python) by extension 'ignore'
[0.484s] Level 1:colcon.colcon_core.package_identification:_identify(src/learning_pkg_python) by extension 'ignore_ament_install'
[0.484s] Level 1:colcon.colcon_core.package_identification:_identify(src/learning_pkg_python) by extensions ['colcon_pkg']
[0.484s] Level 1:colcon.colcon_core.package_identification:_identify(src/learning_pkg_python) by extension 'colcon_pkg'
[0.484s] Level 1:colcon.colcon_core.package_identification:_identify(src/learning_pkg_python) by extensions ['colcon_meta']
[0.484s] Level 1:colcon.colcon_core.package_identification:_identify(src/learning_pkg_python) by extension 'colcon_meta'
[0.484s] Level 1:colcon.colcon_core.package_identification:_identify(src/learning_pkg_python) by extensions ['ros']
[0.484s] Level 1:colcon.colcon_core.package_identification:_identify(src/learning_pkg_python) by extension 'ros'
[0.485s] DEBUG:colcon.colcon_core.package_identification:Package 'src/learning_pkg_python' with type 'ros.ament_python' and name 'learning_pkg_python'
[0.485s] Level 1:colcon.colcon_core.package_identification:_identify(src/navigate_interfaces) by extensions ['ignore', 'ignore_ament_install']
[0.485s] Level 1:colcon.colcon_core.package_identification:_identify(src/navigate_interfaces) by extension 'ignore'
[0.485s] Level 1:colcon.colcon_core.package_identification:_identify(src/navigate_interfaces) by extension 'ignore_ament_install'
[0.485s] Level 1:colcon.colcon_core.package_identification:_identify(src/navigate_interfaces) by extensions ['colcon_pkg']
[0.485s] Level 1:colcon.colcon_core.package_identification:_identify(src/navigate_interfaces) by extension 'colcon_pkg'
[0.485s] Level 1:colcon.colcon_core.package_identification:_identify(src/navigate_interfaces) by extensions ['colcon_meta']
[0.485s] Level 1:colcon.colcon_core.package_identification:_identify(src/navigate_interfaces) by extension 'colcon_meta'
[0.485s] Level 1:colcon.colcon_core.package_identification:_identify(src/navigate_interfaces) by extensions ['ros']
[0.485s] Level 1:colcon.colcon_core.package_identification:_identify(src/navigate_interfaces) by extension 'ros'
[0.486s] DEBUG:colcon.colcon_core.package_identification:Package 'src/navigate_interfaces' with type 'ros.ament_cmake' and name 'navigate_interfaces'
[0.486s] Level 1:colcon.colcon_core.package_identification:_identify(src/wiki_example) by extensions ['ignore', 'ignore_ament_install']
[0.486s] Level 1:colcon.colcon_core.package_identification:_identify(src/wiki_example) by extension 'ignore'
[0.486s] Level 1:colcon.colcon_core.package_identification:_identify(src/wiki_example) by extension 'ignore_ament_install'
[0.486s] Level 1:colcon.colcon_core.package_identification:_identify(src/wiki_example) by extensions ['colcon_pkg']
[0.486s] Level 1:colcon.colcon_core.package_identification:_identify(src/wiki_example) by extension 'colcon_pkg'
[0.486s] Level 1:colcon.colcon_core.package_identification:_identify(src/wiki_example) by extensions ['colcon_meta']
[0.486s] Level 1:colcon.colcon_core.package_identification:_identify(src/wiki_example) by extension 'colcon_meta'
[0.486s] Level 1:colcon.colcon_core.package_identification:_identify(src/wiki_example) by extensions ['ros']
[0.486s] Level 1:colcon.colcon_core.package_identification:_identify(src/wiki_example) by extension 'ros'
[0.487s] DEBUG:colcon.colcon_core.package_identification:Package 'src/wiki_example' with type 'ros.ament_python' and name 'wiki_example'
[0.487s] Level 1:colcon.colcon_core.package_discovery:discover_packages(recursive) using defaults
[0.487s] Level 1:colcon.colcon_core.package_discovery:discover_packages(ignore) discover
[0.487s] Level 1:colcon.colcon_core.package_discovery:discover_packages(ignore) using defaults
[0.487s] Level 1:colcon.colcon_core.package_discovery:discover_packages(path) discover
[0.487s] Level 1:colcon.colcon_core.package_discovery:discover_packages(path) using defaults
[0.514s] Level 1:colcon.colcon_core.package_discovery:discover_packages(prefix_path) check parameters
[0.514s] Level 1:colcon.colcon_core.package_discovery:discover_packages(prefix_path) discover
[0.519s] DEBUG:colcon.colcon_installed_package_information.package_discovery:Found 5 installed packages in /home/dyj/learning_ws/install
[0.520s] DEBUG:colcon.colcon_installed_package_information.package_discovery:Found 13 installed packages in /home/dyj/dev_ws/install
[0.522s] DEBUG:colcon.colcon_installed_package_information.package_discovery:Found 388 installed packages in /opt/ros/humble
[0.526s] Level 1:colcon.colcon_core.package_discovery:discover_packages(prefix_path) using defaults
[0.642s] Level 5:colcon.colcon_core.verb:set package 'car_controller' build argument 'cmake_args' from command line to 'None'
[0.642s] Level 5:colcon.colcon_core.verb:set package 'car_controller' build argument 'cmake_target' from command line to 'None'
[0.642s] Level 5:colcon.colcon_core.verb:set package 'car_controller' build argument 'cmake_target_skip_unavailable' from command line to 'False'
[0.642s] Level 5:colcon.colcon_core.verb:set package 'car_controller' build argument 'cmake_clean_cache' from command line to 'False'
[0.642s] Level 5:colcon.colcon_core.verb:set package 'car_controller' build argument 'cmake_clean_first' from command line to 'False'
[0.642s] Level 5:colcon.colcon_core.verb:set package 'car_controller' build argument 'cmake_force_configure' from command line to 'False'
[0.642s] Level 5:colcon.colcon_core.verb:set package 'car_controller' build argument 'ament_cmake_args' from command line to 'None'
[0.642s] Level 5:colcon.colcon_core.verb:set package 'car_controller' build argument 'catkin_cmake_args' from command line to 'None'
[0.642s] Level 5:colcon.colcon_core.verb:set package 'car_controller' build argument 'catkin_skip_building_tests' from command line to 'False'
[0.642s] DEBUG:colcon.colcon_core.verb:Building package 'car_controller' with the following arguments: {'ament_cmake_args': None, 'build_base': '/home/dyj/learning_ws/build/car_controller', 'catkin_cmake_args': None, 'catkin_skip_building_tests': False, 'cmake_args': None, 'cmake_clean_cache': False, 'cmake_clean_first': False, 'cmake_force_configure': False, 'cmake_target': None, 'cmake_target_skip_unavailable': False, 'install_base': '/home/dyj/learning_ws/install/car_controller', 'merge_install': False, 'path': '/home/dyj/learning_ws/src/car_controller', 'symlink_install': False, 'test_result_base': None}
[0.643s] Level 5:colcon.colcon_core.verb:set package 'learning_pkg_python' build argument 'cmake_args' from command line to 'None'
[0.643s] Level 5:colcon.colcon_core.verb:set package 'learning_pkg_python' build argument 'cmake_target' from command line to 'None'
[0.643s] Level 5:colcon.colcon_core.verb:set package 'learning_pkg_python' build argument 'cmake_target_skip_unavailable' from command line to 'False'
[0.643s] Level 5:colcon.colcon_core.verb:set package 'learning_pkg_python' build argument 'cmake_clean_cache' from command line to 'False'
[0.643s] Level 5:colcon.colcon_core.verb:set package 'learning_pkg_python' build argument 'cmake_clean_first' from command line to 'False'
[0.643s] Level 5:colcon.colcon_core.verb:set package 'learning_pkg_python' build argument 'cmake_force_configure' from command line to 'False'
[0.643s] Level 5:colcon.colcon_core.verb:set package 'learning_pkg_python' build argument 'ament_cmake_args' from command line to 'None'
[0.643s] Level 5:colcon.colcon_core.verb:set package 'learning_pkg_python' build argument 'catkin_cmake_args' from command line to 'None'
[0.643s] Level 5:colcon.colcon_core.verb:set package 'learning_pkg_python' build argument 'catkin_skip_building_tests' from command line to 'False'
[0.643s] DEBUG:colcon.colcon_core.verb:Building package 'learning_pkg_python' with the following arguments: {'ament_cmake_args': None, 'build_base': '/home/dyj/learning_ws/build/learning_pkg_python', 'catkin_cmake_args': None, 'catkin_skip_building_tests': False, 'cmake_args': None, 'cmake_clean_cache': False, 'cmake_clean_first': False, 'cmake_force_configure': False, 'cmake_target': None, 'cmake_target_skip_unavailable': False, 'install_base': '/home/dyj/learning_ws/install/learning_pkg_python', 'merge_install': False, 'path': '/home/dyj/learning_ws/src/learning_pkg_python', 'symlink_install': False, 'test_result_base': None}
[0.644s] Level 5:colcon.colcon_core.verb:set package 'navigate_interfaces' build argument 'cmake_args' from command line to 'None'
[0.644s] Level 5:colcon.colcon_core.verb:set package 'navigate_interfaces' build argument 'cmake_target' from command line to 'None'
[0.644s] Level 5:colcon.colcon_core.verb:set package 'navigate_interfaces' build argument 'cmake_target_skip_unavailable' from command line to 'False'
[0.644s] Level 5:colcon.colcon_core.verb:set package 'navigate_interfaces' build argument 'cmake_clean_cache' from command line to 'False'
[0.644s] Level 5:colcon.colcon_core.verb:set package 'navigate_interfaces' build argument 'cmake_clean_first' from command line to 'False'
[0.644s] Level 5:colcon.colcon_core.verb:set package 'navigate_interfaces' build argument 'cmake_force_configure' from command line to 'False'
[0.644s] Level 5:colcon.colcon_core.verb:set package 'navigate_interfaces' build argument 'ament_cmake_args' from command line to 'None'
[0.644s] Level 5:colcon.colcon_core.verb:set package 'navigate_interfaces' build argument 'catkin_cmake_args' from command line to 'None'
[0.644s] Level 5:colcon.colcon_core.verb:set package 'navigate_interfaces' build argument 'catkin_skip_building_tests' from command line to 'False'
[0.644s] DEBUG:colcon.colcon_core.verb:Building package 'navigate_interfaces' with the following arguments: {'ament_cmake_args': None, 'build_base': '/home/dyj/learning_ws/build/navigate_interfaces', 'catkin_cmake_args': None, 'catkin_skip_building_tests': False, 'cmake_args': None, 'cmake_clean_cache': False, 'cmake_clean_first': False, 'cmake_force_configure': False, 'cmake_target': None, 'cmake_target_skip_unavailable': False, 'install_base': '/home/dyj/learning_ws/install/navigate_interfaces', 'merge_install': False, 'path': '/home/dyj/learning_ws/src/navigate_interfaces', 'symlink_install': False, 'test_result_base': None}
[0.645s] Level 5:colcon.colcon_core.verb:set package 'wiki_example' build argument 'cmake_args' from command line to 'None'
[0.645s] Level 5:colcon.colcon_core.verb:set package 'wiki_example' build argument 'cmake_target' from command line to 'None'
[0.645s] Level 5:colcon.colcon_core.verb:set package 'wiki_example' build argument 'cmake_target_skip_unavailable' from command line to 'False'
[0.645s] Level 5:colcon.colcon_core.verb:set package 'wiki_example' build argument 'cmake_clean_cache' from command line to 'False'
[0.645s] Level 5:colcon.colcon_core.verb:set package 'wiki_example' build argument 'cmake_clean_first' from command line to 'False'
[0.645s] Level 5:colcon.colcon_core.verb:set package 'wiki_example' build argument 'cmake_force_configure' from command line to 'False'
[0.645s] Level 5:colcon.colcon_core.verb:set package 'wiki_example' build argument 'ament_cmake_args' from command line to 'None'
[0.645s] Level 5:colcon.colcon_core.verb:set package 'wiki_example' build argument 'catkin_cmake_args' from command line to 'None'
[0.645s] Level 5:colcon.colcon_core.verb:set package 'wiki_example' build argument 'catkin_skip_building_tests' from command line to 'False'
[0.645s] DEBUG:colcon.colcon_core.verb:Building package 'wiki_example' with the following arguments: {'ament_cmake_args': None, 'build_base': '/home/dyj/learning_ws/build/wiki_example', 'catkin_cmake_args': None, 'catkin_skip_building_tests': False, 'cmake_args': None, 'cmake_clean_cache': False, 'cmake_clean_first': False, 'cmake_force_configure': False, 'cmake_target': None, 'cmake_target_skip_unavailable': False, 'install_base': '/home/dyj/learning_ws/install/wiki_example', 'merge_install': False, 'path': '/home/dyj/learning_ws/src/wiki_example', 'symlink_install': False, 'test_result_base': None}
[0.646s] Level 5:colcon.colcon_core.verb:set package 'car_navigate' build argument 'cmake_args' from command line to 'None'
[0.646s] Level 5:colcon.colcon_core.verb:set package 'car_navigate' build argument 'cmake_target' from command line to 'None'
[0.646s] Level 5:colcon.colcon_core.verb:set package 'car_navigate' build argument 'cmake_target_skip_unavailable' from command line to 'False'
[0.646s] Level 5:colcon.colcon_core.verb:set package 'car_navigate' build argument 'cmake_clean_cache' from command line to 'False'
[0.646s] Level 5:colcon.colcon_core.verb:set package 'car_navigate' build argument 'cmake_clean_first' from command line to 'False'
[0.646s] Level 5:colcon.colcon_core.verb:set package 'car_navigate' build argument 'cmake_force_configure' from command line to 'False'
[0.646s] Level 5:colcon.colcon_core.verb:set package 'car_navigate' build argument 'ament_cmake_args' from command line to 'None'
[0.646s] Level 5:colcon.colcon_core.verb:set package 'car_navigate' build argument 'catkin_cmake_args' from command line to 'None'
[0.646s] Level 5:colcon.colcon_core.verb:set package 'car_navigate' build argument 'catkin_skip_building_tests' from command line to 'False'
[0.646s] DEBUG:colcon.colcon_core.verb:Building package 'car_navigate' with the following arguments: {'ament_cmake_args': None, 'build_base': '/home/dyj/learning_ws/build/car_navigate', 'catkin_cmake_args': None, 'catkin_skip_building_tests': False, 'cmake_args': None, 'cmake_clean_cache': False, 'cmake_clean_first': False, 'cmake_force_configure': False, 'cmake_target': None, 'cmake_target_skip_unavailable': False, 'install_base': '/home/dyj/learning_ws/install/car_navigate', 'merge_install': False, 'path': '/home/dyj/learning_ws/src/car_navigate', 'symlink_install': False, 'test_result_base': None}
[0.647s] INFO:colcon.colcon_core.executor:Executing jobs using 'parallel' executor
[0.649s] DEBUG:colcon.colcon_parallel_executor.executor.parallel:run_until_complete
[0.650s] INFO:colcon.colcon_ros.task.ament_cmake.build:Building ROS package in '/home/dyj/learning_ws/src/navigate_interfaces' with build type 'ament_cmake'
[0.650s] INFO:colcon.colcon_cmake.task.cmake.build:Building CMake package in '/home/dyj/learning_ws/src/navigate_interfaces'
[0.656s] INFO:colcon.colcon_core.plugin_system:Skipping extension 'colcon_core.shell.bat': Not used on non-Windows systems
[0.656s] INFO:colcon.colcon_core.shell:Skip shell extension 'powershell' for command environment: Not usable outside of PowerShell
[0.656s] DEBUG:colcon.colcon_core.shell:Skip shell extension 'dsv' for command environment
[0.662s] INFO:colcon.colcon_ros.task.ament_python.build:Building ROS package in '/home/dyj/learning_ws/src/car_controller' with build type 'ament_python'
[0.662s] Level 1:colcon.colcon_core.shell:create_environment_hook('car_controller', 'ament_prefix_path')
[0.663s] INFO:colcon.colcon_core.shell:Creating environment hook '/home/dyj/learning_ws/install/car_controller/share/car_controller/hook/ament_prefix_path.ps1'
[0.664s] INFO:colcon.colcon_core.shell:Creating environment descriptor '/home/dyj/learning_ws/install/car_controller/share/car_controller/hook/ament_prefix_path.dsv'
[0.665s] INFO:colcon.colcon_core.shell:Creating environment hook '/home/dyj/learning_ws/install/car_controller/share/car_controller/hook/ament_prefix_path.sh'
[0.666s] INFO:colcon.colcon_core.shell:Skip shell extension 'powershell' for command environment: Not usable outside of PowerShell
[0.666s] DEBUG:colcon.colcon_core.shell:Skip shell extension 'dsv' for command environment
[0.671s] INFO:colcon.colcon_ros.task.ament_python.build:Building ROS package in '/home/dyj/learning_ws/src/learning_pkg_python' with build type 'ament_python'
[0.672s] Level 1:colcon.colcon_core.shell:create_environment_hook('learning_pkg_python', 'ament_prefix_path')
[0.673s] INFO:colcon.colcon_core.shell:Creating environment hook '/home/dyj/learning_ws/install/learning_pkg_python/share/learning_pkg_python/hook/ament_prefix_path.ps1'
[0.673s] INFO:colcon.colcon_core.shell:Creating environment descriptor '/home/dyj/learning_ws/install/learning_pkg_python/share/learning_pkg_python/hook/ament_prefix_path.dsv'
[0.673s] INFO:colcon.colcon_core.shell:Creating environment hook '/home/dyj/learning_ws/install/learning_pkg_python/share/learning_pkg_python/hook/ament_prefix_path.sh'
[0.675s] INFO:colcon.colcon_core.shell:Skip shell extension 'powershell' for command environment: Not usable outside of PowerShell
[0.675s] DEBUG:colcon.colcon_core.shell:Skip shell extension 'dsv' for command environment
[0.680s] INFO:colcon.colcon_ros.task.ament_python.build:Building ROS package in '/home/dyj/learning_ws/src/wiki_example' with build type 'ament_python'
[0.680s] Level 1:colcon.colcon_core.shell:create_environment_hook('wiki_example', 'ament_prefix_path')
[0.682s] INFO:colcon.colcon_core.shell:Creating environment hook '/home/dyj/learning_ws/install/wiki_example/share/wiki_example/hook/ament_prefix_path.ps1'
[0.682s] INFO:colcon.colcon_core.shell:Creating environment descriptor '/home/dyj/learning_ws/install/wiki_example/share/wiki_example/hook/ament_prefix_path.dsv'
[0.683s] INFO:colcon.colcon_core.shell:Creating environment hook '/home/dyj/learning_ws/install/wiki_example/share/wiki_example/hook/ament_prefix_path.sh'
[0.684s] INFO:colcon.colcon_core.shell:Skip shell extension 'powershell' for command environment: Not usable outside of PowerShell
[0.684s] DEBUG:colcon.colcon_core.shell:Skip shell extension 'dsv' for command environment
[0.693s] DEBUG:colcon.colcon_core.event_handler.log_command:Invoking command in '/home/dyj/learning_ws/build/navigate_interfaces': CMAKE_PREFIX_PATH=${CMAKE_PREFIX_PATH}:/home/dyj/learning_ws/install/wiki_example:/home/dyj/learning_ws/install/car_navigate:/home/dyj/learning_ws/install/learning_pkg_python:/home/dyj/learning_ws/install/car_controller:/home/dyj/dev_ws/install/learning_urdf:/home/dyj/dev_ws/install/learning_topic:/home/dyj/dev_ws/install/learning_tf:/home/dyj/dev_ws/install/learning_service:/home/dyj/dev_ws/install/learning_qos:/home/dyj/dev_ws/install/learning_pkg_python:/home/dyj/dev_ws/install/learning_parameter:/home/dyj/dev_ws/install/learning_node:/home/dyj/dev_ws/install/learning_launch:/home/dyj/dev_ws/install/learning_action:/home/dyj/dev_ws/install/learning_gazebo:/opt/ros/humble /usr/bin/cmake --build /home/dyj/learning_ws/build/navigate_interfaces -- -j4 -l4
[0.968s] INFO:colcon.colcon_core.task.python.build:Building Python package in '/home/dyj/learning_ws/src/car_controller'
[0.969s] INFO:colcon.colcon_core.shell:Skip shell extension 'powershell' for command environment: Not usable outside of PowerShell
[0.970s] DEBUG:colcon.colcon_core.shell:Skip shell extension 'dsv' for command environment
[1.265s] INFO:colcon.colcon_core.task.python.build:Building Python package in '/home/dyj/learning_ws/src/learning_pkg_python'
[1.267s] INFO:colcon.colcon_core.shell:Skip shell extension 'powershell' for command environment: Not usable outside of PowerShell
[1.267s] DEBUG:colcon.colcon_core.shell:Skip shell extension 'dsv' for command environment
[1.514s] INFO:colcon.colcon_core.task.python.build:Building Python package in '/home/dyj/learning_ws/src/wiki_example'
[1.515s] INFO:colcon.colcon_core.shell:Skip shell extension 'powershell' for command environment: Not usable outside of PowerShell
[1.516s] DEBUG:colcon.colcon_core.shell:Skip shell extension 'dsv' for command environment
[1.523s] DEBUG:colcon.colcon_core.event_handler.log_command:Invoked command in '/home/dyj/learning_ws/build/navigate_interfaces' returned '0': CMAKE_PREFIX_PATH=${CMAKE_PREFIX_PATH}:/home/dyj/learning_ws/install/wiki_example:/home/dyj/learning_ws/install/car_navigate:/home/dyj/learning_ws/install/learning_pkg_python:/home/dyj/learning_ws/install/car_controller:/home/dyj/dev_ws/install/learning_urdf:/home/dyj/dev_ws/install/learning_topic:/home/dyj/dev_ws/install/learning_tf:/home/dyj/dev_ws/install/learning_service:/home/dyj/dev_ws/install/learning_qos:/home/dyj/dev_ws/install/learning_pkg_python:/home/dyj/dev_ws/install/learning_parameter:/home/dyj/dev_ws/install/learning_node:/home/dyj/dev_ws/install/learning_launch:/home/dyj/dev_ws/install/learning_action:/home/dyj/dev_ws/install/learning_gazebo:/opt/ros/humble /usr/bin/cmake --build /home/dyj/learning_ws/build/navigate_interfaces -- -j4 -l4
[1.866s] DEBUG:colcon.colcon_core.event_handler.log_command:Invoking command in '/home/dyj/learning_ws/build/navigate_interfaces': CMAKE_PREFIX_PATH=${CMAKE_PREFIX_PATH}:/home/dyj/learning_ws/install/wiki_example:/home/dyj/learning_ws/install/car_navigate:/home/dyj/learning_ws/install/learning_pkg_python:/home/dyj/learning_ws/install/car_controller:/home/dyj/dev_ws/install/learning_urdf:/home/dyj/dev_ws/install/learning_topic:/home/dyj/dev_ws/install/learning_tf:/home/dyj/dev_ws/install/learning_service:/home/dyj/dev_ws/install/learning_qos:/home/dyj/dev_ws/install/learning_pkg_python:/home/dyj/dev_ws/install/learning_parameter:/home/dyj/dev_ws/install/learning_node:/home/dyj/dev_ws/install/learning_launch:/home/dyj/dev_ws/install/learning_action:/home/dyj/dev_ws/install/learning_gazebo:/opt/ros/humble /usr/bin/cmake --install /home/dyj/learning_ws/build/navigate_interfaces
[2.017s] Level 1:colcon.colcon_core.environment:create_environment_scripts_only(navigate_interfaces)
[2.019s] DEBUG:colcon.colcon_core.event_handler.log_command:Invoked command in '/home/dyj/learning_ws/build/navigate_interfaces' returned '0': CMAKE_PREFIX_PATH=${CMAKE_PREFIX_PATH}:/home/dyj/learning_ws/install/wiki_example:/home/dyj/learning_ws/install/car_navigate:/home/dyj/learning_ws/install/learning_pkg_python:/home/dyj/learning_ws/install/car_controller:/home/dyj/dev_ws/install/learning_urdf:/home/dyj/dev_ws/install/learning_topic:/home/dyj/dev_ws/install/learning_tf:/home/dyj/dev_ws/install/learning_service:/home/dyj/dev_ws/install/learning_qos:/home/dyj/dev_ws/install/learning_pkg_python:/home/dyj/dev_ws/install/learning_parameter:/home/dyj/dev_ws/install/learning_node:/home/dyj/dev_ws/install/learning_launch:/home/dyj/dev_ws/install/learning_action:/home/dyj/dev_ws/install/learning_gazebo:/opt/ros/humble /usr/bin/cmake --install /home/dyj/learning_ws/build/navigate_interfaces
[2.028s] Level 1:colcon.colcon_core.environment:checking '/home/dyj/learning_ws/install/navigate_interfaces' for CMake module files
[2.029s] Level 1:colcon.colcon_core.environment:checking '/home/dyj/learning_ws/install/navigate_interfaces' for CMake config files
[2.029s] Level 1:colcon.colcon_core.shell:create_environment_hook('navigate_interfaces', 'cmake_prefix_path')
[2.030s] INFO:colcon.colcon_core.shell:Creating environment hook '/home/dyj/learning_ws/install/navigate_interfaces/share/navigate_interfaces/hook/cmake_prefix_path.ps1'
[2.031s] INFO:colcon.colcon_core.shell:Creating environment descriptor '/home/dyj/learning_ws/install/navigate_interfaces/share/navigate_interfaces/hook/cmake_prefix_path.dsv'
[2.032s] INFO:colcon.colcon_core.shell:Creating environment hook '/home/dyj/learning_ws/install/navigate_interfaces/share/navigate_interfaces/hook/cmake_prefix_path.sh'
[2.034s] Level 1:colcon.colcon_core.environment:checking '/home/dyj/learning_ws/install/navigate_interfaces/lib'
[2.034s] Level 1:colcon.colcon_core.shell:create_environment_hook('navigate_interfaces', 'ld_library_path_lib')
[2.036s] INFO:colcon.colcon_core.shell:Creating environment hook '/home/dyj/learning_ws/install/navigate_interfaces/share/navigate_interfaces/hook/ld_library_path_lib.ps1'
[2.037s] INFO:colcon.colcon_core.shell:Creating environment descriptor '/home/dyj/learning_ws/install/navigate_interfaces/share/navigate_interfaces/hook/ld_library_path_lib.dsv'
[2.037s] INFO:colcon.colcon_core.shell:Creating environment hook '/home/dyj/learning_ws/install/navigate_interfaces/share/navigate_interfaces/hook/ld_library_path_lib.sh'
[2.038s] Level 1:colcon.colcon_core.environment:checking '/home/dyj/learning_ws/install/navigate_interfaces/bin'
[2.039s] Level 1:colcon.colcon_core.environment:checking '/home/dyj/learning_ws/install/navigate_interfaces/lib/pkgconfig/navigate_interfaces.pc'
[2.039s] Level 1:colcon.colcon_core.environment:checking '/home/dyj/learning_ws/install/navigate_interfaces/lib/python3.10/site-packages'
[2.039s] Level 1:colcon.colcon_core.environment:checking '/home/dyj/learning_ws/install/navigate_interfaces/bin'
[2.041s] INFO:colcon.colcon_core.shell:Creating package script '/home/dyj/learning_ws/install/navigate_interfaces/share/navigate_interfaces/package.ps1'
[2.042s] INFO:colcon.colcon_core.shell:Creating package descriptor '/home/dyj/learning_ws/install/navigate_interfaces/share/navigate_interfaces/package.dsv'
[2.044s] INFO:colcon.colcon_core.shell:Creating package script '/home/dyj/learning_ws/install/navigate_interfaces/share/navigate_interfaces/package.sh'
[2.045s] INFO:colcon.colcon_core.shell:Creating package script '/home/dyj/learning_ws/install/navigate_interfaces/share/navigate_interfaces/package.bash'
[2.046s] INFO:colcon.colcon_core.shell:Creating package script '/home/dyj/learning_ws/install/navigate_interfaces/share/navigate_interfaces/package.zsh'
[2.048s] Level 1:colcon.colcon_core.environment:create_file_with_runtime_dependencies(/home/dyj/learning_ws/install/navigate_interfaces/share/colcon-core/packages/navigate_interfaces)
[2.111s] Level 1:colcon.colcon_core.environment:create_environment_scripts_only(navigate_interfaces)
[2.113s] Level 1:colcon.colcon_core.environment:checking '/home/dyj/learning_ws/install/navigate_interfaces' for CMake module files
[2.114s] Level 1:colcon.colcon_core.environment:checking '/home/dyj/learning_ws/install/navigate_interfaces' for CMake config files
[2.114s] Level 1:colcon.colcon_core.shell:create_environment_hook('navigate_interfaces', 'cmake_prefix_path')
[2.116s] INFO:colcon.colcon_core.shell:Creating environment hook '/home/dyj/learning_ws/install/navigate_interfaces/share/navigate_interfaces/hook/cmake_prefix_path.ps1'
[2.116s] INFO:colcon.colcon_core.shell:Creating environment descriptor '/home/dyj/learning_ws/install/navigate_interfaces/share/navigate_interfaces/hook/cmake_prefix_path.dsv'
[2.117s] INFO:colcon.colcon_core.shell:Creating environment hook '/home/dyj/learning_ws/install/navigate_interfaces/share/navigate_interfaces/hook/cmake_prefix_path.sh'
[2.117s] Level 1:colcon.colcon_core.environment:checking '/home/dyj/learning_ws/install/navigate_interfaces/lib'
[2.118s] Level 1:colcon.colcon_core.shell:create_environment_hook('navigate_interfaces', 'ld_library_path_lib')
[2.119s] INFO:colcon.colcon_core.shell:Creating environment hook '/home/dyj/learning_ws/install/navigate_interfaces/share/navigate_interfaces/hook/ld_library_path_lib.ps1'
[2.119s] INFO:colcon.colcon_core.shell:Creating environment descriptor '/home/dyj/learning_ws/install/navigate_interfaces/share/navigate_interfaces/hook/ld_library_path_lib.dsv'
[2.120s] INFO:colcon.colcon_core.shell:Creating environment hook '/home/dyj/learning_ws/install/navigate_interfaces/share/navigate_interfaces/hook/ld_library_path_lib.sh'
[2.120s] Level 1:colcon.colcon_core.environment:checking '/home/dyj/learning_ws/install/navigate_interfaces/bin'
[2.120s] Level 1:colcon.colcon_core.environment:checking '/home/dyj/learning_ws/install/navigate_interfaces/lib/pkgconfig/navigate_interfaces.pc'
[2.120s] Level 1:colcon.colcon_core.environment:checking '/home/dyj/learning_ws/install/navigate_interfaces/lib/python3.10/site-packages'
[2.120s] Level 1:colcon.colcon_core.environment:checking '/home/dyj/learning_ws/install/navigate_interfaces/bin'
[2.122s] INFO:colcon.colcon_core.shell:Creating package script '/home/dyj/learning_ws/install/navigate_interfaces/share/navigate_interfaces/package.ps1'
[2.122s] INFO:colcon.colcon_core.shell:Creating package descriptor '/home/dyj/learning_ws/install/navigate_interfaces/share/navigate_interfaces/package.dsv'
[2.123s] INFO:colcon.colcon_core.shell:Creating package script '/home/dyj/learning_ws/install/navigate_interfaces/share/navigate_interfaces/package.sh'
[2.123s] INFO:colcon.colcon_core.shell:Creating package script '/home/dyj/learning_ws/install/navigate_interfaces/share/navigate_interfaces/package.bash'
[2.124s] INFO:colcon.colcon_core.shell:Creating package script '/home/dyj/learning_ws/install/navigate_interfaces/share/navigate_interfaces/package.zsh'
[2.124s] Level 1:colcon.colcon_core.environment:create_file_with_runtime_dependencies(/home/dyj/learning_ws/install/navigate_interfaces/share/colcon-core/packages/navigate_interfaces)
[2.126s] INFO:colcon.colcon_ros.task.ament_python.build:Building ROS package in '/home/dyj/learning_ws/src/car_navigate' with build type 'ament_python'
[2.126s] Level 1:colcon.colcon_core.shell:create_environment_hook('car_navigate', 'ament_prefix_path')
[2.127s] INFO:colcon.colcon_core.shell:Creating environment hook '/home/dyj/learning_ws/install/car_navigate/share/car_navigate/hook/ament_prefix_path.ps1'
[2.128s] INFO:colcon.colcon_core.shell:Creating environment descriptor '/home/dyj/learning_ws/install/car_navigate/share/car_navigate/hook/ament_prefix_path.dsv'
[2.128s] INFO:colcon.colcon_core.shell:Creating environment hook '/home/dyj/learning_ws/install/car_navigate/share/car_navigate/hook/ament_prefix_path.sh'
[2.130s] INFO:colcon.colcon_core.shell:Skip shell extension 'powershell' for command environment: Not usable outside of PowerShell
[2.130s] DEBUG:colcon.colcon_core.shell:Skip shell extension 'dsv' for command environment
[2.469s] INFO:colcon.colcon_core.task.python.build:Building Python package in '/home/dyj/learning_ws/src/car_navigate'
[2.471s] INFO:colcon.colcon_core.shell:Skip shell extension 'powershell' for command environment: Not usable outside of PowerShell
[2.471s] DEBUG:colcon.colcon_core.shell:Skip shell extension 'dsv' for command environment
[2.482s] DEBUG:colcon.colcon_core.event_handler.log_command:Invoking command in '/home/dyj/learning_ws/src/wiki_example': PYTHONPATH=/home/dyj/learning_ws/build/wiki_example/prefix_override:/home/dyj/learning_ws/install/wiki_example/lib/python3.10/site-packages:${PYTHONPATH} /usr/bin/python3 setup.py egg_info --egg-base ../../build/wiki_example build --build-base /home/dyj/learning_ws/build/wiki_example/build install --record /home/dyj/learning_ws/build/wiki_example/install.log --single-version-externally-managed
[2.484s] DEBUG:colcon.colcon_core.event_handler.log_command:Invoking command in '/home/dyj/learning_ws/src/learning_pkg_python': PYTHONPATH=/home/dyj/learning_ws/build/learning_pkg_python/prefix_override:/home/dyj/learning_ws/install/learning_pkg_python/lib/python3.10/site-packages:${PYTHONPATH} /usr/bin/python3 setup.py egg_info --egg-base ../../build/learning_pkg_python build --build-base /home/dyj/learning_ws/build/learning_pkg_python/build install --record /home/dyj/learning_ws/build/learning_pkg_python/install.log --single-version-externally-managed
[2.485s] DEBUG:colcon.colcon_core.event_handler.log_command:Invoking command in '/home/dyj/learning_ws/src/car_controller': PYTHONPATH=/home/dyj/learning_ws/build/car_controller/prefix_override:/home/dyj/learning_ws/install/car_controller/lib/python3.10/site-packages:${PYTHONPATH} /usr/bin/python3 setup.py egg_info --egg-base ../../build/car_controller build --build-base /home/dyj/learning_ws/build/car_controller/build install --record /home/dyj/learning_ws/build/car_controller/install.log --single-version-externally-managed
[2.851s] Level 1:colcon.colcon_core.environment:checking '/home/dyj/learning_ws/install/learning_pkg_python' for CMake module files
[2.852s] DEBUG:colcon.colcon_core.event_handler.log_command:Invoked command in '/home/dyj/learning_ws/src/learning_pkg_python' returned '0': PYTHONPATH=/home/dyj/learning_ws/build/learning_pkg_python/prefix_override:/home/dyj/learning_ws/install/learning_pkg_python/lib/python3.10/site-packages:${PYTHONPATH} /usr/bin/python3 setup.py egg_info --egg-base ../../build/learning_pkg_python build --build-base /home/dyj/learning_ws/build/learning_pkg_python/build install --record /home/dyj/learning_ws/build/learning_pkg_python/install.log --single-version-externally-managed
[2.852s] Level 1:colcon.colcon_core.environment:checking '/home/dyj/learning_ws/install/learning_pkg_python' for CMake config files
[2.862s] Level 1:colcon.colcon_core.environment:checking '/home/dyj/learning_ws/install/learning_pkg_python/lib'
[2.863s] Level 1:colcon.colcon_core.environment:checking '/home/dyj/learning_ws/install/learning_pkg_python/bin'
[2.863s] Level 1:colcon.colcon_core.environment:checking '/home/dyj/learning_ws/install/learning_pkg_python/lib/pkgconfig/learning_pkg_python.pc'
[2.864s] Level 1:colcon.colcon_core.environment:checking '/home/dyj/learning_ws/install/learning_pkg_python/lib/python3.10/site-packages'
[2.864s] Level 1:colcon.colcon_core.shell:create_environment_hook('learning_pkg_python', 'pythonpath')
[2.866s] INFO:colcon.colcon_core.shell:Creating environment hook '/home/dyj/learning_ws/install/learning_pkg_python/share/learning_pkg_python/hook/pythonpath.ps1'
[2.866s] INFO:colcon.colcon_core.shell:Creating environment descriptor '/home/dyj/learning_ws/install/learning_pkg_python/share/learning_pkg_python/hook/pythonpath.dsv'
[2.867s] INFO:colcon.colcon_core.shell:Creating environment hook '/home/dyj/learning_ws/install/learning_pkg_python/share/learning_pkg_python/hook/pythonpath.sh'
[2.868s] Level 1:colcon.colcon_core.environment:checking '/home/dyj/learning_ws/install/learning_pkg_python/bin'
[2.869s] Level 1:colcon.colcon_core.environment:create_environment_scripts_only(learning_pkg_python)
[2.870s] INFO:colcon.colcon_core.shell:Creating package script '/home/dyj/learning_ws/install/learning_pkg_python/share/learning_pkg_python/package.ps1'
[2.872s] INFO:colcon.colcon_core.shell:Creating package descriptor '/home/dyj/learning_ws/install/learning_pkg_python/share/learning_pkg_python/package.dsv'
[2.875s] INFO:colcon.colcon_core.shell:Creating package script '/home/dyj/learning_ws/install/learning_pkg_python/share/learning_pkg_python/package.sh'
[2.877s] INFO:colcon.colcon_core.shell:Creating package script '/home/dyj/learning_ws/install/learning_pkg_python/share/learning_pkg_python/package.bash'
[2.878s] INFO:colcon.colcon_core.shell:Creating package script '/home/dyj/learning_ws/install/learning_pkg_python/share/learning_pkg_python/package.zsh'
[2.880s] Level 1:colcon.colcon_core.environment:create_file_with_runtime_dependencies(/home/dyj/learning_ws/install/learning_pkg_python/share/colcon-core/packages/learning_pkg_python)
[2.986s] Level 1:colcon.colcon_core.environment:checking '/home/dyj/learning_ws/install/wiki_example' for CMake module files
[2.987s] DEBUG:colcon.colcon_core.event_handler.log_command:Invoked command in '/home/dyj/learning_ws/src/wiki_example' returned '0': PYTHONPATH=/home/dyj/learning_ws/build/wiki_example/prefix_override:/home/dyj/learning_ws/install/wiki_example/lib/python3.10/site-packages:${PYTHONPATH} /usr/bin/python3 setup.py egg_info --egg-base ../../build/wiki_example build --build-base /home/dyj/learning_ws/build/wiki_example/build install --record /home/dyj/learning_ws/build/wiki_example/install.log --single-version-externally-managed
[2.988s] Level 1:colcon.colcon_core.environment:checking '/home/dyj/learning_ws/install/wiki_example' for CMake config files
[2.989s] Level 1:colcon.colcon_core.environment:checking '/home/dyj/learning_ws/install/wiki_example/lib'
[2.989s] Level 1:colcon.colcon_core.environment:checking '/home/dyj/learning_ws/install/wiki_example/bin'
[2.989s] Level 1:colcon.colcon_core.environment:checking '/home/dyj/learning_ws/install/wiki_example/lib/pkgconfig/wiki_example.pc'
[2.989s] Level 1:colcon.colcon_core.environment:checking '/home/dyj/learning_ws/install/wiki_example/lib/python3.10/site-packages'
[2.989s] Level 1:colcon.colcon_core.shell:create_environment_hook('wiki_example', 'pythonpath')
[2.991s] INFO:colcon.colcon_core.shell:Creating environment hook '/home/dyj/learning_ws/install/wiki_example/share/wiki_example/hook/pythonpath.ps1'
[2.991s] INFO:colcon.colcon_core.shell:Creating environment descriptor '/home/dyj/learning_ws/install/wiki_example/share/wiki_example/hook/pythonpath.dsv'
[2.992s] INFO:colcon.colcon_core.shell:Creating environment hook '/home/dyj/learning_ws/install/wiki_example/share/wiki_example/hook/pythonpath.sh'
[2.993s] Level 1:colcon.colcon_core.environment:checking '/home/dyj/learning_ws/install/wiki_example/bin'
[2.993s] Level 1:colcon.colcon_core.environment:create_environment_scripts_only(wiki_example)
[2.994s] INFO:colcon.colcon_core.shell:Creating package script '/home/dyj/learning_ws/install/wiki_example/share/wiki_example/package.ps1'
[2.995s] INFO:colcon.colcon_core.shell:Creating package descriptor '/home/dyj/learning_ws/install/wiki_example/share/wiki_example/package.dsv'
[2.995s] INFO:colcon.colcon_core.shell:Creating package script '/home/dyj/learning_ws/install/wiki_example/share/wiki_example/package.sh'
[2.996s] INFO:colcon.colcon_core.shell:Creating package script '/home/dyj/learning_ws/install/wiki_example/share/wiki_example/package.bash'
[2.996s] INFO:colcon.colcon_core.shell:Creating package script '/home/dyj/learning_ws/install/wiki_example/share/wiki_example/package.zsh'
[2.997s] Level 1:colcon.colcon_core.environment:create_file_with_runtime_dependencies(/home/dyj/learning_ws/install/wiki_example/share/colcon-core/packages/wiki_example)
[3.042s] Level 1:colcon.colcon_core.environment:checking '/home/dyj/learning_ws/install/car_controller' for CMake module files
[3.043s] DEBUG:colcon.colcon_core.event_handler.log_command:Invoked command in '/home/dyj/learning_ws/src/car_controller' returned '0': PYTHONPATH=/home/dyj/learning_ws/build/car_controller/prefix_override:/home/dyj/learning_ws/install/car_controller/lib/python3.10/site-packages:${PYTHONPATH} /usr/bin/python3 setup.py egg_info --egg-base ../../build/car_controller build --build-base /home/dyj/learning_ws/build/car_controller/build install --record /home/dyj/learning_ws/build/car_controller/install.log --single-version-externally-managed
[3.043s] Level 1:colcon.colcon_core.environment:checking '/home/dyj/learning_ws/install/car_controller' for CMake config files
[3.044s] Level 1:colcon.colcon_core.environment:checking '/home/dyj/learning_ws/install/car_controller/lib'
[3.044s] Level 1:colcon.colcon_core.environment:checking '/home/dyj/learning_ws/install/car_controller/bin'
[3.044s] Level 1:colcon.colcon_core.environment:checking '/home/dyj/learning_ws/install/car_controller/lib/pkgconfig/car_controller.pc'
[3.045s] Level 1:colcon.colcon_core.environment:checking '/home/dyj/learning_ws/install/car_controller/lib/python3.10/site-packages'
[3.045s] Level 1:colcon.colcon_core.shell:create_environment_hook('car_controller', 'pythonpath')
[3.046s] INFO:colcon.colcon_core.shell:Creating environment hook '/home/dyj/learning_ws/install/car_controller/share/car_controller/hook/pythonpath.ps1'
[3.047s] INFO:colcon.colcon_core.shell:Creating environment descriptor '/home/dyj/learning_ws/install/car_controller/share/car_controller/hook/pythonpath.dsv'
[3.047s] INFO:colcon.colcon_core.shell:Creating environment hook '/home/dyj/learning_ws/install/car_controller/share/car_controller/hook/pythonpath.sh'
[3.048s] Level 1:colcon.colcon_core.environment:checking '/home/dyj/learning_ws/install/car_controller/bin'
[3.048s] Level 1:colcon.colcon_core.environment:create_environment_scripts_only(car_controller)
[3.049s] INFO:colcon.colcon_core.shell:Creating package script '/home/dyj/learning_ws/install/car_controller/share/car_controller/package.ps1'
[3.050s] INFO:colcon.colcon_core.shell:Creating package descriptor '/home/dyj/learning_ws/install/car_controller/share/car_controller/package.dsv'
[3.050s] INFO:colcon.colcon_core.shell:Creating package script '/home/dyj/learning_ws/install/car_controller/share/car_controller/package.sh'
[3.051s] INFO:colcon.colcon_core.shell:Creating package script '/home/dyj/learning_ws/install/car_controller/share/car_controller/package.bash'
[3.052s] INFO:colcon.colcon_core.shell:Creating package script '/home/dyj/learning_ws/install/car_controller/share/car_controller/package.zsh'
[3.052s] Level 1:colcon.colcon_core.environment:create_file_with_runtime_dependencies(/home/dyj/learning_ws/install/car_controller/share/colcon-core/packages/car_controller)
[3.058s] DEBUG:colcon.colcon_core.event_handler.log_command:Invoking command in '/home/dyj/learning_ws/src/car_navigate': PYTHONPATH=/home/dyj/learning_ws/build/car_navigate/prefix_override:/home/dyj/learning_ws/install/car_navigate/lib/python3.10/site-packages:${PYTHONPATH} /usr/bin/python3 setup.py egg_info --egg-base ../../build/car_navigate build --build-base /home/dyj/learning_ws/build/car_navigate/build install --record /home/dyj/learning_ws/build/car_navigate/install.log --single-version-externally-managed
[3.386s] Level 1:colcon.colcon_core.environment:checking '/home/dyj/learning_ws/install/car_navigate' for CMake module files
[3.387s] DEBUG:colcon.colcon_core.event_handler.log_command:Invoked command in '/home/dyj/learning_ws/src/car_navigate' returned '0': PYTHONPATH=/home/dyj/learning_ws/build/car_navigate/prefix_override:/home/dyj/learning_ws/install/car_navigate/lib/python3.10/site-packages:${PYTHONPATH} /usr/bin/python3 setup.py egg_info --egg-base ../../build/car_navigate build --build-base /home/dyj/learning_ws/build/car_navigate/build install --record /home/dyj/learning_ws/build/car_navigate/install.log --single-version-externally-managed
[3.387s] Level 1:colcon.colcon_core.environment:checking '/home/dyj/learning_ws/install/car_navigate' for CMake config files
[3.388s] Level 1:colcon.colcon_core.environment:checking '/home/dyj/learning_ws/install/car_navigate/lib'
[3.388s] Level 1:colcon.colcon_core.environment:checking '/home/dyj/learning_ws/install/car_navigate/bin'
[3.388s] Level 1:colcon.colcon_core.environment:checking '/home/dyj/learning_ws/install/car_navigate/lib/pkgconfig/car_navigate.pc'
[3.388s] Level 1:colcon.colcon_core.environment:checking '/home/dyj/learning_ws/install/car_navigate/lib/python3.10/site-packages'
[3.388s] Level 1:colcon.colcon_core.shell:create_environment_hook('car_navigate', 'pythonpath')
[3.390s] INFO:colcon.colcon_core.shell:Creating environment hook '/home/dyj/learning_ws/install/car_navigate/share/car_navigate/hook/pythonpath.ps1'
[3.390s] INFO:colcon.colcon_core.shell:Creating environment descriptor '/home/dyj/learning_ws/install/car_navigate/share/car_navigate/hook/pythonpath.dsv'
[3.391s] INFO:colcon.colcon_core.shell:Creating environment hook '/home/dyj/learning_ws/install/car_navigate/share/car_navigate/hook/pythonpath.sh'
[3.391s] Level 1:colcon.colcon_core.environment:checking '/home/dyj/learning_ws/install/car_navigate/bin'
[3.391s] Level 1:colcon.colcon_core.environment:create_environment_scripts_only(car_navigate)
[3.393s] INFO:colcon.colcon_core.shell:Creating package script '/home/dyj/learning_ws/install/car_navigate/share/car_navigate/package.ps1'
[3.393s] INFO:colcon.colcon_core.shell:Creating package descriptor '/home/dyj/learning_ws/install/car_navigate/share/car_navigate/package.dsv'
[3.394s] INFO:colcon.colcon_core.shell:Creating package script '/home/dyj/learning_ws/install/car_navigate/share/car_navigate/package.sh'
[3.394s] INFO:colcon.colcon_core.shell:Creating package script '/home/dyj/learning_ws/install/car_navigate/share/car_navigate/package.bash'
[3.395s] INFO:colcon.colcon_core.shell:Creating package script '/home/dyj/learning_ws/install/car_navigate/share/car_navigate/package.zsh'
[3.395s] Level 1:colcon.colcon_core.environment:create_file_with_runtime_dependencies(/home/dyj/learning_ws/install/car_navigate/share/colcon-core/packages/car_navigate)
[3.396s] DEBUG:colcon.colcon_parallel_executor.executor.parallel:closing loop
[3.397s] DEBUG:colcon.colcon_parallel_executor.executor.parallel:loop closed
[3.397s] DEBUG:colcon.colcon_parallel_executor.executor.parallel:run_until_complete finished with '0'
[3.397s] DEBUG:colcon.colcon_core.event_reactor:joining thread
[3.409s] INFO:colcon.colcon_core.plugin_system:Skipping extension 'colcon_notification.desktop_notification.terminal_notifier': Not used on non-Darwin systems
[3.409s] INFO:colcon.colcon_core.plugin_system:Skipping extension 'colcon_notification.desktop_notification.win32': Not used on non-Windows systems
[3.409s] INFO:colcon.colcon_notification.desktop_notification:Sending desktop notification using 'notify2'
[3.485s] DEBUG:colcon.colcon_core.event_reactor:joined thread
[3.487s] INFO:colcon.colcon_core.shell:Creating prefix script '/home/dyj/learning_ws/install/local_setup.ps1'
[3.488s] INFO:colcon.colcon_core.shell:Creating prefix util module '/home/dyj/learning_ws/install/_local_setup_util_ps1.py'
[3.490s] INFO:colcon.colcon_core.shell:Creating prefix chain script '/home/dyj/learning_ws/install/setup.ps1'
[3.493s] INFO:colcon.colcon_core.shell:Creating prefix script '/home/dyj/learning_ws/install/local_setup.sh'
[3.494s] INFO:colcon.colcon_core.shell:Creating prefix util module '/home/dyj/learning_ws/install/_local_setup_util_sh.py'
[3.495s] INFO:colcon.colcon_core.shell:Creating prefix chain script '/home/dyj/learning_ws/install/setup.sh'
[3.499s] INFO:colcon.colcon_core.shell:Creating prefix script '/home/dyj/learning_ws/install/local_setup.bash'
[3.500s] INFO:colcon.colcon_core.shell:Creating prefix chain script '/home/dyj/learning_ws/install/setup.bash'
[3.503s] INFO:colcon.colcon_core.shell:Creating prefix script '/home/dyj/learning_ws/install/local_setup.zsh'
[3.504s] INFO:colcon.colcon_core.shell:Creating prefix chain script '/home/dyj/learning_ws/install/setup.zsh'
