running egg_info
package init file 'wiki_example/__init__.py' not found (or not a regular file)
writing ../../build/wiki_example/wiki_example.egg-info/PKG-INFO
writing dependency_links to ../../build/wiki_example/wiki_example.egg-info/dependency_links.txt
writing entry points to ../../build/wiki_example/wiki_example.egg-info/entry_points.txt
writing requirements to ../../build/wiki_example/wiki_example.egg-info/requires.txt
writing top-level names to ../../build/wiki_example/wiki_example.egg-info/top_level.txt
/usr/lib/python3/dist-packages/setuptools/command/install.py:34: SetuptoolsDeprecationWarning: setup.py install is deprecated. Use build and pip and other standards-based tools.
  warnings.warn(
warning: install_lib: '/home/dyj/learning_ws/build/wiki_example/build/lib' does not exist -- no Python modules to install

reading manifest file '../../build/wiki_example/wiki_example.egg-info/SOURCES.txt'
writing manifest file '../../build/wiki_example/wiki_example.egg-info/SOURCES.txt'
running build
running build_py
running install
running install_lib
running install_data
running install_egg_info
removing '/home/dyj/learning_ws/install/wiki_example/lib/python3.10/site-packages/wiki_example-0.0.0-py3.10.egg-info' (and everything under it)
Copying ../../build/wiki_example/wiki_example.egg-info to /home/dyj/learning_ws/install/wiki_example/lib/python3.10/site-packages/wiki_example-0.0.0-py3.10.egg-info
running install_scripts
writing list of installed files to '/home/dyj/learning_ws/build/wiki_example/install.log'
