[0.013s] Invoking command in '/home/dyj/learning_ws/build/navigate_interfaces': CMAKE_PREFIX_PATH=${CMAKE_PREFIX_PATH}:/home/dyj/learning_ws/install/wiki_example:/home/dyj/learning_ws/install/learning_pkg_python:/home/dyj/learning_ws/install/car_controller:/home/dyj/dev_ws/install/learning_urdf:/home/dyj/dev_ws/install/learning_topic:/home/dyj/dev_ws/install/learning_tf:/home/dyj/dev_ws/install/learning_service:/home/dyj/dev_ws/install/learning_qos:/home/dyj/dev_ws/install/learning_pkg_python:/home/dyj/dev_ws/install/learning_parameter:/home/dyj/dev_ws/install/learning_node:/home/dyj/dev_ws/install/learning_launch:/home/dyj/dev_ws/install/learning_action:/home/dyj/dev_ws/install/learning_gazebo:/opt/ros/humble /usr/bin/cmake /home/dyj/learning_ws/src/navigate_interfaces -DCMAKE_INSTALL_PREFIX=/home/dyj/learning_ws/install/navigate_interfaces
[0.131s] -- The C compiler identification is GNU 11.3.0
[0.216s] -- The CXX compiler identification is GNU 11.3.0
[0.227s] -- Detecting C compiler ABI info
[0.287s] -- Detecting C compiler ABI info - done
[0.293s] -- Check for working C compiler: /usr/bin/cc - skipped
[0.293s] -- Detecting C compile features
[0.294s] -- Detecting C compile features - done
[0.298s] -- Detecting CXX compiler ABI info
[0.359s] -- Detecting CXX compiler ABI info - done
[0.364s] -- Check for working CXX compiler: /usr/bin/c++ - skipped
[0.365s] -- Detecting CXX compile features
[0.365s] -- Detecting CXX compile features - done
[0.370s] -- Found ament_cmake: 1.3.5 (/opt/ros/humble/share/ament_cmake/cmake)
[0.536s] -- Found Python3: /usr/bin/python3.10 (found version "3.10.6") found components: Interpreter 
[0.668s] -- Found rosidl_default_generators: 1.2.0 (/opt/ros/humble/share/rosidl_default_generators/cmake)
[0.676s] -- Using all available rosidl_typesupport_c: rosidl_typesupport_fastrtps_c;rosidl_typesupport_introspection_c
[0.689s] -- Found rosidl_adapter: 3.1.4 (/opt/ros/humble/share/rosidl_adapter/cmake)
[0.757s] -- Using all available rosidl_typesupport_cpp: rosidl_typesupport_fastrtps_cpp;rosidl_typesupport_introspection_cpp
[0.950s] [31mCMake Error at /opt/ros/humble/share/rosidl_adapter/cmake/rosidl_adapt_interfaces.cmake:59 (message):
[0.950s]   execute_process(/usr/bin/python3.10 -m rosidl_adapter --package-name
[0.950s]   navigate_interfaces --arguments-file
[0.950s]   /home/dyj/learning_ws/build/navigate_interfaces/rosidl_adapter__arguments__navigate_interfaces.json
[0.950s]   --output-dir
[0.950s]   /home/dyj/learning_ws/build/navigate_interfaces/rosidl_adapter/navigate_interfaces
[0.950s]   --output-file
[0.950s]   /home/dyj/learning_ws/build/navigate_interfaces/rosidl_adapter/navigate_interfaces.idls)
[0.950s]   returned error code 1:
[0.950s] 
[0.950s]   Traceback (most recent call last):
[0.950s] 
[0.951s]     File "/usr/lib/python3.10/runpy.py", line 196, in _run_module_as_main
[0.951s]       return _run_code(code, main_globals, None,
[0.951s]     File "/usr/lib/python3.10/runpy.py", line 86, in _run_code
[0.951s]       exec(code, run_globals)
[0.951s]     File "/opt/ros/humble/local/lib/python3.10/dist-packages/rosidl_adapter/__main__.py", line 19, in <module>
[0.951s]       sys.exit(main())
[0.951s]     File "/opt/ros/humble/local/lib/python3.10/dist-packages/rosidl_adapter/main.py", line 53, in main
[0.951s]       abs_idl_file = convert_to_idl(
[0.951s]     File "/opt/ros/humble/local/lib/python3.10/dist-packages/rosidl_adapter/__init__.py", line 29, in convert_to_idl
[0.951s]       return convert_action_to_idl(
[0.951s]     File "/opt/ros/humble/local/lib/python3.10/dist-packages/rosidl_adapter/action/__init__.py", line 28, in convert_action_to_idl
[0.951s]       action = parse_action_string(package_name, input_file.stem, content)
[0.951s]     File "/opt/ros/humble/local/lib/python3.10/dist-packages/rosidl_adapter/parser.py", line 902, in parse_action_string
[0.951s]       goal_message = parse_message_string(
[0.951s]     File "/opt/ros/humble/local/lib/python3.10/dist-packages/rosidl_adapter/parser.py", line 544, in parse_message_string
[0.951s]       msg = MessageSpecification(pkg_name, msg_name, fields, constants)
[0.951s]     File "/opt/ros/humble/local/lib/python3.10/dist-packages/rosidl_adapter/parser.py", line 388, in __init__
[0.951s]       self.base_type = BaseType(
[0.951s]     File "/opt/ros/humble/local/lib/python3.10/dist-packages/rosidl_adapter/parser.py", line 205, in __init__
[0.951s]       raise InvalidResourceName(
[0.952s] 
[0.952s]   rosidl_adapter.parser.InvalidResourceName: 'car_navigate_Goal' is an
[0.952s]   invalid message name.  It should have the pattern '^[A-Z][A-Za-z0-9]*$'
[0.952s] 
[0.952s] Call Stack (most recent call first):
[0.952s]   /opt/ros/humble/share/rosidl_cmake/cmake/rosidl_generate_interfaces.cmake:130 (rosidl_adapt_interfaces)
[0.952s]   CMakeLists.txt:12 (rosidl_generate_interfaces)
[0.952s] 
[0.952s] [0m
[0.952s] -- Configuring incomplete, errors occurred!
[0.952s] See also "/home/dyj/learning_ws/build/navigate_interfaces/CMakeFiles/CMakeOutput.log".
[0.957s] Invoked command in '/home/dyj/learning_ws/build/navigate_interfaces' returned '1': CMAKE_PREFIX_PATH=${CMAKE_PREFIX_PATH}:/home/dyj/learning_ws/install/wiki_example:/home/dyj/learning_ws/install/learning_pkg_python:/home/dyj/learning_ws/install/car_controller:/home/dyj/dev_ws/install/learning_urdf:/home/dyj/dev_ws/install/learning_topic:/home/dyj/dev_ws/install/learning_tf:/home/dyj/dev_ws/install/learning_service:/home/dyj/dev_ws/install/learning_qos:/home/dyj/dev_ws/install/learning_pkg_python:/home/dyj/dev_ws/install/learning_parameter:/home/dyj/dev_ws/install/learning_node:/home/dyj/dev_ws/install/learning_launch:/home/dyj/dev_ws/install/learning_action:/home/dyj/dev_ws/install/learning_gazebo:/opt/ros/humble /usr/bin/cmake /home/dyj/learning_ws/src/navigate_interfaces -DCMAKE_INSTALL_PREFIX=/home/dyj/learning_ws/install/navigate_interfaces
