[0.045s] Invoking command in '/home/dyj/learning_ws/build/navigate_interfaces': CMAKE_PREFIX_PATH=${CMAKE_PREFIX_PATH}:/home/dyj/learning_ws/install/wiki_example:/home/dyj/learning_ws/install/car_navigate:/home/dyj/learning_ws/install/learning_pkg_python:/home/dyj/learning_ws/install/car_controller:/home/dyj/dev_ws/install/learning_urdf:/home/dyj/dev_ws/install/learning_topic:/home/dyj/dev_ws/install/learning_tf:/home/dyj/dev_ws/install/learning_service:/home/dyj/dev_ws/install/learning_qos:/home/dyj/dev_ws/install/learning_pkg_python:/home/dyj/dev_ws/install/learning_parameter:/home/dyj/dev_ws/install/learning_node:/home/dyj/dev_ws/install/learning_launch:/home/dyj/dev_ws/install/learning_action:/home/dyj/dev_ws/install/learning_gazebo:/opt/ros/humble /usr/bin/cmake --build /home/dyj/learning_ws/build/navigate_interfaces -- -j4 -l4
[0.654s] [  2%] Built target navigate_interfaces__cpp
[0.656s] [ 12%] Built target navigate_interfaces__rosidl_generator_c
[0.656s] [ 12%] Built target ament_cmake_python_copy_navigate_interfaces
[0.656s] [ 23%] Built target navigate_interfaces__rosidl_typesupport_cpp
[0.656s] [ 33%] Built target navigate_interfaces__rosidl_typesupport_fastrtps_cpp
[0.656s] [ 43%] Built target navigate_interfaces__rosidl_typesupport_fastrtps_c
[0.656s] [ 53%] Built target navigate_interfaces__rosidl_typesupport_introspection_c
[0.656s] [ 64%] Built target navigate_interfaces__rosidl_typesupport_introspection_cpp
[0.656s] [ 74%] Built target navigate_interfaces__rosidl_typesupport_c
[0.656s] [ 74%] Built target navigate_interfaces
[0.656s] [ 76%] Built target navigate_interfaces__py
[0.656s] [ 84%] Built target navigate_interfaces__rosidl_generator_py
[0.657s] [ 89%] Built target navigate_interfaces__rosidl_typesupport_fastrtps_c__pyext
[0.657s] [ 94%] Built target navigate_interfaces__rosidl_typesupport_c__pyext
[0.657s] [100%] Built target navigate_interfaces__rosidl_typesupport_introspection_c__pyext
[0.657s] running egg_info
[0.657s] writing navigate_interfaces.egg-info/PKG-INFO
[0.657s] writing dependency_links to navigate_interfaces.egg-info/dependency_links.txt
[0.657s] writing top-level names to navigate_interfaces.egg-info/top_level.txt
[0.657s] reading manifest file 'navigate_interfaces.egg-info/SOURCES.txt'
[0.657s] writing manifest file 'navigate_interfaces.egg-info/SOURCES.txt'
[0.657s] [100%] Built target ament_cmake_python_build_navigate_interfaces_egg
[0.882s] Invoked command in '/home/dyj/learning_ws/build/navigate_interfaces' returned '0': CMAKE_PREFIX_PATH=${CMAKE_PREFIX_PATH}:/home/dyj/learning_ws/install/wiki_example:/home/dyj/learning_ws/install/car_navigate:/home/dyj/learning_ws/install/learning_pkg_python:/home/dyj/learning_ws/install/car_controller:/home/dyj/dev_ws/install/learning_urdf:/home/dyj/dev_ws/install/learning_topic:/home/dyj/dev_ws/install/learning_tf:/home/dyj/dev_ws/install/learning_service:/home/dyj/dev_ws/install/learning_qos:/home/dyj/dev_ws/install/learning_pkg_python:/home/dyj/dev_ws/install/learning_parameter:/home/dyj/dev_ws/install/learning_node:/home/dyj/dev_ws/install/learning_launch:/home/dyj/dev_ws/install/learning_action:/home/dyj/dev_ws/install/learning_gazebo:/opt/ros/humble /usr/bin/cmake --build /home/dyj/learning_ws/build/navigate_interfaces -- -j4 -l4
[0.942s] Invoking command in '/home/dyj/learning_ws/build/navigate_interfaces': CMAKE_PREFIX_PATH=${CMAKE_PREFIX_PATH}:/home/dyj/learning_ws/install/wiki_example:/home/dyj/learning_ws/install/car_navigate:/home/dyj/learning_ws/install/learning_pkg_python:/home/dyj/learning_ws/install/car_controller:/home/dyj/dev_ws/install/learning_urdf:/home/dyj/dev_ws/install/learning_topic:/home/dyj/dev_ws/install/learning_tf:/home/dyj/dev_ws/install/learning_service:/home/dyj/dev_ws/install/learning_qos:/home/dyj/dev_ws/install/learning_pkg_python:/home/dyj/dev_ws/install/learning_parameter:/home/dyj/dev_ws/install/learning_node:/home/dyj/dev_ws/install/learning_launch:/home/dyj/dev_ws/install/learning_action:/home/dyj/dev_ws/install/learning_gazebo:/opt/ros/humble /usr/bin/cmake --install /home/dyj/learning_ws/build/navigate_interfaces
[0.951s] -- Install configuration: ""
[0.952s] -- Up-to-date: /home/dyj/learning_ws/install/navigate_interfaces/share/ament_index/resource_index/rosidl_interfaces/navigate_interfaces
[0.952s] -- Up-to-date: /home/dyj/learning_ws/install/navigate_interfaces/include/navigate_interfaces/navigate_interfaces
[0.953s] -- Up-to-date: /home/dyj/learning_ws/install/navigate_interfaces/include/navigate_interfaces/navigate_interfaces/srv
[0.953s] -- Up-to-date: /home/dyj/learning_ws/install/navigate_interfaces/include/navigate_interfaces/navigate_interfaces/srv/give_position.h
[0.954s] -- Up-to-date: /home/dyj/learning_ws/install/navigate_interfaces/include/navigate_interfaces/navigate_interfaces/srv/detail
[0.955s] -- Up-to-date: /home/dyj/learning_ws/install/navigate_interfaces/include/navigate_interfaces/navigate_interfaces/srv/detail/give_position__functions.c
[0.957s] -- Up-to-date: /home/dyj/learning_ws/install/navigate_interfaces/include/navigate_interfaces/navigate_interfaces/srv/detail/give_position__functions.h
[0.957s] -- Up-to-date: /home/dyj/learning_ws/install/navigate_interfaces/include/navigate_interfaces/navigate_interfaces/srv/detail/give_position__struct.h
[0.957s] -- Up-to-date: /home/dyj/learning_ws/install/navigate_interfaces/include/navigate_interfaces/navigate_interfaces/srv/detail/give_position__type_support.h
[0.958s] -- Up-to-date: /home/dyj/learning_ws/install/navigate_interfaces/include/navigate_interfaces/navigate_interfaces/action
[0.958s] -- Up-to-date: /home/dyj/learning_ws/install/navigate_interfaces/include/navigate_interfaces/navigate_interfaces/action/car_navigate.h
[0.958s] -- Up-to-date: /home/dyj/learning_ws/install/navigate_interfaces/include/navigate_interfaces/navigate_interfaces/action/detail
[0.959s] -- Up-to-date: /home/dyj/learning_ws/install/navigate_interfaces/include/navigate_interfaces/navigate_interfaces/action/detail/car_navigate__functions.h
[0.959s] -- Up-to-date: /home/dyj/learning_ws/install/navigate_interfaces/include/navigate_interfaces/navigate_interfaces/action/detail/car_navigate__functions.c
[0.959s] -- Up-to-date: /home/dyj/learning_ws/install/navigate_interfaces/include/navigate_interfaces/navigate_interfaces/action/detail/car_navigate__struct.h
[0.959s] -- Up-to-date: /home/dyj/learning_ws/install/navigate_interfaces/include/navigate_interfaces/navigate_interfaces/action/detail/car_navigate__type_support.h
[0.960s] -- Up-to-date: /home/dyj/learning_ws/install/navigate_interfaces/include/navigate_interfaces/navigate_interfaces/msg
[0.960s] -- Up-to-date: /home/dyj/learning_ws/install/navigate_interfaces/include/navigate_interfaces/navigate_interfaces/msg/rosidl_generator_c__visibility_control.h
[0.961s] -- Up-to-date: /home/dyj/learning_ws/install/navigate_interfaces/share/navigate_interfaces/environment/library_path.sh
[0.961s] -- Up-to-date: /home/dyj/learning_ws/install/navigate_interfaces/share/navigate_interfaces/environment/library_path.dsv
[0.962s] -- Up-to-date: /home/dyj/learning_ws/install/navigate_interfaces/lib/libnavigate_interfaces__rosidl_generator_c.so
[0.963s] -- Up-to-date: /home/dyj/learning_ws/install/navigate_interfaces/include/navigate_interfaces/navigate_interfaces
[0.964s] -- Up-to-date: /home/dyj/learning_ws/install/navigate_interfaces/include/navigate_interfaces/navigate_interfaces/srv
[0.964s] -- Up-to-date: /home/dyj/learning_ws/install/navigate_interfaces/include/navigate_interfaces/navigate_interfaces/srv/detail
[0.965s] -- Up-to-date: /home/dyj/learning_ws/install/navigate_interfaces/include/navigate_interfaces/navigate_interfaces/srv/detail/give_position__rosidl_typesupport_fastrtps_c.h
[0.965s] -- Up-to-date: /home/dyj/learning_ws/install/navigate_interfaces/include/navigate_interfaces/navigate_interfaces/action
[0.966s] -- Up-to-date: /home/dyj/learning_ws/install/navigate_interfaces/include/navigate_interfaces/navigate_interfaces/action/detail
[0.966s] -- Up-to-date: /home/dyj/learning_ws/install/navigate_interfaces/include/navigate_interfaces/navigate_interfaces/action/detail/car_navigate__rosidl_typesupport_fastrtps_c.h
[0.966s] -- Up-to-date: /home/dyj/learning_ws/install/navigate_interfaces/include/navigate_interfaces/navigate_interfaces/msg
[0.967s] -- Up-to-date: /home/dyj/learning_ws/install/navigate_interfaces/include/navigate_interfaces/navigate_interfaces/msg/rosidl_typesupport_fastrtps_c__visibility_control.h
[0.967s] -- Up-to-date: /home/dyj/learning_ws/install/navigate_interfaces/lib/libnavigate_interfaces__rosidl_typesupport_fastrtps_c.so
[0.968s] -- Up-to-date: /home/dyj/learning_ws/install/navigate_interfaces/include/navigate_interfaces/navigate_interfaces
[0.968s] -- Up-to-date: /home/dyj/learning_ws/install/navigate_interfaces/include/navigate_interfaces/navigate_interfaces/srv
[0.969s] -- Up-to-date: /home/dyj/learning_ws/install/navigate_interfaces/include/navigate_interfaces/navigate_interfaces/srv/detail
[0.969s] -- Up-to-date: /home/dyj/learning_ws/install/navigate_interfaces/include/navigate_interfaces/navigate_interfaces/srv/detail/give_position__type_support.c
[0.970s] -- Up-to-date: /home/dyj/learning_ws/install/navigate_interfaces/include/navigate_interfaces/navigate_interfaces/srv/detail/give_position__rosidl_typesupport_introspection_c.h
[0.970s] -- Up-to-date: /home/dyj/learning_ws/install/navigate_interfaces/include/navigate_interfaces/navigate_interfaces/action
[0.971s] -- Up-to-date: /home/dyj/learning_ws/install/navigate_interfaces/include/navigate_interfaces/navigate_interfaces/action/detail
[0.971s] -- Up-to-date: /home/dyj/learning_ws/install/navigate_interfaces/include/navigate_interfaces/navigate_interfaces/action/detail/car_navigate__rosidl_typesupport_introspection_c.h
[0.971s] -- Up-to-date: /home/dyj/learning_ws/install/navigate_interfaces/include/navigate_interfaces/navigate_interfaces/action/detail/car_navigate__type_support.c
[0.971s] -- Up-to-date: /home/dyj/learning_ws/install/navigate_interfaces/include/navigate_interfaces/navigate_interfaces/msg
[0.972s] -- Up-to-date: /home/dyj/learning_ws/install/navigate_interfaces/include/navigate_interfaces/navigate_interfaces/msg/rosidl_typesupport_introspection_c__visibility_control.h
[0.974s] -- Up-to-date: /home/dyj/learning_ws/install/navigate_interfaces/lib/libnavigate_interfaces__rosidl_typesupport_introspection_c.so
[0.974s] -- Up-to-date: /home/dyj/learning_ws/install/navigate_interfaces/lib/libnavigate_interfaces__rosidl_typesupport_c.so
[0.974s] -- Up-to-date: /home/dyj/learning_ws/install/navigate_interfaces/include/navigate_interfaces/navigate_interfaces
[0.974s] -- Up-to-date: /home/dyj/learning_ws/install/navigate_interfaces/include/navigate_interfaces/navigate_interfaces/srv
[0.976s] -- Up-to-date: /home/dyj/learning_ws/install/navigate_interfaces/include/navigate_interfaces/navigate_interfaces/srv/give_position.hpp
[0.976s] -- Up-to-date: /home/dyj/learning_ws/install/navigate_interfaces/include/navigate_interfaces/navigate_interfaces/srv/detail
[0.976s] -- Up-to-date: /home/dyj/learning_ws/install/navigate_interfaces/include/navigate_interfaces/navigate_interfaces/srv/detail/give_position__traits.hpp
[0.976s] -- Up-to-date: /home/dyj/learning_ws/install/navigate_interfaces/include/navigate_interfaces/navigate_interfaces/srv/detail/give_position__builder.hpp
[0.977s] -- Up-to-date: /home/dyj/learning_ws/install/navigate_interfaces/include/navigate_interfaces/navigate_interfaces/srv/detail/give_position__struct.hpp
[0.977s] -- Up-to-date: /home/dyj/learning_ws/install/navigate_interfaces/include/navigate_interfaces/navigate_interfaces/action
[0.977s] -- Up-to-date: /home/dyj/learning_ws/install/navigate_interfaces/include/navigate_interfaces/navigate_interfaces/action/detail
[0.977s] -- Up-to-date: /home/dyj/learning_ws/install/navigate_interfaces/include/navigate_interfaces/navigate_interfaces/action/detail/car_navigate__traits.hpp
[0.977s] -- Up-to-date: /home/dyj/learning_ws/install/navigate_interfaces/include/navigate_interfaces/navigate_interfaces/action/detail/car_navigate__builder.hpp
[0.977s] -- Up-to-date: /home/dyj/learning_ws/install/navigate_interfaces/include/navigate_interfaces/navigate_interfaces/action/detail/car_navigate__struct.hpp
[0.977s] -- Up-to-date: /home/dyj/learning_ws/install/navigate_interfaces/include/navigate_interfaces/navigate_interfaces/action/car_navigate.hpp
[0.980s] -- Up-to-date: /home/dyj/learning_ws/install/navigate_interfaces/include/navigate_interfaces/navigate_interfaces
[0.980s] -- Up-to-date: /home/dyj/learning_ws/install/navigate_interfaces/include/navigate_interfaces/navigate_interfaces/srv
[0.981s] -- Up-to-date: /home/dyj/learning_ws/install/navigate_interfaces/include/navigate_interfaces/navigate_interfaces/srv/detail
[0.981s] -- Up-to-date: /home/dyj/learning_ws/install/navigate_interfaces/include/navigate_interfaces/navigate_interfaces/srv/detail/dds_fastrtps
[0.981s] -- Up-to-date: /home/dyj/learning_ws/install/navigate_interfaces/include/navigate_interfaces/navigate_interfaces/srv/detail/give_position__rosidl_typesupport_fastrtps_cpp.hpp
[0.981s] -- Up-to-date: /home/dyj/learning_ws/install/navigate_interfaces/include/navigate_interfaces/navigate_interfaces/action
[0.981s] -- Up-to-date: /home/dyj/learning_ws/install/navigate_interfaces/include/navigate_interfaces/navigate_interfaces/action/detail
[0.981s] -- Up-to-date: /home/dyj/learning_ws/install/navigate_interfaces/include/navigate_interfaces/navigate_interfaces/action/detail/car_navigate__rosidl_typesupport_fastrtps_cpp.hpp
[0.981s] -- Up-to-date: /home/dyj/learning_ws/install/navigate_interfaces/include/navigate_interfaces/navigate_interfaces/action/detail/dds_fastrtps
[0.981s] -- Up-to-date: /home/dyj/learning_ws/install/navigate_interfaces/include/navigate_interfaces/navigate_interfaces/msg
[0.985s] -- Up-to-date: /home/dyj/learning_ws/install/navigate_interfaces/include/navigate_interfaces/navigate_interfaces/msg/rosidl_typesupport_fastrtps_cpp__visibility_control.h
[0.985s] -- Up-to-date: /home/dyj/learning_ws/install/navigate_interfaces/lib/libnavigate_interfaces__rosidl_typesupport_fastrtps_cpp.so
[0.986s] -- Up-to-date: /home/dyj/learning_ws/install/navigate_interfaces/include/navigate_interfaces/navigate_interfaces
[0.986s] -- Up-to-date: /home/dyj/learning_ws/install/navigate_interfaces/include/navigate_interfaces/navigate_interfaces/srv
[0.986s] -- Up-to-date: /home/dyj/learning_ws/install/navigate_interfaces/include/navigate_interfaces/navigate_interfaces/srv/detail
[0.986s] -- Up-to-date: /home/dyj/learning_ws/install/navigate_interfaces/include/navigate_interfaces/navigate_interfaces/srv/detail/give_position__type_support.cpp
[0.986s] -- Up-to-date: /home/dyj/learning_ws/install/navigate_interfaces/include/navigate_interfaces/navigate_interfaces/srv/detail/give_position__rosidl_typesupport_introspection_cpp.hpp
[0.986s] -- Up-to-date: /home/dyj/learning_ws/install/navigate_interfaces/include/navigate_interfaces/navigate_interfaces/action
[0.986s] -- Up-to-date: /home/dyj/learning_ws/install/navigate_interfaces/include/navigate_interfaces/navigate_interfaces/action/detail
[0.987s] -- Up-to-date: /home/dyj/learning_ws/install/navigate_interfaces/include/navigate_interfaces/navigate_interfaces/action/detail/car_navigate__type_support.cpp
[0.987s] -- Up-to-date: /home/dyj/learning_ws/install/navigate_interfaces/include/navigate_interfaces/navigate_interfaces/action/detail/car_navigate__rosidl_typesupport_introspection_cpp.hpp
[0.991s] -- Up-to-date: /home/dyj/learning_ws/install/navigate_interfaces/lib/libnavigate_interfaces__rosidl_typesupport_introspection_cpp.so
[0.992s] -- Up-to-date: /home/dyj/learning_ws/install/navigate_interfaces/lib/libnavigate_interfaces__rosidl_typesupport_cpp.so
[0.992s] -- Up-to-date: /home/dyj/learning_ws/install/navigate_interfaces/share/navigate_interfaces/environment/pythonpath.sh
[0.992s] -- Up-to-date: /home/dyj/learning_ws/install/navigate_interfaces/share/navigate_interfaces/environment/pythonpath.dsv
[0.992s] -- Up-to-date: /home/dyj/learning_ws/install/navigate_interfaces/local/lib/python3.10/dist-packages/navigate_interfaces-0.0.0-py3.10.egg-info
[0.992s] -- Installing: /home/dyj/learning_ws/install/navigate_interfaces/local/lib/python3.10/dist-packages/navigate_interfaces-0.0.0-py3.10.egg-info/dependency_links.txt
[0.993s] -- Installing: /home/dyj/learning_ws/install/navigate_interfaces/local/lib/python3.10/dist-packages/navigate_interfaces-0.0.0-py3.10.egg-info/PKG-INFO
[0.993s] -- Installing: /home/dyj/learning_ws/install/navigate_interfaces/local/lib/python3.10/dist-packages/navigate_interfaces-0.0.0-py3.10.egg-info/SOURCES.txt
[0.993s] -- Installing: /home/dyj/learning_ws/install/navigate_interfaces/local/lib/python3.10/dist-packages/navigate_interfaces-0.0.0-py3.10.egg-info/top_level.txt
[0.993s] -- Up-to-date: /home/dyj/learning_ws/install/navigate_interfaces/local/lib/python3.10/dist-packages/navigate_interfaces
[0.994s] -- Up-to-date: /home/dyj/learning_ws/install/navigate_interfaces/local/lib/python3.10/dist-packages/navigate_interfaces/srv
[0.994s] -- Up-to-date: /home/dyj/learning_ws/install/navigate_interfaces/local/lib/python3.10/dist-packages/navigate_interfaces/srv/_give_position_s.c
[0.994s] -- Up-to-date: /home/dyj/learning_ws/install/navigate_interfaces/local/lib/python3.10/dist-packages/navigate_interfaces/srv/_give_position.py
[0.994s] -- Up-to-date: /home/dyj/learning_ws/install/navigate_interfaces/local/lib/python3.10/dist-packages/navigate_interfaces/srv/__init__.py
[0.994s] -- Up-to-date: /home/dyj/learning_ws/install/navigate_interfaces/local/lib/python3.10/dist-packages/navigate_interfaces/_navigate_interfaces_s.ep.rosidl_typesupport_c.c
[0.994s] -- Up-to-date: /home/dyj/learning_ws/install/navigate_interfaces/local/lib/python3.10/dist-packages/navigate_interfaces/navigate_interfaces_s__rosidl_typesupport_introspection_c.cpython-310-x86_64-linux-gnu.so
[0.995s] -- Up-to-date: /home/dyj/learning_ws/install/navigate_interfaces/local/lib/python3.10/dist-packages/navigate_interfaces/libnavigate_interfaces__rosidl_generator_py.so
[0.995s] -- Up-to-date: /home/dyj/learning_ws/install/navigate_interfaces/local/lib/python3.10/dist-packages/navigate_interfaces/_navigate_interfaces_s.ep.rosidl_typesupport_introspection_c.c
[0.995s] -- Up-to-date: /home/dyj/learning_ws/install/navigate_interfaces/local/lib/python3.10/dist-packages/navigate_interfaces/navigate_interfaces_s__rosidl_typesupport_fastrtps_c.cpython-310-x86_64-linux-gnu.so
[0.995s] -- Up-to-date: /home/dyj/learning_ws/install/navigate_interfaces/local/lib/python3.10/dist-packages/navigate_interfaces/action
[0.995s] -- Up-to-date: /home/dyj/learning_ws/install/navigate_interfaces/local/lib/python3.10/dist-packages/navigate_interfaces/action/_car_navigate_s.c
[0.995s] -- Up-to-date: /home/dyj/learning_ws/install/navigate_interfaces/local/lib/python3.10/dist-packages/navigate_interfaces/action/_car_navigate.py
[0.995s] -- Up-to-date: /home/dyj/learning_ws/install/navigate_interfaces/local/lib/python3.10/dist-packages/navigate_interfaces/action/__init__.py
[0.995s] -- Up-to-date: /home/dyj/learning_ws/install/navigate_interfaces/local/lib/python3.10/dist-packages/navigate_interfaces/_navigate_interfaces_s.ep.rosidl_typesupport_fastrtps_c.c
[0.995s] -- Up-to-date: /home/dyj/learning_ws/install/navigate_interfaces/local/lib/python3.10/dist-packages/navigate_interfaces/__init__.py
[0.995s] -- Up-to-date: /home/dyj/learning_ws/install/navigate_interfaces/local/lib/python3.10/dist-packages/navigate_interfaces/navigate_interfaces_s__rosidl_typesupport_c.cpython-310-x86_64-linux-gnu.so
[1.038s] Listing '/home/dyj/learning_ws/install/navigate_interfaces/local/lib/python3.10/dist-packages/navigate_interfaces'...
[1.038s] Listing '/home/dyj/learning_ws/install/navigate_interfaces/local/lib/python3.10/dist-packages/navigate_interfaces/action'...
[1.038s] Listing '/home/dyj/learning_ws/install/navigate_interfaces/local/lib/python3.10/dist-packages/navigate_interfaces/srv'...
[1.055s] -- Up-to-date: /home/dyj/learning_ws/install/navigate_interfaces/local/lib/python3.10/dist-packages/navigate_interfaces/navigate_interfaces_s__rosidl_typesupport_fastrtps_c.cpython-310-x86_64-linux-gnu.so
[1.059s] -- Up-to-date: /home/dyj/learning_ws/install/navigate_interfaces/local/lib/python3.10/dist-packages/navigate_interfaces/navigate_interfaces_s__rosidl_typesupport_introspection_c.cpython-310-x86_64-linux-gnu.so
[1.064s] -- Up-to-date: /home/dyj/learning_ws/install/navigate_interfaces/local/lib/python3.10/dist-packages/navigate_interfaces/navigate_interfaces_s__rosidl_typesupport_c.cpython-310-x86_64-linux-gnu.so
[1.066s] -- Up-to-date: /home/dyj/learning_ws/install/navigate_interfaces/lib/libnavigate_interfaces__rosidl_generator_py.so
[1.070s] -- Up-to-date: /home/dyj/learning_ws/install/navigate_interfaces/share/navigate_interfaces/action/CarNavigate.idl
[1.071s] -- Up-to-date: /home/dyj/learning_ws/install/navigate_interfaces/share/navigate_interfaces/srv/GivePosition.idl
[1.073s] -- Up-to-date: /home/dyj/learning_ws/install/navigate_interfaces/share/navigate_interfaces/action/CarNavigate.action
[1.075s] -- Up-to-date: /home/dyj/learning_ws/install/navigate_interfaces/share/navigate_interfaces/srv/GivePosition.srv
[1.075s] -- Up-to-date: /home/dyj/learning_ws/install/navigate_interfaces/share/navigate_interfaces/srv/GivePosition_Request.msg
[1.076s] -- Up-to-date: /home/dyj/learning_ws/install/navigate_interfaces/share/navigate_interfaces/srv/GivePosition_Response.msg
[1.077s] -- Up-to-date: /home/dyj/learning_ws/install/navigate_interfaces/share/ament_index/resource_index/package_run_dependencies/navigate_interfaces
[1.080s] -- Up-to-date: /home/dyj/learning_ws/install/navigate_interfaces/share/ament_index/resource_index/parent_prefix_path/navigate_interfaces
[1.083s] -- Up-to-date: /home/dyj/learning_ws/install/navigate_interfaces/share/navigate_interfaces/environment/ament_prefix_path.sh
[1.084s] -- Up-to-date: /home/dyj/learning_ws/install/navigate_interfaces/share/navigate_interfaces/environment/ament_prefix_path.dsv
[1.085s] -- Up-to-date: /home/dyj/learning_ws/install/navigate_interfaces/share/navigate_interfaces/environment/path.sh
[1.086s] -- Up-to-date: /home/dyj/learning_ws/install/navigate_interfaces/share/navigate_interfaces/environment/path.dsv
[1.087s] -- Up-to-date: /home/dyj/learning_ws/install/navigate_interfaces/share/navigate_interfaces/local_setup.bash
[1.087s] -- Up-to-date: /home/dyj/learning_ws/install/navigate_interfaces/share/navigate_interfaces/local_setup.sh
[1.087s] -- Up-to-date: /home/dyj/learning_ws/install/navigate_interfaces/share/navigate_interfaces/local_setup.zsh
[1.089s] -- Up-to-date: /home/dyj/learning_ws/install/navigate_interfaces/share/navigate_interfaces/local_setup.dsv
[1.089s] -- Installing: /home/dyj/learning_ws/install/navigate_interfaces/share/navigate_interfaces/package.dsv
[1.090s] -- Up-to-date: /home/dyj/learning_ws/install/navigate_interfaces/share/ament_index/resource_index/packages/navigate_interfaces
[1.091s] -- Up-to-date: /home/dyj/learning_ws/install/navigate_interfaces/share/navigate_interfaces/cmake/export_navigate_interfaces__rosidl_generator_cExport.cmake
[1.092s] -- Up-to-date: /home/dyj/learning_ws/install/navigate_interfaces/share/navigate_interfaces/cmake/export_navigate_interfaces__rosidl_generator_cExport-noconfig.cmake
[1.093s] -- Up-to-date: /home/dyj/learning_ws/install/navigate_interfaces/share/navigate_interfaces/cmake/export_navigate_interfaces__rosidl_typesupport_fastrtps_cExport.cmake
[1.094s] -- Up-to-date: /home/dyj/learning_ws/install/navigate_interfaces/share/navigate_interfaces/cmake/export_navigate_interfaces__rosidl_typesupport_fastrtps_cExport-noconfig.cmake
[1.095s] -- Up-to-date: /home/dyj/learning_ws/install/navigate_interfaces/share/navigate_interfaces/cmake/navigate_interfaces__rosidl_typesupport_introspection_cExport.cmake
[1.095s] -- Up-to-date: /home/dyj/learning_ws/install/navigate_interfaces/share/navigate_interfaces/cmake/navigate_interfaces__rosidl_typesupport_introspection_cExport-noconfig.cmake
[1.096s] -- Up-to-date: /home/dyj/learning_ws/install/navigate_interfaces/share/navigate_interfaces/cmake/navigate_interfaces__rosidl_typesupport_cExport.cmake
[1.097s] -- Up-to-date: /home/dyj/learning_ws/install/navigate_interfaces/share/navigate_interfaces/cmake/navigate_interfaces__rosidl_typesupport_cExport-noconfig.cmake
[1.098s] -- Up-to-date: /home/dyj/learning_ws/install/navigate_interfaces/share/navigate_interfaces/cmake/export_navigate_interfaces__rosidl_generator_cppExport.cmake
[1.099s] -- Up-to-date: /home/dyj/learning_ws/install/navigate_interfaces/share/navigate_interfaces/cmake/export_navigate_interfaces__rosidl_typesupport_fastrtps_cppExport.cmake
[1.099s] -- Up-to-date: /home/dyj/learning_ws/install/navigate_interfaces/share/navigate_interfaces/cmake/export_navigate_interfaces__rosidl_typesupport_fastrtps_cppExport-noconfig.cmake
[1.100s] -- Up-to-date: /home/dyj/learning_ws/install/navigate_interfaces/share/navigate_interfaces/cmake/navigate_interfaces__rosidl_typesupport_introspection_cppExport.cmake
[1.102s] -- Up-to-date: /home/dyj/learning_ws/install/navigate_interfaces/share/navigate_interfaces/cmake/navigate_interfaces__rosidl_typesupport_introspection_cppExport-noconfig.cmake
[1.102s] -- Up-to-date: /home/dyj/learning_ws/install/navigate_interfaces/share/navigate_interfaces/cmake/navigate_interfaces__rosidl_typesupport_cppExport.cmake
[1.103s] -- Up-to-date: /home/dyj/learning_ws/install/navigate_interfaces/share/navigate_interfaces/cmake/navigate_interfaces__rosidl_typesupport_cppExport-noconfig.cmake
[1.103s] -- Up-to-date: /home/dyj/learning_ws/install/navigate_interfaces/share/navigate_interfaces/cmake/export_navigate_interfaces__rosidl_generator_pyExport.cmake
[1.103s] -- Up-to-date: /home/dyj/learning_ws/install/navigate_interfaces/share/navigate_interfaces/cmake/export_navigate_interfaces__rosidl_generator_pyExport-noconfig.cmake
[1.103s] -- Up-to-date: /home/dyj/learning_ws/install/navigate_interfaces/share/navigate_interfaces/cmake/rosidl_cmake-extras.cmake
[1.103s] -- Up-to-date: /home/dyj/learning_ws/install/navigate_interfaces/share/navigate_interfaces/cmake/ament_cmake_export_dependencies-extras.cmake
[1.103s] -- Up-to-date: /home/dyj/learning_ws/install/navigate_interfaces/share/navigate_interfaces/cmake/ament_cmake_export_include_directories-extras.cmake
[1.103s] -- Up-to-date: /home/dyj/learning_ws/install/navigate_interfaces/share/navigate_interfaces/cmake/ament_cmake_export_libraries-extras.cmake
[1.103s] -- Up-to-date: /home/dyj/learning_ws/install/navigate_interfaces/share/navigate_interfaces/cmake/ament_cmake_export_targets-extras.cmake
[1.103s] -- Up-to-date: /home/dyj/learning_ws/install/navigate_interfaces/share/navigate_interfaces/cmake/rosidl_cmake_export_typesupport_targets-extras.cmake
[1.103s] -- Up-to-date: /home/dyj/learning_ws/install/navigate_interfaces/share/navigate_interfaces/cmake/rosidl_cmake_export_typesupport_libraries-extras.cmake
[1.103s] -- Up-to-date: /home/dyj/learning_ws/install/navigate_interfaces/share/navigate_interfaces/cmake/navigate_interfacesConfig.cmake
[1.103s] -- Up-to-date: /home/dyj/learning_ws/install/navigate_interfaces/share/navigate_interfaces/cmake/navigate_interfacesConfig-version.cmake
[1.103s] -- Up-to-date: /home/dyj/learning_ws/install/navigate_interfaces/share/navigate_interfaces/package.xml
[1.107s] Invoked command in '/home/dyj/learning_ws/build/navigate_interfaces' returned '0': CMAKE_PREFIX_PATH=${CMAKE_PREFIX_PATH}:/home/dyj/learning_ws/install/wiki_example:/home/dyj/learning_ws/install/car_navigate:/home/dyj/learning_ws/install/learning_pkg_python:/home/dyj/learning_ws/install/car_controller:/home/dyj/dev_ws/install/learning_urdf:/home/dyj/dev_ws/install/learning_topic:/home/dyj/dev_ws/install/learning_tf:/home/dyj/dev_ws/install/learning_service:/home/dyj/dev_ws/install/learning_qos:/home/dyj/dev_ws/install/learning_pkg_python:/home/dyj/dev_ws/install/learning_parameter:/home/dyj/dev_ws/install/learning_node:/home/dyj/dev_ws/install/learning_launch:/home/dyj/dev_ws/install/learning_action:/home/dyj/dev_ws/install/learning_gazebo:/opt/ros/humble /usr/bin/cmake --install /home/dyj/learning_ws/build/navigate_interfaces
