running egg_info
writing ../../build/car_navigate/car_navigate.egg-info/PKG-INFO
writing dependency_links to ../../build/car_navigate/car_navigate.egg-info/dependency_links.txt
writing entry points to ../../build/car_navigate/car_navigate.egg-info/entry_points.txt
writing requirements to ../../build/car_navigate/car_navigate.egg-info/requires.txt
writing top-level names to ../../build/car_navigate/car_navigate.egg-info/top_level.txt
reading manifest file '../../build/car_navigate/car_navigate.egg-info/SOURCES.txt'
writing manifest file '../../build/car_navigate/car_navigate.egg-info/SOURCES.txt'
running build
running build_py
copying car_navigate/car_navigate_one_position_server.py -> /home/dyj/learning_ws/build/car_navigate/build/lib/car_navigate
running install
running install_lib
copying /home/dyj/learning_ws/build/car_navigate/build/lib/car_navigate/car_navigate_one_position_server.py -> /home/dyj/learning_ws/install/car_navigate/lib/python3.10/site-packages/car_navigate
byte-compiling /home/dyj/learning_ws/install/car_navigate/lib/python3.10/site-packages/car_navigate/car_navigate_one_position_server.py to car_navigate_one_position_server.cpython-310.pyc
running install_data
running install_egg_info
removing '/home/dyj/learning_ws/install/car_navigate/lib/python3.10/site-packages/car_navigate-0.0.0-py3.10.egg-info' (and everything under it)
Copying ../../build/car_navigate/car_navigate.egg-info to /home/dyj/learning_ws/install/car_navigate/lib/python3.10/site-packages/car_navigate-0.0.0-py3.10.egg-info
running install_scripts
Installing car_navigate_one_position script to /home/dyj/learning_ws/install/car_navigate/lib/car_navigate
Installing car_navigate_one_position_client script to /home/dyj/learning_ws/install/car_navigate/lib/car_navigate
Installing car_navigate_one_position_server script to /home/dyj/learning_ws/install/car_navigate/lib/car_navigate
Installing car_navigate_tf_broadcaster script to /home/dyj/learning_ws/install/car_navigate/lib/car_navigate
Installing give_position_client script to /home/dyj/learning_ws/install/car_navigate/lib/car_navigate
Installing target_position_tf_broadcaster_server script to /home/dyj/learning_ws/install/car_navigate/lib/car_navigate
writing list of installed files to '/home/dyj/learning_ws/build/car_navigate/install.log'
