[0.852s] Invoking command in '/home/dyj/learning_ws/src/car_navigate': PYTHONPATH=/home/dyj/learning_ws/build/car_navigate/prefix_override:/home/dyj/learning_ws/install/car_navigate/lib/python3.10/site-packages:${PYTHONPATH} /usr/bin/python3 setup.py egg_info --egg-base ../../build/car_navigate build --build-base /home/dyj/learning_ws/build/car_navigate/build install --record /home/dyj/learning_ws/build/car_navigate/install.log --single-version-externally-managed
[1.060s] running egg_info
[1.061s] writing ../../build/car_navigate/car_navigate.egg-info/PKG-INFO
[1.061s] writing dependency_links to ../../build/car_navigate/car_navigate.egg-info/dependency_links.txt
[1.062s] writing entry points to ../../build/car_navigate/car_navigate.egg-info/entry_points.txt
[1.062s] writing requirements to ../../build/car_navigate/car_navigate.egg-info/requires.txt
[1.062s] writing top-level names to ../../build/car_navigate/car_navigate.egg-info/top_level.txt
[1.064s] reading manifest file '../../build/car_navigate/car_navigate.egg-info/SOURCES.txt'
[1.067s] writing manifest file '../../build/car_navigate/car_navigate.egg-info/SOURCES.txt'
[1.067s] running build
[1.067s] running build_py
[1.067s] copying car_navigate/car_navigate_one_position_server.py -> /home/dyj/learning_ws/build/car_navigate/build/lib/car_navigate
[1.067s] running install
[1.067s] running install_lib
[1.067s] /usr/lib/python3/dist-packages/setuptools/command/install.py:34: SetuptoolsDeprecationWarning: setup.py install is deprecated. Use build and pip and other standards-based tools.
[1.067s]   warnings.warn(
[1.068s] copying /home/dyj/learning_ws/build/car_navigate/build/lib/car_navigate/car_navigate_one_position_server.py -> /home/dyj/learning_ws/install/car_navigate/lib/python3.10/site-packages/car_navigate
[1.068s] byte-compiling /home/dyj/learning_ws/install/car_navigate/lib/python3.10/site-packages/car_navigate/car_navigate_one_position_server.py to car_navigate_one_position_server.cpython-310.pyc
[1.068s] running install_data
[1.069s] running install_egg_info
[1.071s] removing '/home/dyj/learning_ws/install/car_navigate/lib/python3.10/site-packages/car_navigate-0.0.0-py3.10.egg-info' (and everything under it)
[1.072s] Copying ../../build/car_navigate/car_navigate.egg-info to /home/dyj/learning_ws/install/car_navigate/lib/python3.10/site-packages/car_navigate-0.0.0-py3.10.egg-info
[1.072s] running install_scripts
[1.091s] Installing car_navigate_one_position script to /home/dyj/learning_ws/install/car_navigate/lib/car_navigate
[1.091s] Installing car_navigate_one_position_client script to /home/dyj/learning_ws/install/car_navigate/lib/car_navigate
[1.092s] Installing car_navigate_one_position_server script to /home/dyj/learning_ws/install/car_navigate/lib/car_navigate
[1.092s] Installing car_navigate_tf_broadcaster script to /home/dyj/learning_ws/install/car_navigate/lib/car_navigate
[1.092s] Installing give_position_client script to /home/dyj/learning_ws/install/car_navigate/lib/car_navigate
[1.092s] Installing target_position_tf_broadcaster_server script to /home/dyj/learning_ws/install/car_navigate/lib/car_navigate
[1.093s] writing list of installed files to '/home/dyj/learning_ws/build/car_navigate/install.log'
[1.129s] Invoked command in '/home/dyj/learning_ws/src/car_navigate' returned '0': PYTHONPATH=/home/dyj/learning_ws/build/car_navigate/prefix_override:/home/dyj/learning_ws/install/car_navigate/lib/python3.10/site-packages:${PYTHONPATH} /usr/bin/python3 setup.py egg_info --egg-base ../../build/car_navigate build --build-base /home/dyj/learning_ws/build/car_navigate/build install --record /home/dyj/learning_ws/build/car_navigate/install.log --single-version-externally-managed
