[1.216s] Invoking command in '/home/dyj/learning_ws/src/car_controller': PYTHONPATH=/home/dyj/learning_ws/build/car_controller/prefix_override:/home/dyj/learning_ws/install/car_controller/lib/python3.10/site-packages:${PYTHONPATH} /usr/bin/python3 setup.py egg_info --egg-base ../../build/car_controller build --build-base /home/dyj/learning_ws/build/car_controller/build install --record /home/dyj/learning_ws/build/car_controller/install.log --single-version-externally-managed
[1.440s] running egg_info
[1.441s] writing ../../build/car_controller/car_controller.egg-info/PKG-INFO
[1.441s] writing dependency_links to ../../build/car_controller/car_controller.egg-info/dependency_links.txt
[1.442s] writing entry points to ../../build/car_controller/car_controller.egg-info/entry_points.txt
[1.442s] writing requirements to ../../build/car_controller/car_controller.egg-info/requires.txt
[1.442s] writing top-level names to ../../build/car_controller/car_controller.egg-info/top_level.txt
[1.452s] reading manifest file '../../build/car_controller/car_controller.egg-info/SOURCES.txt'
[1.454s] writing manifest file '../../build/car_controller/car_controller.egg-info/SOURCES.txt'
[1.454s] running build
[1.454s] running build_py
[1.456s] copying car_controller/target_position_tf_broadcaster.py -> /home/dyj/learning_ws/build/car_controller/build/lib/car_controller
[1.456s] copying car_controller/car_navigate_one_position.py -> /home/dyj/learning_ws/build/car_controller/build/lib/car_controller
[1.456s] copying car_controller/car_navigate_tf_broadcaster.py -> /home/dyj/learning_ws/build/car_controller/build/lib/car_controller
[1.456s] running install
[1.456s] running install_lib
[1.456s] /usr/lib/python3/dist-packages/setuptools/command/install.py:34: SetuptoolsDeprecationWarning: setup.py install is deprecated. Use build and pip and other standards-based tools.
[1.456s]   warnings.warn(
[1.460s] copying /home/dyj/learning_ws/build/car_controller/build/lib/car_controller/target_position_tf_broadcaster.py -> /home/dyj/learning_ws/install/car_controller/lib/python3.10/site-packages/car_controller
[1.460s] copying /home/dyj/learning_ws/build/car_controller/build/lib/car_controller/car_navigate_one_position.py -> /home/dyj/learning_ws/install/car_controller/lib/python3.10/site-packages/car_controller
[1.460s] copying /home/dyj/learning_ws/build/car_controller/build/lib/car_controller/car_navigate_tf_broadcaster.py -> /home/dyj/learning_ws/install/car_controller/lib/python3.10/site-packages/car_controller
[1.460s] byte-compiling /home/dyj/learning_ws/install/car_controller/lib/python3.10/site-packages/car_controller/target_position_tf_broadcaster.py to target_position_tf_broadcaster.cpython-310.pyc
[1.460s] byte-compiling /home/dyj/learning_ws/install/car_controller/lib/python3.10/site-packages/car_controller/car_navigate_one_position.py to car_navigate_one_position.cpython-310.pyc
[1.460s] byte-compiling /home/dyj/learning_ws/install/car_controller/lib/python3.10/site-packages/car_controller/car_navigate_tf_broadcaster.py to car_navigate_tf_broadcaster.cpython-310.pyc
[1.460s] running install_data
[1.460s] copying launch/car_navigate.launch.py -> /home/dyj/learning_ws/install/car_controller/share/car_controller/launch
[1.460s] running install_egg_info
[1.463s] removing '/home/dyj/learning_ws/install/car_controller/lib/python3.10/site-packages/car_controller-0.0.0-py3.10.egg-info' (and everything under it)
[1.464s] Copying ../../build/car_controller/car_controller.egg-info to /home/dyj/learning_ws/install/car_controller/lib/python3.10/site-packages/car_controller-0.0.0-py3.10.egg-info
[1.465s] running install_scripts
[1.485s] Installing car_move_circle script to /home/dyj/learning_ws/install/car_controller/lib/car_controller
[1.486s] Installing car_move_square_try_1 script to /home/dyj/learning_ws/install/car_controller/lib/car_controller
[1.486s] Installing car_move_straight script to /home/dyj/learning_ws/install/car_controller/lib/car_controller
[1.486s] Installing car_navigate_one_position script to /home/dyj/learning_ws/install/car_controller/lib/car_controller
[1.486s] Installing car_navigate_tf_broadcaster script to /home/dyj/learning_ws/install/car_controller/lib/car_controller
[1.486s] Installing target_position_tf_broadcaster script to /home/dyj/learning_ws/install/car_controller/lib/car_controller
[1.487s] writing list of installed files to '/home/dyj/learning_ws/build/car_controller/install.log'
[1.526s] Invoked command in '/home/dyj/learning_ws/src/car_controller' returned '0': PYTHONPATH=/home/dyj/learning_ws/build/car_controller/prefix_override:/home/dyj/learning_ws/install/car_controller/lib/python3.10/site-packages:${PYTHONPATH} /usr/bin/python3 setup.py egg_info --egg-base ../../build/car_controller build --build-base /home/dyj/learning_ws/build/car_controller/build install --record /home/dyj/learning_ws/build/car_controller/install.log --single-version-externally-managed
