[0.872s] Invoking command in '/home/dyj/learning_ws/src/car_navigate': PYTHONPATH=/home/dyj/learning_ws/build/car_navigate/prefix_override:/home/dyj/learning_ws/install/car_navigate/lib/python3.10/site-packages:${PYTHONPATH} /usr/bin/python3 setup.py egg_info --egg-base ../../build/car_navigate build --build-base /home/dyj/learning_ws/build/car_navigate/build install --record /home/dyj/learning_ws/build/car_navigate/install.log --single-version-externally-managed
[1.086s] running egg_info
[1.086s] writing ../../build/car_navigate/car_navigate.egg-info/PKG-INFO
[1.087s] writing dependency_links to ../../build/car_navigate/car_navigate.egg-info/dependency_links.txt
[1.087s] writing entry points to ../../build/car_navigate/car_navigate.egg-info/entry_points.txt
[1.087s] writing requirements to ../../build/car_navigate/car_navigate.egg-info/requires.txt
[1.088s] writing top-level names to ../../build/car_navigate/car_navigate.egg-info/top_level.txt
[1.090s] reading manifest file '../../build/car_navigate/car_navigate.egg-info/SOURCES.txt'
[1.091s] writing manifest file '../../build/car_navigate/car_navigate.egg-info/SOURCES.txt'
[1.091s] running build
[1.091s] running build_py
[1.092s] copying car_navigate/target_position_tf_broadcaster_server.py -> /home/dyj/learning_ws/build/car_navigate/build/lib/car_navigate
[1.093s] copying car_navigate/give_position_client.py -> /home/dyj/learning_ws/build/car_navigate/build/lib/car_navigate
[1.093s] running install
[1.094s] /usr/lib/python3/dist-packages/setuptools/command/install.py:34: SetuptoolsDeprecationWarning: setup.py install is deprecated. Use build and pip and other standards-based tools.
[1.094s]   warnings.warn(
[1.094s] running install_lib
[1.095s] copying /home/dyj/learning_ws/build/car_navigate/build/lib/car_navigate/target_position_tf_broadcaster_server.py -> /home/dyj/learning_ws/install/car_navigate/lib/python3.10/site-packages/car_navigate
[1.096s] copying /home/dyj/learning_ws/build/car_navigate/build/lib/car_navigate/give_position_client.py -> /home/dyj/learning_ws/install/car_navigate/lib/python3.10/site-packages/car_navigate
[1.097s] byte-compiling /home/dyj/learning_ws/install/car_navigate/lib/python3.10/site-packages/car_navigate/target_position_tf_broadcaster_server.py to target_position_tf_broadcaster_server.cpython-310.pyc
[1.098s] byte-compiling /home/dyj/learning_ws/install/car_navigate/lib/python3.10/site-packages/car_navigate/give_position_client.py to give_position_client.cpython-310.pyc
[1.099s] running install_data
[1.099s] running install_egg_info
[1.102s] removing '/home/dyj/learning_ws/install/car_navigate/lib/python3.10/site-packages/car_navigate-0.0.0-py3.10.egg-info' (and everything under it)
[1.103s] Copying ../../build/car_navigate/car_navigate.egg-info to /home/dyj/learning_ws/install/car_navigate/lib/python3.10/site-packages/car_navigate-0.0.0-py3.10.egg-info
[1.103s] running install_scripts
[1.124s] Installing car_navigate_one_position script to /home/dyj/learning_ws/install/car_navigate/lib/car_navigate
[1.125s] Installing car_navigate_tf_broadcaster script to /home/dyj/learning_ws/install/car_navigate/lib/car_navigate
[1.125s] Installing give_position_client script to /home/dyj/learning_ws/install/car_navigate/lib/car_navigate
[1.125s] Installing target_position_tf_broadcaster_server script to /home/dyj/learning_ws/install/car_navigate/lib/car_navigate
[1.126s] writing list of installed files to '/home/dyj/learning_ws/build/car_navigate/install.log'
[1.156s] Invoked command in '/home/dyj/learning_ws/src/car_navigate' returned '0': PYTHONPATH=/home/dyj/learning_ws/build/car_navigate/prefix_override:/home/dyj/learning_ws/install/car_navigate/lib/python3.10/site-packages:${PYTHONPATH} /usr/bin/python3 setup.py egg_info --egg-base ../../build/car_navigate build --build-base /home/dyj/learning_ws/build/car_navigate/build install --record /home/dyj/learning_ws/build/car_navigate/install.log --single-version-externally-managed
