[0.042s] Invoking command in '/home/dyj/learning_ws/build/navigate_interfaces': CMAKE_PREFIX_PATH=${CMAKE_PREFIX_PATH}:/home/dyj/learning_ws/install/wiki_example:/home/dyj/learning_ws/install/car_navigate:/home/dyj/learning_ws/install/learning_pkg_python:/home/dyj/learning_ws/install/car_controller:/home/dyj/dev_ws/install/learning_urdf:/home/dyj/dev_ws/install/learning_topic:/home/dyj/dev_ws/install/learning_tf:/home/dyj/dev_ws/install/learning_service:/home/dyj/dev_ws/install/learning_qos:/home/dyj/dev_ws/install/learning_pkg_python:/home/dyj/dev_ws/install/learning_parameter:/home/dyj/dev_ws/install/learning_node:/home/dyj/dev_ws/install/learning_launch:/home/dyj/dev_ws/install/learning_action:/home/dyj/dev_ws/install/learning_gazebo:/opt/ros/humble /usr/bin/cmake --build /home/dyj/learning_ws/build/navigate_interfaces -- -j4 -l4
[0.477s] [  2%] Built target navigate_interfaces__cpp
[0.478s] [ 12%] Built target navigate_interfaces__rosidl_generator_c
[0.479s] [ 12%] Built target ament_cmake_python_copy_navigate_interfaces
[0.480s] [ 23%] Built target navigate_interfaces__rosidl_typesupport_introspection_cpp
[0.480s] [ 33%] Built target navigate_interfaces__rosidl_typesupport_fastrtps_c
[0.480s] [ 43%] Built target navigate_interfaces__rosidl_typesupport_cpp
[0.481s] [ 53%] Built target navigate_interfaces__rosidl_typesupport_fastrtps_cpp
[0.481s] [ 64%] Built target navigate_interfaces__rosidl_typesupport_c
[0.481s] [ 74%] Built target navigate_interfaces__rosidl_typesupport_introspection_c
[0.482s] [ 74%] Built target navigate_interfaces
[0.482s] [ 76%] Built target navigate_interfaces__py
[0.482s] [ 84%] Built target navigate_interfaces__rosidl_generator_py
[0.483s] [ 94%] Built target navigate_interfaces__rosidl_typesupport_introspection_c__pyext
[0.483s] [ 94%] Built target navigate_interfaces__rosidl_typesupport_fastrtps_c__pyext
[0.483s] [100%] Built target navigate_interfaces__rosidl_typesupport_c__pyext
[0.484s] running egg_info
[0.484s] writing navigate_interfaces.egg-info/PKG-INFO
[0.484s] writing dependency_links to navigate_interfaces.egg-info/dependency_links.txt
[0.484s] writing top-level names to navigate_interfaces.egg-info/top_level.txt
[0.485s] reading manifest file 'navigate_interfaces.egg-info/SOURCES.txt'
[0.485s] writing manifest file 'navigate_interfaces.egg-info/SOURCES.txt'
[0.485s] [100%] Built target ament_cmake_python_build_navigate_interfaces_egg
[0.694s] Invoked command in '/home/dyj/learning_ws/build/navigate_interfaces' returned '0': CMAKE_PREFIX_PATH=${CMAKE_PREFIX_PATH}:/home/dyj/learning_ws/install/wiki_example:/home/dyj/learning_ws/install/car_navigate:/home/dyj/learning_ws/install/learning_pkg_python:/home/dyj/learning_ws/install/car_controller:/home/dyj/dev_ws/install/learning_urdf:/home/dyj/dev_ws/install/learning_topic:/home/dyj/dev_ws/install/learning_tf:/home/dyj/dev_ws/install/learning_service:/home/dyj/dev_ws/install/learning_qos:/home/dyj/dev_ws/install/learning_pkg_python:/home/dyj/dev_ws/install/learning_parameter:/home/dyj/dev_ws/install/learning_node:/home/dyj/dev_ws/install/learning_launch:/home/dyj/dev_ws/install/learning_action:/home/dyj/dev_ws/install/learning_gazebo:/opt/ros/humble /usr/bin/cmake --build /home/dyj/learning_ws/build/navigate_interfaces -- -j4 -l4
[1.229s] Invoking command in '/home/dyj/learning_ws/build/navigate_interfaces': CMAKE_PREFIX_PATH=${CMAKE_PREFIX_PATH}:/home/dyj/learning_ws/install/wiki_example:/home/dyj/learning_ws/install/car_navigate:/home/dyj/learning_ws/install/learning_pkg_python:/home/dyj/learning_ws/install/car_controller:/home/dyj/dev_ws/install/learning_urdf:/home/dyj/dev_ws/install/learning_topic:/home/dyj/dev_ws/install/learning_tf:/home/dyj/dev_ws/install/learning_service:/home/dyj/dev_ws/install/learning_qos:/home/dyj/dev_ws/install/learning_pkg_python:/home/dyj/dev_ws/install/learning_parameter:/home/dyj/dev_ws/install/learning_node:/home/dyj/dev_ws/install/learning_launch:/home/dyj/dev_ws/install/learning_action:/home/dyj/dev_ws/install/learning_gazebo:/opt/ros/humble /usr/bin/cmake --install /home/dyj/learning_ws/build/navigate_interfaces
[1.246s] -- Install configuration: ""
[1.247s] -- Up-to-date: /home/dyj/learning_ws/install/navigate_interfaces/share/ament_index/resource_index/rosidl_interfaces/navigate_interfaces
[1.247s] -- Up-to-date: /home/dyj/learning_ws/install/navigate_interfaces/include/navigate_interfaces/navigate_interfaces
[1.248s] -- Up-to-date: /home/dyj/learning_ws/install/navigate_interfaces/include/navigate_interfaces/navigate_interfaces/srv
[1.248s] -- Up-to-date: /home/dyj/learning_ws/install/navigate_interfaces/include/navigate_interfaces/navigate_interfaces/srv/give_position.h
[1.248s] -- Up-to-date: /home/dyj/learning_ws/install/navigate_interfaces/include/navigate_interfaces/navigate_interfaces/srv/detail
[1.249s] -- Up-to-date: /home/dyj/learning_ws/install/navigate_interfaces/include/navigate_interfaces/navigate_interfaces/srv/detail/give_position__functions.c
[1.249s] -- Up-to-date: /home/dyj/learning_ws/install/navigate_interfaces/include/navigate_interfaces/navigate_interfaces/srv/detail/give_position__functions.h
[1.250s] -- Up-to-date: /home/dyj/learning_ws/install/navigate_interfaces/include/navigate_interfaces/navigate_interfaces/srv/detail/give_position__struct.h
[1.250s] -- Up-to-date: /home/dyj/learning_ws/install/navigate_interfaces/include/navigate_interfaces/navigate_interfaces/srv/detail/give_position__type_support.h
[1.250s] -- Up-to-date: /home/dyj/learning_ws/install/navigate_interfaces/include/navigate_interfaces/navigate_interfaces/action
[1.250s] -- Up-to-date: /home/dyj/learning_ws/install/navigate_interfaces/include/navigate_interfaces/navigate_interfaces/action/car_navigate.h
[1.251s] -- Up-to-date: /home/dyj/learning_ws/install/navigate_interfaces/include/navigate_interfaces/navigate_interfaces/action/detail
[1.252s] -- Up-to-date: /home/dyj/learning_ws/install/navigate_interfaces/include/navigate_interfaces/navigate_interfaces/action/detail/car_navigate__functions.h
[1.252s] -- Up-to-date: /home/dyj/learning_ws/install/navigate_interfaces/include/navigate_interfaces/navigate_interfaces/action/detail/car_navigate__functions.c
[1.253s] -- Up-to-date: /home/dyj/learning_ws/install/navigate_interfaces/include/navigate_interfaces/navigate_interfaces/action/detail/car_navigate__struct.h
[1.253s] -- Up-to-date: /home/dyj/learning_ws/install/navigate_interfaces/include/navigate_interfaces/navigate_interfaces/action/detail/car_navigate__type_support.h
[1.253s] -- Up-to-date: /home/dyj/learning_ws/install/navigate_interfaces/include/navigate_interfaces/navigate_interfaces/msg
[1.254s] -- Up-to-date: /home/dyj/learning_ws/install/navigate_interfaces/include/navigate_interfaces/navigate_interfaces/msg/rosidl_generator_c__visibility_control.h
[1.254s] -- Up-to-date: /home/dyj/learning_ws/install/navigate_interfaces/share/navigate_interfaces/environment/library_path.sh
[1.255s] -- Up-to-date: /home/dyj/learning_ws/install/navigate_interfaces/share/navigate_interfaces/environment/library_path.dsv
[1.256s] -- Up-to-date: /home/dyj/learning_ws/install/navigate_interfaces/lib/libnavigate_interfaces__rosidl_generator_c.so
[1.256s] -- Up-to-date: /home/dyj/learning_ws/install/navigate_interfaces/include/navigate_interfaces/navigate_interfaces
[1.257s] -- Up-to-date: /home/dyj/learning_ws/install/navigate_interfaces/include/navigate_interfaces/navigate_interfaces/srv
[1.257s] -- Up-to-date: /home/dyj/learning_ws/install/navigate_interfaces/include/navigate_interfaces/navigate_interfaces/srv/detail
[1.258s] -- Up-to-date: /home/dyj/learning_ws/install/navigate_interfaces/include/navigate_interfaces/navigate_interfaces/srv/detail/give_position__rosidl_typesupport_fastrtps_c.h
[1.258s] -- Up-to-date: /home/dyj/learning_ws/install/navigate_interfaces/include/navigate_interfaces/navigate_interfaces/action
[1.258s] -- Up-to-date: /home/dyj/learning_ws/install/navigate_interfaces/include/navigate_interfaces/navigate_interfaces/action/detail
[1.259s] -- Up-to-date: /home/dyj/learning_ws/install/navigate_interfaces/include/navigate_interfaces/navigate_interfaces/action/detail/car_navigate__rosidl_typesupport_fastrtps_c.h
[1.259s] -- Up-to-date: /home/dyj/learning_ws/install/navigate_interfaces/include/navigate_interfaces/navigate_interfaces/msg
[1.259s] -- Up-to-date: /home/dyj/learning_ws/install/navigate_interfaces/include/navigate_interfaces/navigate_interfaces/msg/rosidl_typesupport_fastrtps_c__visibility_control.h
[1.260s] -- Up-to-date: /home/dyj/learning_ws/install/navigate_interfaces/lib/libnavigate_interfaces__rosidl_typesupport_fastrtps_c.so
[1.260s] -- Up-to-date: /home/dyj/learning_ws/install/navigate_interfaces/include/navigate_interfaces/navigate_interfaces
[1.261s] -- Up-to-date: /home/dyj/learning_ws/install/navigate_interfaces/include/navigate_interfaces/navigate_interfaces/srv
[1.261s] -- Up-to-date: /home/dyj/learning_ws/install/navigate_interfaces/include/navigate_interfaces/navigate_interfaces/srv/detail
[1.261s] -- Up-to-date: /home/dyj/learning_ws/install/navigate_interfaces/include/navigate_interfaces/navigate_interfaces/srv/detail/give_position__type_support.c
[1.261s] -- Up-to-date: /home/dyj/learning_ws/install/navigate_interfaces/include/navigate_interfaces/navigate_interfaces/srv/detail/give_position__rosidl_typesupport_introspection_c.h
[1.261s] -- Up-to-date: /home/dyj/learning_ws/install/navigate_interfaces/include/navigate_interfaces/navigate_interfaces/action
[1.263s] -- Up-to-date: /home/dyj/learning_ws/install/navigate_interfaces/include/navigate_interfaces/navigate_interfaces/action/detail
[1.263s] -- Up-to-date: /home/dyj/learning_ws/install/navigate_interfaces/include/navigate_interfaces/navigate_interfaces/action/detail/car_navigate__rosidl_typesupport_introspection_c.h
[1.264s] -- Up-to-date: /home/dyj/learning_ws/install/navigate_interfaces/include/navigate_interfaces/navigate_interfaces/action/detail/car_navigate__type_support.c
[1.264s] -- Up-to-date: /home/dyj/learning_ws/install/navigate_interfaces/include/navigate_interfaces/navigate_interfaces/msg
[1.264s] -- Up-to-date: /home/dyj/learning_ws/install/navigate_interfaces/include/navigate_interfaces/navigate_interfaces/msg/rosidl_typesupport_introspection_c__visibility_control.h
[1.264s] -- Up-to-date: /home/dyj/learning_ws/install/navigate_interfaces/lib/libnavigate_interfaces__rosidl_typesupport_introspection_c.so
[1.264s] -- Up-to-date: /home/dyj/learning_ws/install/navigate_interfaces/lib/libnavigate_interfaces__rosidl_typesupport_c.so
[1.264s] -- Up-to-date: /home/dyj/learning_ws/install/navigate_interfaces/include/navigate_interfaces/navigate_interfaces
[1.264s] -- Up-to-date: /home/dyj/learning_ws/install/navigate_interfaces/include/navigate_interfaces/navigate_interfaces/srv
[1.264s] -- Up-to-date: /home/dyj/learning_ws/install/navigate_interfaces/include/navigate_interfaces/navigate_interfaces/srv/give_position.hpp
[1.264s] -- Up-to-date: /home/dyj/learning_ws/install/navigate_interfaces/include/navigate_interfaces/navigate_interfaces/srv/detail
[1.264s] -- Up-to-date: /home/dyj/learning_ws/install/navigate_interfaces/include/navigate_interfaces/navigate_interfaces/srv/detail/give_position__traits.hpp
[1.264s] -- Up-to-date: /home/dyj/learning_ws/install/navigate_interfaces/include/navigate_interfaces/navigate_interfaces/srv/detail/give_position__builder.hpp
[1.265s] -- Up-to-date: /home/dyj/learning_ws/install/navigate_interfaces/include/navigate_interfaces/navigate_interfaces/srv/detail/give_position__struct.hpp
[1.265s] -- Up-to-date: /home/dyj/learning_ws/install/navigate_interfaces/include/navigate_interfaces/navigate_interfaces/action
[1.265s] -- Up-to-date: /home/dyj/learning_ws/install/navigate_interfaces/include/navigate_interfaces/navigate_interfaces/action/detail
[1.265s] -- Up-to-date: /home/dyj/learning_ws/install/navigate_interfaces/include/navigate_interfaces/navigate_interfaces/action/detail/car_navigate__traits.hpp
[1.265s] -- Up-to-date: /home/dyj/learning_ws/install/navigate_interfaces/include/navigate_interfaces/navigate_interfaces/action/detail/car_navigate__builder.hpp
[1.265s] -- Up-to-date: /home/dyj/learning_ws/install/navigate_interfaces/include/navigate_interfaces/navigate_interfaces/action/detail/car_navigate__struct.hpp
[1.265s] -- Up-to-date: /home/dyj/learning_ws/install/navigate_interfaces/include/navigate_interfaces/navigate_interfaces/action/car_navigate.hpp
[1.265s] -- Up-to-date: /home/dyj/learning_ws/install/navigate_interfaces/include/navigate_interfaces/navigate_interfaces
[1.265s] -- Up-to-date: /home/dyj/learning_ws/install/navigate_interfaces/include/navigate_interfaces/navigate_interfaces/srv
[1.265s] -- Up-to-date: /home/dyj/learning_ws/install/navigate_interfaces/include/navigate_interfaces/navigate_interfaces/srv/detail
[1.265s] -- Up-to-date: /home/dyj/learning_ws/install/navigate_interfaces/include/navigate_interfaces/navigate_interfaces/srv/detail/dds_fastrtps
[1.265s] -- Up-to-date: /home/dyj/learning_ws/install/navigate_interfaces/include/navigate_interfaces/navigate_interfaces/srv/detail/give_position__rosidl_typesupport_fastrtps_cpp.hpp
[1.265s] -- Up-to-date: /home/dyj/learning_ws/install/navigate_interfaces/include/navigate_interfaces/navigate_interfaces/action
[1.265s] -- Up-to-date: /home/dyj/learning_ws/install/navigate_interfaces/include/navigate_interfaces/navigate_interfaces/action/detail
[1.265s] -- Up-to-date: /home/dyj/learning_ws/install/navigate_interfaces/include/navigate_interfaces/navigate_interfaces/action/detail/car_navigate__rosidl_typesupport_fastrtps_cpp.hpp
[1.265s] -- Up-to-date: /home/dyj/learning_ws/install/navigate_interfaces/include/navigate_interfaces/navigate_interfaces/action/detail/dds_fastrtps
[1.265s] -- Up-to-date: /home/dyj/learning_ws/install/navigate_interfaces/include/navigate_interfaces/navigate_interfaces/msg
[1.266s] -- Up-to-date: /home/dyj/learning_ws/install/navigate_interfaces/include/navigate_interfaces/navigate_interfaces/msg/rosidl_typesupport_fastrtps_cpp__visibility_control.h
[1.266s] -- Up-to-date: /home/dyj/learning_ws/install/navigate_interfaces/lib/libnavigate_interfaces__rosidl_typesupport_fastrtps_cpp.so
[1.266s] -- Up-to-date: /home/dyj/learning_ws/install/navigate_interfaces/include/navigate_interfaces/navigate_interfaces
[1.269s] -- Up-to-date: /home/dyj/learning_ws/install/navigate_interfaces/include/navigate_interfaces/navigate_interfaces/srv
[1.269s] -- Up-to-date: /home/dyj/learning_ws/install/navigate_interfaces/include/navigate_interfaces/navigate_interfaces/srv/detail
[1.269s] -- Up-to-date: /home/dyj/learning_ws/install/navigate_interfaces/include/navigate_interfaces/navigate_interfaces/srv/detail/give_position__type_support.cpp
[1.269s] -- Up-to-date: /home/dyj/learning_ws/install/navigate_interfaces/include/navigate_interfaces/navigate_interfaces/srv/detail/give_position__rosidl_typesupport_introspection_cpp.hpp
[1.269s] -- Up-to-date: /home/dyj/learning_ws/install/navigate_interfaces/include/navigate_interfaces/navigate_interfaces/action
[1.269s] -- Up-to-date: /home/dyj/learning_ws/install/navigate_interfaces/include/navigate_interfaces/navigate_interfaces/action/detail
[1.269s] -- Up-to-date: /home/dyj/learning_ws/install/navigate_interfaces/include/navigate_interfaces/navigate_interfaces/action/detail/car_navigate__type_support.cpp
[1.269s] -- Up-to-date: /home/dyj/learning_ws/install/navigate_interfaces/include/navigate_interfaces/navigate_interfaces/action/detail/car_navigate__rosidl_typesupport_introspection_cpp.hpp
[1.269s] -- Up-to-date: /home/dyj/learning_ws/install/navigate_interfaces/lib/libnavigate_interfaces__rosidl_typesupport_introspection_cpp.so
[1.269s] -- Up-to-date: /home/dyj/learning_ws/install/navigate_interfaces/lib/libnavigate_interfaces__rosidl_typesupport_cpp.so
[1.272s] -- Up-to-date: /home/dyj/learning_ws/install/navigate_interfaces/share/navigate_interfaces/environment/pythonpath.sh
[1.273s] -- Up-to-date: /home/dyj/learning_ws/install/navigate_interfaces/share/navigate_interfaces/environment/pythonpath.dsv
[1.273s] -- Up-to-date: /home/dyj/learning_ws/install/navigate_interfaces/local/lib/python3.10/dist-packages/navigate_interfaces-0.0.0-py3.10.egg-info
[1.273s] -- Installing: /home/dyj/learning_ws/install/navigate_interfaces/local/lib/python3.10/dist-packages/navigate_interfaces-0.0.0-py3.10.egg-info/dependency_links.txt
[1.273s] -- Installing: /home/dyj/learning_ws/install/navigate_interfaces/local/lib/python3.10/dist-packages/navigate_interfaces-0.0.0-py3.10.egg-info/PKG-INFO
[1.273s] -- Installing: /home/dyj/learning_ws/install/navigate_interfaces/local/lib/python3.10/dist-packages/navigate_interfaces-0.0.0-py3.10.egg-info/SOURCES.txt
[1.273s] -- Installing: /home/dyj/learning_ws/install/navigate_interfaces/local/lib/python3.10/dist-packages/navigate_interfaces-0.0.0-py3.10.egg-info/top_level.txt
[1.273s] -- Up-to-date: /home/dyj/learning_ws/install/navigate_interfaces/local/lib/python3.10/dist-packages/navigate_interfaces
[1.273s] -- Up-to-date: /home/dyj/learning_ws/install/navigate_interfaces/local/lib/python3.10/dist-packages/navigate_interfaces/srv
[1.273s] -- Up-to-date: /home/dyj/learning_ws/install/navigate_interfaces/local/lib/python3.10/dist-packages/navigate_interfaces/srv/_give_position_s.c
[1.273s] -- Up-to-date: /home/dyj/learning_ws/install/navigate_interfaces/local/lib/python3.10/dist-packages/navigate_interfaces/srv/_give_position.py
[1.273s] -- Up-to-date: /home/dyj/learning_ws/install/navigate_interfaces/local/lib/python3.10/dist-packages/navigate_interfaces/srv/__init__.py
[1.273s] -- Up-to-date: /home/dyj/learning_ws/install/navigate_interfaces/local/lib/python3.10/dist-packages/navigate_interfaces/_navigate_interfaces_s.ep.rosidl_typesupport_c.c
[1.273s] -- Up-to-date: /home/dyj/learning_ws/install/navigate_interfaces/local/lib/python3.10/dist-packages/navigate_interfaces/navigate_interfaces_s__rosidl_typesupport_introspection_c.cpython-310-x86_64-linux-gnu.so
[1.273s] -- Up-to-date: /home/dyj/learning_ws/install/navigate_interfaces/local/lib/python3.10/dist-packages/navigate_interfaces/libnavigate_interfaces__rosidl_generator_py.so
[1.273s] -- Up-to-date: /home/dyj/learning_ws/install/navigate_interfaces/local/lib/python3.10/dist-packages/navigate_interfaces/_navigate_interfaces_s.ep.rosidl_typesupport_introspection_c.c
[1.273s] -- Up-to-date: /home/dyj/learning_ws/install/navigate_interfaces/local/lib/python3.10/dist-packages/navigate_interfaces/navigate_interfaces_s__rosidl_typesupport_fastrtps_c.cpython-310-x86_64-linux-gnu.so
[1.273s] -- Up-to-date: /home/dyj/learning_ws/install/navigate_interfaces/local/lib/python3.10/dist-packages/navigate_interfaces/action
[1.273s] -- Up-to-date: /home/dyj/learning_ws/install/navigate_interfaces/local/lib/python3.10/dist-packages/navigate_interfaces/action/_car_navigate_s.c
[1.274s] -- Up-to-date: /home/dyj/learning_ws/install/navigate_interfaces/local/lib/python3.10/dist-packages/navigate_interfaces/action/_car_navigate.py
[1.274s] -- Up-to-date: /home/dyj/learning_ws/install/navigate_interfaces/local/lib/python3.10/dist-packages/navigate_interfaces/action/__init__.py
[1.274s] -- Up-to-date: /home/dyj/learning_ws/install/navigate_interfaces/local/lib/python3.10/dist-packages/navigate_interfaces/_navigate_interfaces_s.ep.rosidl_typesupport_fastrtps_c.c
[1.274s] -- Up-to-date: /home/dyj/learning_ws/install/navigate_interfaces/local/lib/python3.10/dist-packages/navigate_interfaces/__init__.py
[1.274s] -- Up-to-date: /home/dyj/learning_ws/install/navigate_interfaces/local/lib/python3.10/dist-packages/navigate_interfaces/navigate_interfaces_s__rosidl_typesupport_c.cpython-310-x86_64-linux-gnu.so
[1.329s] Listing '/home/dyj/learning_ws/install/navigate_interfaces/local/lib/python3.10/dist-packages/navigate_interfaces'...
[1.329s] Listing '/home/dyj/learning_ws/install/navigate_interfaces/local/lib/python3.10/dist-packages/navigate_interfaces/action'...
[1.329s] Listing '/home/dyj/learning_ws/install/navigate_interfaces/local/lib/python3.10/dist-packages/navigate_interfaces/srv'...
[1.334s] -- Up-to-date: /home/dyj/learning_ws/install/navigate_interfaces/local/lib/python3.10/dist-packages/navigate_interfaces/navigate_interfaces_s__rosidl_typesupport_fastrtps_c.cpython-310-x86_64-linux-gnu.so
[1.337s] -- Up-to-date: /home/dyj/learning_ws/install/navigate_interfaces/local/lib/python3.10/dist-packages/navigate_interfaces/navigate_interfaces_s__rosidl_typesupport_introspection_c.cpython-310-x86_64-linux-gnu.so
[1.337s] -- Up-to-date: /home/dyj/learning_ws/install/navigate_interfaces/local/lib/python3.10/dist-packages/navigate_interfaces/navigate_interfaces_s__rosidl_typesupport_c.cpython-310-x86_64-linux-gnu.so
[1.338s] -- Up-to-date: /home/dyj/learning_ws/install/navigate_interfaces/lib/libnavigate_interfaces__rosidl_generator_py.so
[1.338s] -- Up-to-date: /home/dyj/learning_ws/install/navigate_interfaces/share/navigate_interfaces/action/CarNavigate.idl
[1.338s] -- Up-to-date: /home/dyj/learning_ws/install/navigate_interfaces/share/navigate_interfaces/srv/GivePosition.idl
[1.338s] -- Up-to-date: /home/dyj/learning_ws/install/navigate_interfaces/share/navigate_interfaces/action/CarNavigate.action
[1.338s] -- Up-to-date: /home/dyj/learning_ws/install/navigate_interfaces/share/navigate_interfaces/srv/GivePosition.srv
[1.338s] -- Up-to-date: /home/dyj/learning_ws/install/navigate_interfaces/share/navigate_interfaces/srv/GivePosition_Request.msg
[1.338s] -- Up-to-date: /home/dyj/learning_ws/install/navigate_interfaces/share/navigate_interfaces/srv/GivePosition_Response.msg
[1.338s] -- Up-to-date: /home/dyj/learning_ws/install/navigate_interfaces/share/ament_index/resource_index/package_run_dependencies/navigate_interfaces
[1.339s] -- Up-to-date: /home/dyj/learning_ws/install/navigate_interfaces/share/ament_index/resource_index/parent_prefix_path/navigate_interfaces
[1.339s] -- Up-to-date: /home/dyj/learning_ws/install/navigate_interfaces/share/navigate_interfaces/environment/ament_prefix_path.sh
[1.339s] -- Up-to-date: /home/dyj/learning_ws/install/navigate_interfaces/share/navigate_interfaces/environment/ament_prefix_path.dsv
[1.339s] -- Up-to-date: /home/dyj/learning_ws/install/navigate_interfaces/share/navigate_interfaces/environment/path.sh
[1.339s] -- Up-to-date: /home/dyj/learning_ws/install/navigate_interfaces/share/navigate_interfaces/environment/path.dsv
[1.339s] -- Up-to-date: /home/dyj/learning_ws/install/navigate_interfaces/share/navigate_interfaces/local_setup.bash
[1.339s] -- Up-to-date: /home/dyj/learning_ws/install/navigate_interfaces/share/navigate_interfaces/local_setup.sh
[1.339s] -- Up-to-date: /home/dyj/learning_ws/install/navigate_interfaces/share/navigate_interfaces/local_setup.zsh
[1.339s] -- Up-to-date: /home/dyj/learning_ws/install/navigate_interfaces/share/navigate_interfaces/local_setup.dsv
[1.339s] -- Installing: /home/dyj/learning_ws/install/navigate_interfaces/share/navigate_interfaces/package.dsv
[1.339s] -- Up-to-date: /home/dyj/learning_ws/install/navigate_interfaces/share/ament_index/resource_index/packages/navigate_interfaces
[1.339s] -- Up-to-date: /home/dyj/learning_ws/install/navigate_interfaces/share/navigate_interfaces/cmake/export_navigate_interfaces__rosidl_generator_cExport.cmake
[1.339s] -- Up-to-date: /home/dyj/learning_ws/install/navigate_interfaces/share/navigate_interfaces/cmake/export_navigate_interfaces__rosidl_generator_cExport-noconfig.cmake
[1.339s] -- Up-to-date: /home/dyj/learning_ws/install/navigate_interfaces/share/navigate_interfaces/cmake/export_navigate_interfaces__rosidl_typesupport_fastrtps_cExport.cmake
[1.339s] -- Up-to-date: /home/dyj/learning_ws/install/navigate_interfaces/share/navigate_interfaces/cmake/export_navigate_interfaces__rosidl_typesupport_fastrtps_cExport-noconfig.cmake
[1.339s] -- Up-to-date: /home/dyj/learning_ws/install/navigate_interfaces/share/navigate_interfaces/cmake/navigate_interfaces__rosidl_typesupport_introspection_cExport.cmake
[1.339s] -- Up-to-date: /home/dyj/learning_ws/install/navigate_interfaces/share/navigate_interfaces/cmake/navigate_interfaces__rosidl_typesupport_introspection_cExport-noconfig.cmake
[1.339s] -- Up-to-date: /home/dyj/learning_ws/install/navigate_interfaces/share/navigate_interfaces/cmake/navigate_interfaces__rosidl_typesupport_cExport.cmake
[1.339s] -- Up-to-date: /home/dyj/learning_ws/install/navigate_interfaces/share/navigate_interfaces/cmake/navigate_interfaces__rosidl_typesupport_cExport-noconfig.cmake
[1.339s] -- Up-to-date: /home/dyj/learning_ws/install/navigate_interfaces/share/navigate_interfaces/cmake/export_navigate_interfaces__rosidl_generator_cppExport.cmake
[1.340s] -- Up-to-date: /home/dyj/learning_ws/install/navigate_interfaces/share/navigate_interfaces/cmake/export_navigate_interfaces__rosidl_typesupport_fastrtps_cppExport.cmake
[1.340s] -- Up-to-date: /home/dyj/learning_ws/install/navigate_interfaces/share/navigate_interfaces/cmake/export_navigate_interfaces__rosidl_typesupport_fastrtps_cppExport-noconfig.cmake
[1.340s] -- Up-to-date: /home/dyj/learning_ws/install/navigate_interfaces/share/navigate_interfaces/cmake/navigate_interfaces__rosidl_typesupport_introspection_cppExport.cmake
[1.340s] -- Up-to-date: /home/dyj/learning_ws/install/navigate_interfaces/share/navigate_interfaces/cmake/navigate_interfaces__rosidl_typesupport_introspection_cppExport-noconfig.cmake
[1.340s] -- Up-to-date: /home/dyj/learning_ws/install/navigate_interfaces/share/navigate_interfaces/cmake/navigate_interfaces__rosidl_typesupport_cppExport.cmake
[1.340s] -- Up-to-date: /home/dyj/learning_ws/install/navigate_interfaces/share/navigate_interfaces/cmake/navigate_interfaces__rosidl_typesupport_cppExport-noconfig.cmake
[1.340s] -- Up-to-date: /home/dyj/learning_ws/install/navigate_interfaces/share/navigate_interfaces/cmake/export_navigate_interfaces__rosidl_generator_pyExport.cmake
[1.340s] -- Up-to-date: /home/dyj/learning_ws/install/navigate_interfaces/share/navigate_interfaces/cmake/export_navigate_interfaces__rosidl_generator_pyExport-noconfig.cmake
[1.340s] -- Up-to-date: /home/dyj/learning_ws/install/navigate_interfaces/share/navigate_interfaces/cmake/rosidl_cmake-extras.cmake
[1.340s] -- Up-to-date: /home/dyj/learning_ws/install/navigate_interfaces/share/navigate_interfaces/cmake/ament_cmake_export_dependencies-extras.cmake
[1.340s] -- Up-to-date: /home/dyj/learning_ws/install/navigate_interfaces/share/navigate_interfaces/cmake/ament_cmake_export_include_directories-extras.cmake
[1.340s] -- Up-to-date: /home/dyj/learning_ws/install/navigate_interfaces/share/navigate_interfaces/cmake/ament_cmake_export_libraries-extras.cmake
[1.341s] -- Up-to-date: /home/dyj/learning_ws/install/navigate_interfaces/share/navigate_interfaces/cmake/ament_cmake_export_targets-extras.cmake
[1.341s] -- Up-to-date: /home/dyj/learning_ws/install/navigate_interfaces/share/navigate_interfaces/cmake/rosidl_cmake_export_typesupport_targets-extras.cmake
[1.341s] -- Up-to-date: /home/dyj/learning_ws/install/navigate_interfaces/share/navigate_interfaces/cmake/rosidl_cmake_export_typesupport_libraries-extras.cmake
[1.341s] -- Up-to-date: /home/dyj/learning_ws/install/navigate_interfaces/share/navigate_interfaces/cmake/navigate_interfacesConfig.cmake
[1.341s] -- Up-to-date: /home/dyj/learning_ws/install/navigate_interfaces/share/navigate_interfaces/cmake/navigate_interfacesConfig-version.cmake
[1.341s] -- Up-to-date: /home/dyj/learning_ws/install/navigate_interfaces/share/navigate_interfaces/package.xml
[1.366s] Invoked command in '/home/dyj/learning_ws/build/navigate_interfaces' returned '0': CMAKE_PREFIX_PATH=${CMAKE_PREFIX_PATH}:/home/dyj/learning_ws/install/wiki_example:/home/dyj/learning_ws/install/car_navigate:/home/dyj/learning_ws/install/learning_pkg_python:/home/dyj/learning_ws/install/car_controller:/home/dyj/dev_ws/install/learning_urdf:/home/dyj/dev_ws/install/learning_topic:/home/dyj/dev_ws/install/learning_tf:/home/dyj/dev_ws/install/learning_service:/home/dyj/dev_ws/install/learning_qos:/home/dyj/dev_ws/install/learning_pkg_python:/home/dyj/dev_ws/install/learning_parameter:/home/dyj/dev_ws/install/learning_node:/home/dyj/dev_ws/install/learning_launch:/home/dyj/dev_ws/install/learning_action:/home/dyj/dev_ws/install/learning_gazebo:/opt/ros/humble /usr/bin/cmake --install /home/dyj/learning_ws/build/navigate_interfaces
