[0.336s] DEBUG:colcon:Command line arguments: ['/usr/bin/colcon', 'build']
[0.337s] DEBUG:colcon:Parsed command line arguments: Namespace(log_base=None, log_level=None, verb_name='build', build_base='build', install_base='install', merge_install=False, symlink_install=False, test_result_base=None, continue_on_error=False, executor='parallel', parallel_workers=4, event_handlers=None, ignore_user_meta=False, metas=['./colcon.meta'], base_paths=['.'], packages_ignore=None, packages_ignore_regex=None, paths=None, packages_up_to=None, packages_up_to_regex=None, packages_above=None, packages_above_and_dependencies=None, packages_above_depth=None, packages_select_by_dep=None, packages_skip_by_dep=None, packages_skip_up_to=None, packages_select_build_failed=False, packages_skip_build_finished=False, packages_select_test_failures=False, packages_skip_test_passed=False, packages_select=None, packages_skip=None, packages_select_regex=None, packages_skip_regex=None, packages_start=None, packages_end=None, allow_overriding=[], cmake_args=None, cmake_target=None, cmake_target_skip_unavailable=False, cmake_clean_cache=False, cmake_clean_first=False, cmake_force_configure=False, ament_cmake_args=None, catkin_cmake_args=None, catkin_skip_building_tests=False, verb_parser=<colcon_defaults.argument_parser.defaults.DefaultArgumentsDecorator object at 0x7f2dcecf24a0>, verb_extension=<colcon_core.verb.build.BuildVerb object at 0x7f2dcf4b5bd0>, main=<bound method BuildVerb.main of <colcon_core.verb.build.BuildVerb object at 0x7f2dcf4b5bd0>>)
[0.367s] Level 1:colcon.colcon_core.package_discovery:discover_packages(colcon_meta) check parameters
[0.368s] Level 1:colcon.colcon_core.package_discovery:discover_packages(recursive) check parameters
[0.368s] Level 1:colcon.colcon_core.package_discovery:discover_packages(ignore) check parameters
[0.368s] Level 1:colcon.colcon_core.package_discovery:discover_packages(path) check parameters
[0.368s] Level 1:colcon.colcon_core.package_discovery:discover_packages(colcon_meta) discover
[0.368s] Level 1:colcon.colcon_core.package_discovery:discover_packages(recursive) discover
[0.368s] INFO:colcon.colcon_core.package_discovery:Crawling recursively for packages in '/home/dyj/learning_ws'
[0.368s] Level 1:colcon.colcon_core.package_identification:_identify(.) by extensions ['ignore', 'ignore_ament_install']
[0.368s] Level 1:colcon.colcon_core.package_identification:_identify(.) by extension 'ignore'
[0.368s] Level 1:colcon.colcon_core.package_identification:_identify(.) by extension 'ignore_ament_install'
[0.368s] Level 1:colcon.colcon_core.package_identification:_identify(.) by extensions ['colcon_pkg']
[0.368s] Level 1:colcon.colcon_core.package_identification:_identify(.) by extension 'colcon_pkg'
[0.368s] Level 1:colcon.colcon_core.package_identification:_identify(.) by extensions ['colcon_meta']
[0.368s] Level 1:colcon.colcon_core.package_identification:_identify(.) by extension 'colcon_meta'
[0.368s] Level 1:colcon.colcon_core.package_identification:_identify(.) by extensions ['ros']
[0.368s] Level 1:colcon.colcon_core.package_identification:_identify(.) by extension 'ros'
[0.377s] Level 1:colcon.colcon_core.package_identification:_identify(.) by extensions ['cmake', 'python']
[0.377s] Level 1:colcon.colcon_core.package_identification:_identify(.) by extension 'cmake'
[0.377s] Level 1:colcon.colcon_core.package_identification:_identify(.) by extension 'python'
[0.377s] Level 1:colcon.colcon_core.package_identification:_identify(.) by extensions ['python_setup_py']
[0.377s] Level 1:colcon.colcon_core.package_identification:_identify(.) by extension 'python_setup_py'
[0.377s] Level 1:colcon.colcon_core.package_identification:_identify(build) by extensions ['ignore', 'ignore_ament_install']
[0.377s] Level 1:colcon.colcon_core.package_identification:_identify(build) by extension 'ignore'
[0.378s] Level 1:colcon.colcon_core.package_identification:_identify(build) ignored
[0.378s] Level 1:colcon.colcon_core.package_identification:_identify(install) by extensions ['ignore', 'ignore_ament_install']
[0.378s] Level 1:colcon.colcon_core.package_identification:_identify(install) by extension 'ignore'
[0.378s] Level 1:colcon.colcon_core.package_identification:_identify(install) ignored
[0.378s] Level 1:colcon.colcon_core.package_identification:_identify(log) by extensions ['ignore', 'ignore_ament_install']
[0.378s] Level 1:colcon.colcon_core.package_identification:_identify(log) by extension 'ignore'
[0.378s] Level 1:colcon.colcon_core.package_identification:_identify(log) ignored
[0.378s] Level 1:colcon.colcon_core.package_identification:_identify(src) by extensions ['ignore', 'ignore_ament_install']
[0.379s] Level 1:colcon.colcon_core.package_identification:_identify(src) by extension 'ignore'
[0.379s] Level 1:colcon.colcon_core.package_identification:_identify(src) by extension 'ignore_ament_install'
[0.379s] Level 1:colcon.colcon_core.package_identification:_identify(src) by extensions ['colcon_pkg']
[0.379s] Level 1:colcon.colcon_core.package_identification:_identify(src) by extension 'colcon_pkg'
[0.379s] Level 1:colcon.colcon_core.package_identification:_identify(src) by extensions ['colcon_meta']
[0.379s] Level 1:colcon.colcon_core.package_identification:_identify(src) by extension 'colcon_meta'
[0.379s] Level 1:colcon.colcon_core.package_identification:_identify(src) by extensions ['ros']
[0.379s] Level 1:colcon.colcon_core.package_identification:_identify(src) by extension 'ros'
[0.379s] Level 1:colcon.colcon_core.package_identification:_identify(src) by extensions ['cmake', 'python']
[0.379s] Level 1:colcon.colcon_core.package_identification:_identify(src) by extension 'cmake'
[0.379s] Level 1:colcon.colcon_core.package_identification:_identify(src) by extension 'python'
[0.379s] Level 1:colcon.colcon_core.package_identification:_identify(src) by extensions ['python_setup_py']
[0.379s] Level 1:colcon.colcon_core.package_identification:_identify(src) by extension 'python_setup_py'
[0.379s] Level 1:colcon.colcon_core.package_identification:_identify(src/car_controller) by extensions ['ignore', 'ignore_ament_install']
[0.379s] Level 1:colcon.colcon_core.package_identification:_identify(src/car_controller) by extension 'ignore'
[0.379s] Level 1:colcon.colcon_core.package_identification:_identify(src/car_controller) by extension 'ignore_ament_install'
[0.379s] Level 1:colcon.colcon_core.package_identification:_identify(src/car_controller) by extensions ['colcon_pkg']
[0.379s] Level 1:colcon.colcon_core.package_identification:_identify(src/car_controller) by extension 'colcon_pkg'
[0.380s] Level 1:colcon.colcon_core.package_identification:_identify(src/car_controller) by extensions ['colcon_meta']
[0.380s] Level 1:colcon.colcon_core.package_identification:_identify(src/car_controller) by extension 'colcon_meta'
[0.380s] Level 1:colcon.colcon_core.package_identification:_identify(src/car_controller) by extensions ['ros']
[0.380s] Level 1:colcon.colcon_core.package_identification:_identify(src/car_controller) by extension 'ros'
[0.382s] DEBUG:colcon.colcon_core.package_identification:Package 'src/car_controller' with type 'ros.ament_python' and name 'car_controller'
[0.382s] Level 1:colcon.colcon_core.package_identification:_identify(src/car_navigate) by extensions ['ignore', 'ignore_ament_install']
[0.382s] Level 1:colcon.colcon_core.package_identification:_identify(src/car_navigate) by extension 'ignore'
[0.382s] Level 1:colcon.colcon_core.package_identification:_identify(src/car_navigate) by extension 'ignore_ament_install'
[0.382s] Level 1:colcon.colcon_core.package_identification:_identify(src/car_navigate) by extensions ['colcon_pkg']
[0.382s] Level 1:colcon.colcon_core.package_identification:_identify(src/car_navigate) by extension 'colcon_pkg'
[0.382s] Level 1:colcon.colcon_core.package_identification:_identify(src/car_navigate) by extensions ['colcon_meta']
[0.382s] Level 1:colcon.colcon_core.package_identification:_identify(src/car_navigate) by extension 'colcon_meta'
[0.382s] Level 1:colcon.colcon_core.package_identification:_identify(src/car_navigate) by extensions ['ros']
[0.382s] Level 1:colcon.colcon_core.package_identification:_identify(src/car_navigate) by extension 'ros'
[0.383s] DEBUG:colcon.colcon_core.package_identification:Package 'src/car_navigate' with type 'ros.ament_python' and name 'car_navigate'
[0.383s] Level 1:colcon.colcon_core.package_identification:_identify(src/learning_pkg_python) by extensions ['ignore', 'ignore_ament_install']
[0.383s] Level 1:colcon.colcon_core.package_identification:_identify(src/learning_pkg_python) by extension 'ignore'
[0.383s] Level 1:colcon.colcon_core.package_identification:_identify(src/learning_pkg_python) by extension 'ignore_ament_install'
[0.383s] Level 1:colcon.colcon_core.package_identification:_identify(src/learning_pkg_python) by extensions ['colcon_pkg']
[0.383s] Level 1:colcon.colcon_core.package_identification:_identify(src/learning_pkg_python) by extension 'colcon_pkg'
[0.383s] Level 1:colcon.colcon_core.package_identification:_identify(src/learning_pkg_python) by extensions ['colcon_meta']
[0.383s] Level 1:colcon.colcon_core.package_identification:_identify(src/learning_pkg_python) by extension 'colcon_meta'
[0.383s] Level 1:colcon.colcon_core.package_identification:_identify(src/learning_pkg_python) by extensions ['ros']
[0.383s] Level 1:colcon.colcon_core.package_identification:_identify(src/learning_pkg_python) by extension 'ros'
[0.384s] DEBUG:colcon.colcon_core.package_identification:Package 'src/learning_pkg_python' with type 'ros.ament_python' and name 'learning_pkg_python'
[0.384s] Level 1:colcon.colcon_core.package_identification:_identify(src/navigate_interfaces) by extensions ['ignore', 'ignore_ament_install']
[0.384s] Level 1:colcon.colcon_core.package_identification:_identify(src/navigate_interfaces) by extension 'ignore'
[0.384s] Level 1:colcon.colcon_core.package_identification:_identify(src/navigate_interfaces) by extension 'ignore_ament_install'
[0.384s] Level 1:colcon.colcon_core.package_identification:_identify(src/navigate_interfaces) by extensions ['colcon_pkg']
[0.384s] Level 1:colcon.colcon_core.package_identification:_identify(src/navigate_interfaces) by extension 'colcon_pkg'
[0.384s] Level 1:colcon.colcon_core.package_identification:_identify(src/navigate_interfaces) by extensions ['colcon_meta']
[0.384s] Level 1:colcon.colcon_core.package_identification:_identify(src/navigate_interfaces) by extension 'colcon_meta'
[0.384s] Level 1:colcon.colcon_core.package_identification:_identify(src/navigate_interfaces) by extensions ['ros']
[0.384s] Level 1:colcon.colcon_core.package_identification:_identify(src/navigate_interfaces) by extension 'ros'
[0.385s] DEBUG:colcon.colcon_core.package_identification:Package 'src/navigate_interfaces' with type 'ros.ament_cmake' and name 'navigate_interfaces'
[0.385s] Level 1:colcon.colcon_core.package_identification:_identify(src/wiki_example) by extensions ['ignore', 'ignore_ament_install']
[0.385s] Level 1:colcon.colcon_core.package_identification:_identify(src/wiki_example) by extension 'ignore'
[0.385s] Level 1:colcon.colcon_core.package_identification:_identify(src/wiki_example) by extension 'ignore_ament_install'
[0.385s] Level 1:colcon.colcon_core.package_identification:_identify(src/wiki_example) by extensions ['colcon_pkg']
[0.385s] Level 1:colcon.colcon_core.package_identification:_identify(src/wiki_example) by extension 'colcon_pkg'
[0.385s] Level 1:colcon.colcon_core.package_identification:_identify(src/wiki_example) by extensions ['colcon_meta']
[0.385s] Level 1:colcon.colcon_core.package_identification:_identify(src/wiki_example) by extension 'colcon_meta'
[0.385s] Level 1:colcon.colcon_core.package_identification:_identify(src/wiki_example) by extensions ['ros']
[0.385s] Level 1:colcon.colcon_core.package_identification:_identify(src/wiki_example) by extension 'ros'
[0.386s] DEBUG:colcon.colcon_core.package_identification:Package 'src/wiki_example' with type 'ros.ament_python' and name 'wiki_example'
[0.386s] Level 1:colcon.colcon_core.package_discovery:discover_packages(recursive) using defaults
[0.386s] Level 1:colcon.colcon_core.package_discovery:discover_packages(ignore) discover
[0.386s] Level 1:colcon.colcon_core.package_discovery:discover_packages(ignore) using defaults
[0.386s] Level 1:colcon.colcon_core.package_discovery:discover_packages(path) discover
[0.386s] Level 1:colcon.colcon_core.package_discovery:discover_packages(path) using defaults
[0.410s] Level 1:colcon.colcon_core.package_discovery:discover_packages(prefix_path) check parameters
[0.410s] Level 1:colcon.colcon_core.package_discovery:discover_packages(prefix_path) discover
[0.414s] DEBUG:colcon.colcon_installed_package_information.package_discovery:Found 5 installed packages in /home/dyj/learning_ws/install
[0.415s] DEBUG:colcon.colcon_installed_package_information.package_discovery:Found 13 installed packages in /home/dyj/dev_ws/install
[0.416s] DEBUG:colcon.colcon_installed_package_information.package_discovery:Found 388 installed packages in /opt/ros/humble
[0.418s] Level 1:colcon.colcon_core.package_discovery:discover_packages(prefix_path) using defaults
[0.471s] Level 5:colcon.colcon_core.verb:set package 'car_controller' build argument 'cmake_args' from command line to 'None'
[0.471s] Level 5:colcon.colcon_core.verb:set package 'car_controller' build argument 'cmake_target' from command line to 'None'
[0.471s] Level 5:colcon.colcon_core.verb:set package 'car_controller' build argument 'cmake_target_skip_unavailable' from command line to 'False'
[0.471s] Level 5:colcon.colcon_core.verb:set package 'car_controller' build argument 'cmake_clean_cache' from command line to 'False'
[0.471s] Level 5:colcon.colcon_core.verb:set package 'car_controller' build argument 'cmake_clean_first' from command line to 'False'
[0.471s] Level 5:colcon.colcon_core.verb:set package 'car_controller' build argument 'cmake_force_configure' from command line to 'False'
[0.471s] Level 5:colcon.colcon_core.verb:set package 'car_controller' build argument 'ament_cmake_args' from command line to 'None'
[0.471s] Level 5:colcon.colcon_core.verb:set package 'car_controller' build argument 'catkin_cmake_args' from command line to 'None'
[0.471s] Level 5:colcon.colcon_core.verb:set package 'car_controller' build argument 'catkin_skip_building_tests' from command line to 'False'
[0.471s] DEBUG:colcon.colcon_core.verb:Building package 'car_controller' with the following arguments: {'ament_cmake_args': None, 'build_base': '/home/dyj/learning_ws/build/car_controller', 'catkin_cmake_args': None, 'catkin_skip_building_tests': False, 'cmake_args': None, 'cmake_clean_cache': False, 'cmake_clean_first': False, 'cmake_force_configure': False, 'cmake_target': None, 'cmake_target_skip_unavailable': False, 'install_base': '/home/dyj/learning_ws/install/car_controller', 'merge_install': False, 'path': '/home/dyj/learning_ws/src/car_controller', 'symlink_install': False, 'test_result_base': None}
[0.472s] Level 5:colcon.colcon_core.verb:set package 'learning_pkg_python' build argument 'cmake_args' from command line to 'None'
[0.472s] Level 5:colcon.colcon_core.verb:set package 'learning_pkg_python' build argument 'cmake_target' from command line to 'None'
[0.472s] Level 5:colcon.colcon_core.verb:set package 'learning_pkg_python' build argument 'cmake_target_skip_unavailable' from command line to 'False'
[0.472s] Level 5:colcon.colcon_core.verb:set package 'learning_pkg_python' build argument 'cmake_clean_cache' from command line to 'False'
[0.472s] Level 5:colcon.colcon_core.verb:set package 'learning_pkg_python' build argument 'cmake_clean_first' from command line to 'False'
[0.472s] Level 5:colcon.colcon_core.verb:set package 'learning_pkg_python' build argument 'cmake_force_configure' from command line to 'False'
[0.472s] Level 5:colcon.colcon_core.verb:set package 'learning_pkg_python' build argument 'ament_cmake_args' from command line to 'None'
[0.472s] Level 5:colcon.colcon_core.verb:set package 'learning_pkg_python' build argument 'catkin_cmake_args' from command line to 'None'
[0.472s] Level 5:colcon.colcon_core.verb:set package 'learning_pkg_python' build argument 'catkin_skip_building_tests' from command line to 'False'
[0.472s] DEBUG:colcon.colcon_core.verb:Building package 'learning_pkg_python' with the following arguments: {'ament_cmake_args': None, 'build_base': '/home/dyj/learning_ws/build/learning_pkg_python', 'catkin_cmake_args': None, 'catkin_skip_building_tests': False, 'cmake_args': None, 'cmake_clean_cache': False, 'cmake_clean_first': False, 'cmake_force_configure': False, 'cmake_target': None, 'cmake_target_skip_unavailable': False, 'install_base': '/home/dyj/learning_ws/install/learning_pkg_python', 'merge_install': False, 'path': '/home/dyj/learning_ws/src/learning_pkg_python', 'symlink_install': False, 'test_result_base': None}
[0.473s] Level 5:colcon.colcon_core.verb:set package 'navigate_interfaces' build argument 'cmake_args' from command line to 'None'
[0.473s] Level 5:colcon.colcon_core.verb:set package 'navigate_interfaces' build argument 'cmake_target' from command line to 'None'
[0.473s] Level 5:colcon.colcon_core.verb:set package 'navigate_interfaces' build argument 'cmake_target_skip_unavailable' from command line to 'False'
[0.473s] Level 5:colcon.colcon_core.verb:set package 'navigate_interfaces' build argument 'cmake_clean_cache' from command line to 'False'
[0.473s] Level 5:colcon.colcon_core.verb:set package 'navigate_interfaces' build argument 'cmake_clean_first' from command line to 'False'
[0.473s] Level 5:colcon.colcon_core.verb:set package 'navigate_interfaces' build argument 'cmake_force_configure' from command line to 'False'
[0.473s] Level 5:colcon.colcon_core.verb:set package 'navigate_interfaces' build argument 'ament_cmake_args' from command line to 'None'
[0.473s] Level 5:colcon.colcon_core.verb:set package 'navigate_interfaces' build argument 'catkin_cmake_args' from command line to 'None'
[0.473s] Level 5:colcon.colcon_core.verb:set package 'navigate_interfaces' build argument 'catkin_skip_building_tests' from command line to 'False'
[0.473s] DEBUG:colcon.colcon_core.verb:Building package 'navigate_interfaces' with the following arguments: {'ament_cmake_args': None, 'build_base': '/home/dyj/learning_ws/build/navigate_interfaces', 'catkin_cmake_args': None, 'catkin_skip_building_tests': False, 'cmake_args': None, 'cmake_clean_cache': False, 'cmake_clean_first': False, 'cmake_force_configure': False, 'cmake_target': None, 'cmake_target_skip_unavailable': False, 'install_base': '/home/dyj/learning_ws/install/navigate_interfaces', 'merge_install': False, 'path': '/home/dyj/learning_ws/src/navigate_interfaces', 'symlink_install': False, 'test_result_base': None}
[0.473s] Level 5:colcon.colcon_core.verb:set package 'wiki_example' build argument 'cmake_args' from command line to 'None'
[0.474s] Level 5:colcon.colcon_core.verb:set package 'wiki_example' build argument 'cmake_target' from command line to 'None'
[0.474s] Level 5:colcon.colcon_core.verb:set package 'wiki_example' build argument 'cmake_target_skip_unavailable' from command line to 'False'
[0.474s] Level 5:colcon.colcon_core.verb:set package 'wiki_example' build argument 'cmake_clean_cache' from command line to 'False'
[0.474s] Level 5:colcon.colcon_core.verb:set package 'wiki_example' build argument 'cmake_clean_first' from command line to 'False'
[0.474s] Level 5:colcon.colcon_core.verb:set package 'wiki_example' build argument 'cmake_force_configure' from command line to 'False'
[0.474s] Level 5:colcon.colcon_core.verb:set package 'wiki_example' build argument 'ament_cmake_args' from command line to 'None'
[0.474s] Level 5:colcon.colcon_core.verb:set package 'wiki_example' build argument 'catkin_cmake_args' from command line to 'None'
[0.474s] Level 5:colcon.colcon_core.verb:set package 'wiki_example' build argument 'catkin_skip_building_tests' from command line to 'False'
[0.474s] DEBUG:colcon.colcon_core.verb:Building package 'wiki_example' with the following arguments: {'ament_cmake_args': None, 'build_base': '/home/dyj/learning_ws/build/wiki_example', 'catkin_cmake_args': None, 'catkin_skip_building_tests': False, 'cmake_args': None, 'cmake_clean_cache': False, 'cmake_clean_first': False, 'cmake_force_configure': False, 'cmake_target': None, 'cmake_target_skip_unavailable': False, 'install_base': '/home/dyj/learning_ws/install/wiki_example', 'merge_install': False, 'path': '/home/dyj/learning_ws/src/wiki_example', 'symlink_install': False, 'test_result_base': None}
[0.474s] Level 5:colcon.colcon_core.verb:set package 'car_navigate' build argument 'cmake_args' from command line to 'None'
[0.474s] Level 5:colcon.colcon_core.verb:set package 'car_navigate' build argument 'cmake_target' from command line to 'None'
[0.474s] Level 5:colcon.colcon_core.verb:set package 'car_navigate' build argument 'cmake_target_skip_unavailable' from command line to 'False'
[0.474s] Level 5:colcon.colcon_core.verb:set package 'car_navigate' build argument 'cmake_clean_cache' from command line to 'False'
[0.474s] Level 5:colcon.colcon_core.verb:set package 'car_navigate' build argument 'cmake_clean_first' from command line to 'False'
[0.474s] Level 5:colcon.colcon_core.verb:set package 'car_navigate' build argument 'cmake_force_configure' from command line to 'False'
[0.475s] Level 5:colcon.colcon_core.verb:set package 'car_navigate' build argument 'ament_cmake_args' from command line to 'None'
[0.475s] Level 5:colcon.colcon_core.verb:set package 'car_navigate' build argument 'catkin_cmake_args' from command line to 'None'
[0.475s] Level 5:colcon.colcon_core.verb:set package 'car_navigate' build argument 'catkin_skip_building_tests' from command line to 'False'
[0.475s] DEBUG:colcon.colcon_core.verb:Building package 'car_navigate' with the following arguments: {'ament_cmake_args': None, 'build_base': '/home/dyj/learning_ws/build/car_navigate', 'catkin_cmake_args': None, 'catkin_skip_building_tests': False, 'cmake_args': None, 'cmake_clean_cache': False, 'cmake_clean_first': False, 'cmake_force_configure': False, 'cmake_target': None, 'cmake_target_skip_unavailable': False, 'install_base': '/home/dyj/learning_ws/install/car_navigate', 'merge_install': False, 'path': '/home/dyj/learning_ws/src/car_navigate', 'symlink_install': False, 'test_result_base': None}
[0.475s] INFO:colcon.colcon_core.executor:Executing jobs using 'parallel' executor
[0.478s] DEBUG:colcon.colcon_parallel_executor.executor.parallel:run_until_complete
[0.478s] INFO:colcon.colcon_ros.task.ament_cmake.build:Building ROS package in '/home/dyj/learning_ws/src/navigate_interfaces' with build type 'ament_cmake'
[0.478s] INFO:colcon.colcon_cmake.task.cmake.build:Building CMake package in '/home/dyj/learning_ws/src/navigate_interfaces'
[0.483s] INFO:colcon.colcon_core.plugin_system:Skipping extension 'colcon_core.shell.bat': Not used on non-Windows systems
[0.484s] INFO:colcon.colcon_core.shell:Skip shell extension 'powershell' for command environment: Not usable outside of PowerShell
[0.484s] DEBUG:colcon.colcon_core.shell:Skip shell extension 'dsv' for command environment
[0.489s] INFO:colcon.colcon_ros.task.ament_python.build:Building ROS package in '/home/dyj/learning_ws/src/car_controller' with build type 'ament_python'
[0.489s] Level 1:colcon.colcon_core.shell:create_environment_hook('car_controller', 'ament_prefix_path')
[0.490s] INFO:colcon.colcon_core.shell:Creating environment hook '/home/dyj/learning_ws/install/car_controller/share/car_controller/hook/ament_prefix_path.ps1'
[0.491s] INFO:colcon.colcon_core.shell:Creating environment descriptor '/home/dyj/learning_ws/install/car_controller/share/car_controller/hook/ament_prefix_path.dsv'
[0.491s] INFO:colcon.colcon_core.shell:Creating environment hook '/home/dyj/learning_ws/install/car_controller/share/car_controller/hook/ament_prefix_path.sh'
[0.493s] INFO:colcon.colcon_core.shell:Skip shell extension 'powershell' for command environment: Not usable outside of PowerShell
[0.493s] DEBUG:colcon.colcon_core.shell:Skip shell extension 'dsv' for command environment
[0.497s] INFO:colcon.colcon_ros.task.ament_python.build:Building ROS package in '/home/dyj/learning_ws/src/learning_pkg_python' with build type 'ament_python'
[0.497s] Level 1:colcon.colcon_core.shell:create_environment_hook('learning_pkg_python', 'ament_prefix_path')
[0.498s] INFO:colcon.colcon_core.shell:Creating environment hook '/home/dyj/learning_ws/install/learning_pkg_python/share/learning_pkg_python/hook/ament_prefix_path.ps1'
[0.499s] INFO:colcon.colcon_core.shell:Creating environment descriptor '/home/dyj/learning_ws/install/learning_pkg_python/share/learning_pkg_python/hook/ament_prefix_path.dsv'
[0.499s] INFO:colcon.colcon_core.shell:Creating environment hook '/home/dyj/learning_ws/install/learning_pkg_python/share/learning_pkg_python/hook/ament_prefix_path.sh'
[0.500s] INFO:colcon.colcon_core.shell:Skip shell extension 'powershell' for command environment: Not usable outside of PowerShell
[0.500s] DEBUG:colcon.colcon_core.shell:Skip shell extension 'dsv' for command environment
[0.505s] INFO:colcon.colcon_ros.task.ament_python.build:Building ROS package in '/home/dyj/learning_ws/src/wiki_example' with build type 'ament_python'
[0.505s] Level 1:colcon.colcon_core.shell:create_environment_hook('wiki_example', 'ament_prefix_path')
[0.506s] INFO:colcon.colcon_core.shell:Creating environment hook '/home/dyj/learning_ws/install/wiki_example/share/wiki_example/hook/ament_prefix_path.ps1'
[0.507s] INFO:colcon.colcon_core.shell:Creating environment descriptor '/home/dyj/learning_ws/install/wiki_example/share/wiki_example/hook/ament_prefix_path.dsv'
[0.508s] INFO:colcon.colcon_core.shell:Creating environment hook '/home/dyj/learning_ws/install/wiki_example/share/wiki_example/hook/ament_prefix_path.sh'
[0.509s] INFO:colcon.colcon_core.shell:Skip shell extension 'powershell' for command environment: Not usable outside of PowerShell
[0.509s] DEBUG:colcon.colcon_core.shell:Skip shell extension 'dsv' for command environment
[0.518s] DEBUG:colcon.colcon_core.event_handler.log_command:Invoking command in '/home/dyj/learning_ws/build/navigate_interfaces': CMAKE_PREFIX_PATH=${CMAKE_PREFIX_PATH}:/home/dyj/learning_ws/install/wiki_example:/home/dyj/learning_ws/install/car_navigate:/home/dyj/learning_ws/install/learning_pkg_python:/home/dyj/learning_ws/install/car_controller:/home/dyj/dev_ws/install/learning_urdf:/home/dyj/dev_ws/install/learning_topic:/home/dyj/dev_ws/install/learning_tf:/home/dyj/dev_ws/install/learning_service:/home/dyj/dev_ws/install/learning_qos:/home/dyj/dev_ws/install/learning_pkg_python:/home/dyj/dev_ws/install/learning_parameter:/home/dyj/dev_ws/install/learning_node:/home/dyj/dev_ws/install/learning_launch:/home/dyj/dev_ws/install/learning_action:/home/dyj/dev_ws/install/learning_gazebo:/opt/ros/humble /usr/bin/cmake --build /home/dyj/learning_ws/build/navigate_interfaces -- -j4 -l4
[0.748s] INFO:colcon.colcon_core.task.python.build:Building Python package in '/home/dyj/learning_ws/src/car_controller'
[0.750s] INFO:colcon.colcon_core.shell:Skip shell extension 'powershell' for command environment: Not usable outside of PowerShell
[0.750s] DEBUG:colcon.colcon_core.shell:Skip shell extension 'dsv' for command environment
[0.976s] INFO:colcon.colcon_core.task.python.build:Building Python package in '/home/dyj/learning_ws/src/learning_pkg_python'
[0.978s] INFO:colcon.colcon_core.shell:Skip shell extension 'powershell' for command environment: Not usable outside of PowerShell
[0.978s] DEBUG:colcon.colcon_core.shell:Skip shell extension 'dsv' for command environment
[1.219s] INFO:colcon.colcon_core.task.python.build:Building Python package in '/home/dyj/learning_ws/src/wiki_example'
[1.221s] INFO:colcon.colcon_core.shell:Skip shell extension 'powershell' for command environment: Not usable outside of PowerShell
[1.221s] DEBUG:colcon.colcon_core.shell:Skip shell extension 'dsv' for command environment
[1.229s] DEBUG:colcon.colcon_core.event_handler.log_command:Invoked command in '/home/dyj/learning_ws/build/navigate_interfaces' returned '0': CMAKE_PREFIX_PATH=${CMAKE_PREFIX_PATH}:/home/dyj/learning_ws/install/wiki_example:/home/dyj/learning_ws/install/car_navigate:/home/dyj/learning_ws/install/learning_pkg_python:/home/dyj/learning_ws/install/car_controller:/home/dyj/dev_ws/install/learning_urdf:/home/dyj/dev_ws/install/learning_topic:/home/dyj/dev_ws/install/learning_tf:/home/dyj/dev_ws/install/learning_service:/home/dyj/dev_ws/install/learning_qos:/home/dyj/dev_ws/install/learning_pkg_python:/home/dyj/dev_ws/install/learning_parameter:/home/dyj/dev_ws/install/learning_node:/home/dyj/dev_ws/install/learning_launch:/home/dyj/dev_ws/install/learning_action:/home/dyj/dev_ws/install/learning_gazebo:/opt/ros/humble /usr/bin/cmake --build /home/dyj/learning_ws/build/navigate_interfaces -- -j4 -l4
[1.298s] DEBUG:colcon.colcon_core.event_handler.log_command:Invoking command in '/home/dyj/learning_ws/build/navigate_interfaces': CMAKE_PREFIX_PATH=${CMAKE_PREFIX_PATH}:/home/dyj/learning_ws/install/wiki_example:/home/dyj/learning_ws/install/car_navigate:/home/dyj/learning_ws/install/learning_pkg_python:/home/dyj/learning_ws/install/car_controller:/home/dyj/dev_ws/install/learning_urdf:/home/dyj/dev_ws/install/learning_topic:/home/dyj/dev_ws/install/learning_tf:/home/dyj/dev_ws/install/learning_service:/home/dyj/dev_ws/install/learning_qos:/home/dyj/dev_ws/install/learning_pkg_python:/home/dyj/dev_ws/install/learning_parameter:/home/dyj/dev_ws/install/learning_node:/home/dyj/dev_ws/install/learning_launch:/home/dyj/dev_ws/install/learning_action:/home/dyj/dev_ws/install/learning_gazebo:/opt/ros/humble /usr/bin/cmake --install /home/dyj/learning_ws/build/navigate_interfaces
[1.439s] Level 1:colcon.colcon_core.environment:create_environment_scripts_only(navigate_interfaces)
[1.444s] DEBUG:colcon.colcon_core.event_handler.log_command:Invoked command in '/home/dyj/learning_ws/build/navigate_interfaces' returned '0': CMAKE_PREFIX_PATH=${CMAKE_PREFIX_PATH}:/home/dyj/learning_ws/install/wiki_example:/home/dyj/learning_ws/install/car_navigate:/home/dyj/learning_ws/install/learning_pkg_python:/home/dyj/learning_ws/install/car_controller:/home/dyj/dev_ws/install/learning_urdf:/home/dyj/dev_ws/install/learning_topic:/home/dyj/dev_ws/install/learning_tf:/home/dyj/dev_ws/install/learning_service:/home/dyj/dev_ws/install/learning_qos:/home/dyj/dev_ws/install/learning_pkg_python:/home/dyj/dev_ws/install/learning_parameter:/home/dyj/dev_ws/install/learning_node:/home/dyj/dev_ws/install/learning_launch:/home/dyj/dev_ws/install/learning_action:/home/dyj/dev_ws/install/learning_gazebo:/opt/ros/humble /usr/bin/cmake --install /home/dyj/learning_ws/build/navigate_interfaces
[1.449s] Level 1:colcon.colcon_core.environment:checking '/home/dyj/learning_ws/install/navigate_interfaces' for CMake module files
[1.449s] Level 1:colcon.colcon_core.environment:checking '/home/dyj/learning_ws/install/navigate_interfaces' for CMake config files
[1.449s] Level 1:colcon.colcon_core.shell:create_environment_hook('navigate_interfaces', 'cmake_prefix_path')
[1.451s] INFO:colcon.colcon_core.shell:Creating environment hook '/home/dyj/learning_ws/install/navigate_interfaces/share/navigate_interfaces/hook/cmake_prefix_path.ps1'
[1.452s] INFO:colcon.colcon_core.shell:Creating environment descriptor '/home/dyj/learning_ws/install/navigate_interfaces/share/navigate_interfaces/hook/cmake_prefix_path.dsv'
[1.452s] INFO:colcon.colcon_core.shell:Creating environment hook '/home/dyj/learning_ws/install/navigate_interfaces/share/navigate_interfaces/hook/cmake_prefix_path.sh'
[1.453s] Level 1:colcon.colcon_core.environment:checking '/home/dyj/learning_ws/install/navigate_interfaces/lib'
[1.453s] Level 1:colcon.colcon_core.shell:create_environment_hook('navigate_interfaces', 'ld_library_path_lib')
[1.455s] INFO:colcon.colcon_core.shell:Creating environment hook '/home/dyj/learning_ws/install/navigate_interfaces/share/navigate_interfaces/hook/ld_library_path_lib.ps1'
[1.455s] INFO:colcon.colcon_core.shell:Creating environment descriptor '/home/dyj/learning_ws/install/navigate_interfaces/share/navigate_interfaces/hook/ld_library_path_lib.dsv'
[1.456s] INFO:colcon.colcon_core.shell:Creating environment hook '/home/dyj/learning_ws/install/navigate_interfaces/share/navigate_interfaces/hook/ld_library_path_lib.sh'
[1.457s] Level 1:colcon.colcon_core.environment:checking '/home/dyj/learning_ws/install/navigate_interfaces/bin'
[1.457s] Level 1:colcon.colcon_core.environment:checking '/home/dyj/learning_ws/install/navigate_interfaces/lib/pkgconfig/navigate_interfaces.pc'
[1.457s] Level 1:colcon.colcon_core.environment:checking '/home/dyj/learning_ws/install/navigate_interfaces/lib/python3.10/site-packages'
[1.457s] Level 1:colcon.colcon_core.environment:checking '/home/dyj/learning_ws/install/navigate_interfaces/bin'
[1.459s] INFO:colcon.colcon_core.shell:Creating package script '/home/dyj/learning_ws/install/navigate_interfaces/share/navigate_interfaces/package.ps1'
[1.460s] INFO:colcon.colcon_core.shell:Creating package descriptor '/home/dyj/learning_ws/install/navigate_interfaces/share/navigate_interfaces/package.dsv'
[1.461s] INFO:colcon.colcon_core.shell:Creating package script '/home/dyj/learning_ws/install/navigate_interfaces/share/navigate_interfaces/package.sh'
[1.463s] INFO:colcon.colcon_core.shell:Creating package script '/home/dyj/learning_ws/install/navigate_interfaces/share/navigate_interfaces/package.bash'
[1.464s] INFO:colcon.colcon_core.shell:Creating package script '/home/dyj/learning_ws/install/navigate_interfaces/share/navigate_interfaces/package.zsh'
[1.465s] Level 1:colcon.colcon_core.environment:create_file_with_runtime_dependencies(/home/dyj/learning_ws/install/navigate_interfaces/share/colcon-core/packages/navigate_interfaces)
[1.606s] Level 1:colcon.colcon_core.environment:create_environment_scripts_only(navigate_interfaces)
[1.609s] Level 1:colcon.colcon_core.environment:checking '/home/dyj/learning_ws/install/navigate_interfaces' for CMake module files
[1.611s] Level 1:colcon.colcon_core.environment:checking '/home/dyj/learning_ws/install/navigate_interfaces' for CMake config files
[1.611s] Level 1:colcon.colcon_core.shell:create_environment_hook('navigate_interfaces', 'cmake_prefix_path')
[1.613s] INFO:colcon.colcon_core.shell:Creating environment hook '/home/dyj/learning_ws/install/navigate_interfaces/share/navigate_interfaces/hook/cmake_prefix_path.ps1'
[1.614s] INFO:colcon.colcon_core.shell:Creating environment descriptor '/home/dyj/learning_ws/install/navigate_interfaces/share/navigate_interfaces/hook/cmake_prefix_path.dsv'
[1.614s] INFO:colcon.colcon_core.shell:Creating environment hook '/home/dyj/learning_ws/install/navigate_interfaces/share/navigate_interfaces/hook/cmake_prefix_path.sh'
[1.614s] Level 1:colcon.colcon_core.environment:checking '/home/dyj/learning_ws/install/navigate_interfaces/lib'
[1.615s] Level 1:colcon.colcon_core.shell:create_environment_hook('navigate_interfaces', 'ld_library_path_lib')
[1.616s] INFO:colcon.colcon_core.shell:Creating environment hook '/home/dyj/learning_ws/install/navigate_interfaces/share/navigate_interfaces/hook/ld_library_path_lib.ps1'
[1.616s] INFO:colcon.colcon_core.shell:Creating environment descriptor '/home/dyj/learning_ws/install/navigate_interfaces/share/navigate_interfaces/hook/ld_library_path_lib.dsv'
[1.616s] INFO:colcon.colcon_core.shell:Creating environment hook '/home/dyj/learning_ws/install/navigate_interfaces/share/navigate_interfaces/hook/ld_library_path_lib.sh'
[1.617s] Level 1:colcon.colcon_core.environment:checking '/home/dyj/learning_ws/install/navigate_interfaces/bin'
[1.617s] Level 1:colcon.colcon_core.environment:checking '/home/dyj/learning_ws/install/navigate_interfaces/lib/pkgconfig/navigate_interfaces.pc'
[1.617s] Level 1:colcon.colcon_core.environment:checking '/home/dyj/learning_ws/install/navigate_interfaces/lib/python3.10/site-packages'
[1.617s] Level 1:colcon.colcon_core.environment:checking '/home/dyj/learning_ws/install/navigate_interfaces/bin'
[1.619s] INFO:colcon.colcon_core.shell:Creating package script '/home/dyj/learning_ws/install/navigate_interfaces/share/navigate_interfaces/package.ps1'
[1.619s] INFO:colcon.colcon_core.shell:Creating package descriptor '/home/dyj/learning_ws/install/navigate_interfaces/share/navigate_interfaces/package.dsv'
[1.620s] INFO:colcon.colcon_core.shell:Creating package script '/home/dyj/learning_ws/install/navigate_interfaces/share/navigate_interfaces/package.sh'
[1.620s] INFO:colcon.colcon_core.shell:Creating package script '/home/dyj/learning_ws/install/navigate_interfaces/share/navigate_interfaces/package.bash'
[1.620s] INFO:colcon.colcon_core.shell:Creating package script '/home/dyj/learning_ws/install/navigate_interfaces/share/navigate_interfaces/package.zsh'
[1.621s] Level 1:colcon.colcon_core.environment:create_file_with_runtime_dependencies(/home/dyj/learning_ws/install/navigate_interfaces/share/colcon-core/packages/navigate_interfaces)
[1.622s] INFO:colcon.colcon_ros.task.ament_python.build:Building ROS package in '/home/dyj/learning_ws/src/car_navigate' with build type 'ament_python'
[1.622s] Level 1:colcon.colcon_core.shell:create_environment_hook('car_navigate', 'ament_prefix_path')
[1.623s] INFO:colcon.colcon_core.shell:Creating environment hook '/home/dyj/learning_ws/install/car_navigate/share/car_navigate/hook/ament_prefix_path.ps1'
[1.624s] INFO:colcon.colcon_core.shell:Creating environment descriptor '/home/dyj/learning_ws/install/car_navigate/share/car_navigate/hook/ament_prefix_path.dsv'
[1.624s] INFO:colcon.colcon_core.shell:Creating environment hook '/home/dyj/learning_ws/install/car_navigate/share/car_navigate/hook/ament_prefix_path.sh'
[1.627s] INFO:colcon.colcon_core.shell:Skip shell extension 'powershell' for command environment: Not usable outside of PowerShell
[1.627s] DEBUG:colcon.colcon_core.shell:Skip shell extension 'dsv' for command environment
[1.957s] INFO:colcon.colcon_core.task.python.build:Building Python package in '/home/dyj/learning_ws/src/car_navigate'
[1.959s] INFO:colcon.colcon_core.shell:Skip shell extension 'powershell' for command environment: Not usable outside of PowerShell
[1.959s] DEBUG:colcon.colcon_core.shell:Skip shell extension 'dsv' for command environment
[1.969s] DEBUG:colcon.colcon_core.event_handler.log_command:Invoking command in '/home/dyj/learning_ws/src/wiki_example': PYTHONPATH=/home/dyj/learning_ws/build/wiki_example/prefix_override:/home/dyj/learning_ws/install/wiki_example/lib/python3.10/site-packages:${PYTHONPATH} /usr/bin/python3 setup.py egg_info --egg-base ../../build/wiki_example build --build-base /home/dyj/learning_ws/build/wiki_example/build install --record /home/dyj/learning_ws/build/wiki_example/install.log --single-version-externally-managed
[1.990s] DEBUG:colcon.colcon_core.event_handler.log_command:Invoking command in '/home/dyj/learning_ws/src/learning_pkg_python': PYTHONPATH=/home/dyj/learning_ws/build/learning_pkg_python/prefix_override:/home/dyj/learning_ws/install/learning_pkg_python/lib/python3.10/site-packages:${PYTHONPATH} /usr/bin/python3 setup.py egg_info --egg-base ../../build/learning_pkg_python build --build-base /home/dyj/learning_ws/build/learning_pkg_python/build install --record /home/dyj/learning_ws/build/learning_pkg_python/install.log --single-version-externally-managed
[2.034s] DEBUG:colcon.colcon_core.event_handler.log_command:Invoking command in '/home/dyj/learning_ws/src/car_controller': PYTHONPATH=/home/dyj/learning_ws/build/car_controller/prefix_override:/home/dyj/learning_ws/install/car_controller/lib/python3.10/site-packages:${PYTHONPATH} /usr/bin/python3 setup.py egg_info --egg-base ../../build/car_controller build --build-base /home/dyj/learning_ws/build/car_controller/build install --record /home/dyj/learning_ws/build/car_controller/install.log --single-version-externally-managed
[2.303s] Level 1:colcon.colcon_core.environment:checking '/home/dyj/learning_ws/install/learning_pkg_python' for CMake module files
[2.304s] Level 1:colcon.colcon_core.environment:checking '/home/dyj/learning_ws/install/learning_pkg_python' for CMake config files
[2.305s] Level 1:colcon.colcon_core.environment:checking '/home/dyj/learning_ws/install/learning_pkg_python/lib'
[2.305s] Level 1:colcon.colcon_core.environment:checking '/home/dyj/learning_ws/install/learning_pkg_python/bin'
[2.306s] Level 1:colcon.colcon_core.environment:checking '/home/dyj/learning_ws/install/learning_pkg_python/lib/pkgconfig/learning_pkg_python.pc'
[2.306s] Level 1:colcon.colcon_core.environment:checking '/home/dyj/learning_ws/install/learning_pkg_python/lib/python3.10/site-packages'
[2.304s] DEBUG:colcon.colcon_core.event_handler.log_command:Invoked command in '/home/dyj/learning_ws/src/learning_pkg_python' returned '0': PYTHONPATH=/home/dyj/learning_ws/build/learning_pkg_python/prefix_override:/home/dyj/learning_ws/install/learning_pkg_python/lib/python3.10/site-packages:${PYTHONPATH} /usr/bin/python3 setup.py egg_info --egg-base ../../build/learning_pkg_python build --build-base /home/dyj/learning_ws/build/learning_pkg_python/build install --record /home/dyj/learning_ws/build/learning_pkg_python/install.log --single-version-externally-managed
[2.306s] Level 1:colcon.colcon_core.shell:create_environment_hook('learning_pkg_python', 'pythonpath')
[2.307s] INFO:colcon.colcon_core.shell:Creating environment hook '/home/dyj/learning_ws/install/learning_pkg_python/share/learning_pkg_python/hook/pythonpath.ps1'
[2.308s] INFO:colcon.colcon_core.shell:Creating environment descriptor '/home/dyj/learning_ws/install/learning_pkg_python/share/learning_pkg_python/hook/pythonpath.dsv'
[2.309s] INFO:colcon.colcon_core.shell:Creating environment hook '/home/dyj/learning_ws/install/learning_pkg_python/share/learning_pkg_python/hook/pythonpath.sh'
[2.310s] Level 1:colcon.colcon_core.environment:checking '/home/dyj/learning_ws/install/learning_pkg_python/bin'
[2.310s] Level 1:colcon.colcon_core.environment:create_environment_scripts_only(learning_pkg_python)
[2.311s] INFO:colcon.colcon_core.shell:Creating package script '/home/dyj/learning_ws/install/learning_pkg_python/share/learning_pkg_python/package.ps1'
[2.312s] INFO:colcon.colcon_core.shell:Creating package descriptor '/home/dyj/learning_ws/install/learning_pkg_python/share/learning_pkg_python/package.dsv'
[2.313s] INFO:colcon.colcon_core.shell:Creating package script '/home/dyj/learning_ws/install/learning_pkg_python/share/learning_pkg_python/package.sh'
[2.314s] INFO:colcon.colcon_core.shell:Creating package script '/home/dyj/learning_ws/install/learning_pkg_python/share/learning_pkg_python/package.bash'
[2.317s] INFO:colcon.colcon_core.shell:Creating package script '/home/dyj/learning_ws/install/learning_pkg_python/share/learning_pkg_python/package.zsh'
[2.318s] Level 1:colcon.colcon_core.environment:create_file_with_runtime_dependencies(/home/dyj/learning_ws/install/learning_pkg_python/share/colcon-core/packages/learning_pkg_python)
[2.402s] Level 1:colcon.colcon_core.environment:checking '/home/dyj/learning_ws/install/wiki_example' for CMake module files
[2.403s] Level 1:colcon.colcon_core.environment:checking '/home/dyj/learning_ws/install/wiki_example' for CMake config files
[2.403s] Level 1:colcon.colcon_core.environment:checking '/home/dyj/learning_ws/install/wiki_example/lib'
[2.403s] Level 1:colcon.colcon_core.environment:checking '/home/dyj/learning_ws/install/wiki_example/bin'
[2.404s] Level 1:colcon.colcon_core.environment:checking '/home/dyj/learning_ws/install/wiki_example/lib/pkgconfig/wiki_example.pc'
[2.404s] Level 1:colcon.colcon_core.environment:checking '/home/dyj/learning_ws/install/wiki_example/lib/python3.10/site-packages'
[2.404s] Level 1:colcon.colcon_core.shell:create_environment_hook('wiki_example', 'pythonpath')
[2.405s] INFO:colcon.colcon_core.shell:Creating environment hook '/home/dyj/learning_ws/install/wiki_example/share/wiki_example/hook/pythonpath.ps1'
[2.406s] INFO:colcon.colcon_core.shell:Creating environment descriptor '/home/dyj/learning_ws/install/wiki_example/share/wiki_example/hook/pythonpath.dsv'
[2.406s] DEBUG:colcon.colcon_core.event_handler.log_command:Invoked command in '/home/dyj/learning_ws/src/wiki_example' returned '0': PYTHONPATH=/home/dyj/learning_ws/build/wiki_example/prefix_override:/home/dyj/learning_ws/install/wiki_example/lib/python3.10/site-packages:${PYTHONPATH} /usr/bin/python3 setup.py egg_info --egg-base ../../build/wiki_example build --build-base /home/dyj/learning_ws/build/wiki_example/build install --record /home/dyj/learning_ws/build/wiki_example/install.log --single-version-externally-managed
[2.406s] INFO:colcon.colcon_core.shell:Creating environment hook '/home/dyj/learning_ws/install/wiki_example/share/wiki_example/hook/pythonpath.sh'
[2.407s] Level 1:colcon.colcon_core.environment:checking '/home/dyj/learning_ws/install/wiki_example/bin'
[2.407s] Level 1:colcon.colcon_core.environment:create_environment_scripts_only(wiki_example)
[2.408s] INFO:colcon.colcon_core.shell:Creating package script '/home/dyj/learning_ws/install/wiki_example/share/wiki_example/package.ps1'
[2.409s] INFO:colcon.colcon_core.shell:Creating package descriptor '/home/dyj/learning_ws/install/wiki_example/share/wiki_example/package.dsv'
[2.410s] INFO:colcon.colcon_core.shell:Creating package script '/home/dyj/learning_ws/install/wiki_example/share/wiki_example/package.sh'
[2.413s] INFO:colcon.colcon_core.shell:Creating package script '/home/dyj/learning_ws/install/wiki_example/share/wiki_example/package.bash'
[2.413s] INFO:colcon.colcon_core.shell:Creating package script '/home/dyj/learning_ws/install/wiki_example/share/wiki_example/package.zsh'
[2.414s] Level 1:colcon.colcon_core.environment:create_file_with_runtime_dependencies(/home/dyj/learning_ws/install/wiki_example/share/colcon-core/packages/wiki_example)
[2.441s] Level 1:colcon.colcon_core.environment:checking '/home/dyj/learning_ws/install/car_controller' for CMake module files
[2.442s] DEBUG:colcon.colcon_core.event_handler.log_command:Invoked command in '/home/dyj/learning_ws/src/car_controller' returned '0': PYTHONPATH=/home/dyj/learning_ws/build/car_controller/prefix_override:/home/dyj/learning_ws/install/car_controller/lib/python3.10/site-packages:${PYTHONPATH} /usr/bin/python3 setup.py egg_info --egg-base ../../build/car_controller build --build-base /home/dyj/learning_ws/build/car_controller/build install --record /home/dyj/learning_ws/build/car_controller/install.log --single-version-externally-managed
[2.444s] Level 1:colcon.colcon_core.environment:checking '/home/dyj/learning_ws/install/car_controller' for CMake config files
[2.444s] Level 1:colcon.colcon_core.environment:checking '/home/dyj/learning_ws/install/car_controller/lib'
[2.444s] Level 1:colcon.colcon_core.environment:checking '/home/dyj/learning_ws/install/car_controller/bin'
[2.445s] Level 1:colcon.colcon_core.environment:checking '/home/dyj/learning_ws/install/car_controller/lib/pkgconfig/car_controller.pc'
[2.445s] Level 1:colcon.colcon_core.environment:checking '/home/dyj/learning_ws/install/car_controller/lib/python3.10/site-packages'
[2.445s] Level 1:colcon.colcon_core.shell:create_environment_hook('car_controller', 'pythonpath')
[2.446s] INFO:colcon.colcon_core.shell:Creating environment hook '/home/dyj/learning_ws/install/car_controller/share/car_controller/hook/pythonpath.ps1'
[2.447s] INFO:colcon.colcon_core.shell:Creating environment descriptor '/home/dyj/learning_ws/install/car_controller/share/car_controller/hook/pythonpath.dsv'
[2.447s] INFO:colcon.colcon_core.shell:Creating environment hook '/home/dyj/learning_ws/install/car_controller/share/car_controller/hook/pythonpath.sh'
[2.448s] Level 1:colcon.colcon_core.environment:checking '/home/dyj/learning_ws/install/car_controller/bin'
[2.448s] Level 1:colcon.colcon_core.environment:create_environment_scripts_only(car_controller)
[2.452s] INFO:colcon.colcon_core.shell:Creating package script '/home/dyj/learning_ws/install/car_controller/share/car_controller/package.ps1'
[2.453s] INFO:colcon.colcon_core.shell:Creating package descriptor '/home/dyj/learning_ws/install/car_controller/share/car_controller/package.dsv'
[2.453s] INFO:colcon.colcon_core.shell:Creating package script '/home/dyj/learning_ws/install/car_controller/share/car_controller/package.sh'
[2.454s] INFO:colcon.colcon_core.shell:Creating package script '/home/dyj/learning_ws/install/car_controller/share/car_controller/package.bash'
[2.454s] INFO:colcon.colcon_core.shell:Creating package script '/home/dyj/learning_ws/install/car_controller/share/car_controller/package.zsh'
[2.454s] Level 1:colcon.colcon_core.environment:create_file_with_runtime_dependencies(/home/dyj/learning_ws/install/car_controller/share/colcon-core/packages/car_controller)
[2.491s] DEBUG:colcon.colcon_core.event_handler.log_command:Invoking command in '/home/dyj/learning_ws/src/car_navigate': PYTHONPATH=/home/dyj/learning_ws/build/car_navigate/prefix_override:/home/dyj/learning_ws/install/car_navigate/lib/python3.10/site-packages:${PYTHONPATH} /usr/bin/python3 setup.py egg_info --egg-base ../../build/car_navigate build --build-base /home/dyj/learning_ws/build/car_navigate/build install --record /home/dyj/learning_ws/build/car_navigate/install.log --single-version-externally-managed
[2.753s] Level 1:colcon.colcon_core.environment:checking '/home/dyj/learning_ws/install/car_navigate' for CMake module files
[2.753s] DEBUG:colcon.colcon_core.event_handler.log_command:Invoked command in '/home/dyj/learning_ws/src/car_navigate' returned '0': PYTHONPATH=/home/dyj/learning_ws/build/car_navigate/prefix_override:/home/dyj/learning_ws/install/car_navigate/lib/python3.10/site-packages:${PYTHONPATH} /usr/bin/python3 setup.py egg_info --egg-base ../../build/car_navigate build --build-base /home/dyj/learning_ws/build/car_navigate/build install --record /home/dyj/learning_ws/build/car_navigate/install.log --single-version-externally-managed
[2.754s] Level 1:colcon.colcon_core.environment:checking '/home/dyj/learning_ws/install/car_navigate' for CMake config files
[2.754s] Level 1:colcon.colcon_core.environment:checking '/home/dyj/learning_ws/install/car_navigate/lib'
[2.754s] Level 1:colcon.colcon_core.environment:checking '/home/dyj/learning_ws/install/car_navigate/bin'
[2.755s] Level 1:colcon.colcon_core.environment:checking '/home/dyj/learning_ws/install/car_navigate/lib/pkgconfig/car_navigate.pc'
[2.755s] Level 1:colcon.colcon_core.environment:checking '/home/dyj/learning_ws/install/car_navigate/lib/python3.10/site-packages'
[2.755s] Level 1:colcon.colcon_core.shell:create_environment_hook('car_navigate', 'pythonpath')
[2.756s] INFO:colcon.colcon_core.shell:Creating environment hook '/home/dyj/learning_ws/install/car_navigate/share/car_navigate/hook/pythonpath.ps1'
[2.757s] INFO:colcon.colcon_core.shell:Creating environment descriptor '/home/dyj/learning_ws/install/car_navigate/share/car_navigate/hook/pythonpath.dsv'
[2.757s] INFO:colcon.colcon_core.shell:Creating environment hook '/home/dyj/learning_ws/install/car_navigate/share/car_navigate/hook/pythonpath.sh'
[2.758s] Level 1:colcon.colcon_core.environment:checking '/home/dyj/learning_ws/install/car_navigate/bin'
[2.758s] Level 1:colcon.colcon_core.environment:create_environment_scripts_only(car_navigate)
[2.759s] INFO:colcon.colcon_core.shell:Creating package script '/home/dyj/learning_ws/install/car_navigate/share/car_navigate/package.ps1'
[2.759s] INFO:colcon.colcon_core.shell:Creating package descriptor '/home/dyj/learning_ws/install/car_navigate/share/car_navigate/package.dsv'
[2.760s] INFO:colcon.colcon_core.shell:Creating package script '/home/dyj/learning_ws/install/car_navigate/share/car_navigate/package.sh'
[2.762s] INFO:colcon.colcon_core.shell:Creating package script '/home/dyj/learning_ws/install/car_navigate/share/car_navigate/package.bash'
[2.762s] INFO:colcon.colcon_core.shell:Creating package script '/home/dyj/learning_ws/install/car_navigate/share/car_navigate/package.zsh'
[2.763s] Level 1:colcon.colcon_core.environment:create_file_with_runtime_dependencies(/home/dyj/learning_ws/install/car_navigate/share/colcon-core/packages/car_navigate)
[2.764s] DEBUG:colcon.colcon_parallel_executor.executor.parallel:closing loop
[2.764s] DEBUG:colcon.colcon_parallel_executor.executor.parallel:loop closed
[2.764s] DEBUG:colcon.colcon_parallel_executor.executor.parallel:run_until_complete finished with '0'
[2.764s] DEBUG:colcon.colcon_core.event_reactor:joining thread
[2.776s] INFO:colcon.colcon_core.plugin_system:Skipping extension 'colcon_notification.desktop_notification.terminal_notifier': Not used on non-Darwin systems
[2.776s] INFO:colcon.colcon_core.plugin_system:Skipping extension 'colcon_notification.desktop_notification.win32': Not used on non-Windows systems
[2.776s] INFO:colcon.colcon_notification.desktop_notification:Sending desktop notification using 'notify2'
[2.792s] DEBUG:colcon.colcon_core.event_reactor:joined thread
[2.794s] INFO:colcon.colcon_core.shell:Creating prefix script '/home/dyj/learning_ws/install/local_setup.ps1'
[2.795s] INFO:colcon.colcon_core.shell:Creating prefix util module '/home/dyj/learning_ws/install/_local_setup_util_ps1.py'
[2.797s] INFO:colcon.colcon_core.shell:Creating prefix chain script '/home/dyj/learning_ws/install/setup.ps1'
[2.799s] INFO:colcon.colcon_core.shell:Creating prefix script '/home/dyj/learning_ws/install/local_setup.sh'
[2.801s] INFO:colcon.colcon_core.shell:Creating prefix util module '/home/dyj/learning_ws/install/_local_setup_util_sh.py'
[2.802s] INFO:colcon.colcon_core.shell:Creating prefix chain script '/home/dyj/learning_ws/install/setup.sh'
[2.804s] INFO:colcon.colcon_core.shell:Creating prefix script '/home/dyj/learning_ws/install/local_setup.bash'
[2.805s] INFO:colcon.colcon_core.shell:Creating prefix chain script '/home/dyj/learning_ws/install/setup.bash'
[2.807s] INFO:colcon.colcon_core.shell:Creating prefix script '/home/dyj/learning_ws/install/local_setup.zsh'
[2.808s] INFO:colcon.colcon_core.shell:Creating prefix chain script '/home/dyj/learning_ws/install/setup.zsh'
