[0.794s] Invoking command in '/home/dyj/learning_ws/src/learning_pkg_python': PYTHONPATH=/home/dyj/learning_ws/build/learning_pkg_python/prefix_override:/home/dyj/learning_ws/install/learning_pkg_python/lib/python3.10/site-packages:${PYTHONPATH} /usr/bin/python3 setup.py egg_info --egg-base ../../build/learning_pkg_python build --build-base /home/dyj/learning_ws/build/learning_pkg_python/build install --record /home/dyj/learning_ws/build/learning_pkg_python/install.log --single-version-externally-managed
[0.974s] running egg_info
[0.975s] writing ../../build/learning_pkg_python/learning_pkg_python.egg-info/PKG-INFO
[0.975s] writing dependency_links to ../../build/learning_pkg_python/learning_pkg_python.egg-info/dependency_links.txt
[0.976s] writing entry points to ../../build/learning_pkg_python/learning_pkg_python.egg-info/entry_points.txt
[0.976s] writing requirements to ../../build/learning_pkg_python/learning_pkg_python.egg-info/requires.txt
[0.976s] writing top-level names to ../../build/learning_pkg_python/learning_pkg_python.egg-info/top_level.txt
[0.978s] reading manifest file '../../build/learning_pkg_python/learning_pkg_python.egg-info/SOURCES.txt'
[0.979s] writing manifest file '../../build/learning_pkg_python/learning_pkg_python.egg-info/SOURCES.txt'
[0.979s] running build
[0.979s] running build_py
[0.980s] running install
[0.980s] /usr/lib/python3/dist-packages/setuptools/command/install.py:34: SetuptoolsDeprecationWarning: setup.py install is deprecated. Use build and pip and other standards-based tools.
[0.980s]   warnings.warn(
[0.980s] running install_lib
[0.982s] running install_data
[0.982s] running install_egg_info
[0.984s] removing '/home/dyj/learning_ws/install/learning_pkg_python/lib/python3.10/site-packages/learning_pkg_python-0.0.0-py3.10.egg-info' (and everything under it)
[0.984s] Copying ../../build/learning_pkg_python/learning_pkg_python.egg-info to /home/dyj/learning_ws/install/learning_pkg_python/lib/python3.10/site-packages/learning_pkg_python-0.0.0-py3.10.egg-info
[0.984s] running install_scripts
[1.002s] writing list of installed files to '/home/dyj/learning_ws/build/learning_pkg_python/install.log'
[1.045s] Invoked command in '/home/dyj/learning_ws/src/learning_pkg_python' returned '0': PYTHONPATH=/home/dyj/learning_ws/build/learning_pkg_python/prefix_override:/home/dyj/learning_ws/install/learning_pkg_python/lib/python3.10/site-packages:${PYTHONPATH} /usr/bin/python3 setup.py egg_info --egg-base ../../build/learning_pkg_python build --build-base /home/dyj/learning_ws/build/learning_pkg_python/build install --record /home/dyj/learning_ws/build/learning_pkg_python/install.log --single-version-externally-managed
