[0.044s] Invoking command in '/home/dyj/learning_ws/build/navigate_interfaces': CMAKE_PREFIX_PATH=${CMAKE_PREFIX_PATH}:/home/dyj/learning_ws/install/wiki_example:/home/dyj/learning_ws/install/car_navigate:/home/dyj/learning_ws/install/learning_pkg_python:/home/dyj/learning_ws/install/car_controller:/home/dyj/dev_ws/install/learning_urdf:/home/dyj/dev_ws/install/learning_topic:/home/dyj/dev_ws/install/learning_tf:/home/dyj/dev_ws/install/learning_service:/home/dyj/dev_ws/install/learning_qos:/home/dyj/dev_ws/install/learning_pkg_python:/home/dyj/dev_ws/install/learning_parameter:/home/dyj/dev_ws/install/learning_node:/home/dyj/dev_ws/install/learning_launch:/home/dyj/dev_ws/install/learning_action:/home/dyj/dev_ws/install/learning_gazebo:/opt/ros/humble /usr/bin/cmake --build /home/dyj/learning_ws/build/navigate_interfaces -- -j4 -l4
[0.522s] [  2%] Built target navigate_interfaces__cpp
[0.523s] [ 12%] Built target navigate_interfaces__rosidl_generator_c
[0.523s] [ 12%] Built target ament_cmake_python_copy_navigate_interfaces
[0.523s] [ 25%] Built target navigate_interfaces__rosidl_typesupport_cpp
[0.523s] [ 33%] Built target navigate_interfaces__rosidl_typesupport_fastrtps_cpp
[0.523s] [ 43%] Built target navigate_interfaces__rosidl_typesupport_fastrtps_c
[0.523s] [ 53%] Built target navigate_interfaces__rosidl_typesupport_introspection_cpp
[0.523s] [ 64%] Built target navigate_interfaces__rosidl_typesupport_introspection_c
[0.523s] [ 74%] Built target navigate_interfaces__rosidl_typesupport_c
[0.523s] [ 74%] Built target navigate_interfaces
[0.523s] [ 76%] Built target navigate_interfaces__py
[0.523s] [ 84%] Built target navigate_interfaces__rosidl_generator_py
[0.523s] [ 89%] Built target navigate_interfaces__rosidl_typesupport_fastrtps_c__pyext
[0.523s] [ 94%] Built target navigate_interfaces__rosidl_typesupport_c__pyext
[0.523s] [100%] Built target navigate_interfaces__rosidl_typesupport_introspection_c__pyext
[0.523s] running egg_info
[0.523s] writing navigate_interfaces.egg-info/PKG-INFO
[0.523s] writing dependency_links to navigate_interfaces.egg-info/dependency_links.txt
[0.523s] writing top-level names to navigate_interfaces.egg-info/top_level.txt
[0.523s] reading manifest file 'navigate_interfaces.egg-info/SOURCES.txt'
[0.523s] writing manifest file 'navigate_interfaces.egg-info/SOURCES.txt'
[0.523s] [100%] Built target ament_cmake_python_build_navigate_interfaces_egg
[0.796s] Invoked command in '/home/dyj/learning_ws/build/navigate_interfaces' returned '0': CMAKE_PREFIX_PATH=${CMAKE_PREFIX_PATH}:/home/dyj/learning_ws/install/wiki_example:/home/dyj/learning_ws/install/car_navigate:/home/dyj/learning_ws/install/learning_pkg_python:/home/dyj/learning_ws/install/car_controller:/home/dyj/dev_ws/install/learning_urdf:/home/dyj/dev_ws/install/learning_topic:/home/dyj/dev_ws/install/learning_tf:/home/dyj/dev_ws/install/learning_service:/home/dyj/dev_ws/install/learning_qos:/home/dyj/dev_ws/install/learning_pkg_python:/home/dyj/dev_ws/install/learning_parameter:/home/dyj/dev_ws/install/learning_node:/home/dyj/dev_ws/install/learning_launch:/home/dyj/dev_ws/install/learning_action:/home/dyj/dev_ws/install/learning_gazebo:/opt/ros/humble /usr/bin/cmake --build /home/dyj/learning_ws/build/navigate_interfaces -- -j4 -l4
[1.119s] Invoking command in '/home/dyj/learning_ws/build/navigate_interfaces': CMAKE_PREFIX_PATH=${CMAKE_PREFIX_PATH}:/home/dyj/learning_ws/install/wiki_example:/home/dyj/learning_ws/install/car_navigate:/home/dyj/learning_ws/install/learning_pkg_python:/home/dyj/learning_ws/install/car_controller:/home/dyj/dev_ws/install/learning_urdf:/home/dyj/dev_ws/install/learning_topic:/home/dyj/dev_ws/install/learning_tf:/home/dyj/dev_ws/install/learning_service:/home/dyj/dev_ws/install/learning_qos:/home/dyj/dev_ws/install/learning_pkg_python:/home/dyj/dev_ws/install/learning_parameter:/home/dyj/dev_ws/install/learning_node:/home/dyj/dev_ws/install/learning_launch:/home/dyj/dev_ws/install/learning_action:/home/dyj/dev_ws/install/learning_gazebo:/opt/ros/humble /usr/bin/cmake --install /home/dyj/learning_ws/build/navigate_interfaces
[1.127s] -- Install configuration: ""
[1.127s] -- Up-to-date: /home/dyj/learning_ws/install/navigate_interfaces/share/ament_index/resource_index/rosidl_interfaces/navigate_interfaces
[1.128s] -- Up-to-date: /home/dyj/learning_ws/install/navigate_interfaces/include/navigate_interfaces/navigate_interfaces
[1.129s] -- Up-to-date: /home/dyj/learning_ws/install/navigate_interfaces/include/navigate_interfaces/navigate_interfaces/srv
[1.130s] -- Up-to-date: /home/dyj/learning_ws/install/navigate_interfaces/include/navigate_interfaces/navigate_interfaces/srv/give_position.h
[1.130s] -- Up-to-date: /home/dyj/learning_ws/install/navigate_interfaces/include/navigate_interfaces/navigate_interfaces/srv/detail
[1.131s] -- Up-to-date: /home/dyj/learning_ws/install/navigate_interfaces/include/navigate_interfaces/navigate_interfaces/srv/detail/give_position__functions.c
[1.132s] -- Up-to-date: /home/dyj/learning_ws/install/navigate_interfaces/include/navigate_interfaces/navigate_interfaces/srv/detail/give_position__functions.h
[1.132s] -- Up-to-date: /home/dyj/learning_ws/install/navigate_interfaces/include/navigate_interfaces/navigate_interfaces/srv/detail/give_position__struct.h
[1.133s] -- Up-to-date: /home/dyj/learning_ws/install/navigate_interfaces/include/navigate_interfaces/navigate_interfaces/srv/detail/give_position__type_support.h
[1.134s] -- Up-to-date: /home/dyj/learning_ws/install/navigate_interfaces/include/navigate_interfaces/navigate_interfaces/action
[1.134s] -- Up-to-date: /home/dyj/learning_ws/install/navigate_interfaces/include/navigate_interfaces/navigate_interfaces/action/car_navigate.h
[1.135s] -- Up-to-date: /home/dyj/learning_ws/install/navigate_interfaces/include/navigate_interfaces/navigate_interfaces/action/detail
[1.136s] -- Up-to-date: /home/dyj/learning_ws/install/navigate_interfaces/include/navigate_interfaces/navigate_interfaces/action/detail/car_navigate__functions.h
[1.136s] -- Up-to-date: /home/dyj/learning_ws/install/navigate_interfaces/include/navigate_interfaces/navigate_interfaces/action/detail/car_navigate__functions.c
[1.137s] -- Up-to-date: /home/dyj/learning_ws/install/navigate_interfaces/include/navigate_interfaces/navigate_interfaces/action/detail/car_navigate__struct.h
[1.138s] -- Up-to-date: /home/dyj/learning_ws/install/navigate_interfaces/include/navigate_interfaces/navigate_interfaces/action/detail/car_navigate__type_support.h
[1.138s] -- Up-to-date: /home/dyj/learning_ws/install/navigate_interfaces/include/navigate_interfaces/navigate_interfaces/msg
[1.139s] -- Up-to-date: /home/dyj/learning_ws/install/navigate_interfaces/include/navigate_interfaces/navigate_interfaces/msg/rosidl_generator_c__visibility_control.h
[1.139s] -- Up-to-date: /home/dyj/learning_ws/install/navigate_interfaces/share/navigate_interfaces/environment/library_path.sh
[1.140s] -- Up-to-date: /home/dyj/learning_ws/install/navigate_interfaces/share/navigate_interfaces/environment/library_path.dsv
[1.141s] -- Up-to-date: /home/dyj/learning_ws/install/navigate_interfaces/lib/libnavigate_interfaces__rosidl_generator_c.so
[1.142s] -- Up-to-date: /home/dyj/learning_ws/install/navigate_interfaces/include/navigate_interfaces/navigate_interfaces
[1.142s] -- Up-to-date: /home/dyj/learning_ws/install/navigate_interfaces/include/navigate_interfaces/navigate_interfaces/srv
[1.143s] -- Up-to-date: /home/dyj/learning_ws/install/navigate_interfaces/include/navigate_interfaces/navigate_interfaces/srv/detail
[1.144s] -- Up-to-date: /home/dyj/learning_ws/install/navigate_interfaces/include/navigate_interfaces/navigate_interfaces/srv/detail/give_position__rosidl_typesupport_fastrtps_c.h
[1.144s] -- Up-to-date: /home/dyj/learning_ws/install/navigate_interfaces/include/navigate_interfaces/navigate_interfaces/action
[1.145s] -- Up-to-date: /home/dyj/learning_ws/install/navigate_interfaces/include/navigate_interfaces/navigate_interfaces/action/detail
[1.145s] -- Up-to-date: /home/dyj/learning_ws/install/navigate_interfaces/include/navigate_interfaces/navigate_interfaces/action/detail/car_navigate__rosidl_typesupport_fastrtps_c.h
[1.146s] -- Up-to-date: /home/dyj/learning_ws/install/navigate_interfaces/include/navigate_interfaces/navigate_interfaces/msg
[1.147s] -- Up-to-date: /home/dyj/learning_ws/install/navigate_interfaces/include/navigate_interfaces/navigate_interfaces/msg/rosidl_typesupport_fastrtps_c__visibility_control.h
[1.147s] -- Up-to-date: /home/dyj/learning_ws/install/navigate_interfaces/lib/libnavigate_interfaces__rosidl_typesupport_fastrtps_c.so
[1.148s] -- Up-to-date: /home/dyj/learning_ws/install/navigate_interfaces/include/navigate_interfaces/navigate_interfaces
[1.148s] -- Up-to-date: /home/dyj/learning_ws/install/navigate_interfaces/include/navigate_interfaces/navigate_interfaces/srv
[1.149s] -- Up-to-date: /home/dyj/learning_ws/install/navigate_interfaces/include/navigate_interfaces/navigate_interfaces/srv/detail
[1.149s] -- Up-to-date: /home/dyj/learning_ws/install/navigate_interfaces/include/navigate_interfaces/navigate_interfaces/srv/detail/give_position__type_support.c
[1.150s] -- Up-to-date: /home/dyj/learning_ws/install/navigate_interfaces/include/navigate_interfaces/navigate_interfaces/srv/detail/give_position__rosidl_typesupport_introspection_c.h
[1.150s] -- Up-to-date: /home/dyj/learning_ws/install/navigate_interfaces/include/navigate_interfaces/navigate_interfaces/action
[1.151s] -- Up-to-date: /home/dyj/learning_ws/install/navigate_interfaces/include/navigate_interfaces/navigate_interfaces/action/detail
[1.151s] -- Up-to-date: /home/dyj/learning_ws/install/navigate_interfaces/include/navigate_interfaces/navigate_interfaces/action/detail/car_navigate__rosidl_typesupport_introspection_c.h
[1.152s] -- Up-to-date: /home/dyj/learning_ws/install/navigate_interfaces/include/navigate_interfaces/navigate_interfaces/action/detail/car_navigate__type_support.c
[1.152s] -- Up-to-date: /home/dyj/learning_ws/install/navigate_interfaces/include/navigate_interfaces/navigate_interfaces/msg
[1.152s] -- Up-to-date: /home/dyj/learning_ws/install/navigate_interfaces/include/navigate_interfaces/navigate_interfaces/msg/rosidl_typesupport_introspection_c__visibility_control.h
[1.153s] -- Up-to-date: /home/dyj/learning_ws/install/navigate_interfaces/lib/libnavigate_interfaces__rosidl_typesupport_introspection_c.so
[1.154s] -- Up-to-date: /home/dyj/learning_ws/install/navigate_interfaces/lib/libnavigate_interfaces__rosidl_typesupport_c.so
[1.154s] -- Up-to-date: /home/dyj/learning_ws/install/navigate_interfaces/include/navigate_interfaces/navigate_interfaces
[1.155s] -- Up-to-date: /home/dyj/learning_ws/install/navigate_interfaces/include/navigate_interfaces/navigate_interfaces/srv
[1.156s] -- Up-to-date: /home/dyj/learning_ws/install/navigate_interfaces/include/navigate_interfaces/navigate_interfaces/srv/give_position.hpp
[1.156s] -- Up-to-date: /home/dyj/learning_ws/install/navigate_interfaces/include/navigate_interfaces/navigate_interfaces/srv/detail
[1.156s] -- Up-to-date: /home/dyj/learning_ws/install/navigate_interfaces/include/navigate_interfaces/navigate_interfaces/srv/detail/give_position__traits.hpp
[1.157s] -- Up-to-date: /home/dyj/learning_ws/install/navigate_interfaces/include/navigate_interfaces/navigate_interfaces/srv/detail/give_position__builder.hpp
[1.157s] -- Up-to-date: /home/dyj/learning_ws/install/navigate_interfaces/include/navigate_interfaces/navigate_interfaces/srv/detail/give_position__struct.hpp
[1.158s] -- Up-to-date: /home/dyj/learning_ws/install/navigate_interfaces/include/navigate_interfaces/navigate_interfaces/action
[1.158s] -- Up-to-date: /home/dyj/learning_ws/install/navigate_interfaces/include/navigate_interfaces/navigate_interfaces/action/detail
[1.158s] -- Up-to-date: /home/dyj/learning_ws/install/navigate_interfaces/include/navigate_interfaces/navigate_interfaces/action/detail/car_navigate__traits.hpp
[1.159s] -- Up-to-date: /home/dyj/learning_ws/install/navigate_interfaces/include/navigate_interfaces/navigate_interfaces/action/detail/car_navigate__builder.hpp
[1.159s] -- Up-to-date: /home/dyj/learning_ws/install/navigate_interfaces/include/navigate_interfaces/navigate_interfaces/action/detail/car_navigate__struct.hpp
[1.159s] -- Up-to-date: /home/dyj/learning_ws/install/navigate_interfaces/include/navigate_interfaces/navigate_interfaces/action/car_navigate.hpp
[1.161s] -- Up-to-date: /home/dyj/learning_ws/install/navigate_interfaces/include/navigate_interfaces/navigate_interfaces
[1.161s] -- Up-to-date: /home/dyj/learning_ws/install/navigate_interfaces/include/navigate_interfaces/navigate_interfaces/srv
[1.161s] -- Up-to-date: /home/dyj/learning_ws/install/navigate_interfaces/include/navigate_interfaces/navigate_interfaces/srv/detail
[1.161s] -- Up-to-date: /home/dyj/learning_ws/install/navigate_interfaces/include/navigate_interfaces/navigate_interfaces/srv/detail/dds_fastrtps
[1.161s] -- Up-to-date: /home/dyj/learning_ws/install/navigate_interfaces/include/navigate_interfaces/navigate_interfaces/srv/detail/give_position__rosidl_typesupport_fastrtps_cpp.hpp
[1.163s] -- Up-to-date: /home/dyj/learning_ws/install/navigate_interfaces/include/navigate_interfaces/navigate_interfaces/action
[1.163s] -- Up-to-date: /home/dyj/learning_ws/install/navigate_interfaces/include/navigate_interfaces/navigate_interfaces/action/detail
[1.163s] -- Up-to-date: /home/dyj/learning_ws/install/navigate_interfaces/include/navigate_interfaces/navigate_interfaces/action/detail/car_navigate__rosidl_typesupport_fastrtps_cpp.hpp
[1.163s] -- Up-to-date: /home/dyj/learning_ws/install/navigate_interfaces/include/navigate_interfaces/navigate_interfaces/action/detail/dds_fastrtps
[1.163s] -- Up-to-date: /home/dyj/learning_ws/install/navigate_interfaces/include/navigate_interfaces/navigate_interfaces/msg
[1.164s] -- Up-to-date: /home/dyj/learning_ws/install/navigate_interfaces/include/navigate_interfaces/navigate_interfaces/msg/rosidl_typesupport_fastrtps_cpp__visibility_control.h
[1.164s] -- Up-to-date: /home/dyj/learning_ws/install/navigate_interfaces/lib/libnavigate_interfaces__rosidl_typesupport_fastrtps_cpp.so
[1.166s] -- Up-to-date: /home/dyj/learning_ws/install/navigate_interfaces/include/navigate_interfaces/navigate_interfaces
[1.167s] -- Up-to-date: /home/dyj/learning_ws/install/navigate_interfaces/include/navigate_interfaces/navigate_interfaces/srv
[1.167s] -- Up-to-date: /home/dyj/learning_ws/install/navigate_interfaces/include/navigate_interfaces/navigate_interfaces/srv/detail
[1.167s] -- Up-to-date: /home/dyj/learning_ws/install/navigate_interfaces/include/navigate_interfaces/navigate_interfaces/srv/detail/give_position__type_support.cpp
[1.167s] -- Up-to-date: /home/dyj/learning_ws/install/navigate_interfaces/include/navigate_interfaces/navigate_interfaces/srv/detail/give_position__rosidl_typesupport_introspection_cpp.hpp
[1.167s] -- Up-to-date: /home/dyj/learning_ws/install/navigate_interfaces/include/navigate_interfaces/navigate_interfaces/action
[1.167s] -- Up-to-date: /home/dyj/learning_ws/install/navigate_interfaces/include/navigate_interfaces/navigate_interfaces/action/detail
[1.167s] -- Up-to-date: /home/dyj/learning_ws/install/navigate_interfaces/include/navigate_interfaces/navigate_interfaces/action/detail/car_navigate__type_support.cpp
[1.168s] -- Up-to-date: /home/dyj/learning_ws/install/navigate_interfaces/include/navigate_interfaces/navigate_interfaces/action/detail/car_navigate__rosidl_typesupport_introspection_cpp.hpp
[1.168s] -- Up-to-date: /home/dyj/learning_ws/install/navigate_interfaces/lib/libnavigate_interfaces__rosidl_typesupport_introspection_cpp.so
[1.171s] -- Up-to-date: /home/dyj/learning_ws/install/navigate_interfaces/lib/libnavigate_interfaces__rosidl_typesupport_cpp.so
[1.172s] -- Up-to-date: /home/dyj/learning_ws/install/navigate_interfaces/share/navigate_interfaces/environment/pythonpath.sh
[1.172s] -- Up-to-date: /home/dyj/learning_ws/install/navigate_interfaces/share/navigate_interfaces/environment/pythonpath.dsv
[1.172s] -- Up-to-date: /home/dyj/learning_ws/install/navigate_interfaces/local/lib/python3.10/dist-packages/navigate_interfaces-0.0.0-py3.10.egg-info
[1.172s] -- Installing: /home/dyj/learning_ws/install/navigate_interfaces/local/lib/python3.10/dist-packages/navigate_interfaces-0.0.0-py3.10.egg-info/dependency_links.txt
[1.172s] -- Installing: /home/dyj/learning_ws/install/navigate_interfaces/local/lib/python3.10/dist-packages/navigate_interfaces-0.0.0-py3.10.egg-info/PKG-INFO
[1.173s] -- Installing: /home/dyj/learning_ws/install/navigate_interfaces/local/lib/python3.10/dist-packages/navigate_interfaces-0.0.0-py3.10.egg-info/SOURCES.txt
[1.173s] -- Installing: /home/dyj/learning_ws/install/navigate_interfaces/local/lib/python3.10/dist-packages/navigate_interfaces-0.0.0-py3.10.egg-info/top_level.txt
[1.173s] -- Up-to-date: /home/dyj/learning_ws/install/navigate_interfaces/local/lib/python3.10/dist-packages/navigate_interfaces
[1.173s] -- Up-to-date: /home/dyj/learning_ws/install/navigate_interfaces/local/lib/python3.10/dist-packages/navigate_interfaces/srv
[1.174s] -- Up-to-date: /home/dyj/learning_ws/install/navigate_interfaces/local/lib/python3.10/dist-packages/navigate_interfaces/srv/_give_position_s.c
[1.174s] -- Up-to-date: /home/dyj/learning_ws/install/navigate_interfaces/local/lib/python3.10/dist-packages/navigate_interfaces/srv/_give_position.py
[1.174s] -- Up-to-date: /home/dyj/learning_ws/install/navigate_interfaces/local/lib/python3.10/dist-packages/navigate_interfaces/srv/__init__.py
[1.174s] -- Up-to-date: /home/dyj/learning_ws/install/navigate_interfaces/local/lib/python3.10/dist-packages/navigate_interfaces/_navigate_interfaces_s.ep.rosidl_typesupport_c.c
[1.180s] -- Up-to-date: /home/dyj/learning_ws/install/navigate_interfaces/local/lib/python3.10/dist-packages/navigate_interfaces/navigate_interfaces_s__rosidl_typesupport_introspection_c.cpython-310-x86_64-linux-gnu.so
[1.181s] -- Up-to-date: /home/dyj/learning_ws/install/navigate_interfaces/local/lib/python3.10/dist-packages/navigate_interfaces/libnavigate_interfaces__rosidl_generator_py.so
[1.181s] -- Up-to-date: /home/dyj/learning_ws/install/navigate_interfaces/local/lib/python3.10/dist-packages/navigate_interfaces/_navigate_interfaces_s.ep.rosidl_typesupport_introspection_c.c
[1.181s] -- Up-to-date: /home/dyj/learning_ws/install/navigate_interfaces/local/lib/python3.10/dist-packages/navigate_interfaces/navigate_interfaces_s__rosidl_typesupport_fastrtps_c.cpython-310-x86_64-linux-gnu.so
[1.181s] -- Up-to-date: /home/dyj/learning_ws/install/navigate_interfaces/local/lib/python3.10/dist-packages/navigate_interfaces/action
[1.181s] -- Up-to-date: /home/dyj/learning_ws/install/navigate_interfaces/local/lib/python3.10/dist-packages/navigate_interfaces/action/_car_navigate_s.c
[1.181s] -- Up-to-date: /home/dyj/learning_ws/install/navigate_interfaces/local/lib/python3.10/dist-packages/navigate_interfaces/action/_car_navigate.py
[1.182s] -- Up-to-date: /home/dyj/learning_ws/install/navigate_interfaces/local/lib/python3.10/dist-packages/navigate_interfaces/action/__init__.py
[1.182s] -- Up-to-date: /home/dyj/learning_ws/install/navigate_interfaces/local/lib/python3.10/dist-packages/navigate_interfaces/_navigate_interfaces_s.ep.rosidl_typesupport_fastrtps_c.c
[1.182s] -- Up-to-date: /home/dyj/learning_ws/install/navigate_interfaces/local/lib/python3.10/dist-packages/navigate_interfaces/__init__.py
[1.182s] -- Up-to-date: /home/dyj/learning_ws/install/navigate_interfaces/local/lib/python3.10/dist-packages/navigate_interfaces/navigate_interfaces_s__rosidl_typesupport_c.cpython-310-x86_64-linux-gnu.so
[1.216s] Listing '/home/dyj/learning_ws/install/navigate_interfaces/local/lib/python3.10/dist-packages/navigate_interfaces'...
[1.216s] Listing '/home/dyj/learning_ws/install/navigate_interfaces/local/lib/python3.10/dist-packages/navigate_interfaces/action'...
[1.216s] Listing '/home/dyj/learning_ws/install/navigate_interfaces/local/lib/python3.10/dist-packages/navigate_interfaces/srv'...
[1.224s] -- Up-to-date: /home/dyj/learning_ws/install/navigate_interfaces/local/lib/python3.10/dist-packages/navigate_interfaces/navigate_interfaces_s__rosidl_typesupport_fastrtps_c.cpython-310-x86_64-linux-gnu.so
[1.227s] -- Up-to-date: /home/dyj/learning_ws/install/navigate_interfaces/local/lib/python3.10/dist-packages/navigate_interfaces/navigate_interfaces_s__rosidl_typesupport_introspection_c.cpython-310-x86_64-linux-gnu.so
[1.228s] -- Up-to-date: /home/dyj/learning_ws/install/navigate_interfaces/local/lib/python3.10/dist-packages/navigate_interfaces/navigate_interfaces_s__rosidl_typesupport_c.cpython-310-x86_64-linux-gnu.so
[1.228s] -- Up-to-date: /home/dyj/learning_ws/install/navigate_interfaces/lib/libnavigate_interfaces__rosidl_generator_py.so
[1.228s] -- Up-to-date: /home/dyj/learning_ws/install/navigate_interfaces/share/navigate_interfaces/action/CarNavigate.idl
[1.228s] -- Up-to-date: /home/dyj/learning_ws/install/navigate_interfaces/share/navigate_interfaces/srv/GivePosition.idl
[1.228s] -- Up-to-date: /home/dyj/learning_ws/install/navigate_interfaces/share/navigate_interfaces/action/CarNavigate.action
[1.228s] -- Up-to-date: /home/dyj/learning_ws/install/navigate_interfaces/share/navigate_interfaces/srv/GivePosition.srv
[1.228s] -- Up-to-date: /home/dyj/learning_ws/install/navigate_interfaces/share/navigate_interfaces/srv/GivePosition_Request.msg
[1.228s] -- Up-to-date: /home/dyj/learning_ws/install/navigate_interfaces/share/navigate_interfaces/srv/GivePosition_Response.msg
[1.228s] -- Up-to-date: /home/dyj/learning_ws/install/navigate_interfaces/share/ament_index/resource_index/package_run_dependencies/navigate_interfaces
[1.228s] -- Up-to-date: /home/dyj/learning_ws/install/navigate_interfaces/share/ament_index/resource_index/parent_prefix_path/navigate_interfaces
[1.228s] -- Up-to-date: /home/dyj/learning_ws/install/navigate_interfaces/share/navigate_interfaces/environment/ament_prefix_path.sh
[1.228s] -- Up-to-date: /home/dyj/learning_ws/install/navigate_interfaces/share/navigate_interfaces/environment/ament_prefix_path.dsv
[1.228s] -- Up-to-date: /home/dyj/learning_ws/install/navigate_interfaces/share/navigate_interfaces/environment/path.sh
[1.228s] -- Up-to-date: /home/dyj/learning_ws/install/navigate_interfaces/share/navigate_interfaces/environment/path.dsv
[1.228s] -- Up-to-date: /home/dyj/learning_ws/install/navigate_interfaces/share/navigate_interfaces/local_setup.bash
[1.228s] -- Up-to-date: /home/dyj/learning_ws/install/navigate_interfaces/share/navigate_interfaces/local_setup.sh
[1.228s] -- Up-to-date: /home/dyj/learning_ws/install/navigate_interfaces/share/navigate_interfaces/local_setup.zsh
[1.228s] -- Up-to-date: /home/dyj/learning_ws/install/navigate_interfaces/share/navigate_interfaces/local_setup.dsv
[1.229s] -- Installing: /home/dyj/learning_ws/install/navigate_interfaces/share/navigate_interfaces/package.dsv
[1.229s] -- Up-to-date: /home/dyj/learning_ws/install/navigate_interfaces/share/ament_index/resource_index/packages/navigate_interfaces
[1.229s] -- Up-to-date: /home/dyj/learning_ws/install/navigate_interfaces/share/navigate_interfaces/cmake/export_navigate_interfaces__rosidl_generator_cExport.cmake
[1.229s] -- Up-to-date: /home/dyj/learning_ws/install/navigate_interfaces/share/navigate_interfaces/cmake/export_navigate_interfaces__rosidl_generator_cExport-noconfig.cmake
[1.229s] -- Up-to-date: /home/dyj/learning_ws/install/navigate_interfaces/share/navigate_interfaces/cmake/export_navigate_interfaces__rosidl_typesupport_fastrtps_cExport.cmake
[1.229s] -- Up-to-date: /home/dyj/learning_ws/install/navigate_interfaces/share/navigate_interfaces/cmake/export_navigate_interfaces__rosidl_typesupport_fastrtps_cExport-noconfig.cmake
[1.229s] -- Up-to-date: /home/dyj/learning_ws/install/navigate_interfaces/share/navigate_interfaces/cmake/navigate_interfaces__rosidl_typesupport_introspection_cExport.cmake
[1.229s] -- Up-to-date: /home/dyj/learning_ws/install/navigate_interfaces/share/navigate_interfaces/cmake/navigate_interfaces__rosidl_typesupport_introspection_cExport-noconfig.cmake
[1.229s] -- Up-to-date: /home/dyj/learning_ws/install/navigate_interfaces/share/navigate_interfaces/cmake/navigate_interfaces__rosidl_typesupport_cExport.cmake
[1.229s] -- Up-to-date: /home/dyj/learning_ws/install/navigate_interfaces/share/navigate_interfaces/cmake/navigate_interfaces__rosidl_typesupport_cExport-noconfig.cmake
[1.229s] -- Up-to-date: /home/dyj/learning_ws/install/navigate_interfaces/share/navigate_interfaces/cmake/export_navigate_interfaces__rosidl_generator_cppExport.cmake
[1.229s] -- Up-to-date: /home/dyj/learning_ws/install/navigate_interfaces/share/navigate_interfaces/cmake/export_navigate_interfaces__rosidl_typesupport_fastrtps_cppExport.cmake
[1.235s] -- Up-to-date: /home/dyj/learning_ws/install/navigate_interfaces/share/navigate_interfaces/cmake/export_navigate_interfaces__rosidl_typesupport_fastrtps_cppExport-noconfig.cmake
[1.235s] -- Up-to-date: /home/dyj/learning_ws/install/navigate_interfaces/share/navigate_interfaces/cmake/navigate_interfaces__rosidl_typesupport_introspection_cppExport.cmake
[1.235s] -- Up-to-date: /home/dyj/learning_ws/install/navigate_interfaces/share/navigate_interfaces/cmake/navigate_interfaces__rosidl_typesupport_introspection_cppExport-noconfig.cmake
[1.235s] -- Up-to-date: /home/dyj/learning_ws/install/navigate_interfaces/share/navigate_interfaces/cmake/navigate_interfaces__rosidl_typesupport_cppExport.cmake
[1.235s] -- Up-to-date: /home/dyj/learning_ws/install/navigate_interfaces/share/navigate_interfaces/cmake/navigate_interfaces__rosidl_typesupport_cppExport-noconfig.cmake
[1.235s] -- Up-to-date: /home/dyj/learning_ws/install/navigate_interfaces/share/navigate_interfaces/cmake/export_navigate_interfaces__rosidl_generator_pyExport.cmake
[1.235s] -- Up-to-date: /home/dyj/learning_ws/install/navigate_interfaces/share/navigate_interfaces/cmake/export_navigate_interfaces__rosidl_generator_pyExport-noconfig.cmake
[1.235s] -- Up-to-date: /home/dyj/learning_ws/install/navigate_interfaces/share/navigate_interfaces/cmake/rosidl_cmake-extras.cmake
[1.235s] -- Up-to-date: /home/dyj/learning_ws/install/navigate_interfaces/share/navigate_interfaces/cmake/ament_cmake_export_dependencies-extras.cmake
[1.235s] -- Up-to-date: /home/dyj/learning_ws/install/navigate_interfaces/share/navigate_interfaces/cmake/ament_cmake_export_include_directories-extras.cmake
[1.235s] -- Up-to-date: /home/dyj/learning_ws/install/navigate_interfaces/share/navigate_interfaces/cmake/ament_cmake_export_libraries-extras.cmake
[1.235s] -- Up-to-date: /home/dyj/learning_ws/install/navigate_interfaces/share/navigate_interfaces/cmake/ament_cmake_export_targets-extras.cmake
[1.239s] -- Up-to-date: /home/dyj/learning_ws/install/navigate_interfaces/share/navigate_interfaces/cmake/rosidl_cmake_export_typesupport_targets-extras.cmake
[1.239s] -- Up-to-date: /home/dyj/learning_ws/install/navigate_interfaces/share/navigate_interfaces/cmake/rosidl_cmake_export_typesupport_libraries-extras.cmake
[1.241s] -- Up-to-date: /home/dyj/learning_ws/install/navigate_interfaces/share/navigate_interfaces/cmake/navigate_interfacesConfig.cmake
[1.241s] -- Up-to-date: /home/dyj/learning_ws/install/navigate_interfaces/share/navigate_interfaces/cmake/navigate_interfacesConfig-version.cmake
[1.241s] -- Up-to-date: /home/dyj/learning_ws/install/navigate_interfaces/share/navigate_interfaces/package.xml
[1.244s] Invoked command in '/home/dyj/learning_ws/build/navigate_interfaces' returned '0': CMAKE_PREFIX_PATH=${CMAKE_PREFIX_PATH}:/home/dyj/learning_ws/install/wiki_example:/home/dyj/learning_ws/install/car_navigate:/home/dyj/learning_ws/install/learning_pkg_python:/home/dyj/learning_ws/install/car_controller:/home/dyj/dev_ws/install/learning_urdf:/home/dyj/dev_ws/install/learning_topic:/home/dyj/dev_ws/install/learning_tf:/home/dyj/dev_ws/install/learning_service:/home/dyj/dev_ws/install/learning_qos:/home/dyj/dev_ws/install/learning_pkg_python:/home/dyj/dev_ws/install/learning_parameter:/home/dyj/dev_ws/install/learning_node:/home/dyj/dev_ws/install/learning_launch:/home/dyj/dev_ws/install/learning_action:/home/dyj/dev_ws/install/learning_gazebo:/opt/ros/humble /usr/bin/cmake --install /home/dyj/learning_ws/build/navigate_interfaces
