[1.645s] Invoking command in '/home/dyj/learning_ws/src/car_controller': PYTHONPATH=/home/dyj/learning_ws/build/car_controller/prefix_override:/home/dyj/learning_ws/install/car_controller/lib/python3.10/site-packages:${PYTHONPATH} /usr/bin/python3 setup.py egg_info --egg-base ../../build/car_controller build --build-base /home/dyj/learning_ws/build/car_controller/build install --record /home/dyj/learning_ws/build/car_controller/install.log --single-version-externally-managed
[1.950s] running egg_info
[1.950s] writing ../../build/car_controller/car_controller.egg-info/PKG-INFO
[1.951s] writing dependency_links to ../../build/car_controller/car_controller.egg-info/dependency_links.txt
[1.952s] writing entry points to ../../build/car_controller/car_controller.egg-info/entry_points.txt
[1.953s] writing requirements to ../../build/car_controller/car_controller.egg-info/requires.txt
[1.954s] writing top-level names to ../../build/car_controller/car_controller.egg-info/top_level.txt
[1.971s] reading manifest file '../../build/car_controller/car_controller.egg-info/SOURCES.txt'
[1.973s] writing manifest file '../../build/car_controller/car_controller.egg-info/SOURCES.txt'
[1.974s] running build
[1.974s] running build_py
[1.977s] running install
[1.977s] running install_lib
[1.978s] /usr/lib/python3/dist-packages/setuptools/command/install.py:34: SetuptoolsDeprecationWarning: setup.py install is deprecated. Use build and pip and other standards-based tools.
[1.980s]   warnings.warn(
[1.981s] running install_data
[1.982s] running install_egg_info
[1.987s] removing '/home/dyj/learning_ws/install/car_controller/lib/python3.10/site-packages/car_controller-0.0.0-py3.10.egg-info' (and everything under it)
[1.994s] Copying ../../build/car_controller/car_controller.egg-info to /home/dyj/learning_ws/install/car_controller/lib/python3.10/site-packages/car_controller-0.0.0-py3.10.egg-info
[1.994s] running install_scripts
[2.010s] Installing car_move_circle script to /home/dyj/learning_ws/install/car_controller/lib/car_controller
[2.011s] Installing car_move_square_try_1 script to /home/dyj/learning_ws/install/car_controller/lib/car_controller
[2.011s] Installing car_move_straight script to /home/dyj/learning_ws/install/car_controller/lib/car_controller
[2.012s] Installing car_navigate_one_position script to /home/dyj/learning_ws/install/car_controller/lib/car_controller
[2.012s] Installing car_navigate_tf_broadcaster script to /home/dyj/learning_ws/install/car_controller/lib/car_controller
[2.012s] Installing target_position_tf_broadcaster script to /home/dyj/learning_ws/install/car_controller/lib/car_controller
[2.012s] writing list of installed files to '/home/dyj/learning_ws/build/car_controller/install.log'
[2.056s] Invoked command in '/home/dyj/learning_ws/src/car_controller' returned '0': PYTHONPATH=/home/dyj/learning_ws/build/car_controller/prefix_override:/home/dyj/learning_ws/install/car_controller/lib/python3.10/site-packages:${PYTHONPATH} /usr/bin/python3 setup.py egg_info --egg-base ../../build/car_controller build --build-base /home/dyj/learning_ws/build/car_controller/build install --record /home/dyj/learning_ws/build/car_controller/install.log --single-version-externally-managed
