running egg_info
creating ../../build/wiki_example/wiki_example.egg-info
writing ../../build/wiki_example/wiki_example.egg-info/PKG-INFO
writing dependency_links to ../../build/wiki_example/wiki_example.egg-info/dependency_links.txt
writing entry points to ../../build/wiki_example/wiki_example.egg-info/entry_points.txt
writing requirements to ../../build/wiki_example/wiki_example.egg-info/requires.txt
writing top-level names to ../../build/wiki_example/wiki_example.egg-info/top_level.txt
writing manifest file '../../build/wiki_example/wiki_example.egg-info/SOURCES.txt'
package init file 'wiki_example/__init__.py' not found (or not a regular file)
reading manifest file '../../build/wiki_example/wiki_example.egg-info/SOURCES.txt'
writing manifest file '../../build/wiki_example/wiki_example.egg-info/SOURCES.txt'
running build
running build_py
running install
/usr/lib/python3/dist-packages/setuptools/command/install.py:34: SetuptoolsDeprecationWarning: setup.py install is deprecated. Use build and pip and other standards-based tools.
  warnings.warn(
running install_lib
warning: install_lib: '/home/dyj/learning_ws/build/wiki_example/build/lib' does not exist -- no Python modules to install

running install_data
creating /home/dyj/learning_ws/install/wiki_example/share/ament_index
creating /home/dyj/learning_ws/install/wiki_example/share/ament_index/resource_index
creating /home/dyj/learning_ws/install/wiki_example/share/ament_index/resource_index/packages
copying resource/wiki_example -> /home/dyj/learning_ws/install/wiki_example/share/ament_index/resource_index/packages
copying package.xml -> /home/dyj/learning_ws/install/wiki_example/share/wiki_example
running install_egg_info
Copying ../../build/wiki_example/wiki_example.egg-info to /home/dyj/learning_ws/install/wiki_example/lib/python3.10/site-packages/wiki_example-0.0.0-py3.10.egg-info
running install_scripts
writing list of installed files to '/home/dyj/learning_ws/build/wiki_example/install.log'
