[1.212s] Invoking command in '/home/dyj/learning_ws/src/car_navigate': PYTHONPATH=/home/dyj/learning_ws/build/car_navigate/prefix_override:/home/dyj/learning_ws/install/car_navigate/lib/python3.10/site-packages:${PYTHONPATH} /usr/bin/python3 setup.py egg_info --egg-base ../../build/car_navigate build --build-base /home/dyj/learning_ws/build/car_navigate/build install --record /home/dyj/learning_ws/build/car_navigate/install.log --single-version-externally-managed
[1.431s] running egg_info
[1.433s] creating ../../build/car_navigate/car_navigate.egg-info
[1.433s] writing ../../build/car_navigate/car_navigate.egg-info/PKG-INFO
[1.434s] writing dependency_links to ../../build/car_navigate/car_navigate.egg-info/dependency_links.txt
[1.434s] writing entry points to ../../build/car_navigate/car_navigate.egg-info/entry_points.txt
[1.434s] writing requirements to ../../build/car_navigate/car_navigate.egg-info/requires.txt
[1.435s] writing top-level names to ../../build/car_navigate/car_navigate.egg-info/top_level.txt
[1.436s] writing manifest file '../../build/car_navigate/car_navigate.egg-info/SOURCES.txt'
[1.436s] reading manifest file '../../build/car_navigate/car_navigate.egg-info/SOURCES.txt'
[1.436s] writing manifest file '../../build/car_navigate/car_navigate.egg-info/SOURCES.txt'
[1.436s] running build
[1.436s] running build_py
[1.436s] creating /home/dyj/learning_ws/build/car_navigate/build
[1.436s] creating /home/dyj/learning_ws/build/car_navigate/build/lib
[1.436s] creating /home/dyj/learning_ws/build/car_navigate/build/lib/car_navigate
[1.436s] copying car_navigate/__init__.py -> /home/dyj/learning_ws/build/car_navigate/build/lib/car_navigate
[1.436s] running install
[1.438s] /usr/lib/python3/dist-packages/setuptools/command/install.py:34: SetuptoolsDeprecationWarning: setup.py install is deprecated. Use build and pip and other standards-based tools.
[1.438s]   warnings.warn(
[1.438s] running install_lib
[1.440s] creating /home/dyj/learning_ws/install/car_navigate/lib/python3.10/site-packages/car_navigate
[1.440s] copying /home/dyj/learning_ws/build/car_navigate/build/lib/car_navigate/__init__.py -> /home/dyj/learning_ws/install/car_navigate/lib/python3.10/site-packages/car_navigate
[1.441s] byte-compiling /home/dyj/learning_ws/install/car_navigate/lib/python3.10/site-packages/car_navigate/__init__.py to __init__.cpython-310.pyc
[1.442s] running install_data
[1.451s] creating /home/dyj/learning_ws/install/car_navigate/share/ament_index
[1.456s] creating /home/dyj/learning_ws/install/car_navigate/share/ament_index/resource_index
[1.456s] creating /home/dyj/learning_ws/install/car_navigate/share/ament_index/resource_index/packages
[1.456s] copying resource/car_navigate -> /home/dyj/learning_ws/install/car_navigate/share/ament_index/resource_index/packages
[1.456s] copying package.xml -> /home/dyj/learning_ws/install/car_navigate/share/car_navigate
[1.456s] running install_egg_info
[1.463s] Copying ../../build/car_navigate/car_navigate.egg-info to /home/dyj/learning_ws/install/car_navigate/lib/python3.10/site-packages/car_navigate-0.0.0-py3.10.egg-info
[1.467s] running install_scripts
[1.493s] writing list of installed files to '/home/dyj/learning_ws/build/car_navigate/install.log'
[1.556s] Invoked command in '/home/dyj/learning_ws/src/car_navigate' returned '0': PYTHONPATH=/home/dyj/learning_ws/build/car_navigate/prefix_override:/home/dyj/learning_ws/install/car_navigate/lib/python3.10/site-packages:${PYTHONPATH} /usr/bin/python3 setup.py egg_info --egg-base ../../build/car_navigate build --build-base /home/dyj/learning_ws/build/car_navigate/build install --record /home/dyj/learning_ws/build/car_navigate/install.log --single-version-externally-managed
