/home/dyj/learning_ws/install/car_controller/lib/python3.10/site-packages/car_controller/car_move_square_try_2.py
/home/dyj/learning_ws/install/car_controller/lib/python3.10/site-packages/car_controller/target_position_tf_broadcaster.py
/home/dyj/learning_ws/install/car_controller/lib/python3.10/site-packages/car_controller/try.py
/home/dyj/learning_ws/install/car_controller/lib/python3.10/site-packages/car_controller/car_change_direction_1.py
/home/dyj/learning_ws/install/car_controller/lib/python3.10/site-packages/car_controller/car_move_square_try_1.py
/home/dyj/learning_ws/install/car_controller/lib/python3.10/site-packages/car_controller/car_change_direction_2.py
/home/dyj/learning_ws/install/car_controller/lib/python3.10/site-packages/car_controller/car_navigate_one_position.py
/home/dyj/learning_ws/install/car_controller/lib/python3.10/site-packages/car_controller/car_navigate_tf_broadcaster.py
/home/dyj/learning_ws/install/car_controller/lib/python3.10/site-packages/car_controller/car_move_square_try_3.py
/home/dyj/learning_ws/install/car_controller/lib/python3.10/site-packages/car_controller/car_move_straight.py
/home/dyj/learning_ws/install/car_controller/lib/python3.10/site-packages/car_controller/car_move_circle.py
/home/dyj/learning_ws/install/car_controller/lib/python3.10/site-packages/car_controller/__init__.py
/home/dyj/learning_ws/install/car_controller/lib/python3.10/site-packages/car_controller/__pycache__/car_move_square_try_2.cpython-310.pyc
/home/dyj/learning_ws/install/car_controller/lib/python3.10/site-packages/car_controller/__pycache__/target_position_tf_broadcaster.cpython-310.pyc
/home/dyj/learning_ws/install/car_controller/lib/python3.10/site-packages/car_controller/__pycache__/try.cpython-310.pyc
/home/dyj/learning_ws/install/car_controller/lib/python3.10/site-packages/car_controller/__pycache__/car_change_direction_1.cpython-310.pyc
/home/dyj/learning_ws/install/car_controller/lib/python3.10/site-packages/car_controller/__pycache__/car_move_square_try_1.cpython-310.pyc
/home/dyj/learning_ws/install/car_controller/lib/python3.10/site-packages/car_controller/__pycache__/car_change_direction_2.cpython-310.pyc
/home/dyj/learning_ws/install/car_controller/lib/python3.10/site-packages/car_controller/__pycache__/car_navigate_one_position.cpython-310.pyc
/home/dyj/learning_ws/install/car_controller/lib/python3.10/site-packages/car_controller/__pycache__/car_navigate_tf_broadcaster.cpython-310.pyc
/home/dyj/learning_ws/install/car_controller/lib/python3.10/site-packages/car_controller/__pycache__/car_move_square_try_3.cpython-310.pyc
/home/dyj/learning_ws/install/car_controller/lib/python3.10/site-packages/car_controller/__pycache__/car_move_straight.cpython-310.pyc
/home/dyj/learning_ws/install/car_controller/lib/python3.10/site-packages/car_controller/__pycache__/car_move_circle.cpython-310.pyc
/home/dyj/learning_ws/install/car_controller/lib/python3.10/site-packages/car_controller/__pycache__/__init__.cpython-310.pyc
/home/dyj/learning_ws/install/car_controller/share/ament_index/resource_index/packages/car_controller
/home/dyj/learning_ws/install/car_controller/share/car_controller/package.xml
/home/dyj/learning_ws/install/car_controller/share/car_controller/launch/car_navigate.launch.py
/home/dyj/learning_ws/install/car_controller/lib/python3.10/site-packages/car_controller-0.0.0-py3.10.egg-info/zip-safe
/home/dyj/learning_ws/install/car_controller/lib/python3.10/site-packages/car_controller-0.0.0-py3.10.egg-info/dependency_links.txt
/home/dyj/learning_ws/install/car_controller/lib/python3.10/site-packages/car_controller-0.0.0-py3.10.egg-info/requires.txt
/home/dyj/learning_ws/install/car_controller/lib/python3.10/site-packages/car_controller-0.0.0-py3.10.egg-info/PKG-INFO
/home/dyj/learning_ws/install/car_controller/lib/python3.10/site-packages/car_controller-0.0.0-py3.10.egg-info/SOURCES.txt
/home/dyj/learning_ws/install/car_controller/lib/python3.10/site-packages/car_controller-0.0.0-py3.10.egg-info/entry_points.txt
/home/dyj/learning_ws/install/car_controller/lib/python3.10/site-packages/car_controller-0.0.0-py3.10.egg-info/top_level.txt
/home/dyj/learning_ws/install/car_controller/lib/car_controller/car_move_circle
/home/dyj/learning_ws/install/car_controller/lib/car_controller/car_move_square_try_1
/home/dyj/learning_ws/install/car_controller/lib/car_controller/car_move_straight
/home/dyj/learning_ws/install/car_controller/lib/car_controller/car_navigate_one_position
/home/dyj/learning_ws/install/car_controller/lib/car_controller/car_navigate_tf_broadcaster
/home/dyj/learning_ws/install/car_controller/lib/car_controller/target_position_tf_broadcaster
