[0.999s] Invoking command in '/home/dyj/learning_ws/src/car_navigate': PYTHONPATH=/home/dyj/learning_ws/build/car_navigate/prefix_override:/home/dyj/learning_ws/install/car_navigate/lib/python3.10/site-packages:${PYTHONPATH} /usr/bin/python3 setup.py egg_info --egg-base ../../build/car_navigate build --build-base /home/dyj/learning_ws/build/car_navigate/build install --record /home/dyj/learning_ws/build/car_navigate/install.log --single-version-externally-managed
[1.261s] running egg_info
[1.262s] writing ../../build/car_navigate/car_navigate.egg-info/PKG-INFO
[1.262s] writing dependency_links to ../../build/car_navigate/car_navigate.egg-info/dependency_links.txt
[1.263s] writing entry points to ../../build/car_navigate/car_navigate.egg-info/entry_points.txt
[1.264s] writing requirements to ../../build/car_navigate/car_navigate.egg-info/requires.txt
[1.265s] writing top-level names to ../../build/car_navigate/car_navigate.egg-info/top_level.txt
[1.270s] reading manifest file '../../build/car_navigate/car_navigate.egg-info/SOURCES.txt'
[1.270s] writing manifest file '../../build/car_navigate/car_navigate.egg-info/SOURCES.txt'
[1.271s] running build
[1.271s] running build_py
[1.271s] copying car_navigate/target_position_tf_broadcaster_server.py -> /home/dyj/learning_ws/build/car_navigate/build/lib/car_navigate
[1.274s] copying car_navigate/car_navigate_client.py -> /home/dyj/learning_ws/build/car_navigate/build/lib/car_navigate
[1.277s] running install
[1.277s] running install_lib
[1.277s] copying /home/dyj/learning_ws/build/car_navigate/build/lib/car_navigate/target_position_tf_broadcaster_server.py -> /home/dyj/learning_ws/install/car_navigate/lib/python3.10/site-packages/car_navigate
[1.277s] copying /home/dyj/learning_ws/build/car_navigate/build/lib/car_navigate/car_navigate_client.py -> /home/dyj/learning_ws/install/car_navigate/lib/python3.10/site-packages/car_navigate
[1.277s] /usr/lib/python3/dist-packages/setuptools/command/install.py:34: SetuptoolsDeprecationWarning: setup.py install is deprecated. Use build and pip and other standards-based tools.
[1.277s]   warnings.warn(
[1.277s] byte-compiling /home/dyj/learning_ws/install/car_navigate/lib/python3.10/site-packages/car_navigate/target_position_tf_broadcaster_server.py to target_position_tf_broadcaster_server.cpython-310.pyc
[1.278s] byte-compiling /home/dyj/learning_ws/install/car_navigate/lib/python3.10/site-packages/car_navigate/car_navigate_client.py to car_navigate_client.cpython-310.pyc
[1.279s] running install_data
[1.279s] creating /home/dyj/learning_ws/install/car_navigate/share/car_navigate/launch
[1.280s] copying launch/car_navigate.launch.py -> /home/dyj/learning_ws/install/car_navigate/share/car_navigate/launch
[1.280s] running install_egg_info
[1.283s] removing '/home/dyj/learning_ws/install/car_navigate/lib/python3.10/site-packages/car_navigate-0.0.0-py3.10.egg-info' (and everything under it)
[1.290s] Copying ../../build/car_navigate/car_navigate.egg-info to /home/dyj/learning_ws/install/car_navigate/lib/python3.10/site-packages/car_navigate-0.0.0-py3.10.egg-info
[1.291s] running install_scripts
[1.316s] Installing car_navigate_one_position script to /home/dyj/learning_ws/install/car_navigate/lib/car_navigate
[1.316s] Installing car_navigate_tf_broadcaster script to /home/dyj/learning_ws/install/car_navigate/lib/car_navigate
[1.316s] Installing target_position_tf_broadcaster_server script to /home/dyj/learning_ws/install/car_navigate/lib/car_navigate
[1.317s] writing list of installed files to '/home/dyj/learning_ws/build/car_navigate/install.log'
[1.348s] Invoked command in '/home/dyj/learning_ws/src/car_navigate' returned '0': PYTHONPATH=/home/dyj/learning_ws/build/car_navigate/prefix_override:/home/dyj/learning_ws/install/car_navigate/lib/python3.10/site-packages:${PYTHONPATH} /usr/bin/python3 setup.py egg_info --egg-base ../../build/car_navigate build --build-base /home/dyj/learning_ws/build/car_navigate/build install --record /home/dyj/learning_ws/build/car_navigate/install.log --single-version-externally-managed
